Sentence #1 (10 tokens):
More Names Checked Off Arya Stark’s Kill List.
[Text=More CharacterOffsetBegin=0 CharacterOffsetEnd=4 PartOfSpeech=RBR Lemma=more NamedEntityTag=O]
[Text=Names CharacterOffsetBegin=5 CharacterOffsetEnd=10 PartOfSpeech=NNPS Lemma=Names NamedEntityTag=O]
[Text=Checked CharacterOffsetBegin=11 CharacterOffsetEnd=18 PartOfSpeech=VBD Lemma=check NamedEntityTag=O]
[Text=Off CharacterOffsetBegin=19 CharacterOffsetEnd=22 PartOfSpeech=IN Lemma=off NamedEntityTag=O]
[Text=Arya CharacterOffsetBegin=23 CharacterOffsetEnd=27 PartOfSpeech=NNP Lemma=Arya NamedEntityTag=PERSON]
[Text=Stark CharacterOffsetBegin=28 CharacterOffsetEnd=33 PartOfSpeech=NNP Lemma=Stark NamedEntityTag=PERSON]
[Text='s CharacterOffsetBegin=33 CharacterOffsetEnd=35 PartOfSpeech=POS Lemma='s NamedEntityTag=O]
[Text=Kill CharacterOffsetBegin=36 CharacterOffsetEnd=40 PartOfSpeech=VB Lemma=kill NamedEntityTag=O]
[Text=List CharacterOffsetBegin=41 CharacterOffsetEnd=45 PartOfSpeech=NN Lemma=list NamedEntityTag=O]
[Text=. CharacterOffsetBegin=45 CharacterOffsetEnd=46 PartOfSpeech=. Lemma=. NamedEntityTag=O]
(ROOT
  (S
    (NP
      (ADJP (RBR More))
      (NNPS Names))
    (VP (VBD Checked)
      (ADVP (IN Off))
      (NP
        (NP (NNP Arya) (NNP Stark) (POS 's))
        (S
          (VP (VB Kill)))
        (NN List)))
    (. .)))

root(ROOT-0, Checked-3)
amod(Names-2, More-1)
nsubj(Checked-3, Names-2)
advmod(Checked-3, Off-4)
compound(Stark-6, Arya-5)
nmod:poss(List-9, Stark-6)
case(Stark-6, 's-7)
dep(List-9, Kill-8)
dobj(Checked-3, List-9)
punct(Checked-3, .-10)

Sentence #2 (19 tokens):
In Season 3 Arya (Maisie Williams) began keeping a list of people she planned to kill.
[Text=In CharacterOffsetBegin=48 CharacterOffsetEnd=50 PartOfSpeech=IN Lemma=in NamedEntityTag=O]
[Text=Season CharacterOffsetBegin=51 CharacterOffsetEnd=57 PartOfSpeech=NN Lemma=season NamedEntityTag=O]
[Text=3 CharacterOffsetBegin=58 CharacterOffsetEnd=59 PartOfSpeech=CD Lemma=3 NamedEntityTag=NUMBER NormalizedNamedEntityTag=3.0]
[Text=Arya CharacterOffsetBegin=60 CharacterOffsetEnd=64 PartOfSpeech=NN Lemma=arya NamedEntityTag=PERSON]
[Text=-LRB- CharacterOffsetBegin=65 CharacterOffsetEnd=66 PartOfSpeech=-LRB- Lemma=-lrb- NamedEntityTag=O]
[Text=Maisie CharacterOffsetBegin=66 CharacterOffsetEnd=72 PartOfSpeech=NNP Lemma=Maisie NamedEntityTag=PERSON]
[Text=Williams CharacterOffsetBegin=73 CharacterOffsetEnd=81 PartOfSpeech=NNP Lemma=Williams NamedEntityTag=PERSON]
[Text=-RRB- CharacterOffsetBegin=81 CharacterOffsetEnd=82 PartOfSpeech=-RRB- Lemma=-rrb- NamedEntityTag=O]
[Text=began CharacterOffsetBegin=83 CharacterOffsetEnd=88 PartOfSpeech=VBD Lemma=begin NamedEntityTag=O]
[Text=keeping CharacterOffsetBegin=89 CharacterOffsetEnd=96 PartOfSpeech=VBG Lemma=keep NamedEntityTag=O]
[Text=a CharacterOffsetBegin=97 CharacterOffsetEnd=98 PartOfSpeech=DT Lemma=a NamedEntityTag=O]
[Text=list CharacterOffsetBegin=99 CharacterOffsetEnd=103 PartOfSpeech=NN Lemma=list NamedEntityTag=O]
[Text=of CharacterOffsetBegin=104 CharacterOffsetEnd=106 PartOfSpeech=IN Lemma=of NamedEntityTag=O]
[Text=people CharacterOffsetBegin=107 CharacterOffsetEnd=113 PartOfSpeech=NNS Lemma=people NamedEntityTag=O]
[Text=she CharacterOffsetBegin=114 CharacterOffsetEnd=117 PartOfSpeech=PRP Lemma=she NamedEntityTag=O]
[Text=planned CharacterOffsetBegin=118 CharacterOffsetEnd=125 PartOfSpeech=VBD Lemma=plan NamedEntityTag=O]
[Text=to CharacterOffsetBegin=126 CharacterOffsetEnd=128 PartOfSpeech=TO Lemma=to NamedEntityTag=O]
[Text=kill CharacterOffsetBegin=129 CharacterOffsetEnd=133 PartOfSpeech=VB Lemma=kill NamedEntityTag=O]
[Text=. CharacterOffsetBegin=133 CharacterOffsetEnd=134 PartOfSpeech=. Lemma=. NamedEntityTag=O]
(ROOT
  (S
    (PP (IN In)
      (NP (NN Season)))
    (NP
      (NP (CD 3) (NN Arya))
      (PRN (-LRB- -LRB-)
        (NP (NNP Maisie) (NNP Williams))
        (-RRB- -RRB-)))
    (VP (VBD began)
      (S
        (VP (VBG keeping)
          (NP
            (NP (DT a) (NN list))
            (PP (IN of)
              (NP
                (NP (NNS people))
                (SBAR
                  (S
                    (NP (PRP she))
                    (VP (VBD planned)
                      (S
                        (VP (TO to)
                          (VP (VB kill)))))))))))))
    (. .)))

root(ROOT-0, began-9)
case(Season-2, In-1)
nmod:in(began-9, Season-2)
nummod(Arya-4, 3-3)
nsubj(began-9, Arya-4)
punct(Williams-7, -LRB--5)
compound(Williams-7, Maisie-6)
appos(Arya-4, Williams-7)
punct(Williams-7, -RRB--8)
xcomp(began-9, keeping-10)
det(list-12, a-11)
dobj(keeping-10, list-12)
case(people-14, of-13)
nmod:of(list-12, people-14)
nsubj(planned-16, she-15)
nsubj:xsubj(kill-18, she-15)
acl:relcl(people-14, planned-16)
mark(kill-18, to-17)
xcomp(planned-16, kill-18)
punct(began-9, .-19)

Sentence #3 (43 tokens):
Much like Night’s Watch recruiter Yoren (Francis Magee), who told her about his own kill list prior to his death, the majority of the men and women listed had wronged Arya or her family in some way.
[Text=Much CharacterOffsetBegin=135 CharacterOffsetEnd=139 PartOfSpeech=RB Lemma=much NamedEntityTag=O]
[Text=like CharacterOffsetBegin=140 CharacterOffsetEnd=144 PartOfSpeech=IN Lemma=like NamedEntityTag=O]
[Text=Night CharacterOffsetBegin=145 CharacterOffsetEnd=150 PartOfSpeech=NNP Lemma=Night NamedEntityTag=TIME NormalizedNamedEntityTag=TNI Timex=<TIMEX3 tid="t1" type="TIME" value="TNI">Night</TIMEX3>]
[Text='s CharacterOffsetBegin=150 CharacterOffsetEnd=152 PartOfSpeech=POS Lemma='s NamedEntityTag=O]
[Text=Watch CharacterOffsetBegin=153 CharacterOffsetEnd=158 PartOfSpeech=NNP Lemma=Watch NamedEntityTag=O]
[Text=recruiter CharacterOffsetBegin=159 CharacterOffsetEnd=168 PartOfSpeech=NN Lemma=recruiter NamedEntityTag=O]
[Text=Yoren CharacterOffsetBegin=169 CharacterOffsetEnd=174 PartOfSpeech=NN Lemma=yoren NamedEntityTag=PERSON]
[Text=-LRB- CharacterOffsetBegin=175 CharacterOffsetEnd=176 PartOfSpeech=-LRB- Lemma=-lrb- NamedEntityTag=O]
[Text=Francis CharacterOffsetBegin=176 CharacterOffsetEnd=183 PartOfSpeech=NNP Lemma=Francis NamedEntityTag=PERSON]
[Text=Magee CharacterOffsetBegin=184 CharacterOffsetEnd=189 PartOfSpeech=NNP Lemma=Magee NamedEntityTag=PERSON]
[Text=-RRB- CharacterOffsetBegin=189 CharacterOffsetEnd=190 PartOfSpeech=-RRB- Lemma=-rrb- NamedEntityTag=O]
[Text=, CharacterOffsetBegin=190 CharacterOffsetEnd=191 PartOfSpeech=, Lemma=, NamedEntityTag=O]
[Text=who CharacterOffsetBegin=192 CharacterOffsetEnd=195 PartOfSpeech=WP Lemma=who NamedEntityTag=O]
[Text=told CharacterOffsetBegin=196 CharacterOffsetEnd=200 PartOfSpeech=VBD Lemma=tell NamedEntityTag=O]
[Text=her CharacterOffsetBegin=201 CharacterOffsetEnd=204 PartOfSpeech=PRP$ Lemma=she NamedEntityTag=O]
[Text=about CharacterOffsetBegin=205 CharacterOffsetEnd=210 PartOfSpeech=IN Lemma=about NamedEntityTag=O]
[Text=his CharacterOffsetBegin=211 CharacterOffsetEnd=214 PartOfSpeech=PRP$ Lemma=he NamedEntityTag=O]
[Text=own CharacterOffsetBegin=215 CharacterOffsetEnd=218 PartOfSpeech=JJ Lemma=own NamedEntityTag=O]
[Text=kill CharacterOffsetBegin=219 CharacterOffsetEnd=223 PartOfSpeech=NN Lemma=kill NamedEntityTag=O]
[Text=list CharacterOffsetBegin=224 CharacterOffsetEnd=228 PartOfSpeech=NN Lemma=list NamedEntityTag=O]
[Text=prior CharacterOffsetBegin=229 CharacterOffsetEnd=234 PartOfSpeech=RB Lemma=prior NamedEntityTag=O]
[Text=to CharacterOffsetBegin=235 CharacterOffsetEnd=237 PartOfSpeech=TO Lemma=to NamedEntityTag=O]
[Text=his CharacterOffsetBegin=238 CharacterOffsetEnd=241 PartOfSpeech=PRP$ Lemma=he NamedEntityTag=O]
[Text=death CharacterOffsetBegin=242 CharacterOffsetEnd=247 PartOfSpeech=NN Lemma=death NamedEntityTag=O]
[Text=, CharacterOffsetBegin=247 CharacterOffsetEnd=248 PartOfSpeech=, Lemma=, NamedEntityTag=O]
[Text=the CharacterOffsetBegin=249 CharacterOffsetEnd=252 PartOfSpeech=DT Lemma=the NamedEntityTag=O]
[Text=majority CharacterOffsetBegin=253 CharacterOffsetEnd=261 PartOfSpeech=NN Lemma=majority NamedEntityTag=O]
[Text=of CharacterOffsetBegin=262 CharacterOffsetEnd=264 PartOfSpeech=IN Lemma=of NamedEntityTag=O]
[Text=the CharacterOffsetBegin=265 CharacterOffsetEnd=268 PartOfSpeech=DT Lemma=the NamedEntityTag=O]
[Text=men CharacterOffsetBegin=269 CharacterOffsetEnd=272 PartOfSpeech=NNS Lemma=man NamedEntityTag=O]
[Text=and CharacterOffsetBegin=273 CharacterOffsetEnd=276 PartOfSpeech=CC Lemma=and NamedEntityTag=O]
[Text=women CharacterOffsetBegin=277 CharacterOffsetEnd=282 PartOfSpeech=NNS Lemma=woman NamedEntityTag=O]
[Text=listed CharacterOffsetBegin=283 CharacterOffsetEnd=289 PartOfSpeech=VBN Lemma=list NamedEntityTag=O]
[Text=had CharacterOffsetBegin=290 CharacterOffsetEnd=293 PartOfSpeech=VBD Lemma=have NamedEntityTag=O]
[Text=wronged CharacterOffsetBegin=294 CharacterOffsetEnd=301 PartOfSpeech=VBN Lemma=wrong NamedEntityTag=O]
[Text=Arya CharacterOffsetBegin=302 CharacterOffsetEnd=306 PartOfSpeech=NNP Lemma=Arya NamedEntityTag=PERSON]
[Text=or CharacterOffsetBegin=307 CharacterOffsetEnd=309 PartOfSpeech=CC Lemma=or NamedEntityTag=O]
[Text=her CharacterOffsetBegin=310 CharacterOffsetEnd=313 PartOfSpeech=PRP$ Lemma=she NamedEntityTag=O]
[Text=family CharacterOffsetBegin=314 CharacterOffsetEnd=320 PartOfSpeech=NN Lemma=family NamedEntityTag=O]
[Text=in CharacterOffsetBegin=321 CharacterOffsetEnd=323 PartOfSpeech=IN Lemma=in NamedEntityTag=O]
[Text=some CharacterOffsetBegin=324 CharacterOffsetEnd=328 PartOfSpeech=DT Lemma=some NamedEntityTag=O]
[Text=way CharacterOffsetBegin=329 CharacterOffsetEnd=332 PartOfSpeech=NN Lemma=way NamedEntityTag=O]
[Text=. CharacterOffsetBegin=332 CharacterOffsetEnd=333 PartOfSpeech=. Lemma=. NamedEntityTag=O]
(ROOT
  (S
    (NP
      (NP (RB Much))
      (PP (IN like)
        (NP
          (NP
            (NP
              (NP (NNP Night) (POS 's))
              (NNP Watch) (NN recruiter) (NN Yoren))
            (PRN (-LRB- -LRB-)
              (NP (NNP Francis) (NNP Magee))
              (-RRB- -RRB-)))
          (, ,)
          (SBAR
            (WHNP (WP who))
            (S
              (VP (VBD told)
                (NP (PRP$ her))
                (PP (IN about)
                  (NP (PRP$ his) (JJ own) (NN kill) (NN list)))
                (PP (RB prior)
                  (PP (TO to)
                    (NP
                      (NP (PRP$ his) (NN death))
                      (, ,)
                      (NP
                        (NP (DT the) (NN majority))
                        (PP (IN of)
                          (NP
                            (NP (DT the) (NNS men)
                              (CC and)
                              (NNS women))
                            (VP (VBN listed))))))))))))))
    (VP (VBD had)
      (VP (VBN wronged)
        (NP
          (NP (NNP Arya))
          (CC or)
          (NP (PRP$ her) (NN family)))
        (PP (IN in)
          (NP (DT some) (NN way)))))
    (. .)))

root(ROOT-0, wronged-35)
nsubj(wronged-35, Much-1)
case(Yoren-7, like-2)
nmod:poss(Yoren-7, Night-3)
case(Night-3, 's-4)
compound(Yoren-7, Watch-5)
compound(Yoren-7, recruiter-6)
nmod:like(Much-1, Yoren-7)
nsubj(told-14, Yoren-7)
punct(Magee-10, -LRB--8)
compound(Magee-10, Francis-9)
appos(Yoren-7, Magee-10)
punct(Magee-10, -RRB--11)
punct(Yoren-7, ,-12)
ref(Yoren-7, who-13)
acl:relcl(Yoren-7, told-14)
dobj(told-14, her-15)
case(list-20, about-16)
nmod:poss(list-20, his-17)
amod(list-20, own-18)
compound(list-20, kill-19)
nmod:about(told-14, list-20)
advmod(death-24, prior-21)
case(death-24, to-22)
nmod:poss(death-24, his-23)
advcl:to(told-14, death-24)
punct(death-24, ,-25)
det(majority-27, the-26)
appos(death-24, majority-27)
case(men-30, of-28)
det(men-30, the-29)
nmod:of(majority-27, men-30)
cc(men-30, and-31)
nmod:of(majority-27, women-32)
conj:and(men-30, women-32)
acl(men-30, listed-33)
aux(wronged-35, had-34)
dobj(wronged-35, Arya-36)
cc(Arya-36, or-37)
nmod:poss(family-39, her-38)
dobj(wronged-35, family-39)
conj:or(Arya-36, family-39)
case(way-42, in-40)
det(way-42, some-41)
nmod:in(wronged-35, way-42)
punct(wronged-35, .-43)

Sentence #4 (53 tokens):
At the close of Season 6 Arya crossed a major name off her list — Walder Frey (David Bradley), who hosted the infamous Red Wedding during which her brother, Robb Stark (Richard Madden), and mother, Catelynn Stark (Michelle Fairley), were killed.
[Text=At CharacterOffsetBegin=334 CharacterOffsetEnd=336 PartOfSpeech=IN Lemma=at NamedEntityTag=O]
[Text=the CharacterOffsetBegin=337 CharacterOffsetEnd=340 PartOfSpeech=DT Lemma=the NamedEntityTag=O]
[Text=close CharacterOffsetBegin=341 CharacterOffsetEnd=346 PartOfSpeech=NN Lemma=close NamedEntityTag=O]
[Text=of CharacterOffsetBegin=347 CharacterOffsetEnd=349 PartOfSpeech=IN Lemma=of NamedEntityTag=O]
[Text=Season CharacterOffsetBegin=350 CharacterOffsetEnd=356 PartOfSpeech=NN Lemma=season NamedEntityTag=O]
[Text=6 CharacterOffsetBegin=357 CharacterOffsetEnd=358 PartOfSpeech=CD Lemma=6 NamedEntityTag=NUMBER NormalizedNamedEntityTag=6.0]
[Text=Arya CharacterOffsetBegin=359 CharacterOffsetEnd=363 PartOfSpeech=NNP Lemma=Arya NamedEntityTag=PERSON]
[Text=crossed CharacterOffsetBegin=364 CharacterOffsetEnd=371 PartOfSpeech=VBD Lemma=cross NamedEntityTag=O]
[Text=a CharacterOffsetBegin=372 CharacterOffsetEnd=373 PartOfSpeech=DT Lemma=a NamedEntityTag=O]
[Text=major CharacterOffsetBegin=374 CharacterOffsetEnd=379 PartOfSpeech=JJ Lemma=major NamedEntityTag=O]
[Text=name CharacterOffsetBegin=380 CharacterOffsetEnd=384 PartOfSpeech=NN Lemma=name NamedEntityTag=O]
[Text=off CharacterOffsetBegin=385 CharacterOffsetEnd=388 PartOfSpeech=IN Lemma=off NamedEntityTag=O]
[Text=her CharacterOffsetBegin=389 CharacterOffsetEnd=392 PartOfSpeech=PRP$ Lemma=she NamedEntityTag=O]
[Text=list CharacterOffsetBegin=393 CharacterOffsetEnd=397 PartOfSpeech=NN Lemma=list NamedEntityTag=O]
[Text=-- CharacterOffsetBegin=398 CharacterOffsetEnd=399 PartOfSpeech=: Lemma=-- NamedEntityTag=O]
[Text=Walder CharacterOffsetBegin=400 CharacterOffsetEnd=406 PartOfSpeech=NNP Lemma=Walder NamedEntityTag=PERSON]
[Text=Frey CharacterOffsetBegin=407 CharacterOffsetEnd=411 PartOfSpeech=NNP Lemma=Frey NamedEntityTag=PERSON]
[Text=-LRB- CharacterOffsetBegin=412 CharacterOffsetEnd=413 PartOfSpeech=-LRB- Lemma=-lrb- NamedEntityTag=O]
[Text=David CharacterOffsetBegin=413 CharacterOffsetEnd=418 PartOfSpeech=NNP Lemma=David NamedEntityTag=PERSON]
[Text=Bradley CharacterOffsetBegin=419 CharacterOffsetEnd=426 PartOfSpeech=NNP Lemma=Bradley NamedEntityTag=PERSON]
[Text=-RRB- CharacterOffsetBegin=426 CharacterOffsetEnd=427 PartOfSpeech=-RRB- Lemma=-rrb- NamedEntityTag=O]
[Text=, CharacterOffsetBegin=427 CharacterOffsetEnd=428 PartOfSpeech=, Lemma=, NamedEntityTag=O]
[Text=who CharacterOffsetBegin=429 CharacterOffsetEnd=432 PartOfSpeech=WP Lemma=who NamedEntityTag=O]
[Text=hosted CharacterOffsetBegin=433 CharacterOffsetEnd=439 PartOfSpeech=VBD Lemma=host NamedEntityTag=O]
[Text=the CharacterOffsetBegin=440 CharacterOffsetEnd=443 PartOfSpeech=DT Lemma=the NamedEntityTag=O]
[Text=infamous CharacterOffsetBegin=444 CharacterOffsetEnd=452 PartOfSpeech=JJ Lemma=infamous NamedEntityTag=O]
[Text=Red CharacterOffsetBegin=453 CharacterOffsetEnd=456 PartOfSpeech=NNP Lemma=Red NamedEntityTag=MISC]
[Text=Wedding CharacterOffsetBegin=457 CharacterOffsetEnd=464 PartOfSpeech=NN Lemma=wedding NamedEntityTag=MISC]
[Text=during CharacterOffsetBegin=465 CharacterOffsetEnd=471 PartOfSpeech=IN Lemma=during NamedEntityTag=O]
[Text=which CharacterOffsetBegin=472 CharacterOffsetEnd=477 PartOfSpeech=WDT Lemma=which NamedEntityTag=O]
[Text=her CharacterOffsetBegin=478 CharacterOffsetEnd=481 PartOfSpeech=PRP$ Lemma=she NamedEntityTag=O]
[Text=brother CharacterOffsetBegin=482 CharacterOffsetEnd=489 PartOfSpeech=NN Lemma=brother NamedEntityTag=O]
[Text=, CharacterOffsetBegin=489 CharacterOffsetEnd=490 PartOfSpeech=, Lemma=, NamedEntityTag=O]
[Text=Robb CharacterOffsetBegin=491 CharacterOffsetEnd=495 PartOfSpeech=NNP Lemma=Robb NamedEntityTag=PERSON]
[Text=Stark CharacterOffsetBegin=496 CharacterOffsetEnd=501 PartOfSpeech=NNP Lemma=Stark NamedEntityTag=PERSON]
[Text=-LRB- CharacterOffsetBegin=502 CharacterOffsetEnd=503 PartOfSpeech=-LRB- Lemma=-lrb- NamedEntityTag=O]
[Text=Richard CharacterOffsetBegin=503 CharacterOffsetEnd=510 PartOfSpeech=NNP Lemma=Richard NamedEntityTag=PERSON]
[Text=Madden CharacterOffsetBegin=511 CharacterOffsetEnd=517 PartOfSpeech=NNP Lemma=Madden NamedEntityTag=PERSON]
[Text=-RRB- CharacterOffsetBegin=517 CharacterOffsetEnd=518 PartOfSpeech=-RRB- Lemma=-rrb- NamedEntityTag=O]
[Text=, CharacterOffsetBegin=518 CharacterOffsetEnd=519 PartOfSpeech=, Lemma=, NamedEntityTag=O]
[Text=and CharacterOffsetBegin=520 CharacterOffsetEnd=523 PartOfSpeech=CC Lemma=and NamedEntityTag=O]
[Text=mother CharacterOffsetBegin=524 CharacterOffsetEnd=530 PartOfSpeech=NN Lemma=mother NamedEntityTag=O]
[Text=, CharacterOffsetBegin=530 CharacterOffsetEnd=531 PartOfSpeech=, Lemma=, NamedEntityTag=O]
[Text=Catelynn CharacterOffsetBegin=532 CharacterOffsetEnd=540 PartOfSpeech=NNP Lemma=Catelynn NamedEntityTag=PERSON]
[Text=Stark CharacterOffsetBegin=541 CharacterOffsetEnd=546 PartOfSpeech=NNP Lemma=Stark NamedEntityTag=PERSON]
[Text=-LRB- CharacterOffsetBegin=547 CharacterOffsetEnd=548 PartOfSpeech=-LRB- Lemma=-lrb- NamedEntityTag=O]
[Text=Michelle CharacterOffsetBegin=548 CharacterOffsetEnd=556 PartOfSpeech=NNP Lemma=Michelle NamedEntityTag=PERSON]
[Text=Fairley CharacterOffsetBegin=557 CharacterOffsetEnd=564 PartOfSpeech=NNP Lemma=Fairley NamedEntityTag=PERSON]
[Text=-RRB- CharacterOffsetBegin=564 CharacterOffsetEnd=565 PartOfSpeech=-RRB- Lemma=-rrb- NamedEntityTag=O]
[Text=, CharacterOffsetBegin=565 CharacterOffsetEnd=566 PartOfSpeech=, Lemma=, NamedEntityTag=O]
[Text=were CharacterOffsetBegin=567 CharacterOffsetEnd=571 PartOfSpeech=VBD Lemma=be NamedEntityTag=O]
[Text=killed CharacterOffsetBegin=572 CharacterOffsetEnd=578 PartOfSpeech=VBN Lemma=kill NamedEntityTag=O]
[Text=. CharacterOffsetBegin=578 CharacterOffsetEnd=579 PartOfSpeech=. Lemma=. NamedEntityTag=O]
(ROOT
  (S
    (PP (IN At)
      (NP
        (NP (DT the) (NN close))
        (PP (IN of)
          (NP (NN Season) (CD 6)))))
    (NP (NNP Arya))
    (VP (VBD crossed)
      (NP (DT a) (JJ major) (NN name))
      (PP (IN off)
        (NP
          (NP (PRP$ her) (NN list))
          (: --)
          (NP
            (NP (NNP Walder) (NNP Frey))
            (PRN (-LRB- -LRB-)
              (NP (NNP David) (NNP Bradley))
              (-RRB- -RRB-))
            (, ,)
            (SBAR
              (WHNP (WP who))
              (S
                (VP (VBD hosted)
                  (NP
                    (NP (DT the) (JJ infamous) (NNP Red) (NN Wedding))
                    (SBAR
                      (WHPP (IN during)
                        (WHNP (WDT which)))
                      (S
                        (NP
                          (NP (PRP$ her) (NN brother))
                          (, ,)
                          (NP
                            (NP
                              (NP (NNP Robb) (NNP Stark))
                              (PRN (-LRB- -LRB-)
                                (NP (NNP Richard) (NNP Madden))
                                (-RRB- -RRB-)))
                            (, ,)
                            (CC and)
                            (NP
                              (NP (NN mother))
                              (, ,)
                              (NP
                                (NP (NNP Catelynn) (NNP Stark))
                                (PRN (-LRB- -LRB-)
                                  (NP (NNP Michelle) (NNP Fairley))
                                  (-RRB- -RRB-)))))
                          (, ,))
                        (VP (VBD were)
                          (VP (VBN killed)))))))))))))
    (. .)))

root(ROOT-0, crossed-8)
case(close-3, At-1)
det(close-3, the-2)
nmod:at(crossed-8, close-3)
case(Season-5, of-4)
nmod:of(close-3, Season-5)
nummod(Season-5, 6-6)
nsubj(crossed-8, Arya-7)
det(name-11, a-9)
amod(name-11, major-10)
dobj(crossed-8, name-11)
case(list-14, off-12)
nmod:poss(list-14, her-13)
nmod:off(crossed-8, list-14)
punct(list-14, ---15)
compound(Frey-17, Walder-16)
dep(list-14, Frey-17)
nsubj(hosted-24, Frey-17)
punct(Bradley-20, -LRB--18)
compound(Bradley-20, David-19)
appos(Frey-17, Bradley-20)
punct(Bradley-20, -RRB--21)
punct(Frey-17, ,-22)
ref(Frey-17, who-23)
acl:relcl(Frey-17, hosted-24)
det(Wedding-28, the-25)
amod(Wedding-28, infamous-26)
compound(Wedding-28, Red-27)
dobj(hosted-24, Wedding-28)
nmod:during(killed-52, Wedding-28)
case(which-30, during-29)
ref(Wedding-28, which-30)
nmod:poss(brother-32, her-31)
nsubjpass(killed-52, brother-32)
punct(brother-32, ,-33)
compound(Stark-35, Robb-34)
appos(brother-32, Stark-35)
punct(Madden-38, -LRB--36)
compound(Madden-38, Richard-37)
appos(Stark-35, Madden-38)
punct(Madden-38, -RRB--39)
punct(Stark-35, ,-40)
cc(Stark-35, and-41)
appos(brother-32, mother-42)
conj:and(Stark-35, mother-42)
punct(mother-42, ,-43)
compound(Stark-45, Catelynn-44)
appos(mother-42, Stark-45)
punct(Fairley-48, -LRB--46)
compound(Fairley-48, Michelle-47)
appos(Stark-45, Fairley-48)
punct(Fairley-48, -RRB--49)
punct(brother-32, ,-50)
auxpass(killed-52, were-51)
acl:relcl(Wedding-28, killed-52)
punct(crossed-8, .-53)

Coreference set:
	(2,15,[15,16]) -> (2,7,[6,8]), that is: "she" -> "Maisie Williams"
	(3,15,[15,16]) -> (2,7,[6,8]), that is: "her" -> "Maisie Williams"
	(3,38,[38,39]) -> (2,7,[6,8]), that is: "her" -> "Maisie Williams"
	(4,13,[13,14]) -> (2,7,[6,8]), that is: "her" -> "Maisie Williams"
	(4,31,[31,32]) -> (2,7,[6,8]), that is: "her" -> "Maisie Williams"
Coreference set:
	(3,36,[36,37]) -> (2,4,[3,9]), that is: "Arya" -> "3 Arya -LRB- Maisie Williams -RRB-"
	(4,7,[7,8]) -> (2,4,[3,9]), that is: "Arya" -> "3 Arya -LRB- Maisie Williams -RRB-"
Coreference set:
	(3,17,[17,18]) -> (3,7,[3,12]), that is: "his" -> "Night 's Watch recruiter Yoren -LRB- Francis Magee -RRB-"
	(3,23,[23,24]) -> (3,7,[3,12]), that is: "his" -> "Night 's Watch recruiter Yoren -LRB- Francis Magee -RRB-"
