Sentence #1 (9 tokens):
Samwell Tarly Will Step Up to The Plate.
[Text=Samwell CharacterOffsetBegin=0 CharacterOffsetEnd=7 PartOfSpeech=NNP Lemma=Samwell NamedEntityTag=O]
[Text=Tarly CharacterOffsetBegin=8 CharacterOffsetEnd=13 PartOfSpeech=NNP Lemma=Tarly NamedEntityTag=O]
[Text=Will CharacterOffsetBegin=14 CharacterOffsetEnd=18 PartOfSpeech=NNP Lemma=Will NamedEntityTag=O]
[Text=Step CharacterOffsetBegin=19 CharacterOffsetEnd=23 PartOfSpeech=VB Lemma=step NamedEntityTag=O]
[Text=Up CharacterOffsetBegin=24 CharacterOffsetEnd=26 PartOfSpeech=RP Lemma=up NamedEntityTag=O]
[Text=to CharacterOffsetBegin=27 CharacterOffsetEnd=29 PartOfSpeech=TO Lemma=to NamedEntityTag=O]
[Text=The CharacterOffsetBegin=30 CharacterOffsetEnd=33 PartOfSpeech=DT Lemma=the NamedEntityTag=O]
[Text=Plate CharacterOffsetBegin=34 CharacterOffsetEnd=39 PartOfSpeech=NN Lemma=plate NamedEntityTag=O]
[Text=. CharacterOffsetBegin=39 CharacterOffsetEnd=40 PartOfSpeech=. Lemma=. NamedEntityTag=O]
(ROOT
  (S
    (NP (NNP Samwell) (NNP Tarly) (NNP Will))
    (VP (VB Step)
      (PRT (RP Up))
      (PP (TO to)
        (NP (DT The) (NN Plate))))
    (. .)))

root(ROOT-0, Step-4)
compound(Will-3, Samwell-1)
compound(Will-3, Tarly-2)
nsubj(Step-4, Will-3)
compound:prt(Step-4, Up-5)
case(Plate-8, to-6)
det(Plate-8, The-7)
nmod:to(Step-4, Plate-8)
punct(Step-4, .-9)

Sentence #2 (39 tokens):
According to a “Game of Thrones” fan theory, thought up by writers at Uproxx and Vanity Fair, Samwell Tarly (John Bradley-West) may be more of a key character than viewers previously believed.
[Text=According CharacterOffsetBegin=42 CharacterOffsetEnd=51 PartOfSpeech=VBG Lemma=accord NamedEntityTag=O]
[Text=to CharacterOffsetBegin=52 CharacterOffsetEnd=54 PartOfSpeech=TO Lemma=to NamedEntityTag=O]
[Text=a CharacterOffsetBegin=55 CharacterOffsetEnd=56 PartOfSpeech=DT Lemma=a NamedEntityTag=O]
[Text=`` CharacterOffsetBegin=57 CharacterOffsetEnd=58 PartOfSpeech=`` Lemma=`` NamedEntityTag=O]
[Text=Game CharacterOffsetBegin=58 CharacterOffsetEnd=62 PartOfSpeech=NN Lemma=game NamedEntityTag=O]
[Text=of CharacterOffsetBegin=63 CharacterOffsetEnd=65 PartOfSpeech=IN Lemma=of NamedEntityTag=O]
[Text=Thrones CharacterOffsetBegin=66 CharacterOffsetEnd=73 PartOfSpeech=NNPS Lemma=Thrones NamedEntityTag=O]
[Text='' CharacterOffsetBegin=73 CharacterOffsetEnd=74 PartOfSpeech='' Lemma='' NamedEntityTag=O]
[Text=fan CharacterOffsetBegin=75 CharacterOffsetEnd=78 PartOfSpeech=NN Lemma=fan NamedEntityTag=O]
[Text=theory CharacterOffsetBegin=79 CharacterOffsetEnd=85 PartOfSpeech=NN Lemma=theory NamedEntityTag=O]
[Text=, CharacterOffsetBegin=85 CharacterOffsetEnd=86 PartOfSpeech=, Lemma=, NamedEntityTag=O]
[Text=thought CharacterOffsetBegin=87 CharacterOffsetEnd=94 PartOfSpeech=VBD Lemma=think NamedEntityTag=O]
[Text=up CharacterOffsetBegin=95 CharacterOffsetEnd=97 PartOfSpeech=RP Lemma=up NamedEntityTag=O]
[Text=by CharacterOffsetBegin=98 CharacterOffsetEnd=100 PartOfSpeech=IN Lemma=by NamedEntityTag=O]
[Text=writers CharacterOffsetBegin=101 CharacterOffsetEnd=108 PartOfSpeech=NNS Lemma=writer NamedEntityTag=O]
[Text=at CharacterOffsetBegin=109 CharacterOffsetEnd=111 PartOfSpeech=IN Lemma=at NamedEntityTag=O]
[Text=Uproxx CharacterOffsetBegin=112 CharacterOffsetEnd=118 PartOfSpeech=NNP Lemma=Uproxx NamedEntityTag=LOCATION]
[Text=and CharacterOffsetBegin=119 CharacterOffsetEnd=122 PartOfSpeech=CC Lemma=and NamedEntityTag=O]
[Text=Vanity CharacterOffsetBegin=123 CharacterOffsetEnd=129 PartOfSpeech=NNP Lemma=Vanity NamedEntityTag=ORGANIZATION]
[Text=Fair CharacterOffsetBegin=130 CharacterOffsetEnd=134 PartOfSpeech=NNP Lemma=Fair NamedEntityTag=ORGANIZATION]
[Text=, CharacterOffsetBegin=134 CharacterOffsetEnd=135 PartOfSpeech=, Lemma=, NamedEntityTag=O]
[Text=Samwell CharacterOffsetBegin=136 CharacterOffsetEnd=143 PartOfSpeech=NNP Lemma=Samwell NamedEntityTag=PERSON]
[Text=Tarly CharacterOffsetBegin=144 CharacterOffsetEnd=149 PartOfSpeech=NNP Lemma=Tarly NamedEntityTag=PERSON]
[Text=-LRB- CharacterOffsetBegin=150 CharacterOffsetEnd=151 PartOfSpeech=-LRB- Lemma=-lrb- NamedEntityTag=O]
[Text=John CharacterOffsetBegin=151 CharacterOffsetEnd=155 PartOfSpeech=NNP Lemma=John NamedEntityTag=PERSON]
[Text=Bradley-West CharacterOffsetBegin=156 CharacterOffsetEnd=168 PartOfSpeech=NNP Lemma=Bradley-West NamedEntityTag=PERSON]
[Text=-RRB- CharacterOffsetBegin=168 CharacterOffsetEnd=169 PartOfSpeech=-RRB- Lemma=-rrb- NamedEntityTag=O]
[Text=may CharacterOffsetBegin=170 CharacterOffsetEnd=173 PartOfSpeech=MD Lemma=may NamedEntityTag=O]
[Text=be CharacterOffsetBegin=174 CharacterOffsetEnd=176 PartOfSpeech=VB Lemma=be NamedEntityTag=O]
[Text=more CharacterOffsetBegin=177 CharacterOffsetEnd=181 PartOfSpeech=JJR Lemma=more NamedEntityTag=O]
[Text=of CharacterOffsetBegin=182 CharacterOffsetEnd=184 PartOfSpeech=IN Lemma=of NamedEntityTag=O]
[Text=a CharacterOffsetBegin=185 CharacterOffsetEnd=186 PartOfSpeech=DT Lemma=a NamedEntityTag=O]
[Text=key CharacterOffsetBegin=187 CharacterOffsetEnd=190 PartOfSpeech=JJ Lemma=key NamedEntityTag=O]
[Text=character CharacterOffsetBegin=191 CharacterOffsetEnd=200 PartOfSpeech=NN Lemma=character NamedEntityTag=O]
[Text=than CharacterOffsetBegin=201 CharacterOffsetEnd=205 PartOfSpeech=IN Lemma=than NamedEntityTag=O]
[Text=viewers CharacterOffsetBegin=206 CharacterOffsetEnd=213 PartOfSpeech=NNS Lemma=viewer NamedEntityTag=O]
[Text=previously CharacterOffsetBegin=214 CharacterOffsetEnd=224 PartOfSpeech=RB Lemma=previously NamedEntityTag=DATE NormalizedNamedEntityTag=PAST_REF Timex=<TIMEX3 tid="t1" type="DATE" value="PAST_REF">previously</TIMEX3>]
[Text=believed CharacterOffsetBegin=225 CharacterOffsetEnd=233 PartOfSpeech=VBN Lemma=believe NamedEntityTag=O]
[Text=. CharacterOffsetBegin=233 CharacterOffsetEnd=234 PartOfSpeech=. Lemma=. NamedEntityTag=O]
(ROOT
  (S
    (PP (VBG According)
      (PP (TO to)
        (NP
          (NP (DT a)
            (NP (`` ``)
              (NP (NN Game))
              (PP (IN of)
                (NP (NNPS Thrones)))
              ('' ''))
            (NN fan) (NN theory))
          (, ,)
          (VP (VBD thought)
            (PRT (RP up))
            (PP (IN by)
              (NP
                (NP (NNS writers))
                (PP (IN at)
                  (NP (NNP Uproxx)
                    (CC and)
                    (NNP Vanity) (NNP Fair)))))))))
    (, ,)
    (NP
      (NP (NNP Samwell) (NNP Tarly))
      (PRN (-LRB- -LRB-)
        (NP (NNP John) (NNP Bradley-West))
        (-RRB- -RRB-)))
    (VP (MD may)
      (VP (VB be)
        (NP
          (NP (JJR more))
          (PP (IN of)
            (NP
              (NP (DT a) (JJ key) (NN character))
              (PP (IN than)
                (NP
                  (NP (NNS viewers))
                  (VP
                    (ADVP (RB previously))
                    (VBN believed)))))))))
    (. .)))

root(ROOT-0, more-30)
case(theory-10, According-1)
mwe(According-1, to-2)
det(theory-10, a-3)
punct(Game-5, ``-4)
compound(theory-10, Game-5)
case(Thrones-7, of-6)
nmod:of(Game-5, Thrones-7)
punct(Game-5, ''-8)
compound(theory-10, fan-9)
nmod:according_to(more-30, theory-10)
punct(theory-10, ,-11)
acl(theory-10, thought-12)
compound:prt(thought-12, up-13)
case(writers-15, by-14)
nmod:by(thought-12, writers-15)
case(Fair-20, at-16)
compound(Fair-20, Uproxx-17)
cc(Uproxx-17, and-18)
conj:and(Uproxx-17, Vanity-19)
compound(Fair-20, Vanity-19)
nmod:at(writers-15, Fair-20)
punct(more-30, ,-21)
compound(Tarly-23, Samwell-22)
nsubj(more-30, Tarly-23)
punct(Bradley-West-26, -LRB--24)
compound(Bradley-West-26, John-25)
appos(Tarly-23, Bradley-West-26)
punct(Bradley-West-26, -RRB--27)
aux(more-30, may-28)
cop(more-30, be-29)
case(character-34, of-31)
det(character-34, a-32)
amod(character-34, key-33)
nmod:of(more-30, character-34)
case(viewers-36, than-35)
nmod:than(character-34, viewers-36)
advmod(believed-38, previously-37)
acl(viewers-36, believed-38)
punct(more-30, .-39)

Sentence #3 (24 tokens):
At the end of Season 6 he finally arrived at the citadel with Gilly (Hannah Murray) and baby Sam in tow.
[Text=At CharacterOffsetBegin=235 CharacterOffsetEnd=237 PartOfSpeech=IN Lemma=at NamedEntityTag=O]
[Text=the CharacterOffsetBegin=238 CharacterOffsetEnd=241 PartOfSpeech=DT Lemma=the NamedEntityTag=O]
[Text=end CharacterOffsetBegin=242 CharacterOffsetEnd=245 PartOfSpeech=NN Lemma=end NamedEntityTag=O]
[Text=of CharacterOffsetBegin=246 CharacterOffsetEnd=248 PartOfSpeech=IN Lemma=of NamedEntityTag=O]
[Text=Season CharacterOffsetBegin=249 CharacterOffsetEnd=255 PartOfSpeech=NN Lemma=season NamedEntityTag=O]
[Text=6 CharacterOffsetBegin=256 CharacterOffsetEnd=257 PartOfSpeech=CD Lemma=6 NamedEntityTag=NUMBER NormalizedNamedEntityTag=6.0]
[Text=he CharacterOffsetBegin=258 CharacterOffsetEnd=260 PartOfSpeech=PRP Lemma=he NamedEntityTag=O]
[Text=finally CharacterOffsetBegin=261 CharacterOffsetEnd=268 PartOfSpeech=RB Lemma=finally NamedEntityTag=O]
[Text=arrived CharacterOffsetBegin=269 CharacterOffsetEnd=276 PartOfSpeech=VBD Lemma=arrive NamedEntityTag=O]
[Text=at CharacterOffsetBegin=277 CharacterOffsetEnd=279 PartOfSpeech=IN Lemma=at NamedEntityTag=O]
[Text=the CharacterOffsetBegin=280 CharacterOffsetEnd=283 PartOfSpeech=DT Lemma=the NamedEntityTag=O]
[Text=citadel CharacterOffsetBegin=284 CharacterOffsetEnd=291 PartOfSpeech=NN Lemma=citadel NamedEntityTag=O]
[Text=with CharacterOffsetBegin=292 CharacterOffsetEnd=296 PartOfSpeech=IN Lemma=with NamedEntityTag=O]
[Text=Gilly CharacterOffsetBegin=297 CharacterOffsetEnd=302 PartOfSpeech=NNP Lemma=Gilly NamedEntityTag=PERSON]
[Text=-LRB- CharacterOffsetBegin=303 CharacterOffsetEnd=304 PartOfSpeech=-LRB- Lemma=-lrb- NamedEntityTag=O]
[Text=Hannah CharacterOffsetBegin=304 CharacterOffsetEnd=310 PartOfSpeech=NNP Lemma=Hannah NamedEntityTag=PERSON]
[Text=Murray CharacterOffsetBegin=311 CharacterOffsetEnd=317 PartOfSpeech=NNP Lemma=Murray NamedEntityTag=PERSON]
[Text=-RRB- CharacterOffsetBegin=317 CharacterOffsetEnd=318 PartOfSpeech=-RRB- Lemma=-rrb- NamedEntityTag=O]
[Text=and CharacterOffsetBegin=319 CharacterOffsetEnd=322 PartOfSpeech=CC Lemma=and NamedEntityTag=O]
[Text=baby CharacterOffsetBegin=323 CharacterOffsetEnd=327 PartOfSpeech=NN Lemma=baby NamedEntityTag=O]
[Text=Sam CharacterOffsetBegin=328 CharacterOffsetEnd=331 PartOfSpeech=NNP Lemma=Sam NamedEntityTag=PERSON]
[Text=in CharacterOffsetBegin=332 CharacterOffsetEnd=334 PartOfSpeech=IN Lemma=in NamedEntityTag=O]
[Text=tow CharacterOffsetBegin=335 CharacterOffsetEnd=338 PartOfSpeech=NN Lemma=tow NamedEntityTag=O]
[Text=. CharacterOffsetBegin=338 CharacterOffsetEnd=339 PartOfSpeech=. Lemma=. NamedEntityTag=O]
(ROOT
  (S
    (PP (IN At)
      (NP
        (NP (DT the) (NN end))
        (PP (IN of)
          (NP (NN Season) (CD 6)))))
    (NP (PRP he))
    (ADVP (RB finally))
    (VP (VBD arrived)
      (PP (IN at)
        (NP (DT the) (NN citadel)))
      (PP (IN with)
        (NP
          (NP
            (NP (NNP Gilly))
            (PRN (-LRB- -LRB-)
              (NP (NNP Hannah) (NNP Murray))
              (-RRB- -RRB-)))
          (CC and)
          (NP
            (NP (NN baby) (NNP Sam))
            (PP (IN in)
              (NP (NN tow)))))))
    (. .)))

root(ROOT-0, arrived-9)
case(end-3, At-1)
det(end-3, the-2)
nmod:at(arrived-9, end-3)
case(Season-5, of-4)
nmod:of(end-3, Season-5)
nummod(Season-5, 6-6)
nsubj(arrived-9, he-7)
advmod(arrived-9, finally-8)
case(citadel-12, at-10)
det(citadel-12, the-11)
nmod:at(arrived-9, citadel-12)
case(Gilly-14, with-13)
nmod:with(arrived-9, Gilly-14)
punct(Murray-17, -LRB--15)
compound(Murray-17, Hannah-16)
appos(Gilly-14, Murray-17)
punct(Murray-17, -RRB--18)
cc(Gilly-14, and-19)
compound(Sam-21, baby-20)
nmod:with(arrived-9, Sam-21)
conj:and(Gilly-14, Sam-21)
case(tow-23, in-22)
nmod:in(Sam-21, tow-23)
punct(arrived-9, .-24)

Sentence #4 (41 tokens):
The episode featured a scene in which Samwell looks out over the vast library of books housed in Oldtown, but it’s what’s hanging above the books that tells much about the upcoming episodes of the HBO show.
[Text=The CharacterOffsetBegin=340 CharacterOffsetEnd=343 PartOfSpeech=DT Lemma=the NamedEntityTag=O]
[Text=episode CharacterOffsetBegin=344 CharacterOffsetEnd=351 PartOfSpeech=NN Lemma=episode NamedEntityTag=O]
[Text=featured CharacterOffsetBegin=352 CharacterOffsetEnd=360 PartOfSpeech=VBD Lemma=feature NamedEntityTag=O]
[Text=a CharacterOffsetBegin=361 CharacterOffsetEnd=362 PartOfSpeech=DT Lemma=a NamedEntityTag=O]
[Text=scene CharacterOffsetBegin=363 CharacterOffsetEnd=368 PartOfSpeech=NN Lemma=scene NamedEntityTag=O]
[Text=in CharacterOffsetBegin=369 CharacterOffsetEnd=371 PartOfSpeech=IN Lemma=in NamedEntityTag=O]
[Text=which CharacterOffsetBegin=372 CharacterOffsetEnd=377 PartOfSpeech=WDT Lemma=which NamedEntityTag=O]
[Text=Samwell CharacterOffsetBegin=378 CharacterOffsetEnd=385 PartOfSpeech=NNP Lemma=Samwell NamedEntityTag=PERSON]
[Text=looks CharacterOffsetBegin=386 CharacterOffsetEnd=391 PartOfSpeech=VBZ Lemma=look NamedEntityTag=O]
[Text=out CharacterOffsetBegin=392 CharacterOffsetEnd=395 PartOfSpeech=RP Lemma=out NamedEntityTag=O]
[Text=over CharacterOffsetBegin=396 CharacterOffsetEnd=400 PartOfSpeech=IN Lemma=over NamedEntityTag=O]
[Text=the CharacterOffsetBegin=401 CharacterOffsetEnd=404 PartOfSpeech=DT Lemma=the NamedEntityTag=O]
[Text=vast CharacterOffsetBegin=405 CharacterOffsetEnd=409 PartOfSpeech=JJ Lemma=vast NamedEntityTag=O]
[Text=library CharacterOffsetBegin=410 CharacterOffsetEnd=417 PartOfSpeech=NN Lemma=library NamedEntityTag=O]
[Text=of CharacterOffsetBegin=418 CharacterOffsetEnd=420 PartOfSpeech=IN Lemma=of NamedEntityTag=O]
[Text=books CharacterOffsetBegin=421 CharacterOffsetEnd=426 PartOfSpeech=NNS Lemma=book NamedEntityTag=O]
[Text=housed CharacterOffsetBegin=427 CharacterOffsetEnd=433 PartOfSpeech=VBN Lemma=house NamedEntityTag=O]
[Text=in CharacterOffsetBegin=434 CharacterOffsetEnd=436 PartOfSpeech=IN Lemma=in NamedEntityTag=O]
[Text=Oldtown CharacterOffsetBegin=437 CharacterOffsetEnd=444 PartOfSpeech=JJ Lemma=oldtown NamedEntityTag=LOCATION]
[Text=, CharacterOffsetBegin=444 CharacterOffsetEnd=445 PartOfSpeech=, Lemma=, NamedEntityTag=O]
[Text=but CharacterOffsetBegin=446 CharacterOffsetEnd=449 PartOfSpeech=CC Lemma=but NamedEntityTag=O]
[Text=it CharacterOffsetBegin=450 CharacterOffsetEnd=452 PartOfSpeech=PRP Lemma=it NamedEntityTag=O]
[Text='s CharacterOffsetBegin=452 CharacterOffsetEnd=454 PartOfSpeech=VBZ Lemma=be NamedEntityTag=O]
[Text=what CharacterOffsetBegin=455 CharacterOffsetEnd=459 PartOfSpeech=WP Lemma=what NamedEntityTag=O]
[Text='s CharacterOffsetBegin=459 CharacterOffsetEnd=461 PartOfSpeech=VBZ Lemma=be NamedEntityTag=O]
[Text=hanging CharacterOffsetBegin=462 CharacterOffsetEnd=469 PartOfSpeech=VBG Lemma=hang NamedEntityTag=O]
[Text=above CharacterOffsetBegin=470 CharacterOffsetEnd=475 PartOfSpeech=IN Lemma=above NamedEntityTag=O]
[Text=the CharacterOffsetBegin=476 CharacterOffsetEnd=479 PartOfSpeech=DT Lemma=the NamedEntityTag=O]
[Text=books CharacterOffsetBegin=480 CharacterOffsetEnd=485 PartOfSpeech=NNS Lemma=book NamedEntityTag=O]
[Text=that CharacterOffsetBegin=486 CharacterOffsetEnd=490 PartOfSpeech=WDT Lemma=that NamedEntityTag=O]
[Text=tells CharacterOffsetBegin=491 CharacterOffsetEnd=496 PartOfSpeech=VBZ Lemma=tell NamedEntityTag=O]
[Text=much CharacterOffsetBegin=497 CharacterOffsetEnd=501 PartOfSpeech=JJ Lemma=much NamedEntityTag=O]
[Text=about CharacterOffsetBegin=502 CharacterOffsetEnd=507 PartOfSpeech=IN Lemma=about NamedEntityTag=O]
[Text=the CharacterOffsetBegin=508 CharacterOffsetEnd=511 PartOfSpeech=DT Lemma=the NamedEntityTag=O]
[Text=upcoming CharacterOffsetBegin=512 CharacterOffsetEnd=520 PartOfSpeech=VBG Lemma=upcome NamedEntityTag=O]
[Text=episodes CharacterOffsetBegin=521 CharacterOffsetEnd=529 PartOfSpeech=NNS Lemma=episode NamedEntityTag=O]
[Text=of CharacterOffsetBegin=530 CharacterOffsetEnd=532 PartOfSpeech=IN Lemma=of NamedEntityTag=O]
[Text=the CharacterOffsetBegin=533 CharacterOffsetEnd=536 PartOfSpeech=DT Lemma=the NamedEntityTag=O]
[Text=HBO CharacterOffsetBegin=537 CharacterOffsetEnd=540 PartOfSpeech=NNP Lemma=HBO NamedEntityTag=ORGANIZATION]
[Text=show CharacterOffsetBegin=541 CharacterOffsetEnd=545 PartOfSpeech=NN Lemma=show NamedEntityTag=O]
[Text=. CharacterOffsetBegin=545 CharacterOffsetEnd=546 PartOfSpeech=. Lemma=. NamedEntityTag=O]
(ROOT
  (S
    (S
      (NP (DT The) (NN episode))
      (VP (VBD featured)
        (NP
          (NP (DT a) (NN scene))
          (SBAR
            (WHPP (IN in)
              (WHNP (WDT which)))
            (S
              (NP (NNP Samwell))
              (VP (VBZ looks)
                (PRT (RP out))
                (PP (IN over)
                  (NP
                    (NP (DT the) (JJ vast) (NN library))
                    (PP (IN of)
                      (NP
                        (NP (NNS books))
                        (VP (VBN housed)
                          (PP (IN in)
                            (NP (JJ Oldtown))))))))))))))
    (, ,)
    (CC but)
    (S
      (NP (PRP it))
      (VP (VBZ 's)
        (SBAR
          (WHNP (WP what))
          (S
            (VP (VBZ 's)
              (VP (VBG hanging)
                (PP (IN above)
                  (NP
                    (NP (DT the) (NNS books))
                    (SBAR
                      (WHNP (WDT that))
                      (S
                        (VP (VBZ tells)
                          (ADJP (JJ much)
                            (PP (IN about)
                              (NP
                                (NP (DT the) (VBG upcoming) (NNS episodes))
                                (PP (IN of)
                                  (NP (DT the) (NNP HBO) (NN show)))))))))))))))))
    (. .)))

root(ROOT-0, featured-3)
det(episode-2, The-1)
nsubj(featured-3, episode-2)
det(scene-5, a-4)
dobj(featured-3, scene-5)
nmod:in(looks-9, scene-5)
case(which-7, in-6)
ref(scene-5, which-7)
nsubj(looks-9, Samwell-8)
acl:relcl(scene-5, looks-9)
compound:prt(looks-9, out-10)
case(library-14, over-11)
det(library-14, the-12)
amod(library-14, vast-13)
nmod:over(looks-9, library-14)
case(books-16, of-15)
nmod:of(library-14, books-16)
acl(books-16, housed-17)
case(Oldtown-19, in-18)
nmod:in(housed-17, Oldtown-19)
punct(featured-3, ,-20)
cc(featured-3, but-21)
nsubj('s-23, it-22)
conj:but(featured-3, 's-23)
nsubj(hanging-26, what-24)
aux(hanging-26, 's-25)
ccomp('s-23, hanging-26)
case(books-29, above-27)
det(books-29, the-28)
nmod:above(hanging-26, books-29)
nsubj(tells-31, books-29)
ref(books-29, that-30)
acl:relcl(books-29, tells-31)
xcomp(tells-31, much-32)
case(episodes-36, about-33)
det(episodes-36, the-34)
amod(episodes-36, upcoming-35)
nmod:about(much-32, episodes-36)
case(show-40, of-37)
det(show-40, the-38)
compound(show-40, HBO-39)
nmod:of(episodes-36, show-40)
punct(featured-3, .-41)

Sentence #5 (12 tokens):
The Citadel library has a large gyroscope chandelier hanging above it.
[Text=The CharacterOffsetBegin=548 CharacterOffsetEnd=551 PartOfSpeech=DT Lemma=the NamedEntityTag=O]
[Text=Citadel CharacterOffsetBegin=552 CharacterOffsetEnd=559 PartOfSpeech=NNP Lemma=Citadel NamedEntityTag=ORGANIZATION]
[Text=library CharacterOffsetBegin=560 CharacterOffsetEnd=567 PartOfSpeech=NN Lemma=library NamedEntityTag=O]
[Text=has CharacterOffsetBegin=568 CharacterOffsetEnd=571 PartOfSpeech=VBZ Lemma=have NamedEntityTag=O]
[Text=a CharacterOffsetBegin=572 CharacterOffsetEnd=573 PartOfSpeech=DT Lemma=a NamedEntityTag=O]
[Text=large CharacterOffsetBegin=574 CharacterOffsetEnd=579 PartOfSpeech=JJ Lemma=large NamedEntityTag=O]
[Text=gyroscope CharacterOffsetBegin=580 CharacterOffsetEnd=589 PartOfSpeech=NN Lemma=gyroscope NamedEntityTag=O]
[Text=chandelier CharacterOffsetBegin=590 CharacterOffsetEnd=600 PartOfSpeech=NN Lemma=chandelier NamedEntityTag=O]
[Text=hanging CharacterOffsetBegin=601 CharacterOffsetEnd=608 PartOfSpeech=VBG Lemma=hang NamedEntityTag=O]
[Text=above CharacterOffsetBegin=609 CharacterOffsetEnd=614 PartOfSpeech=IN Lemma=above NamedEntityTag=O]
[Text=it CharacterOffsetBegin=615 CharacterOffsetEnd=617 PartOfSpeech=PRP Lemma=it NamedEntityTag=O]
[Text=. CharacterOffsetBegin=617 CharacterOffsetEnd=618 PartOfSpeech=. Lemma=. NamedEntityTag=O]
(ROOT
  (S
    (NP (DT The) (NNP Citadel) (NN library))
    (VP (VBZ has)
      (NP
        (NP (DT a) (JJ large) (NN gyroscope) (NN chandelier))
        (VP (VBG hanging)
          (PP (IN above)
            (NP (PRP it))))))
    (. .)))

root(ROOT-0, has-4)
det(library-3, The-1)
compound(library-3, Citadel-2)
nsubj(has-4, library-3)
det(chandelier-8, a-5)
amod(chandelier-8, large-6)
compound(chandelier-8, gyroscope-7)
dobj(has-4, chandelier-8)
acl(chandelier-8, hanging-9)
case(it-11, above-10)
nmod:above(hanging-9, it-11)
punct(has-4, .-12)

Sentence #6 (21 tokens):
The light fixture should look familiar to fans of the show, as it is featured in the opening credits.
[Text=The CharacterOffsetBegin=619 CharacterOffsetEnd=622 PartOfSpeech=DT Lemma=the NamedEntityTag=O]
[Text=light CharacterOffsetBegin=623 CharacterOffsetEnd=628 PartOfSpeech=JJ Lemma=light NamedEntityTag=O]
[Text=fixture CharacterOffsetBegin=629 CharacterOffsetEnd=636 PartOfSpeech=NN Lemma=fixture NamedEntityTag=O]
[Text=should CharacterOffsetBegin=637 CharacterOffsetEnd=643 PartOfSpeech=MD Lemma=should NamedEntityTag=O]
[Text=look CharacterOffsetBegin=644 CharacterOffsetEnd=648 PartOfSpeech=VB Lemma=look NamedEntityTag=O]
[Text=familiar CharacterOffsetBegin=649 CharacterOffsetEnd=657 PartOfSpeech=JJ Lemma=familiar NamedEntityTag=O]
[Text=to CharacterOffsetBegin=658 CharacterOffsetEnd=660 PartOfSpeech=TO Lemma=to NamedEntityTag=O]
[Text=fans CharacterOffsetBegin=661 CharacterOffsetEnd=665 PartOfSpeech=NNS Lemma=fan NamedEntityTag=O]
[Text=of CharacterOffsetBegin=666 CharacterOffsetEnd=668 PartOfSpeech=IN Lemma=of NamedEntityTag=O]
[Text=the CharacterOffsetBegin=669 CharacterOffsetEnd=672 PartOfSpeech=DT Lemma=the NamedEntityTag=O]
[Text=show CharacterOffsetBegin=673 CharacterOffsetEnd=677 PartOfSpeech=NN Lemma=show NamedEntityTag=O]
[Text=, CharacterOffsetBegin=677 CharacterOffsetEnd=678 PartOfSpeech=, Lemma=, NamedEntityTag=O]
[Text=as CharacterOffsetBegin=679 CharacterOffsetEnd=681 PartOfSpeech=IN Lemma=as NamedEntityTag=O]
[Text=it CharacterOffsetBegin=682 CharacterOffsetEnd=684 PartOfSpeech=PRP Lemma=it NamedEntityTag=O]
[Text=is CharacterOffsetBegin=685 CharacterOffsetEnd=687 PartOfSpeech=VBZ Lemma=be NamedEntityTag=O]
[Text=featured CharacterOffsetBegin=688 CharacterOffsetEnd=696 PartOfSpeech=VBN Lemma=feature NamedEntityTag=O]
[Text=in CharacterOffsetBegin=697 CharacterOffsetEnd=699 PartOfSpeech=IN Lemma=in NamedEntityTag=O]
[Text=the CharacterOffsetBegin=700 CharacterOffsetEnd=703 PartOfSpeech=DT Lemma=the NamedEntityTag=O]
[Text=opening CharacterOffsetBegin=704 CharacterOffsetEnd=711 PartOfSpeech=NN Lemma=opening NamedEntityTag=O]
[Text=credits CharacterOffsetBegin=712 CharacterOffsetEnd=719 PartOfSpeech=NNS Lemma=credit NamedEntityTag=O]
[Text=. CharacterOffsetBegin=719 CharacterOffsetEnd=720 PartOfSpeech=. Lemma=. NamedEntityTag=O]
(ROOT
  (S
    (NP (DT The) (JJ light) (NN fixture))
    (VP (MD should)
      (VP (VB look)
        (ADJP (JJ familiar)
          (PP (TO to)
            (NP
              (NP (NNS fans))
              (PP (IN of)
                (NP (DT the) (NN show))))))
        (, ,)
        (SBAR (IN as)
          (S
            (NP (PRP it))
            (VP (VBZ is)
              (VP (VBN featured)
                (PP (IN in)
                  (NP (DT the) (NN opening) (NNS credits)))))))))
    (. .)))

root(ROOT-0, look-5)
det(fixture-3, The-1)
amod(fixture-3, light-2)
nsubj(look-5, fixture-3)
aux(look-5, should-4)
xcomp(look-5, familiar-6)
case(fans-8, to-7)
nmod:to(familiar-6, fans-8)
case(show-11, of-9)
det(show-11, the-10)
nmod:of(fans-8, show-11)
punct(look-5, ,-12)
mark(featured-16, as-13)
nsubjpass(featured-16, it-14)
auxpass(featured-16, is-15)
advcl:as(look-5, featured-16)
case(credits-20, in-17)
det(credits-20, the-18)
compound(credits-20, opening-19)
nmod:in(featured-16, credits-20)
punct(look-5, .-21)

Sentence #7 (44 tokens):
The theory suggests that this is confirmation that Samwell, who is training to be a maester, will be tasked with keeping a written record to close friend Jon Snow’s adventures as well as the other happenings in the Seven Kingdoms.
[Text=The CharacterOffsetBegin=721 CharacterOffsetEnd=724 PartOfSpeech=DT Lemma=the NamedEntityTag=O]
[Text=theory CharacterOffsetBegin=725 CharacterOffsetEnd=731 PartOfSpeech=NN Lemma=theory NamedEntityTag=O]
[Text=suggests CharacterOffsetBegin=732 CharacterOffsetEnd=740 PartOfSpeech=VBZ Lemma=suggest NamedEntityTag=O]
[Text=that CharacterOffsetBegin=741 CharacterOffsetEnd=745 PartOfSpeech=IN Lemma=that NamedEntityTag=O]
[Text=this CharacterOffsetBegin=746 CharacterOffsetEnd=750 PartOfSpeech=DT Lemma=this NamedEntityTag=O]
[Text=is CharacterOffsetBegin=751 CharacterOffsetEnd=753 PartOfSpeech=VBZ Lemma=be NamedEntityTag=O]
[Text=confirmation CharacterOffsetBegin=754 CharacterOffsetEnd=766 PartOfSpeech=NN Lemma=confirmation NamedEntityTag=O]
[Text=that CharacterOffsetBegin=767 CharacterOffsetEnd=771 PartOfSpeech=WDT Lemma=that NamedEntityTag=O]
[Text=Samwell CharacterOffsetBegin=772 CharacterOffsetEnd=779 PartOfSpeech=NNP Lemma=Samwell NamedEntityTag=PERSON]
[Text=, CharacterOffsetBegin=779 CharacterOffsetEnd=780 PartOfSpeech=, Lemma=, NamedEntityTag=O]
[Text=who CharacterOffsetBegin=781 CharacterOffsetEnd=784 PartOfSpeech=WP Lemma=who NamedEntityTag=O]
[Text=is CharacterOffsetBegin=785 CharacterOffsetEnd=787 PartOfSpeech=VBZ Lemma=be NamedEntityTag=O]
[Text=training CharacterOffsetBegin=788 CharacterOffsetEnd=796 PartOfSpeech=VBG Lemma=train NamedEntityTag=O]
[Text=to CharacterOffsetBegin=797 CharacterOffsetEnd=799 PartOfSpeech=TO Lemma=to NamedEntityTag=O]
[Text=be CharacterOffsetBegin=800 CharacterOffsetEnd=802 PartOfSpeech=VB Lemma=be NamedEntityTag=O]
[Text=a CharacterOffsetBegin=803 CharacterOffsetEnd=804 PartOfSpeech=DT Lemma=a NamedEntityTag=O]
[Text=maester CharacterOffsetBegin=805 CharacterOffsetEnd=812 PartOfSpeech=NN Lemma=maester NamedEntityTag=O]
[Text=, CharacterOffsetBegin=812 CharacterOffsetEnd=813 PartOfSpeech=, Lemma=, NamedEntityTag=O]
[Text=will CharacterOffsetBegin=814 CharacterOffsetEnd=818 PartOfSpeech=MD Lemma=will NamedEntityTag=O]
[Text=be CharacterOffsetBegin=819 CharacterOffsetEnd=821 PartOfSpeech=VB Lemma=be NamedEntityTag=O]
[Text=tasked CharacterOffsetBegin=822 CharacterOffsetEnd=828 PartOfSpeech=VBN Lemma=task NamedEntityTag=O]
[Text=with CharacterOffsetBegin=829 CharacterOffsetEnd=833 PartOfSpeech=IN Lemma=with NamedEntityTag=O]
[Text=keeping CharacterOffsetBegin=834 CharacterOffsetEnd=841 PartOfSpeech=VBG Lemma=keep NamedEntityTag=O]
[Text=a CharacterOffsetBegin=842 CharacterOffsetEnd=843 PartOfSpeech=DT Lemma=a NamedEntityTag=O]
[Text=written CharacterOffsetBegin=844 CharacterOffsetEnd=851 PartOfSpeech=VBN Lemma=write NamedEntityTag=O]
[Text=record CharacterOffsetBegin=852 CharacterOffsetEnd=858 PartOfSpeech=NN Lemma=record NamedEntityTag=O]
[Text=to CharacterOffsetBegin=859 CharacterOffsetEnd=861 PartOfSpeech=TO Lemma=to NamedEntityTag=O]
[Text=close CharacterOffsetBegin=862 CharacterOffsetEnd=867 PartOfSpeech=VB Lemma=close NamedEntityTag=O]
[Text=friend CharacterOffsetBegin=868 CharacterOffsetEnd=874 PartOfSpeech=NN Lemma=friend NamedEntityTag=O]
[Text=Jon CharacterOffsetBegin=875 CharacterOffsetEnd=878 PartOfSpeech=NNP Lemma=Jon NamedEntityTag=PERSON]
[Text=Snow CharacterOffsetBegin=879 CharacterOffsetEnd=883 PartOfSpeech=NNP Lemma=Snow NamedEntityTag=PERSON]
[Text='s CharacterOffsetBegin=883 CharacterOffsetEnd=885 PartOfSpeech=POS Lemma='s NamedEntityTag=O]
[Text=adventures CharacterOffsetBegin=886 CharacterOffsetEnd=896 PartOfSpeech=NNS Lemma=adventure NamedEntityTag=O]
[Text=as CharacterOffsetBegin=897 CharacterOffsetEnd=899 PartOfSpeech=RB Lemma=as NamedEntityTag=O]
[Text=well CharacterOffsetBegin=900 CharacterOffsetEnd=904 PartOfSpeech=RB Lemma=well NamedEntityTag=O]
[Text=as CharacterOffsetBegin=905 CharacterOffsetEnd=907 PartOfSpeech=IN Lemma=as NamedEntityTag=O]
[Text=the CharacterOffsetBegin=908 CharacterOffsetEnd=911 PartOfSpeech=DT Lemma=the NamedEntityTag=O]
[Text=other CharacterOffsetBegin=912 CharacterOffsetEnd=917 PartOfSpeech=JJ Lemma=other NamedEntityTag=O]
[Text=happenings CharacterOffsetBegin=918 CharacterOffsetEnd=928 PartOfSpeech=NNS Lemma=happening NamedEntityTag=O]
[Text=in CharacterOffsetBegin=929 CharacterOffsetEnd=931 PartOfSpeech=IN Lemma=in NamedEntityTag=O]
[Text=the CharacterOffsetBegin=932 CharacterOffsetEnd=935 PartOfSpeech=DT Lemma=the NamedEntityTag=O]
[Text=Seven CharacterOffsetBegin=936 CharacterOffsetEnd=941 PartOfSpeech=CD Lemma=seven NamedEntityTag=NUMBER NormalizedNamedEntityTag=7.0]
[Text=Kingdoms CharacterOffsetBegin=942 CharacterOffsetEnd=950 PartOfSpeech=NNS Lemma=kingdom NamedEntityTag=O]
[Text=. CharacterOffsetBegin=950 CharacterOffsetEnd=951 PartOfSpeech=. Lemma=. NamedEntityTag=O]
(ROOT
  (S
    (NP (DT The) (NN theory))
    (VP (VBZ suggests)
      (SBAR (IN that)
        (S
          (NP (DT this))
          (VP (VBZ is)
            (NP
              (NP
                (NP (NN confirmation))
                (SBAR
                  (WHNP (WDT that))
                  (S
                    (NP
                      (NP (NNP Samwell))
                      (, ,)
                      (SBAR
                        (WHNP (WP who))
                        (S
                          (VP (VBZ is)
                            (VP (VBG training)
                              (S
                                (VP (TO to)
                                  (VP (VB be)
                                    (NP (DT a) (NN maester)))))))))
                      (, ,))
                    (VP (MD will)
                      (VP (VB be)
                        (VP (VBN tasked)
                          (PP (IN with)
                            (S
                              (VP (VBG keeping)
                                (NP (DT a) (VBN written) (NN record))
                                (S
                                  (VP (TO to)
                                    (VP (VB close)
                                      (NP
                                        (NP (NN friend) (NNP Jon) (NNP Snow) (POS 's))
                                        (NNS adventures))))))))))))))
              (CONJP (RB as) (RB well) (IN as))
              (NP
                (NP (DT the) (JJ other) (NNS happenings))
                (PP (IN in)
                  (NP (DT the) (CD Seven) (NNS Kingdoms)))))))))
    (. .)))

root(ROOT-0, suggests-3)
det(theory-2, The-1)
nsubj(suggests-3, theory-2)
mark(confirmation-7, that-4)
nsubj(confirmation-7, this-5)
cop(confirmation-7, is-6)
ccomp(suggests-3, confirmation-7)
dobj(tasked-21, confirmation-7)
ref(confirmation-7, that-8)
nsubj(training-13, Samwell-9)
nsubj:xsubj(maester-17, Samwell-9)
nsubjpass(tasked-21, Samwell-9)
punct(Samwell-9, ,-10)
ref(Samwell-9, who-11)
aux(training-13, is-12)
acl:relcl(Samwell-9, training-13)
mark(maester-17, to-14)
cop(maester-17, be-15)
det(maester-17, a-16)
xcomp(training-13, maester-17)
punct(Samwell-9, ,-18)
aux(tasked-21, will-19)
auxpass(tasked-21, be-20)
acl:relcl(confirmation-7, tasked-21)
mark(keeping-23, with-22)
advcl:with(tasked-21, keeping-23)
det(record-26, a-24)
amod(record-26, written-25)
dobj(keeping-23, record-26)
mark(close-28, to-27)
advcl:to(keeping-23, close-28)
compound(Snow-31, friend-29)
compound(Snow-31, Jon-30)
nmod:poss(adventures-33, Snow-31)
case(Snow-31, 's-32)
dobj(close-28, adventures-33)
cc(confirmation-7, as-34)
mwe(as-34, well-35)
mwe(as-34, as-36)
det(happenings-39, the-37)
amod(happenings-39, other-38)
ccomp(suggests-3, happenings-39)
conj:and(confirmation-7, happenings-39)
dobj(tasked-21, happenings-39)
case(Kingdoms-43, in-40)
det(Kingdoms-43, the-41)
nummod(Kingdoms-43, Seven-42)
nmod:in(happenings-39, Kingdoms-43)
punct(suggests-3, .-44)

Sentence #8 (36 tokens):
This is based off comments George R.R. Martin has made suggesting that the show will play out like “Lord of The Rings,” in which one character is telling the story for others.
[Text=This CharacterOffsetBegin=952 CharacterOffsetEnd=956 PartOfSpeech=DT Lemma=this NamedEntityTag=O]
[Text=is CharacterOffsetBegin=957 CharacterOffsetEnd=959 PartOfSpeech=VBZ Lemma=be NamedEntityTag=O]
[Text=based CharacterOffsetBegin=960 CharacterOffsetEnd=965 PartOfSpeech=VBN Lemma=base NamedEntityTag=O]
[Text=off CharacterOffsetBegin=966 CharacterOffsetEnd=969 PartOfSpeech=IN Lemma=off NamedEntityTag=O]
[Text=comments CharacterOffsetBegin=970 CharacterOffsetEnd=978 PartOfSpeech=NNS Lemma=comment NamedEntityTag=O]
[Text=George CharacterOffsetBegin=979 CharacterOffsetEnd=985 PartOfSpeech=NNP Lemma=George NamedEntityTag=PERSON]
[Text=R.R. CharacterOffsetBegin=986 CharacterOffsetEnd=990 PartOfSpeech=NNP Lemma=R.R. NamedEntityTag=PERSON]
[Text=Martin CharacterOffsetBegin=991 CharacterOffsetEnd=997 PartOfSpeech=NNP Lemma=Martin NamedEntityTag=PERSON]
[Text=has CharacterOffsetBegin=998 CharacterOffsetEnd=1001 PartOfSpeech=VBZ Lemma=have NamedEntityTag=O]
[Text=made CharacterOffsetBegin=1002 CharacterOffsetEnd=1006 PartOfSpeech=VBN Lemma=make NamedEntityTag=O]
[Text=suggesting CharacterOffsetBegin=1007 CharacterOffsetEnd=1017 PartOfSpeech=VBG Lemma=suggest NamedEntityTag=O]
[Text=that CharacterOffsetBegin=1018 CharacterOffsetEnd=1022 PartOfSpeech=IN Lemma=that NamedEntityTag=O]
[Text=the CharacterOffsetBegin=1023 CharacterOffsetEnd=1026 PartOfSpeech=DT Lemma=the NamedEntityTag=O]
[Text=show CharacterOffsetBegin=1027 CharacterOffsetEnd=1031 PartOfSpeech=NN Lemma=show NamedEntityTag=O]
[Text=will CharacterOffsetBegin=1032 CharacterOffsetEnd=1036 PartOfSpeech=MD Lemma=will NamedEntityTag=O]
[Text=play CharacterOffsetBegin=1037 CharacterOffsetEnd=1041 PartOfSpeech=VB Lemma=play NamedEntityTag=O]
[Text=out CharacterOffsetBegin=1042 CharacterOffsetEnd=1045 PartOfSpeech=RP Lemma=out NamedEntityTag=O]
[Text=like CharacterOffsetBegin=1046 CharacterOffsetEnd=1050 PartOfSpeech=IN Lemma=like NamedEntityTag=O]
[Text=`` CharacterOffsetBegin=1051 CharacterOffsetEnd=1052 PartOfSpeech=`` Lemma=`` NamedEntityTag=O]
[Text=Lord CharacterOffsetBegin=1052 CharacterOffsetEnd=1056 PartOfSpeech=NNP Lemma=Lord NamedEntityTag=O]
[Text=of CharacterOffsetBegin=1057 CharacterOffsetEnd=1059 PartOfSpeech=IN Lemma=of NamedEntityTag=O]
[Text=The CharacterOffsetBegin=1060 CharacterOffsetEnd=1063 PartOfSpeech=DT Lemma=the NamedEntityTag=O]
[Text=Rings CharacterOffsetBegin=1064 CharacterOffsetEnd=1069 PartOfSpeech=NNS Lemma=ring NamedEntityTag=O]
[Text=, CharacterOffsetBegin=1069 CharacterOffsetEnd=1070 PartOfSpeech=, Lemma=, NamedEntityTag=O]
[Text='' CharacterOffsetBegin=1070 CharacterOffsetEnd=1071 PartOfSpeech='' Lemma='' NamedEntityTag=O]
[Text=in CharacterOffsetBegin=1072 CharacterOffsetEnd=1074 PartOfSpeech=IN Lemma=in NamedEntityTag=O]
[Text=which CharacterOffsetBegin=1075 CharacterOffsetEnd=1080 PartOfSpeech=WDT Lemma=which NamedEntityTag=O]
[Text=one CharacterOffsetBegin=1081 CharacterOffsetEnd=1084 PartOfSpeech=CD Lemma=one NamedEntityTag=NUMBER NormalizedNamedEntityTag=1.0]
[Text=character CharacterOffsetBegin=1085 CharacterOffsetEnd=1094 PartOfSpeech=NN Lemma=character NamedEntityTag=O]
[Text=is CharacterOffsetBegin=1095 CharacterOffsetEnd=1097 PartOfSpeech=VBZ Lemma=be NamedEntityTag=O]
[Text=telling CharacterOffsetBegin=1098 CharacterOffsetEnd=1105 PartOfSpeech=VBG Lemma=tell NamedEntityTag=O]
[Text=the CharacterOffsetBegin=1106 CharacterOffsetEnd=1109 PartOfSpeech=DT Lemma=the NamedEntityTag=O]
[Text=story CharacterOffsetBegin=1110 CharacterOffsetEnd=1115 PartOfSpeech=NN Lemma=story NamedEntityTag=O]
[Text=for CharacterOffsetBegin=1116 CharacterOffsetEnd=1119 PartOfSpeech=IN Lemma=for NamedEntityTag=O]
[Text=others CharacterOffsetBegin=1120 CharacterOffsetEnd=1126 PartOfSpeech=NNS Lemma=other NamedEntityTag=O]
[Text=. CharacterOffsetBegin=1126 CharacterOffsetEnd=1127 PartOfSpeech=. Lemma=. NamedEntityTag=O]
(ROOT
  (S
    (NP (DT This))
    (VP (VBZ is)
      (VP (VBN based)
        (PP (IN off)
          (NP
            (NP (NNS comments))
            (SBAR
              (S
                (NP (NNP George) (NNP R.R.) (NNP Martin))
                (VP (VBZ has)
                  (VP (VBN made)
                    (S
                      (VP (VBG suggesting)
                        (SBAR (IN that)
                          (S
                            (NP (DT the) (NN show))
                            (VP (MD will)
                              (VP (VB play)
                                (PRT (RP out))
                                (PP (IN like)
                                  (NP (`` ``)
                                    (NP (NNP Lord))
                                    (PP (IN of)
                                      (NP (DT The) (NNS Rings)))
                                    (, ,) ('' '')
                                    (SBAR
                                      (WHPP (IN in)
                                        (WHNP (WDT which)))
                                      (S
                                        (NP (CD one) (NN character))
                                        (VP (VBZ is)
                                          (VP (VBG telling)
                                            (NP
                                              (NP (DT the) (NN story))
                                              (PP (IN for)
                                                (NP (NNS others))))))))))))))))))))))))
    (. .)))

root(ROOT-0, based-3)
nsubjpass(based-3, This-1)
auxpass(based-3, is-2)
case(comments-5, off-4)
nmod:off(based-3, comments-5)
compound(Martin-8, George-6)
compound(Martin-8, R.R.-7)
nsubj(made-10, Martin-8)
aux(made-10, has-9)
acl:relcl(comments-5, made-10)
xcomp(made-10, suggesting-11)
mark(play-16, that-12)
det(show-14, the-13)
nsubj(play-16, show-14)
aux(play-16, will-15)
ccomp(suggesting-11, play-16)
compound:prt(play-16, out-17)
case(Lord-20, like-18)
punct(Lord-20, ``-19)
nmod:like(play-16, Lord-20)
nmod:in(telling-31, Lord-20)
case(Rings-23, of-21)
det(Rings-23, The-22)
nmod:of(Lord-20, Rings-23)
punct(Lord-20, ,-24)
punct(Lord-20, ''-25)
case(which-27, in-26)
ref(Lord-20, which-27)
nummod(character-29, one-28)
nsubj(telling-31, character-29)
aux(telling-31, is-30)
acl:relcl(Lord-20, telling-31)
det(story-33, the-32)
dobj(telling-31, story-33)
case(others-35, for-34)
nmod:for(story-33, others-35)
punct(based-3, .-36)

Sentence #9 (26 tokens):
Should this theory prove true, it is a sure sign that Samwell or baby Sam will survive the impending attack from the White Walkers.
[Text=Should CharacterOffsetBegin=1128 CharacterOffsetEnd=1134 PartOfSpeech=MD Lemma=should NamedEntityTag=O]
[Text=this CharacterOffsetBegin=1135 CharacterOffsetEnd=1139 PartOfSpeech=DT Lemma=this NamedEntityTag=O]
[Text=theory CharacterOffsetBegin=1140 CharacterOffsetEnd=1146 PartOfSpeech=NN Lemma=theory NamedEntityTag=O]
[Text=prove CharacterOffsetBegin=1147 CharacterOffsetEnd=1152 PartOfSpeech=VBP Lemma=prove NamedEntityTag=O]
[Text=true CharacterOffsetBegin=1153 CharacterOffsetEnd=1157 PartOfSpeech=JJ Lemma=true NamedEntityTag=O]
[Text=, CharacterOffsetBegin=1157 CharacterOffsetEnd=1158 PartOfSpeech=, Lemma=, NamedEntityTag=O]
[Text=it CharacterOffsetBegin=1159 CharacterOffsetEnd=1161 PartOfSpeech=PRP Lemma=it NamedEntityTag=O]
[Text=is CharacterOffsetBegin=1162 CharacterOffsetEnd=1164 PartOfSpeech=VBZ Lemma=be NamedEntityTag=O]
[Text=a CharacterOffsetBegin=1165 CharacterOffsetEnd=1166 PartOfSpeech=DT Lemma=a NamedEntityTag=O]
[Text=sure CharacterOffsetBegin=1167 CharacterOffsetEnd=1171 PartOfSpeech=JJ Lemma=sure NamedEntityTag=O]
[Text=sign CharacterOffsetBegin=1172 CharacterOffsetEnd=1176 PartOfSpeech=NN Lemma=sign NamedEntityTag=O]
[Text=that CharacterOffsetBegin=1177 CharacterOffsetEnd=1181 PartOfSpeech=IN Lemma=that NamedEntityTag=O]
[Text=Samwell CharacterOffsetBegin=1182 CharacterOffsetEnd=1189 PartOfSpeech=NNP Lemma=Samwell NamedEntityTag=PERSON]
[Text=or CharacterOffsetBegin=1190 CharacterOffsetEnd=1192 PartOfSpeech=CC Lemma=or NamedEntityTag=O]
[Text=baby CharacterOffsetBegin=1193 CharacterOffsetEnd=1197 PartOfSpeech=NN Lemma=baby NamedEntityTag=O]
[Text=Sam CharacterOffsetBegin=1198 CharacterOffsetEnd=1201 PartOfSpeech=NNP Lemma=Sam NamedEntityTag=PERSON]
[Text=will CharacterOffsetBegin=1202 CharacterOffsetEnd=1206 PartOfSpeech=MD Lemma=will NamedEntityTag=O]
[Text=survive CharacterOffsetBegin=1207 CharacterOffsetEnd=1214 PartOfSpeech=VB Lemma=survive NamedEntityTag=O]
[Text=the CharacterOffsetBegin=1215 CharacterOffsetEnd=1218 PartOfSpeech=DT Lemma=the NamedEntityTag=O]
[Text=impending CharacterOffsetBegin=1219 CharacterOffsetEnd=1228 PartOfSpeech=JJ Lemma=impending NamedEntityTag=O]
[Text=attack CharacterOffsetBegin=1229 CharacterOffsetEnd=1235 PartOfSpeech=NN Lemma=attack NamedEntityTag=O]
[Text=from CharacterOffsetBegin=1236 CharacterOffsetEnd=1240 PartOfSpeech=IN Lemma=from NamedEntityTag=O]
[Text=the CharacterOffsetBegin=1241 CharacterOffsetEnd=1244 PartOfSpeech=DT Lemma=the NamedEntityTag=O]
[Text=White CharacterOffsetBegin=1245 CharacterOffsetEnd=1250 PartOfSpeech=NNP Lemma=White NamedEntityTag=O]
[Text=Walkers CharacterOffsetBegin=1251 CharacterOffsetEnd=1258 PartOfSpeech=NNPS Lemma=Walkers NamedEntityTag=O]
[Text=. CharacterOffsetBegin=1258 CharacterOffsetEnd=1259 PartOfSpeech=. Lemma=. NamedEntityTag=O]
(ROOT
  (S
    (SINV (MD Should)
      (NP (DT this) (NN theory))
      (VP (VBP prove)
        (ADJP (JJ true))))
    (, ,)
    (NP (PRP it))
    (VP (VBZ is)
      (NP (DT a) (JJ sure) (NN sign))
      (SBAR (IN that)
        (S
          (NP
            (NP (NNP Samwell))
            (CC or)
            (NP (NN baby) (NNP Sam)))
          (VP (MD will)
            (VP (VB survive)
              (NP (DT the) (JJ impending) (NN attack))
              (PP (IN from)
                (NP (DT the) (NNP White) (NNPS Walkers))))))))
    (. .)))

root(ROOT-0, sign-11)
aux(prove-4, Should-1)
det(theory-3, this-2)
nsubj(prove-4, theory-3)
dep(sign-11, prove-4)
xcomp(prove-4, true-5)
punct(sign-11, ,-6)
nsubj(sign-11, it-7)
cop(sign-11, is-8)
det(sign-11, a-9)
amod(sign-11, sure-10)
mark(survive-18, that-12)
nsubj(survive-18, Samwell-13)
cc(Samwell-13, or-14)
compound(Sam-16, baby-15)
conj:or(Samwell-13, Sam-16)
nsubj(survive-18, Sam-16)
aux(survive-18, will-17)
ccomp(sign-11, survive-18)
det(attack-21, the-19)
amod(attack-21, impending-20)
dobj(survive-18, attack-21)
case(Walkers-25, from-22)
det(Walkers-25, the-23)
compound(Walkers-25, White-24)
nmod:from(survive-18, Walkers-25)
punct(sign-11, .-26)

Coreference set:
	(7,2,[1,3]) -> (2,10,[3,11]), that is: "The theory" -> "a `` Game of Thrones '' fan theory"
	(9,3,[2,4]) -> (2,10,[3,11]), that is: "this theory" -> "a `` Game of Thrones '' fan theory"
	(9,7,[7,8]) -> (2,10,[3,11]), that is: "it" -> "a `` Game of Thrones '' fan theory"
	(9,11,[9,12]) -> (2,10,[3,11]), that is: "a sure sign" -> "a `` Game of Thrones '' fan theory"
Coreference set:
	(3,7,[7,8]) -> (2,23,[22,28]), that is: "he" -> "Samwell Tarly -LRB- John Bradley-West -RRB-"
Coreference set:
	(3,12,[11,13]) -> (5,2,[2,3]), that is: "the citadel" -> "Citadel"
Coreference set:
	(9,16,[15,17]) -> (3,21,[20,24]), that is: "baby Sam" -> "baby Sam in tow"
Coreference set:
	(7,9,[9,18]) -> (4,8,[8,9]), that is: "Samwell , who is training to be a maester" -> "Samwell"
	(7,9,[9,10]) -> (4,8,[8,9]), that is: "Samwell" -> "Samwell"
	(9,13,[13,14]) -> (4,8,[8,9]), that is: "Samwell" -> "Samwell"
Coreference set:
	(4,22,[22,23]) -> (4,2,[1,3]), that is: "it" -> "The episode"
Coreference set:
	(6,11,[10,12]) -> (4,40,[38,41]), that is: "the show" -> "the HBO show"
	(8,14,[13,15]) -> (4,40,[38,41]), that is: "the show" -> "the HBO show"
Coreference set:
	(5,11,[11,12]) -> (5,3,[1,4]), that is: "it" -> "The Citadel library"
Coreference set:
	(6,14,[14,15]) -> (6,3,[1,4]), that is: "it" -> "The light fixture"
Coreference set:
	(7,7,[7,44]) -> (7,5,[5,6]), that is: "confirmation that Samwell , who is training to be a maester , will be tasked with keeping a written record to close friend Jon Snow 's adventures as well as the other happenings in the Seven Kingdoms" -> "this"
	(8,1,[1,2]) -> (7,5,[5,6]), that is: "This" -> "this"
