Sentence #1 (52 tokens):
Jon Snow May Fulfill The Azor Ahai Prophecy:

On July 5, Movie Pilot brushed the dust of a fan theory from three years ago, which suggests that Jon Snow may be the second coming of Azor Ahai, the god which the red priests and priestesses answer to.
[Text=Jon CharacterOffsetBegin=0 CharacterOffsetEnd=3 PartOfSpeech=NNP]
[Text=Snow CharacterOffsetBegin=4 CharacterOffsetEnd=8 PartOfSpeech=NNP]
[Text=May CharacterOffsetBegin=9 CharacterOffsetEnd=12 PartOfSpeech=NNP]
[Text=Fulfill CharacterOffsetBegin=13 CharacterOffsetEnd=20 PartOfSpeech=NNP]
[Text=The CharacterOffsetBegin=21 CharacterOffsetEnd=24 PartOfSpeech=NNP]
[Text=Azor CharacterOffsetBegin=25 CharacterOffsetEnd=29 PartOfSpeech=NNP]
[Text=Ahai CharacterOffsetBegin=30 CharacterOffsetEnd=34 PartOfSpeech=NNP]
[Text=Prophecy CharacterOffsetBegin=35 CharacterOffsetEnd=43 PartOfSpeech=NNP]
[Text=: CharacterOffsetBegin=43 CharacterOffsetEnd=44 PartOfSpeech=:]
[Text=On CharacterOffsetBegin=46 CharacterOffsetEnd=48 PartOfSpeech=IN]
[Text=July CharacterOffsetBegin=49 CharacterOffsetEnd=53 PartOfSpeech=NNP]
[Text=5 CharacterOffsetBegin=54 CharacterOffsetEnd=55 PartOfSpeech=CD]
[Text=, CharacterOffsetBegin=55 CharacterOffsetEnd=56 PartOfSpeech=,]
[Text=Movie CharacterOffsetBegin=57 CharacterOffsetEnd=62 PartOfSpeech=NNP]
[Text=Pilot CharacterOffsetBegin=63 CharacterOffsetEnd=68 PartOfSpeech=NN]
[Text=brushed CharacterOffsetBegin=69 CharacterOffsetEnd=76 PartOfSpeech=VBD]
[Text=the CharacterOffsetBegin=77 CharacterOffsetEnd=80 PartOfSpeech=DT]
[Text=dust CharacterOffsetBegin=81 CharacterOffsetEnd=85 PartOfSpeech=NN]
[Text=of CharacterOffsetBegin=86 CharacterOffsetEnd=88 PartOfSpeech=IN]
[Text=a CharacterOffsetBegin=89 CharacterOffsetEnd=90 PartOfSpeech=DT]
[Text=fan CharacterOffsetBegin=91 CharacterOffsetEnd=94 PartOfSpeech=NN]
[Text=theory CharacterOffsetBegin=95 CharacterOffsetEnd=101 PartOfSpeech=NN]
[Text=from CharacterOffsetBegin=102 CharacterOffsetEnd=106 PartOfSpeech=IN]
[Text=three CharacterOffsetBegin=107 CharacterOffsetEnd=112 PartOfSpeech=CD]
[Text=years CharacterOffsetBegin=113 CharacterOffsetEnd=118 PartOfSpeech=NNS]
[Text=ago CharacterOffsetBegin=119 CharacterOffsetEnd=122 PartOfSpeech=RB]
[Text=, CharacterOffsetBegin=122 CharacterOffsetEnd=123 PartOfSpeech=,]
[Text=which CharacterOffsetBegin=124 CharacterOffsetEnd=129 PartOfSpeech=WDT]
[Text=suggests CharacterOffsetBegin=130 CharacterOffsetEnd=138 PartOfSpeech=VBZ]
[Text=that CharacterOffsetBegin=139 CharacterOffsetEnd=143 PartOfSpeech=IN]
[Text=Jon CharacterOffsetBegin=144 CharacterOffsetEnd=147 PartOfSpeech=NNP]
[Text=Snow CharacterOffsetBegin=148 CharacterOffsetEnd=152 PartOfSpeech=NNP]
[Text=may CharacterOffsetBegin=153 CharacterOffsetEnd=156 PartOfSpeech=MD]
[Text=be CharacterOffsetBegin=157 CharacterOffsetEnd=159 PartOfSpeech=VB]
[Text=the CharacterOffsetBegin=160 CharacterOffsetEnd=163 PartOfSpeech=DT]
[Text=second CharacterOffsetBegin=164 CharacterOffsetEnd=170 PartOfSpeech=JJ]
[Text=coming CharacterOffsetBegin=171 CharacterOffsetEnd=177 PartOfSpeech=VBG]
[Text=of CharacterOffsetBegin=178 CharacterOffsetEnd=180 PartOfSpeech=IN]
[Text=Azor CharacterOffsetBegin=181 CharacterOffsetEnd=185 PartOfSpeech=NNP]
[Text=Ahai CharacterOffsetBegin=186 CharacterOffsetEnd=190 PartOfSpeech=NNP]
[Text=, CharacterOffsetBegin=190 CharacterOffsetEnd=191 PartOfSpeech=,]
[Text=the CharacterOffsetBegin=192 CharacterOffsetEnd=195 PartOfSpeech=DT]
[Text=god CharacterOffsetBegin=196 CharacterOffsetEnd=199 PartOfSpeech=NN]
[Text=which CharacterOffsetBegin=200 CharacterOffsetEnd=205 PartOfSpeech=WDT]
[Text=the CharacterOffsetBegin=206 CharacterOffsetEnd=209 PartOfSpeech=DT]
[Text=red CharacterOffsetBegin=210 CharacterOffsetEnd=213 PartOfSpeech=JJ]
[Text=priests CharacterOffsetBegin=214 CharacterOffsetEnd=221 PartOfSpeech=NNS]
[Text=and CharacterOffsetBegin=222 CharacterOffsetEnd=225 PartOfSpeech=CC]
[Text=priestesses CharacterOffsetBegin=226 CharacterOffsetEnd=237 PartOfSpeech=NNS]
[Text=answer CharacterOffsetBegin=238 CharacterOffsetEnd=244 PartOfSpeech=NN]
[Text=to CharacterOffsetBegin=245 CharacterOffsetEnd=247 PartOfSpeech=TO]
[Text=. CharacterOffsetBegin=247 CharacterOffsetEnd=248 PartOfSpeech=.]
Sentence #2 (21 tokens):
Much of the theory, posted by Reddit user OneEyedCheshire, aligns with where the show is in Season 6.
[Text=Much CharacterOffsetBegin=249 CharacterOffsetEnd=253 PartOfSpeech=JJ]
[Text=of CharacterOffsetBegin=254 CharacterOffsetEnd=256 PartOfSpeech=IN]
[Text=the CharacterOffsetBegin=257 CharacterOffsetEnd=260 PartOfSpeech=DT]
[Text=theory CharacterOffsetBegin=261 CharacterOffsetEnd=267 PartOfSpeech=NN]
[Text=, CharacterOffsetBegin=267 CharacterOffsetEnd=268 PartOfSpeech=,]
[Text=posted CharacterOffsetBegin=269 CharacterOffsetEnd=275 PartOfSpeech=VBN]
[Text=by CharacterOffsetBegin=276 CharacterOffsetEnd=278 PartOfSpeech=IN]
[Text=Reddit CharacterOffsetBegin=279 CharacterOffsetEnd=285 PartOfSpeech=NNP]
[Text=user CharacterOffsetBegin=286 CharacterOffsetEnd=290 PartOfSpeech=NN]
[Text=OneEyedCheshire CharacterOffsetBegin=291 CharacterOffsetEnd=306 PartOfSpeech=NN]
[Text=, CharacterOffsetBegin=306 CharacterOffsetEnd=307 PartOfSpeech=,]
[Text=aligns CharacterOffsetBegin=308 CharacterOffsetEnd=314 PartOfSpeech=VBZ]
[Text=with CharacterOffsetBegin=315 CharacterOffsetEnd=319 PartOfSpeech=IN]
[Text=where CharacterOffsetBegin=320 CharacterOffsetEnd=325 PartOfSpeech=WRB]
[Text=the CharacterOffsetBegin=326 CharacterOffsetEnd=329 PartOfSpeech=DT]
[Text=show CharacterOffsetBegin=330 CharacterOffsetEnd=334 PartOfSpeech=NN]
[Text=is CharacterOffsetBegin=335 CharacterOffsetEnd=337 PartOfSpeech=VBZ]
[Text=in CharacterOffsetBegin=338 CharacterOffsetEnd=340 PartOfSpeech=IN]
[Text=Season CharacterOffsetBegin=341 CharacterOffsetEnd=347 PartOfSpeech=NN]
[Text=6 CharacterOffsetBegin=348 CharacterOffsetEnd=349 PartOfSpeech=CD]
[Text=. CharacterOffsetBegin=349 CharacterOffsetEnd=350 PartOfSpeech=.]
Sentence #3 (24 tokens):
Should the theory prove true, one corner of Westeros will turn into a zombie-plagued wasteland before “Game of Thrones” wraps.
[Text=Should CharacterOffsetBegin=351 CharacterOffsetEnd=357 PartOfSpeech=MD]
[Text=the CharacterOffsetBegin=358 CharacterOffsetEnd=361 PartOfSpeech=DT]
[Text=theory CharacterOffsetBegin=362 CharacterOffsetEnd=368 PartOfSpeech=NN]
[Text=prove CharacterOffsetBegin=369 CharacterOffsetEnd=374 PartOfSpeech=VBP]
[Text=true CharacterOffsetBegin=375 CharacterOffsetEnd=379 PartOfSpeech=JJ]
[Text=, CharacterOffsetBegin=379 CharacterOffsetEnd=380 PartOfSpeech=,]
[Text=one CharacterOffsetBegin=381 CharacterOffsetEnd=384 PartOfSpeech=CD]
[Text=corner CharacterOffsetBegin=385 CharacterOffsetEnd=391 PartOfSpeech=NN]
[Text=of CharacterOffsetBegin=392 CharacterOffsetEnd=394 PartOfSpeech=IN]
[Text=Westeros CharacterOffsetBegin=395 CharacterOffsetEnd=403 PartOfSpeech=NNP]
[Text=will CharacterOffsetBegin=404 CharacterOffsetEnd=408 PartOfSpeech=MD]
[Text=turn CharacterOffsetBegin=409 CharacterOffsetEnd=413 PartOfSpeech=VB]
[Text=into CharacterOffsetBegin=414 CharacterOffsetEnd=418 PartOfSpeech=IN]
[Text=a CharacterOffsetBegin=419 CharacterOffsetEnd=420 PartOfSpeech=DT]
[Text=zombie-plagued CharacterOffsetBegin=421 CharacterOffsetEnd=435 PartOfSpeech=JJ]
[Text=wasteland CharacterOffsetBegin=436 CharacterOffsetEnd=445 PartOfSpeech=NN]
[Text=before CharacterOffsetBegin=446 CharacterOffsetEnd=452 PartOfSpeech=IN]
[Text=`` CharacterOffsetBegin=453 CharacterOffsetEnd=454 PartOfSpeech=``]
[Text=Game CharacterOffsetBegin=454 CharacterOffsetEnd=458 PartOfSpeech=NNP]
[Text=of CharacterOffsetBegin=459 CharacterOffsetEnd=461 PartOfSpeech=IN]
[Text=Thrones CharacterOffsetBegin=462 CharacterOffsetEnd=469 PartOfSpeech=NNPS]
[Text='' CharacterOffsetBegin=469 CharacterOffsetEnd=470 PartOfSpeech='']
[Text=wraps CharacterOffsetBegin=471 CharacterOffsetEnd=476 PartOfSpeech=VBZ]
[Text=. CharacterOffsetBegin=476 CharacterOffsetEnd=477 PartOfSpeech=.]
Sentence #4 (48 tokens):
The chosen one — who, in this case, would be Jon Snow — will swoop in to save the day, forging a special sword called the Lightbringer and driving it through the heart of his beloved to end the suffering of those around him.
[Text=The CharacterOffsetBegin=478 CharacterOffsetEnd=481 PartOfSpeech=DT]
[Text=chosen CharacterOffsetBegin=482 CharacterOffsetEnd=488 PartOfSpeech=VBN]
[Text=one CharacterOffsetBegin=489 CharacterOffsetEnd=492 PartOfSpeech=CD]
[Text=-- CharacterOffsetBegin=493 CharacterOffsetEnd=494 PartOfSpeech=:]
[Text=who CharacterOffsetBegin=495 CharacterOffsetEnd=498 PartOfSpeech=WP]
[Text=, CharacterOffsetBegin=498 CharacterOffsetEnd=499 PartOfSpeech=,]
[Text=in CharacterOffsetBegin=500 CharacterOffsetEnd=502 PartOfSpeech=IN]
[Text=this CharacterOffsetBegin=503 CharacterOffsetEnd=507 PartOfSpeech=DT]
[Text=case CharacterOffsetBegin=508 CharacterOffsetEnd=512 PartOfSpeech=NN]
[Text=, CharacterOffsetBegin=512 CharacterOffsetEnd=513 PartOfSpeech=,]
[Text=would CharacterOffsetBegin=514 CharacterOffsetEnd=519 PartOfSpeech=MD]
[Text=be CharacterOffsetBegin=520 CharacterOffsetEnd=522 PartOfSpeech=VB]
[Text=Jon CharacterOffsetBegin=523 CharacterOffsetEnd=526 PartOfSpeech=NNP]
[Text=Snow CharacterOffsetBegin=527 CharacterOffsetEnd=531 PartOfSpeech=NNP]
[Text=-- CharacterOffsetBegin=532 CharacterOffsetEnd=533 PartOfSpeech=:]
[Text=will CharacterOffsetBegin=534 CharacterOffsetEnd=538 PartOfSpeech=MD]
[Text=swoop CharacterOffsetBegin=539 CharacterOffsetEnd=544 PartOfSpeech=NN]
[Text=in CharacterOffsetBegin=545 CharacterOffsetEnd=547 PartOfSpeech=IN]
[Text=to CharacterOffsetBegin=548 CharacterOffsetEnd=550 PartOfSpeech=TO]
[Text=save CharacterOffsetBegin=551 CharacterOffsetEnd=555 PartOfSpeech=VB]
[Text=the CharacterOffsetBegin=556 CharacterOffsetEnd=559 PartOfSpeech=DT]
[Text=day CharacterOffsetBegin=560 CharacterOffsetEnd=563 PartOfSpeech=NN]
[Text=, CharacterOffsetBegin=563 CharacterOffsetEnd=564 PartOfSpeech=,]
[Text=forging CharacterOffsetBegin=565 CharacterOffsetEnd=572 PartOfSpeech=VBG]
[Text=a CharacterOffsetBegin=573 CharacterOffsetEnd=574 PartOfSpeech=DT]
[Text=special CharacterOffsetBegin=575 CharacterOffsetEnd=582 PartOfSpeech=JJ]
[Text=sword CharacterOffsetBegin=583 CharacterOffsetEnd=588 PartOfSpeech=NN]
[Text=called CharacterOffsetBegin=589 CharacterOffsetEnd=595 PartOfSpeech=VBD]
[Text=the CharacterOffsetBegin=596 CharacterOffsetEnd=599 PartOfSpeech=DT]
[Text=Lightbringer CharacterOffsetBegin=600 CharacterOffsetEnd=612 PartOfSpeech=NNP]
[Text=and CharacterOffsetBegin=613 CharacterOffsetEnd=616 PartOfSpeech=CC]
[Text=driving CharacterOffsetBegin=617 CharacterOffsetEnd=624 PartOfSpeech=VBG]
[Text=it CharacterOffsetBegin=625 CharacterOffsetEnd=627 PartOfSpeech=PRP]
[Text=through CharacterOffsetBegin=628 CharacterOffsetEnd=635 PartOfSpeech=IN]
[Text=the CharacterOffsetBegin=636 CharacterOffsetEnd=639 PartOfSpeech=DT]
[Text=heart CharacterOffsetBegin=640 CharacterOffsetEnd=645 PartOfSpeech=NN]
[Text=of CharacterOffsetBegin=646 CharacterOffsetEnd=648 PartOfSpeech=IN]
[Text=his CharacterOffsetBegin=649 CharacterOffsetEnd=652 PartOfSpeech=PRP$]
[Text=beloved CharacterOffsetBegin=653 CharacterOffsetEnd=660 PartOfSpeech=JJ]
[Text=to CharacterOffsetBegin=661 CharacterOffsetEnd=663 PartOfSpeech=TO]
[Text=end CharacterOffsetBegin=664 CharacterOffsetEnd=667 PartOfSpeech=VB]
[Text=the CharacterOffsetBegin=668 CharacterOffsetEnd=671 PartOfSpeech=DT]
[Text=suffering CharacterOffsetBegin=672 CharacterOffsetEnd=681 PartOfSpeech=NN]
[Text=of CharacterOffsetBegin=682 CharacterOffsetEnd=684 PartOfSpeech=IN]
[Text=those CharacterOffsetBegin=685 CharacterOffsetEnd=690 PartOfSpeech=DT]
[Text=around CharacterOffsetBegin=691 CharacterOffsetEnd=697 PartOfSpeech=IN]
[Text=him CharacterOffsetBegin=698 CharacterOffsetEnd=701 PartOfSpeech=PRP]
[Text=. CharacterOffsetBegin=701 CharacterOffsetEnd=702 PartOfSpeech=.]
Sentence #5 (16 tokens):
The Reddit post suggests that Winterfell is Lightbringer, as it meets all the criteria.
[Text=The CharacterOffsetBegin=704 CharacterOffsetEnd=707 PartOfSpeech=DT]
[Text=Reddit CharacterOffsetBegin=708 CharacterOffsetEnd=714 PartOfSpeech=NNP]
[Text=post CharacterOffsetBegin=715 CharacterOffsetEnd=719 PartOfSpeech=NN]
[Text=suggests CharacterOffsetBegin=720 CharacterOffsetEnd=728 PartOfSpeech=VBZ]
[Text=that CharacterOffsetBegin=729 CharacterOffsetEnd=733 PartOfSpeech=IN]
[Text=Winterfell CharacterOffsetBegin=734 CharacterOffsetEnd=744 PartOfSpeech=NNP]
[Text=is CharacterOffsetBegin=745 CharacterOffsetEnd=747 PartOfSpeech=VBZ]
[Text=Lightbringer CharacterOffsetBegin=748 CharacterOffsetEnd=760 PartOfSpeech=NNP]
[Text=, CharacterOffsetBegin=760 CharacterOffsetEnd=761 PartOfSpeech=,]
[Text=as CharacterOffsetBegin=762 CharacterOffsetEnd=764 PartOfSpeech=IN]
[Text=it CharacterOffsetBegin=765 CharacterOffsetEnd=767 PartOfSpeech=PRP]
[Text=meets CharacterOffsetBegin=768 CharacterOffsetEnd=773 PartOfSpeech=VBZ]
[Text=all CharacterOffsetBegin=774 CharacterOffsetEnd=777 PartOfSpeech=PDT]
[Text=the CharacterOffsetBegin=778 CharacterOffsetEnd=781 PartOfSpeech=DT]
[Text=criteria CharacterOffsetBegin=782 CharacterOffsetEnd=790 PartOfSpeech=NNS]
[Text=. CharacterOffsetBegin=790 CharacterOffsetEnd=791 PartOfSpeech=.]
Sentence #6 (15 tokens):
It was tempered by water when House Greyjoy briefly seized it in Season 2.
[Text=It CharacterOffsetBegin=792 CharacterOffsetEnd=794 PartOfSpeech=PRP]
[Text=was CharacterOffsetBegin=795 CharacterOffsetEnd=798 PartOfSpeech=VBD]
[Text=tempered CharacterOffsetBegin=799 CharacterOffsetEnd=807 PartOfSpeech=VBN]
[Text=by CharacterOffsetBegin=808 CharacterOffsetEnd=810 PartOfSpeech=IN]
[Text=water CharacterOffsetBegin=811 CharacterOffsetEnd=816 PartOfSpeech=NN]
[Text=when CharacterOffsetBegin=817 CharacterOffsetEnd=821 PartOfSpeech=WRB]
[Text=House CharacterOffsetBegin=822 CharacterOffsetEnd=827 PartOfSpeech=NNP]
[Text=Greyjoy CharacterOffsetBegin=828 CharacterOffsetEnd=835 PartOfSpeech=NNP]
[Text=briefly CharacterOffsetBegin=836 CharacterOffsetEnd=843 PartOfSpeech=NN]
[Text=seized CharacterOffsetBegin=844 CharacterOffsetEnd=850 PartOfSpeech=VBD]
[Text=it CharacterOffsetBegin=851 CharacterOffsetEnd=853 PartOfSpeech=PRP]
[Text=in CharacterOffsetBegin=854 CharacterOffsetEnd=856 PartOfSpeech=IN]
[Text=Season CharacterOffsetBegin=857 CharacterOffsetEnd=863 PartOfSpeech=NN]
[Text=2 CharacterOffsetBegin=864 CharacterOffsetEnd=865 PartOfSpeech=CD]
[Text=. CharacterOffsetBegin=865 CharacterOffsetEnd=866 PartOfSpeech=.]
Sentence #7 (36 tokens):
It was then proverbially driven through the lion’s heart in Season 6, episode 9 when Jon Snow and Sansa Stark (Sophie Turner) defeated House Bolton, which worked under the Lannisters.
[Text=It CharacterOffsetBegin=867 CharacterOffsetEnd=869 PartOfSpeech=PRP]
[Text=was CharacterOffsetBegin=870 CharacterOffsetEnd=873 PartOfSpeech=VBD]
[Text=then CharacterOffsetBegin=874 CharacterOffsetEnd=878 PartOfSpeech=RB]
[Text=proverbially CharacterOffsetBegin=879 CharacterOffsetEnd=891 PartOfSpeech=RB]
[Text=driven CharacterOffsetBegin=892 CharacterOffsetEnd=898 PartOfSpeech=VBN]
[Text=through CharacterOffsetBegin=899 CharacterOffsetEnd=906 PartOfSpeech=IN]
[Text=the CharacterOffsetBegin=907 CharacterOffsetEnd=910 PartOfSpeech=DT]
[Text=lion CharacterOffsetBegin=911 CharacterOffsetEnd=915 PartOfSpeech=NN]
[Text='s CharacterOffsetBegin=915 CharacterOffsetEnd=917 PartOfSpeech=POS]
[Text=heart CharacterOffsetBegin=918 CharacterOffsetEnd=923 PartOfSpeech=NN]
[Text=in CharacterOffsetBegin=924 CharacterOffsetEnd=926 PartOfSpeech=IN]
[Text=Season CharacterOffsetBegin=927 CharacterOffsetEnd=933 PartOfSpeech=NN]
[Text=6 CharacterOffsetBegin=934 CharacterOffsetEnd=935 PartOfSpeech=CD]
[Text=, CharacterOffsetBegin=935 CharacterOffsetEnd=936 PartOfSpeech=,]
[Text=episode CharacterOffsetBegin=937 CharacterOffsetEnd=944 PartOfSpeech=NN]
[Text=9 CharacterOffsetBegin=945 CharacterOffsetEnd=946 PartOfSpeech=CD]
[Text=when CharacterOffsetBegin=947 CharacterOffsetEnd=951 PartOfSpeech=WRB]
[Text=Jon CharacterOffsetBegin=952 CharacterOffsetEnd=955 PartOfSpeech=NNP]
[Text=Snow CharacterOffsetBegin=956 CharacterOffsetEnd=960 PartOfSpeech=NNP]
[Text=and CharacterOffsetBegin=961 CharacterOffsetEnd=964 PartOfSpeech=CC]
[Text=Sansa CharacterOffsetBegin=965 CharacterOffsetEnd=970 PartOfSpeech=NNP]
[Text=Stark CharacterOffsetBegin=971 CharacterOffsetEnd=976 PartOfSpeech=NNP]
[Text=-LRB- CharacterOffsetBegin=977 CharacterOffsetEnd=978 PartOfSpeech=-LRB-]
[Text=Sophie CharacterOffsetBegin=978 CharacterOffsetEnd=984 PartOfSpeech=NNP]
[Text=Turner CharacterOffsetBegin=985 CharacterOffsetEnd=991 PartOfSpeech=NNP]
[Text=-RRB- CharacterOffsetBegin=991 CharacterOffsetEnd=992 PartOfSpeech=-RRB-]
[Text=defeated CharacterOffsetBegin=993 CharacterOffsetEnd=1001 PartOfSpeech=VBD]
[Text=House CharacterOffsetBegin=1002 CharacterOffsetEnd=1007 PartOfSpeech=NNP]
[Text=Bolton CharacterOffsetBegin=1008 CharacterOffsetEnd=1014 PartOfSpeech=NNP]
[Text=, CharacterOffsetBegin=1014 CharacterOffsetEnd=1015 PartOfSpeech=,]
[Text=which CharacterOffsetBegin=1016 CharacterOffsetEnd=1021 PartOfSpeech=WDT]
[Text=worked CharacterOffsetBegin=1022 CharacterOffsetEnd=1028 PartOfSpeech=VBD]
[Text=under CharacterOffsetBegin=1029 CharacterOffsetEnd=1034 PartOfSpeech=IN]
[Text=the CharacterOffsetBegin=1035 CharacterOffsetEnd=1038 PartOfSpeech=DT]
[Text=Lannisters CharacterOffsetBegin=1039 CharacterOffsetEnd=1049 PartOfSpeech=NNP]
[Text=. CharacterOffsetBegin=1049 CharacterOffsetEnd=1050 PartOfSpeech=.]
Sentence #8 (15 tokens):
OneEyedCheshire writes that the final forging will come in the form of a betrayal.
[Text=OneEyedCheshire CharacterOffsetBegin=1051 CharacterOffsetEnd=1066 PartOfSpeech=NNP]
[Text=writes CharacterOffsetBegin=1067 CharacterOffsetEnd=1073 PartOfSpeech=VBZ]
[Text=that CharacterOffsetBegin=1074 CharacterOffsetEnd=1078 PartOfSpeech=IN]
[Text=the CharacterOffsetBegin=1079 CharacterOffsetEnd=1082 PartOfSpeech=DT]
[Text=final CharacterOffsetBegin=1083 CharacterOffsetEnd=1088 PartOfSpeech=JJ]
[Text=forging CharacterOffsetBegin=1089 CharacterOffsetEnd=1096 PartOfSpeech=VBG]
[Text=will CharacterOffsetBegin=1097 CharacterOffsetEnd=1101 PartOfSpeech=MD]
[Text=come CharacterOffsetBegin=1102 CharacterOffsetEnd=1106 PartOfSpeech=VB]
[Text=in CharacterOffsetBegin=1107 CharacterOffsetEnd=1109 PartOfSpeech=IN]
[Text=the CharacterOffsetBegin=1110 CharacterOffsetEnd=1113 PartOfSpeech=DT]
[Text=form CharacterOffsetBegin=1114 CharacterOffsetEnd=1118 PartOfSpeech=NN]
[Text=of CharacterOffsetBegin=1119 CharacterOffsetEnd=1121 PartOfSpeech=IN]
[Text=a CharacterOffsetBegin=1122 CharacterOffsetEnd=1123 PartOfSpeech=DT]
[Text=betrayal CharacterOffsetBegin=1124 CharacterOffsetEnd=1132 PartOfSpeech=NN]
[Text=. CharacterOffsetBegin=1132 CharacterOffsetEnd=1133 PartOfSpeech=.]
Sentence #9 (6 tokens):
“Now the third forging.
[Text=`` CharacterOffsetBegin=1135 CharacterOffsetEnd=1136 PartOfSpeech=``]
[Text=Now CharacterOffsetBegin=1136 CharacterOffsetEnd=1139 PartOfSpeech=RB]
[Text=the CharacterOffsetBegin=1140 CharacterOffsetEnd=1143 PartOfSpeech=DT]
[Text=third CharacterOffsetBegin=1144 CharacterOffsetEnd=1149 PartOfSpeech=JJ]
[Text=forging CharacterOffsetBegin=1150 CharacterOffsetEnd=1157 PartOfSpeech=VBG]
[Text=. CharacterOffsetBegin=1157 CharacterOffsetEnd=1158 PartOfSpeech=.]
Sentence #10 (25 tokens):
I think this leads to the ‘bittersweet’ ending GRRM [George R.R. Martin] has promised, and Dany’s third betrayal.
[Text=I CharacterOffsetBegin=1159 CharacterOffsetEnd=1160 PartOfSpeech=PRP]
[Text=think CharacterOffsetBegin=1161 CharacterOffsetEnd=1166 PartOfSpeech=VBP]
[Text=this CharacterOffsetBegin=1167 CharacterOffsetEnd=1171 PartOfSpeech=DT]
[Text=leads CharacterOffsetBegin=1172 CharacterOffsetEnd=1177 PartOfSpeech=VBZ]
[Text=to CharacterOffsetBegin=1178 CharacterOffsetEnd=1180 PartOfSpeech=TO]
[Text=the CharacterOffsetBegin=1181 CharacterOffsetEnd=1184 PartOfSpeech=DT]
[Text=` CharacterOffsetBegin=1185 CharacterOffsetEnd=1186 PartOfSpeech=``]
[Text=bittersweet CharacterOffsetBegin=1186 CharacterOffsetEnd=1197 PartOfSpeech=NN]
[Text=' CharacterOffsetBegin=1197 CharacterOffsetEnd=1198 PartOfSpeech='']
[Text=ending CharacterOffsetBegin=1199 CharacterOffsetEnd=1205 PartOfSpeech=VBG]
[Text=GRRM CharacterOffsetBegin=1206 CharacterOffsetEnd=1210 PartOfSpeech=NN]
[Text=-LSB- CharacterOffsetBegin=1211 CharacterOffsetEnd=1212 PartOfSpeech=-LRB-]
[Text=George CharacterOffsetBegin=1212 CharacterOffsetEnd=1218 PartOfSpeech=NNP]
[Text=R.R. CharacterOffsetBegin=1219 CharacterOffsetEnd=1223 PartOfSpeech=NNP]
[Text=Martin CharacterOffsetBegin=1224 CharacterOffsetEnd=1230 PartOfSpeech=NNP]
[Text=-RSB- CharacterOffsetBegin=1230 CharacterOffsetEnd=1231 PartOfSpeech=-RRB-]
[Text=has CharacterOffsetBegin=1232 CharacterOffsetEnd=1235 PartOfSpeech=VBZ]
[Text=promised CharacterOffsetBegin=1236 CharacterOffsetEnd=1244 PartOfSpeech=VBN]
[Text=, CharacterOffsetBegin=1244 CharacterOffsetEnd=1245 PartOfSpeech=,]
[Text=and CharacterOffsetBegin=1246 CharacterOffsetEnd=1249 PartOfSpeech=CC]
[Text=Dany CharacterOffsetBegin=1250 CharacterOffsetEnd=1254 PartOfSpeech=NNP]
[Text='s CharacterOffsetBegin=1254 CharacterOffsetEnd=1256 PartOfSpeech=POS]
[Text=third CharacterOffsetBegin=1257 CharacterOffsetEnd=1262 PartOfSpeech=JJ]
[Text=betrayal CharacterOffsetBegin=1263 CharacterOffsetEnd=1271 PartOfSpeech=NN]
[Text=. CharacterOffsetBegin=1271 CharacterOffsetEnd=1272 PartOfSpeech=.]
Sentence #11 (27 tokens):
After Dany makes it to Westeros, I believe J = R + L will be revealed, and Jon and Dany will fall in love.
[Text=After CharacterOffsetBegin=1273 CharacterOffsetEnd=1278 PartOfSpeech=IN]
[Text=Dany CharacterOffsetBegin=1279 CharacterOffsetEnd=1283 PartOfSpeech=NNP]
[Text=makes CharacterOffsetBegin=1284 CharacterOffsetEnd=1289 PartOfSpeech=VBZ]
[Text=it CharacterOffsetBegin=1290 CharacterOffsetEnd=1292 PartOfSpeech=PRP]
[Text=to CharacterOffsetBegin=1293 CharacterOffsetEnd=1295 PartOfSpeech=TO]
[Text=Westeros CharacterOffsetBegin=1296 CharacterOffsetEnd=1304 PartOfSpeech=NNP]
[Text=, CharacterOffsetBegin=1304 CharacterOffsetEnd=1305 PartOfSpeech=,]
[Text=I CharacterOffsetBegin=1306 CharacterOffsetEnd=1307 PartOfSpeech=PRP]
[Text=believe CharacterOffsetBegin=1308 CharacterOffsetEnd=1315 PartOfSpeech=VBP]
[Text=J CharacterOffsetBegin=1316 CharacterOffsetEnd=1317 PartOfSpeech=NN]
[Text== CharacterOffsetBegin=1318 CharacterOffsetEnd=1319 PartOfSpeech=JJ]
[Text=R CharacterOffsetBegin=1320 CharacterOffsetEnd=1321 PartOfSpeech=NN]
[Text=+ CharacterOffsetBegin=1322 CharacterOffsetEnd=1323 PartOfSpeech=CC]
[Text=L CharacterOffsetBegin=1324 CharacterOffsetEnd=1325 PartOfSpeech=NN]
[Text=will CharacterOffsetBegin=1326 CharacterOffsetEnd=1330 PartOfSpeech=MD]
[Text=be CharacterOffsetBegin=1331 CharacterOffsetEnd=1333 PartOfSpeech=VB]
[Text=revealed CharacterOffsetBegin=1334 CharacterOffsetEnd=1342 PartOfSpeech=VBN]
[Text=, CharacterOffsetBegin=1342 CharacterOffsetEnd=1343 PartOfSpeech=,]
[Text=and CharacterOffsetBegin=1344 CharacterOffsetEnd=1347 PartOfSpeech=CC]
[Text=Jon CharacterOffsetBegin=1348 CharacterOffsetEnd=1351 PartOfSpeech=NNP]
[Text=and CharacterOffsetBegin=1352 CharacterOffsetEnd=1355 PartOfSpeech=CC]
[Text=Dany CharacterOffsetBegin=1356 CharacterOffsetEnd=1360 PartOfSpeech=NNP]
[Text=will CharacterOffsetBegin=1361 CharacterOffsetEnd=1365 PartOfSpeech=MD]
[Text=fall CharacterOffsetBegin=1366 CharacterOffsetEnd=1370 PartOfSpeech=VB]
[Text=in CharacterOffsetBegin=1371 CharacterOffsetEnd=1373 PartOfSpeech=IN]
[Text=love CharacterOffsetBegin=1374 CharacterOffsetEnd=1378 PartOfSpeech=NN]
[Text=. CharacterOffsetBegin=1378 CharacterOffsetEnd=1379 PartOfSpeech=.]
Sentence #12 (19 tokens):
This will be in the middle of the fight against the others,” the Reddit user speculated.
[Text=This CharacterOffsetBegin=1380 CharacterOffsetEnd=1384 PartOfSpeech=DT]
[Text=will CharacterOffsetBegin=1385 CharacterOffsetEnd=1389 PartOfSpeech=MD]
[Text=be CharacterOffsetBegin=1390 CharacterOffsetEnd=1392 PartOfSpeech=VB]
[Text=in CharacterOffsetBegin=1393 CharacterOffsetEnd=1395 PartOfSpeech=IN]
[Text=the CharacterOffsetBegin=1396 CharacterOffsetEnd=1399 PartOfSpeech=DT]
[Text=middle CharacterOffsetBegin=1400 CharacterOffsetEnd=1406 PartOfSpeech=NN]
[Text=of CharacterOffsetBegin=1407 CharacterOffsetEnd=1409 PartOfSpeech=IN]
[Text=the CharacterOffsetBegin=1410 CharacterOffsetEnd=1413 PartOfSpeech=DT]
[Text=fight CharacterOffsetBegin=1414 CharacterOffsetEnd=1419 PartOfSpeech=NN]
[Text=against CharacterOffsetBegin=1420 CharacterOffsetEnd=1427 PartOfSpeech=IN]
[Text=the CharacterOffsetBegin=1428 CharacterOffsetEnd=1431 PartOfSpeech=DT]
[Text=others CharacterOffsetBegin=1432 CharacterOffsetEnd=1438 PartOfSpeech=NNS]
[Text=, CharacterOffsetBegin=1438 CharacterOffsetEnd=1439 PartOfSpeech=,]
[Text='' CharacterOffsetBegin=1439 CharacterOffsetEnd=1440 PartOfSpeech='']
[Text=the CharacterOffsetBegin=1441 CharacterOffsetEnd=1444 PartOfSpeech=DT]
[Text=Reddit CharacterOffsetBegin=1445 CharacterOffsetEnd=1451 PartOfSpeech=NNP]
[Text=user CharacterOffsetBegin=1452 CharacterOffsetEnd=1456 PartOfSpeech=NN]
[Text=speculated CharacterOffsetBegin=1457 CharacterOffsetEnd=1467 PartOfSpeech=VBD]
[Text=. CharacterOffsetBegin=1467 CharacterOffsetEnd=1468 PartOfSpeech=.]
Sentence #13 (29 tokens):
“I believe two of Dany’s dragons will have died by this point of the invasion and she will be left with only Drogon = her soul.
[Text=`` CharacterOffsetBegin=1469 CharacterOffsetEnd=1470 PartOfSpeech=``]
[Text=I CharacterOffsetBegin=1470 CharacterOffsetEnd=1471 PartOfSpeech=PRP]
[Text=believe CharacterOffsetBegin=1472 CharacterOffsetEnd=1479 PartOfSpeech=VBP]
[Text=two CharacterOffsetBegin=1480 CharacterOffsetEnd=1483 PartOfSpeech=CD]
[Text=of CharacterOffsetBegin=1484 CharacterOffsetEnd=1486 PartOfSpeech=IN]
[Text=Dany CharacterOffsetBegin=1487 CharacterOffsetEnd=1491 PartOfSpeech=NNP]
[Text='s CharacterOffsetBegin=1491 CharacterOffsetEnd=1493 PartOfSpeech=POS]
[Text=dragons CharacterOffsetBegin=1494 CharacterOffsetEnd=1501 PartOfSpeech=NNS]
[Text=will CharacterOffsetBegin=1502 CharacterOffsetEnd=1506 PartOfSpeech=MD]
[Text=have CharacterOffsetBegin=1507 CharacterOffsetEnd=1511 PartOfSpeech=VB]
[Text=died CharacterOffsetBegin=1512 CharacterOffsetEnd=1516 PartOfSpeech=VBN]
[Text=by CharacterOffsetBegin=1517 CharacterOffsetEnd=1519 PartOfSpeech=IN]
[Text=this CharacterOffsetBegin=1520 CharacterOffsetEnd=1524 PartOfSpeech=DT]
[Text=point CharacterOffsetBegin=1525 CharacterOffsetEnd=1530 PartOfSpeech=NN]
[Text=of CharacterOffsetBegin=1531 CharacterOffsetEnd=1533 PartOfSpeech=IN]
[Text=the CharacterOffsetBegin=1534 CharacterOffsetEnd=1537 PartOfSpeech=DT]
[Text=invasion CharacterOffsetBegin=1538 CharacterOffsetEnd=1546 PartOfSpeech=NN]
[Text=and CharacterOffsetBegin=1547 CharacterOffsetEnd=1550 PartOfSpeech=CC]
[Text=she CharacterOffsetBegin=1551 CharacterOffsetEnd=1554 PartOfSpeech=PRP]
[Text=will CharacterOffsetBegin=1555 CharacterOffsetEnd=1559 PartOfSpeech=MD]
[Text=be CharacterOffsetBegin=1560 CharacterOffsetEnd=1562 PartOfSpeech=VB]
[Text=left CharacterOffsetBegin=1563 CharacterOffsetEnd=1567 PartOfSpeech=VBN]
[Text=with CharacterOffsetBegin=1568 CharacterOffsetEnd=1572 PartOfSpeech=IN]
[Text=only CharacterOffsetBegin=1573 CharacterOffsetEnd=1577 PartOfSpeech=RB]
[Text=Drogon CharacterOffsetBegin=1578 CharacterOffsetEnd=1584 PartOfSpeech=NNP]
[Text== CharacterOffsetBegin=1585 CharacterOffsetEnd=1586 PartOfSpeech=JJ]
[Text=her CharacterOffsetBegin=1587 CharacterOffsetEnd=1590 PartOfSpeech=PRP$]
[Text=soul CharacterOffsetBegin=1591 CharacterOffsetEnd=1595 PartOfSpeech=NN]
[Text=. CharacterOffsetBegin=1595 CharacterOffsetEnd=1596 PartOfSpeech=.]
Sentence #14 (35 tokens):
Dany will be Nissa Nissa [Azor Ahai’s beloved] and Jon Snow must bind her soul (Drogon) to Lightbringer (Winterfell) in order to fight back the Others.”
[Text=Dany CharacterOffsetBegin=1597 CharacterOffsetEnd=1601 PartOfSpeech=NNP]
[Text=will CharacterOffsetBegin=1602 CharacterOffsetEnd=1606 PartOfSpeech=MD]
[Text=be CharacterOffsetBegin=1607 CharacterOffsetEnd=1609 PartOfSpeech=VB]
[Text=Nissa CharacterOffsetBegin=1610 CharacterOffsetEnd=1615 PartOfSpeech=NNP]
[Text=Nissa CharacterOffsetBegin=1616 CharacterOffsetEnd=1621 PartOfSpeech=NNP]
[Text=-LSB- CharacterOffsetBegin=1622 CharacterOffsetEnd=1623 PartOfSpeech=-LRB-]
[Text=Azor CharacterOffsetBegin=1623 CharacterOffsetEnd=1627 PartOfSpeech=NNP]
[Text=Ahai CharacterOffsetBegin=1628 CharacterOffsetEnd=1632 PartOfSpeech=NNP]
[Text='s CharacterOffsetBegin=1632 CharacterOffsetEnd=1634 PartOfSpeech=POS]
[Text=beloved CharacterOffsetBegin=1635 CharacterOffsetEnd=1642 PartOfSpeech=JJ]
[Text=-RSB- CharacterOffsetBegin=1642 CharacterOffsetEnd=1643 PartOfSpeech=-RRB-]
[Text=and CharacterOffsetBegin=1644 CharacterOffsetEnd=1647 PartOfSpeech=CC]
[Text=Jon CharacterOffsetBegin=1648 CharacterOffsetEnd=1651 PartOfSpeech=NNP]
[Text=Snow CharacterOffsetBegin=1652 CharacterOffsetEnd=1656 PartOfSpeech=NNP]
[Text=must CharacterOffsetBegin=1657 CharacterOffsetEnd=1661 PartOfSpeech=MD]
[Text=bind CharacterOffsetBegin=1662 CharacterOffsetEnd=1666 PartOfSpeech=VB]
[Text=her CharacterOffsetBegin=1667 CharacterOffsetEnd=1670 PartOfSpeech=PRP$]
[Text=soul CharacterOffsetBegin=1671 CharacterOffsetEnd=1675 PartOfSpeech=NN]
[Text=-LRB- CharacterOffsetBegin=1676 CharacterOffsetEnd=1677 PartOfSpeech=-LRB-]
[Text=Drogon CharacterOffsetBegin=1677 CharacterOffsetEnd=1683 PartOfSpeech=NN]
[Text=-RRB- CharacterOffsetBegin=1683 CharacterOffsetEnd=1684 PartOfSpeech=-RRB-]
[Text=to CharacterOffsetBegin=1685 CharacterOffsetEnd=1687 PartOfSpeech=TO]
[Text=Lightbringer CharacterOffsetBegin=1688 CharacterOffsetEnd=1700 PartOfSpeech=NNP]
[Text=-LRB- CharacterOffsetBegin=1701 CharacterOffsetEnd=1702 PartOfSpeech=-LRB-]
[Text=Winterfell CharacterOffsetBegin=1702 CharacterOffsetEnd=1712 PartOfSpeech=NNP]
[Text=-RRB- CharacterOffsetBegin=1712 CharacterOffsetEnd=1713 PartOfSpeech=-RRB-]
[Text=in CharacterOffsetBegin=1714 CharacterOffsetEnd=1716 PartOfSpeech=IN]
[Text=order CharacterOffsetBegin=1717 CharacterOffsetEnd=1722 PartOfSpeech=NN]
[Text=to CharacterOffsetBegin=1723 CharacterOffsetEnd=1725 PartOfSpeech=TO]
[Text=fight CharacterOffsetBegin=1726 CharacterOffsetEnd=1731 PartOfSpeech=VB]
[Text=back CharacterOffsetBegin=1732 CharacterOffsetEnd=1736 PartOfSpeech=RP]
[Text=the CharacterOffsetBegin=1737 CharacterOffsetEnd=1740 PartOfSpeech=DT]
[Text=Others CharacterOffsetBegin=1741 CharacterOffsetEnd=1747 PartOfSpeech=NNS]
[Text=. CharacterOffsetBegin=1747 CharacterOffsetEnd=1748 PartOfSpeech=.]
[Text='' CharacterOffsetBegin=1748 CharacterOffsetEnd=1749 PartOfSpeech='']
