Sentence #1 (7 tokens):
Sam will make a crucial discovery.
[Text=Sam CharacterOffsetBegin=0 CharacterOffsetEnd=3 PartOfSpeech=NNP]
[Text=will CharacterOffsetBegin=4 CharacterOffsetEnd=8 PartOfSpeech=MD]
[Text=make CharacterOffsetBegin=9 CharacterOffsetEnd=13 PartOfSpeech=VB]
[Text=a CharacterOffsetBegin=14 CharacterOffsetEnd=15 PartOfSpeech=DT]
[Text=crucial CharacterOffsetBegin=16 CharacterOffsetEnd=23 PartOfSpeech=JJ]
[Text=discovery CharacterOffsetBegin=24 CharacterOffsetEnd=33 PartOfSpeech=NN]
[Text=. CharacterOffsetBegin=33 CharacterOffsetEnd=34 PartOfSpeech=.]
Sentence #2 (4 tokens):
This seems inevitable.
[Text=This CharacterOffsetBegin=35 CharacterOffsetEnd=39 PartOfSpeech=DT]
[Text=seems CharacterOffsetBegin=40 CharacterOffsetEnd=45 PartOfSpeech=VBZ]
[Text=inevitable CharacterOffsetBegin=46 CharacterOffsetEnd=56 PartOfSpeech=JJ]
[Text=. CharacterOffsetBegin=56 CharacterOffsetEnd=57 PartOfSpeech=.]
Sentence #3 (38 tokens):
Sam must have gone all that way for some reason, and — as his key proven skill is research — a big discovery in the Citadel's library seems like the most likely development for him.
[Text=Sam CharacterOffsetBegin=58 CharacterOffsetEnd=61 PartOfSpeech=NNP]
[Text=must CharacterOffsetBegin=62 CharacterOffsetEnd=66 PartOfSpeech=MD]
[Text=have CharacterOffsetBegin=67 CharacterOffsetEnd=71 PartOfSpeech=VB]
[Text=gone CharacterOffsetBegin=72 CharacterOffsetEnd=76 PartOfSpeech=VBN]
[Text=all CharacterOffsetBegin=77 CharacterOffsetEnd=80 PartOfSpeech=DT]
[Text=that CharacterOffsetBegin=81 CharacterOffsetEnd=85 PartOfSpeech=DT]
[Text=way CharacterOffsetBegin=86 CharacterOffsetEnd=89 PartOfSpeech=NN]
[Text=for CharacterOffsetBegin=90 CharacterOffsetEnd=93 PartOfSpeech=IN]
[Text=some CharacterOffsetBegin=94 CharacterOffsetEnd=98 PartOfSpeech=DT]
[Text=reason CharacterOffsetBegin=99 CharacterOffsetEnd=105 PartOfSpeech=NN]
[Text=, CharacterOffsetBegin=105 CharacterOffsetEnd=106 PartOfSpeech=,]
[Text=and CharacterOffsetBegin=107 CharacterOffsetEnd=110 PartOfSpeech=CC]
[Text=-- CharacterOffsetBegin=111 CharacterOffsetEnd=112 PartOfSpeech=:]
[Text=as CharacterOffsetBegin=113 CharacterOffsetEnd=115 PartOfSpeech=IN]
[Text=his CharacterOffsetBegin=116 CharacterOffsetEnd=119 PartOfSpeech=PRP$]
[Text=key CharacterOffsetBegin=120 CharacterOffsetEnd=123 PartOfSpeech=JJ]
[Text=proven CharacterOffsetBegin=124 CharacterOffsetEnd=130 PartOfSpeech=JJ]
[Text=skill CharacterOffsetBegin=131 CharacterOffsetEnd=136 PartOfSpeech=NN]
[Text=is CharacterOffsetBegin=137 CharacterOffsetEnd=139 PartOfSpeech=VBZ]
[Text=research CharacterOffsetBegin=140 CharacterOffsetEnd=148 PartOfSpeech=NN]
[Text=-- CharacterOffsetBegin=149 CharacterOffsetEnd=150 PartOfSpeech=:]
[Text=a CharacterOffsetBegin=151 CharacterOffsetEnd=152 PartOfSpeech=DT]
[Text=big CharacterOffsetBegin=153 CharacterOffsetEnd=156 PartOfSpeech=JJ]
[Text=discovery CharacterOffsetBegin=157 CharacterOffsetEnd=166 PartOfSpeech=NN]
[Text=in CharacterOffsetBegin=167 CharacterOffsetEnd=169 PartOfSpeech=IN]
[Text=the CharacterOffsetBegin=170 CharacterOffsetEnd=173 PartOfSpeech=DT]
[Text=Citadel CharacterOffsetBegin=174 CharacterOffsetEnd=181 PartOfSpeech=NNP]
[Text='s CharacterOffsetBegin=181 CharacterOffsetEnd=183 PartOfSpeech=POS]
[Text=library CharacterOffsetBegin=184 CharacterOffsetEnd=191 PartOfSpeech=NN]
[Text=seems CharacterOffsetBegin=192 CharacterOffsetEnd=197 PartOfSpeech=VBZ]
[Text=like CharacterOffsetBegin=198 CharacterOffsetEnd=202 PartOfSpeech=IN]
[Text=the CharacterOffsetBegin=203 CharacterOffsetEnd=206 PartOfSpeech=DT]
[Text=most CharacterOffsetBegin=207 CharacterOffsetEnd=211 PartOfSpeech=RBS]
[Text=likely CharacterOffsetBegin=212 CharacterOffsetEnd=218 PartOfSpeech=JJ]
[Text=development CharacterOffsetBegin=219 CharacterOffsetEnd=230 PartOfSpeech=NN]
[Text=for CharacterOffsetBegin=231 CharacterOffsetEnd=234 PartOfSpeech=IN]
[Text=him CharacterOffsetBegin=235 CharacterOffsetEnd=238 PartOfSpeech=PRP]
[Text=. CharacterOffsetBegin=238 CharacterOffsetEnd=239 PartOfSpeech=.]
Sentence #4 (8 tokens):
Gendry will reappear to save the day.
[Text=Gendry CharacterOffsetBegin=240 CharacterOffsetEnd=246 PartOfSpeech=NNP]
[Text=will CharacterOffsetBegin=247 CharacterOffsetEnd=251 PartOfSpeech=MD]
[Text=reappear CharacterOffsetBegin=252 CharacterOffsetEnd=260 PartOfSpeech=VB]
[Text=to CharacterOffsetBegin=261 CharacterOffsetEnd=263 PartOfSpeech=TO]
[Text=save CharacterOffsetBegin=264 CharacterOffsetEnd=268 PartOfSpeech=VB]
[Text=the CharacterOffsetBegin=269 CharacterOffsetEnd=272 PartOfSpeech=DT]
[Text=day CharacterOffsetBegin=273 CharacterOffsetEnd=276 PartOfSpeech=NN]
[Text=. CharacterOffsetBegin=276 CharacterOffsetEnd=277 PartOfSpeech=.]
