Sentence #1 (9 tokens):
Jamie will kill Cersei and then off himself.
[Text=Jamie CharacterOffsetBegin=0 CharacterOffsetEnd=5 PartOfSpeech=NNP Lemma=Jamie NamedEntityTag=PERSON]
[Text=will CharacterOffsetBegin=6 CharacterOffsetEnd=10 PartOfSpeech=MD Lemma=will NamedEntityTag=O]
[Text=kill CharacterOffsetBegin=11 CharacterOffsetEnd=15 PartOfSpeech=VB Lemma=kill NamedEntityTag=O]
[Text=Cersei CharacterOffsetBegin=16 CharacterOffsetEnd=22 PartOfSpeech=NNP Lemma=Cersei NamedEntityTag=PERSON]
[Text=and CharacterOffsetBegin=23 CharacterOffsetEnd=26 PartOfSpeech=CC Lemma=and NamedEntityTag=O]
[Text=then CharacterOffsetBegin=27 CharacterOffsetEnd=31 PartOfSpeech=RB Lemma=then NamedEntityTag=O]
[Text=off CharacterOffsetBegin=32 CharacterOffsetEnd=35 PartOfSpeech=IN Lemma=off NamedEntityTag=O]
[Text=himself CharacterOffsetBegin=36 CharacterOffsetEnd=43 PartOfSpeech=PRP Lemma=himself NamedEntityTag=O]
[Text=. CharacterOffsetBegin=43 CharacterOffsetEnd=44 PartOfSpeech=. Lemma=. NamedEntityTag=O]
(ROOT
  (S
    (NP (NNP Jamie))
    (VP (MD will)
      (VP (VB kill)
        (NP
          (NP (NNP Cersei))
          (CC and)
          (NP (RB then)))
        (PP (IN off)
          (NP (PRP himself)))))
    (. .)))

root(ROOT-0, kill-3)
nsubj(kill-3, Jamie-1)
aux(kill-3, will-2)
dobj(kill-3, Cersei-4)
cc(Cersei-4, and-5)
dobj(kill-3, then-6)
conj:and(Cersei-4, then-6)
case(himself-8, off-7)
nmod:off(kill-3, himself-8)
punct(kill-3, .-9)

Coreference set:
	(1,8,[8,9]) -> (1,1,[1,2]), that is: "himself" -> "Jamie"
