Sentence #1 (25 tokens):
Littlefinger is going to Marry Cersei, giving her the Knights of the Vale as well as Harrenhaal, and making him effectively King.
[Text=Littlefinger CharacterOffsetBegin=0 CharacterOffsetEnd=12 PartOfSpeech=NNP Lemma=Littlefinger NamedEntityTag=O]
[Text=is CharacterOffsetBegin=13 CharacterOffsetEnd=15 PartOfSpeech=VBZ Lemma=be NamedEntityTag=O]
[Text=going CharacterOffsetBegin=16 CharacterOffsetEnd=21 PartOfSpeech=VBG Lemma=go NamedEntityTag=O]
[Text=to CharacterOffsetBegin=22 CharacterOffsetEnd=24 PartOfSpeech=TO Lemma=to NamedEntityTag=O]
[Text=Marry CharacterOffsetBegin=25 CharacterOffsetEnd=30 PartOfSpeech=VB Lemma=marry NamedEntityTag=PERSON]
[Text=Cersei CharacterOffsetBegin=31 CharacterOffsetEnd=37 PartOfSpeech=NNP Lemma=Cersei NamedEntityTag=PERSON]
[Text=, CharacterOffsetBegin=37 CharacterOffsetEnd=38 PartOfSpeech=, Lemma=, NamedEntityTag=O]
[Text=giving CharacterOffsetBegin=39 CharacterOffsetEnd=45 PartOfSpeech=VBG Lemma=give NamedEntityTag=O]
[Text=her CharacterOffsetBegin=46 CharacterOffsetEnd=49 PartOfSpeech=PRP$ Lemma=she NamedEntityTag=O]
[Text=the CharacterOffsetBegin=50 CharacterOffsetEnd=53 PartOfSpeech=DT Lemma=the NamedEntityTag=O]
[Text=Knights CharacterOffsetBegin=54 CharacterOffsetEnd=61 PartOfSpeech=NNS Lemma=knight NamedEntityTag=O]
[Text=of CharacterOffsetBegin=62 CharacterOffsetEnd=64 PartOfSpeech=IN Lemma=of NamedEntityTag=O]
[Text=the CharacterOffsetBegin=65 CharacterOffsetEnd=68 PartOfSpeech=DT Lemma=the NamedEntityTag=O]
[Text=Vale CharacterOffsetBegin=69 CharacterOffsetEnd=73 PartOfSpeech=NNP Lemma=Vale NamedEntityTag=ORGANIZATION]
[Text=as CharacterOffsetBegin=74 CharacterOffsetEnd=76 PartOfSpeech=RB Lemma=as NamedEntityTag=O]
[Text=well CharacterOffsetBegin=77 CharacterOffsetEnd=81 PartOfSpeech=RB Lemma=well NamedEntityTag=O]
[Text=as CharacterOffsetBegin=82 CharacterOffsetEnd=84 PartOfSpeech=IN Lemma=as NamedEntityTag=O]
[Text=Harrenhaal CharacterOffsetBegin=85 CharacterOffsetEnd=95 PartOfSpeech=NNP Lemma=Harrenhaal NamedEntityTag=PERSON]
[Text=, CharacterOffsetBegin=95 CharacterOffsetEnd=96 PartOfSpeech=, Lemma=, NamedEntityTag=O]
[Text=and CharacterOffsetBegin=97 CharacterOffsetEnd=100 PartOfSpeech=CC Lemma=and NamedEntityTag=O]
[Text=making CharacterOffsetBegin=101 CharacterOffsetEnd=107 PartOfSpeech=VBG Lemma=make NamedEntityTag=O]
[Text=him CharacterOffsetBegin=108 CharacterOffsetEnd=111 PartOfSpeech=PRP Lemma=he NamedEntityTag=O]
[Text=effectively CharacterOffsetBegin=112 CharacterOffsetEnd=123 PartOfSpeech=RB Lemma=effectively NamedEntityTag=O]
[Text=King CharacterOffsetBegin=124 CharacterOffsetEnd=128 PartOfSpeech=NNP Lemma=King NamedEntityTag=O]
[Text=. CharacterOffsetBegin=128 CharacterOffsetEnd=129 PartOfSpeech=. Lemma=. NamedEntityTag=O]
(ROOT
  (S
    (NP (NNP Littlefinger))
    (VP (VBZ is)
      (VP
        (VP (VBG going)
          (S
            (VP (TO to)
              (VP (VB Marry)
                (NP (NNP Cersei))))))
        (, ,)
        (VP (VBG giving)
          (NP (PRP$ her))
          (NP
            (NP
              (NP (DT the) (NNS Knights))
              (PP (IN of)
                (NP (DT the) (NNP Vale))))
            (CONJP (RB as) (RB well) (IN as))
            (NP (NNP Harrenhaal))))
        (, ,)
        (CC and)
        (VP (VBG making)
          (S
            (NP (PRP him))
            (ADVP (RB effectively))
            (NP (NNP King))))))
    (. .)))

root(ROOT-0, going-3)
nsubj(going-3, Littlefinger-1)
nsubj:xsubj(Marry-5, Littlefinger-1)
nsubj(giving-8, Littlefinger-1)
nsubj(making-21, Littlefinger-1)
aux(going-3, is-2)
mark(Marry-5, to-4)
xcomp(going-3, Marry-5)
dobj(Marry-5, Cersei-6)
punct(going-3, ,-7)
conj:and(going-3, giving-8)
dep(giving-8, her-9)
det(Knights-11, the-10)
dobj(giving-8, Knights-11)
case(Vale-14, of-12)
det(Vale-14, the-13)
nmod:of(Knights-11, Vale-14)
cc(Knights-11, as-15)
mwe(as-15, well-16)
mwe(as-15, as-17)
dobj(giving-8, Harrenhaal-18)
conj:and(Knights-11, Harrenhaal-18)
punct(going-3, ,-19)
cc(going-3, and-20)
conj:and(going-3, making-21)
dep(King-24, him-22)
advmod(King-24, effectively-23)
xcomp(making-21, King-24)
punct(going-3, .-25)

Coreference set:
	(1,22,[22,23]) -> (1,5,[5,7]), that is: "him" -> "Marry Cersei"
Coreference set:
	(1,9,[9,10]) -> (1,1,[1,2]), that is: "her" -> "Littlefinger"
