Sentence #1 (11 tokens):
Bronn will take casterly rock after Cersei and Jamie die.
[Text=Bronn CharacterOffsetBegin=0 CharacterOffsetEnd=5 PartOfSpeech=NNP Lemma=Bronn NamedEntityTag=PERSON]
[Text=will CharacterOffsetBegin=6 CharacterOffsetEnd=10 PartOfSpeech=MD Lemma=will NamedEntityTag=O]
[Text=take CharacterOffsetBegin=11 CharacterOffsetEnd=15 PartOfSpeech=VB Lemma=take NamedEntityTag=O]
[Text=casterly CharacterOffsetBegin=16 CharacterOffsetEnd=24 PartOfSpeech=JJ Lemma=casterly NamedEntityTag=O]
[Text=rock CharacterOffsetBegin=25 CharacterOffsetEnd=29 PartOfSpeech=NN Lemma=rock NamedEntityTag=O]
[Text=after CharacterOffsetBegin=30 CharacterOffsetEnd=35 PartOfSpeech=IN Lemma=after NamedEntityTag=O]
[Text=Cersei CharacterOffsetBegin=36 CharacterOffsetEnd=42 PartOfSpeech=NNP Lemma=Cersei NamedEntityTag=PERSON]
[Text=and CharacterOffsetBegin=43 CharacterOffsetEnd=46 PartOfSpeech=CC Lemma=and NamedEntityTag=O]
[Text=Jamie CharacterOffsetBegin=47 CharacterOffsetEnd=52 PartOfSpeech=NNP Lemma=Jamie NamedEntityTag=PERSON]
[Text=die CharacterOffsetBegin=53 CharacterOffsetEnd=56 PartOfSpeech=VB Lemma=die NamedEntityTag=O]
[Text=. CharacterOffsetBegin=56 CharacterOffsetEnd=57 PartOfSpeech=. Lemma=. NamedEntityTag=O]
(ROOT
  (S
    (NP (NNP Bronn))
    (VP (MD will)
      (VP (VB take)
        (NP (JJ casterly) (NN rock))
        (SBAR (IN after)
          (S
            (NP (NNP Cersei)
              (CC and)
              (NNP Jamie))
            (VP (VB die))))))
    (. .)))

root(ROOT-0, take-3)
nsubj(take-3, Bronn-1)
aux(take-3, will-2)
amod(rock-5, casterly-4)
dobj(take-3, rock-5)
mark(die-10, after-6)
nsubj(die-10, Cersei-7)
cc(Cersei-7, and-8)
conj:and(Cersei-7, Jamie-9)
nsubj(die-10, Jamie-9)
advcl:after(take-3, die-10)
punct(take-3, .-11)

Sentence #2 (17 tokens):
Jamie made a promise and has to pay the debt in this life or the afterlife.
[Text=Jamie CharacterOffsetBegin=58 CharacterOffsetEnd=63 PartOfSpeech=NNP Lemma=Jamie NamedEntityTag=PERSON]
[Text=made CharacterOffsetBegin=64 CharacterOffsetEnd=68 PartOfSpeech=VBD Lemma=make NamedEntityTag=O]
[Text=a CharacterOffsetBegin=69 CharacterOffsetEnd=70 PartOfSpeech=DT Lemma=a NamedEntityTag=O]
[Text=promise CharacterOffsetBegin=71 CharacterOffsetEnd=78 PartOfSpeech=NN Lemma=promise NamedEntityTag=O]
[Text=and CharacterOffsetBegin=79 CharacterOffsetEnd=82 PartOfSpeech=CC Lemma=and NamedEntityTag=O]
[Text=has CharacterOffsetBegin=83 CharacterOffsetEnd=86 PartOfSpeech=VBZ Lemma=have NamedEntityTag=O]
[Text=to CharacterOffsetBegin=87 CharacterOffsetEnd=89 PartOfSpeech=TO Lemma=to NamedEntityTag=O]
[Text=pay CharacterOffsetBegin=90 CharacterOffsetEnd=93 PartOfSpeech=VB Lemma=pay NamedEntityTag=O]
[Text=the CharacterOffsetBegin=94 CharacterOffsetEnd=97 PartOfSpeech=DT Lemma=the NamedEntityTag=O]
[Text=debt CharacterOffsetBegin=98 CharacterOffsetEnd=102 PartOfSpeech=NN Lemma=debt NamedEntityTag=O]
[Text=in CharacterOffsetBegin=103 CharacterOffsetEnd=105 PartOfSpeech=IN Lemma=in NamedEntityTag=O]
[Text=this CharacterOffsetBegin=106 CharacterOffsetEnd=110 PartOfSpeech=DT Lemma=this NamedEntityTag=O]
[Text=life CharacterOffsetBegin=111 CharacterOffsetEnd=115 PartOfSpeech=NN Lemma=life NamedEntityTag=O]
[Text=or CharacterOffsetBegin=116 CharacterOffsetEnd=118 PartOfSpeech=CC Lemma=or NamedEntityTag=O]
[Text=the CharacterOffsetBegin=119 CharacterOffsetEnd=122 PartOfSpeech=DT Lemma=the NamedEntityTag=O]
[Text=afterlife CharacterOffsetBegin=123 CharacterOffsetEnd=132 PartOfSpeech=NN Lemma=afterlife NamedEntityTag=O]
[Text=. CharacterOffsetBegin=132 CharacterOffsetEnd=133 PartOfSpeech=. Lemma=. NamedEntityTag=O]
(ROOT
  (S
    (NP (NNP Jamie))
    (VP
      (VP (VBD made)
        (NP (DT a) (NN promise)))
      (CC and)
      (VP (VBZ has)
        (S
          (VP (TO to)
            (VP (VB pay)
              (NP (DT the) (NN debt))
              (PP (IN in)
                (NP
                  (NP (DT this) (NN life))
                  (CC or)
                  (NP (DT the) (NN afterlife)))))))))
    (. .)))

root(ROOT-0, made-2)
nsubj(made-2, Jamie-1)
nsubj(has-6, Jamie-1)
nsubj:xsubj(pay-8, Jamie-1)
det(promise-4, a-3)
dobj(made-2, promise-4)
cc(made-2, and-5)
conj:and(made-2, has-6)
mark(pay-8, to-7)
xcomp(has-6, pay-8)
det(debt-10, the-9)
dobj(pay-8, debt-10)
case(life-13, in-11)
det(life-13, this-12)
nmod:in(pay-8, life-13)
cc(life-13, or-14)
det(afterlife-16, the-15)
nmod:in(pay-8, afterlife-16)
conj:or(life-13, afterlife-16)
punct(made-2, .-17)

Coreference set:
	(2,1,[1,2]) -> (1,9,[9,10]), that is: "Jamie" -> "Jamie"
