Sentence #1 (31 tokens):
Bran remembers how the touch of the Night King allowed them to break in last time, and makes Meera leave him behind so that she can spread the word.
[Text=Bran CharacterOffsetBegin=0 CharacterOffsetEnd=4 PartOfSpeech=NNP]
[Text=remembers CharacterOffsetBegin=5 CharacterOffsetEnd=14 PartOfSpeech=VBZ]
[Text=how CharacterOffsetBegin=15 CharacterOffsetEnd=18 PartOfSpeech=WRB]
[Text=the CharacterOffsetBegin=19 CharacterOffsetEnd=22 PartOfSpeech=DT]
[Text=touch CharacterOffsetBegin=23 CharacterOffsetEnd=28 PartOfSpeech=NN]
[Text=of CharacterOffsetBegin=29 CharacterOffsetEnd=31 PartOfSpeech=IN]
[Text=the CharacterOffsetBegin=32 CharacterOffsetEnd=35 PartOfSpeech=DT]
[Text=Night CharacterOffsetBegin=36 CharacterOffsetEnd=41 PartOfSpeech=NNP]
[Text=King CharacterOffsetBegin=42 CharacterOffsetEnd=46 PartOfSpeech=NNP]
[Text=allowed CharacterOffsetBegin=47 CharacterOffsetEnd=54 PartOfSpeech=VBD]
[Text=them CharacterOffsetBegin=55 CharacterOffsetEnd=59 PartOfSpeech=PRP]
[Text=to CharacterOffsetBegin=60 CharacterOffsetEnd=62 PartOfSpeech=TO]
[Text=break CharacterOffsetBegin=63 CharacterOffsetEnd=68 PartOfSpeech=VB]
[Text=in CharacterOffsetBegin=69 CharacterOffsetEnd=71 PartOfSpeech=IN]
[Text=last CharacterOffsetBegin=72 CharacterOffsetEnd=76 PartOfSpeech=JJ]
[Text=time CharacterOffsetBegin=77 CharacterOffsetEnd=81 PartOfSpeech=NN]
[Text=, CharacterOffsetBegin=81 CharacterOffsetEnd=82 PartOfSpeech=,]
[Text=and CharacterOffsetBegin=83 CharacterOffsetEnd=86 PartOfSpeech=CC]
[Text=makes CharacterOffsetBegin=87 CharacterOffsetEnd=92 PartOfSpeech=VBZ]
[Text=Meera CharacterOffsetBegin=93 CharacterOffsetEnd=98 PartOfSpeech=NNP]
[Text=leave CharacterOffsetBegin=99 CharacterOffsetEnd=104 PartOfSpeech=VB]
[Text=him CharacterOffsetBegin=105 CharacterOffsetEnd=108 PartOfSpeech=PRP]
[Text=behind CharacterOffsetBegin=109 CharacterOffsetEnd=115 PartOfSpeech=IN]
[Text=so CharacterOffsetBegin=116 CharacterOffsetEnd=118 PartOfSpeech=RB]
[Text=that CharacterOffsetBegin=119 CharacterOffsetEnd=123 PartOfSpeech=IN]
[Text=she CharacterOffsetBegin=124 CharacterOffsetEnd=127 PartOfSpeech=PRP]
[Text=can CharacterOffsetBegin=128 CharacterOffsetEnd=131 PartOfSpeech=MD]
[Text=spread CharacterOffsetBegin=132 CharacterOffsetEnd=138 PartOfSpeech=VB]
[Text=the CharacterOffsetBegin=139 CharacterOffsetEnd=142 PartOfSpeech=DT]
[Text=word CharacterOffsetBegin=143 CharacterOffsetEnd=147 PartOfSpeech=NN]
[Text=. CharacterOffsetBegin=147 CharacterOffsetEnd=148 PartOfSpeech=.]
Sentence #2 (36 tokens):
Maybe the latter part of this won't happen, but I'd like to think that Bran would have learned his lesson from the last time, and thus refuses to cross the Wall.
[Text=Maybe CharacterOffsetBegin=149 CharacterOffsetEnd=154 PartOfSpeech=RB]
[Text=the CharacterOffsetBegin=155 CharacterOffsetEnd=158 PartOfSpeech=DT]
[Text=latter CharacterOffsetBegin=159 CharacterOffsetEnd=165 PartOfSpeech=JJ]
[Text=part CharacterOffsetBegin=166 CharacterOffsetEnd=170 PartOfSpeech=NN]
[Text=of CharacterOffsetBegin=171 CharacterOffsetEnd=173 PartOfSpeech=IN]
[Text=this CharacterOffsetBegin=174 CharacterOffsetEnd=178 PartOfSpeech=DT]
[Text=wo CharacterOffsetBegin=179 CharacterOffsetEnd=181 PartOfSpeech=MD]
[Text=n't CharacterOffsetBegin=181 CharacterOffsetEnd=184 PartOfSpeech=RB]
[Text=happen CharacterOffsetBegin=185 CharacterOffsetEnd=191 PartOfSpeech=VB]
[Text=, CharacterOffsetBegin=191 CharacterOffsetEnd=192 PartOfSpeech=,]
[Text=but CharacterOffsetBegin=193 CharacterOffsetEnd=196 PartOfSpeech=CC]
[Text=I CharacterOffsetBegin=197 CharacterOffsetEnd=198 PartOfSpeech=PRP]
[Text='d CharacterOffsetBegin=198 CharacterOffsetEnd=200 PartOfSpeech=MD]
[Text=like CharacterOffsetBegin=201 CharacterOffsetEnd=205 PartOfSpeech=VB]
[Text=to CharacterOffsetBegin=206 CharacterOffsetEnd=208 PartOfSpeech=TO]
[Text=think CharacterOffsetBegin=209 CharacterOffsetEnd=214 PartOfSpeech=VB]
[Text=that CharacterOffsetBegin=215 CharacterOffsetEnd=219 PartOfSpeech=IN]
[Text=Bran CharacterOffsetBegin=220 CharacterOffsetEnd=224 PartOfSpeech=NNP]
[Text=would CharacterOffsetBegin=225 CharacterOffsetEnd=230 PartOfSpeech=MD]
[Text=have CharacterOffsetBegin=231 CharacterOffsetEnd=235 PartOfSpeech=VB]
[Text=learned CharacterOffsetBegin=236 CharacterOffsetEnd=243 PartOfSpeech=VBN]
[Text=his CharacterOffsetBegin=244 CharacterOffsetEnd=247 PartOfSpeech=PRP$]
[Text=lesson CharacterOffsetBegin=248 CharacterOffsetEnd=254 PartOfSpeech=NN]
[Text=from CharacterOffsetBegin=255 CharacterOffsetEnd=259 PartOfSpeech=IN]
[Text=the CharacterOffsetBegin=260 CharacterOffsetEnd=263 PartOfSpeech=DT]
[Text=last CharacterOffsetBegin=264 CharacterOffsetEnd=268 PartOfSpeech=JJ]
[Text=time CharacterOffsetBegin=269 CharacterOffsetEnd=273 PartOfSpeech=NN]
[Text=, CharacterOffsetBegin=273 CharacterOffsetEnd=274 PartOfSpeech=,]
[Text=and CharacterOffsetBegin=275 CharacterOffsetEnd=278 PartOfSpeech=CC]
[Text=thus CharacterOffsetBegin=279 CharacterOffsetEnd=283 PartOfSpeech=RB]
[Text=refuses CharacterOffsetBegin=284 CharacterOffsetEnd=291 PartOfSpeech=VBZ]
[Text=to CharacterOffsetBegin=292 CharacterOffsetEnd=294 PartOfSpeech=TO]
[Text=cross CharacterOffsetBegin=295 CharacterOffsetEnd=300 PartOfSpeech=VB]
[Text=the CharacterOffsetBegin=301 CharacterOffsetEnd=304 PartOfSpeech=DT]
[Text=Wall CharacterOffsetBegin=305 CharacterOffsetEnd=309 PartOfSpeech=NNP]
[Text=. CharacterOffsetBegin=309 CharacterOffsetEnd=310 PartOfSpeech=.]
Sentence #3 (11 tokens):
Maybe Bran will have to sacrifice himself by staying behind.
[Text=Maybe CharacterOffsetBegin=311 CharacterOffsetEnd=316 PartOfSpeech=RB]
[Text=Bran CharacterOffsetBegin=317 CharacterOffsetEnd=321 PartOfSpeech=NNP]
[Text=will CharacterOffsetBegin=322 CharacterOffsetEnd=326 PartOfSpeech=MD]
[Text=have CharacterOffsetBegin=327 CharacterOffsetEnd=331 PartOfSpeech=VB]
[Text=to CharacterOffsetBegin=332 CharacterOffsetEnd=334 PartOfSpeech=TO]
[Text=sacrifice CharacterOffsetBegin=335 CharacterOffsetEnd=344 PartOfSpeech=VB]
[Text=himself CharacterOffsetBegin=345 CharacterOffsetEnd=352 PartOfSpeech=PRP]
[Text=by CharacterOffsetBegin=353 CharacterOffsetEnd=355 PartOfSpeech=IN]
[Text=staying CharacterOffsetBegin=356 CharacterOffsetEnd=363 PartOfSpeech=VBG]
[Text=behind CharacterOffsetBegin=364 CharacterOffsetEnd=370 PartOfSpeech=RB]
[Text=. CharacterOffsetBegin=370 CharacterOffsetEnd=371 PartOfSpeech=.]
Sentence #4 (34 tokens):
There's also the possibility that he refuses to cross the Wall, but is then forced to by a concerned member of the Night's Watch and shit gets fucked up anyways.
[Text=There CharacterOffsetBegin=372 CharacterOffsetEnd=377 PartOfSpeech=EX]
[Text='s CharacterOffsetBegin=377 CharacterOffsetEnd=379 PartOfSpeech=VBZ]
[Text=also CharacterOffsetBegin=380 CharacterOffsetEnd=384 PartOfSpeech=RB]
[Text=the CharacterOffsetBegin=385 CharacterOffsetEnd=388 PartOfSpeech=DT]
[Text=possibility CharacterOffsetBegin=389 CharacterOffsetEnd=400 PartOfSpeech=NN]
[Text=that CharacterOffsetBegin=401 CharacterOffsetEnd=405 PartOfSpeech=IN]
[Text=he CharacterOffsetBegin=406 CharacterOffsetEnd=408 PartOfSpeech=PRP]
[Text=refuses CharacterOffsetBegin=409 CharacterOffsetEnd=416 PartOfSpeech=VBZ]
[Text=to CharacterOffsetBegin=417 CharacterOffsetEnd=419 PartOfSpeech=TO]
[Text=cross CharacterOffsetBegin=420 CharacterOffsetEnd=425 PartOfSpeech=VB]
[Text=the CharacterOffsetBegin=426 CharacterOffsetEnd=429 PartOfSpeech=DT]
[Text=Wall CharacterOffsetBegin=430 CharacterOffsetEnd=434 PartOfSpeech=NNP]
[Text=, CharacterOffsetBegin=434 CharacterOffsetEnd=435 PartOfSpeech=,]
[Text=but CharacterOffsetBegin=436 CharacterOffsetEnd=439 PartOfSpeech=CC]
[Text=is CharacterOffsetBegin=440 CharacterOffsetEnd=442 PartOfSpeech=VBZ]
[Text=then CharacterOffsetBegin=443 CharacterOffsetEnd=447 PartOfSpeech=RB]
[Text=forced CharacterOffsetBegin=448 CharacterOffsetEnd=454 PartOfSpeech=VBN]
[Text=to CharacterOffsetBegin=455 CharacterOffsetEnd=457 PartOfSpeech=TO]
[Text=by CharacterOffsetBegin=458 CharacterOffsetEnd=460 PartOfSpeech=IN]
[Text=a CharacterOffsetBegin=461 CharacterOffsetEnd=462 PartOfSpeech=DT]
[Text=concerned CharacterOffsetBegin=463 CharacterOffsetEnd=472 PartOfSpeech=JJ]
[Text=member CharacterOffsetBegin=473 CharacterOffsetEnd=479 PartOfSpeech=NN]
[Text=of CharacterOffsetBegin=480 CharacterOffsetEnd=482 PartOfSpeech=IN]
[Text=the CharacterOffsetBegin=483 CharacterOffsetEnd=486 PartOfSpeech=DT]
[Text=Night CharacterOffsetBegin=487 CharacterOffsetEnd=492 PartOfSpeech=NNP]
[Text='s CharacterOffsetBegin=492 CharacterOffsetEnd=494 PartOfSpeech=POS]
[Text=Watch CharacterOffsetBegin=495 CharacterOffsetEnd=500 PartOfSpeech=NNP]
[Text=and CharacterOffsetBegin=501 CharacterOffsetEnd=504 PartOfSpeech=CC]
[Text=shit CharacterOffsetBegin=505 CharacterOffsetEnd=509 PartOfSpeech=NN]
[Text=gets CharacterOffsetBegin=510 CharacterOffsetEnd=514 PartOfSpeech=VBZ]
[Text=fucked CharacterOffsetBegin=515 CharacterOffsetEnd=521 PartOfSpeech=VBN]
[Text=up CharacterOffsetBegin=522 CharacterOffsetEnd=524 PartOfSpeech=RP]
[Text=anyways CharacterOffsetBegin=525 CharacterOffsetEnd=532 PartOfSpeech=NNS]
[Text=. CharacterOffsetBegin=532 CharacterOffsetEnd=533 PartOfSpeech=.]
Sentence #5 (25 tokens):
But then again, someone in the Night's Watch would have no trouble believing him, considering their likely first-hand experiences with White Walkers
[Text=But CharacterOffsetBegin=534 CharacterOffsetEnd=537 PartOfSpeech=CC]
[Text=then CharacterOffsetBegin=538 CharacterOffsetEnd=542 PartOfSpeech=RB]
[Text=again CharacterOffsetBegin=543 CharacterOffsetEnd=548 PartOfSpeech=RB]
[Text=, CharacterOffsetBegin=548 CharacterOffsetEnd=549 PartOfSpeech=,]
[Text=someone CharacterOffsetBegin=550 CharacterOffsetEnd=557 PartOfSpeech=NN]
[Text=in CharacterOffsetBegin=558 CharacterOffsetEnd=560 PartOfSpeech=IN]
[Text=the CharacterOffsetBegin=561 CharacterOffsetEnd=564 PartOfSpeech=DT]
[Text=Night CharacterOffsetBegin=565 CharacterOffsetEnd=570 PartOfSpeech=NNP]
[Text='s CharacterOffsetBegin=570 CharacterOffsetEnd=572 PartOfSpeech=POS]
[Text=Watch CharacterOffsetBegin=573 CharacterOffsetEnd=578 PartOfSpeech=NNP]
[Text=would CharacterOffsetBegin=579 CharacterOffsetEnd=584 PartOfSpeech=MD]
[Text=have CharacterOffsetBegin=585 CharacterOffsetEnd=589 PartOfSpeech=VB]
[Text=no CharacterOffsetBegin=590 CharacterOffsetEnd=592 PartOfSpeech=DT]
[Text=trouble CharacterOffsetBegin=593 CharacterOffsetEnd=600 PartOfSpeech=NN]
[Text=believing CharacterOffsetBegin=601 CharacterOffsetEnd=610 PartOfSpeech=VBG]
[Text=him CharacterOffsetBegin=611 CharacterOffsetEnd=614 PartOfSpeech=PRP]
[Text=, CharacterOffsetBegin=614 CharacterOffsetEnd=615 PartOfSpeech=,]
[Text=considering CharacterOffsetBegin=616 CharacterOffsetEnd=627 PartOfSpeech=VBG]
[Text=their CharacterOffsetBegin=628 CharacterOffsetEnd=633 PartOfSpeech=PRP$]
[Text=likely CharacterOffsetBegin=634 CharacterOffsetEnd=640 PartOfSpeech=JJ]
[Text=first-hand CharacterOffsetBegin=641 CharacterOffsetEnd=651 PartOfSpeech=JJ]
[Text=experiences CharacterOffsetBegin=652 CharacterOffsetEnd=663 PartOfSpeech=NNS]
[Text=with CharacterOffsetBegin=664 CharacterOffsetEnd=668 PartOfSpeech=IN]
[Text=White CharacterOffsetBegin=669 CharacterOffsetEnd=674 PartOfSpeech=NNP]
[Text=Walkers CharacterOffsetBegin=675 CharacterOffsetEnd=682 PartOfSpeech=NNPS]
