Sentence #1 (82 tokens):
Jon finds out his parentage; Arya fills the LSH void; Sam learns how to make valyrian steel; Dany will encounter some unforseen trouble or resistance but will win the throne, after winning she'll set her sight toward the wall; Jaime and Cersei drift apart setting up for Jaime becoming the queen slayer; the story line will essentially be setting the stage for the true war in the north which will happen in season 8.
[Text=Jon CharacterOffsetBegin=0 CharacterOffsetEnd=3 PartOfSpeech=NNP]
[Text=finds CharacterOffsetBegin=4 CharacterOffsetEnd=9 PartOfSpeech=VBZ]
[Text=out CharacterOffsetBegin=10 CharacterOffsetEnd=13 PartOfSpeech=RP]
[Text=his CharacterOffsetBegin=14 CharacterOffsetEnd=17 PartOfSpeech=PRP$]
[Text=parentage CharacterOffsetBegin=18 CharacterOffsetEnd=27 PartOfSpeech=NN]
[Text=; CharacterOffsetBegin=27 CharacterOffsetEnd=28 PartOfSpeech=:]
[Text=Arya CharacterOffsetBegin=29 CharacterOffsetEnd=33 PartOfSpeech=NNP]
[Text=fills CharacterOffsetBegin=34 CharacterOffsetEnd=39 PartOfSpeech=VBZ]
[Text=the CharacterOffsetBegin=40 CharacterOffsetEnd=43 PartOfSpeech=DT]
[Text=LSH CharacterOffsetBegin=44 CharacterOffsetEnd=47 PartOfSpeech=NN]
[Text=void CharacterOffsetBegin=48 CharacterOffsetEnd=52 PartOfSpeech=NN]
[Text=; CharacterOffsetBegin=52 CharacterOffsetEnd=53 PartOfSpeech=:]
[Text=Sam CharacterOffsetBegin=54 CharacterOffsetEnd=57 PartOfSpeech=NNP]
[Text=learns CharacterOffsetBegin=58 CharacterOffsetEnd=64 PartOfSpeech=VBZ]
[Text=how CharacterOffsetBegin=65 CharacterOffsetEnd=68 PartOfSpeech=WRB]
[Text=to CharacterOffsetBegin=69 CharacterOffsetEnd=71 PartOfSpeech=TO]
[Text=make CharacterOffsetBegin=72 CharacterOffsetEnd=76 PartOfSpeech=VB]
[Text=valyrian CharacterOffsetBegin=77 CharacterOffsetEnd=85 PartOfSpeech=JJ]
[Text=steel CharacterOffsetBegin=86 CharacterOffsetEnd=91 PartOfSpeech=NN]
[Text=; CharacterOffsetBegin=91 CharacterOffsetEnd=92 PartOfSpeech=:]
[Text=Dany CharacterOffsetBegin=93 CharacterOffsetEnd=97 PartOfSpeech=NNP]
[Text=will CharacterOffsetBegin=98 CharacterOffsetEnd=102 PartOfSpeech=MD]
[Text=encounter CharacterOffsetBegin=103 CharacterOffsetEnd=112 PartOfSpeech=VB]
[Text=some CharacterOffsetBegin=113 CharacterOffsetEnd=117 PartOfSpeech=DT]
[Text=unforseen CharacterOffsetBegin=118 CharacterOffsetEnd=127 PartOfSpeech=JJ]
[Text=trouble CharacterOffsetBegin=128 CharacterOffsetEnd=135 PartOfSpeech=NN]
[Text=or CharacterOffsetBegin=136 CharacterOffsetEnd=138 PartOfSpeech=CC]
[Text=resistance CharacterOffsetBegin=139 CharacterOffsetEnd=149 PartOfSpeech=NN]
[Text=but CharacterOffsetBegin=150 CharacterOffsetEnd=153 PartOfSpeech=CC]
[Text=will CharacterOffsetBegin=154 CharacterOffsetEnd=158 PartOfSpeech=MD]
[Text=win CharacterOffsetBegin=159 CharacterOffsetEnd=162 PartOfSpeech=VB]
[Text=the CharacterOffsetBegin=163 CharacterOffsetEnd=166 PartOfSpeech=DT]
[Text=throne CharacterOffsetBegin=167 CharacterOffsetEnd=173 PartOfSpeech=NN]
[Text=, CharacterOffsetBegin=173 CharacterOffsetEnd=174 PartOfSpeech=,]
[Text=after CharacterOffsetBegin=175 CharacterOffsetEnd=180 PartOfSpeech=IN]
[Text=winning CharacterOffsetBegin=181 CharacterOffsetEnd=188 PartOfSpeech=VBG]
[Text=she CharacterOffsetBegin=189 CharacterOffsetEnd=192 PartOfSpeech=PRP]
[Text='ll CharacterOffsetBegin=192 CharacterOffsetEnd=195 PartOfSpeech=MD]
[Text=set CharacterOffsetBegin=196 CharacterOffsetEnd=199 PartOfSpeech=VB]
[Text=her CharacterOffsetBegin=200 CharacterOffsetEnd=203 PartOfSpeech=PRP$]
[Text=sight CharacterOffsetBegin=204 CharacterOffsetEnd=209 PartOfSpeech=NN]
[Text=toward CharacterOffsetBegin=210 CharacterOffsetEnd=216 PartOfSpeech=IN]
[Text=the CharacterOffsetBegin=217 CharacterOffsetEnd=220 PartOfSpeech=DT]
[Text=wall CharacterOffsetBegin=221 CharacterOffsetEnd=225 PartOfSpeech=NN]
[Text=; CharacterOffsetBegin=225 CharacterOffsetEnd=226 PartOfSpeech=:]
[Text=Jaime CharacterOffsetBegin=227 CharacterOffsetEnd=232 PartOfSpeech=NNP]
[Text=and CharacterOffsetBegin=233 CharacterOffsetEnd=236 PartOfSpeech=CC]
[Text=Cersei CharacterOffsetBegin=237 CharacterOffsetEnd=243 PartOfSpeech=NNP]
[Text=drift CharacterOffsetBegin=244 CharacterOffsetEnd=249 PartOfSpeech=NN]
[Text=apart CharacterOffsetBegin=250 CharacterOffsetEnd=255 PartOfSpeech=RB]
[Text=setting CharacterOffsetBegin=256 CharacterOffsetEnd=263 PartOfSpeech=VBG]
[Text=up CharacterOffsetBegin=264 CharacterOffsetEnd=266 PartOfSpeech=RP]
[Text=for CharacterOffsetBegin=267 CharacterOffsetEnd=270 PartOfSpeech=IN]
[Text=Jaime CharacterOffsetBegin=271 CharacterOffsetEnd=276 PartOfSpeech=NNP]
[Text=becoming CharacterOffsetBegin=277 CharacterOffsetEnd=285 PartOfSpeech=VBG]
[Text=the CharacterOffsetBegin=286 CharacterOffsetEnd=289 PartOfSpeech=DT]
[Text=queen CharacterOffsetBegin=290 CharacterOffsetEnd=295 PartOfSpeech=NN]
[Text=slayer CharacterOffsetBegin=296 CharacterOffsetEnd=302 PartOfSpeech=NN]
[Text=; CharacterOffsetBegin=302 CharacterOffsetEnd=303 PartOfSpeech=:]
[Text=the CharacterOffsetBegin=304 CharacterOffsetEnd=307 PartOfSpeech=DT]
[Text=story CharacterOffsetBegin=308 CharacterOffsetEnd=313 PartOfSpeech=NN]
[Text=line CharacterOffsetBegin=314 CharacterOffsetEnd=318 PartOfSpeech=NN]
[Text=will CharacterOffsetBegin=319 CharacterOffsetEnd=323 PartOfSpeech=MD]
[Text=essentially CharacterOffsetBegin=324 CharacterOffsetEnd=335 PartOfSpeech=RB]
[Text=be CharacterOffsetBegin=336 CharacterOffsetEnd=338 PartOfSpeech=VB]
[Text=setting CharacterOffsetBegin=339 CharacterOffsetEnd=346 PartOfSpeech=VBG]
[Text=the CharacterOffsetBegin=347 CharacterOffsetEnd=350 PartOfSpeech=DT]
[Text=stage CharacterOffsetBegin=351 CharacterOffsetEnd=356 PartOfSpeech=NN]
[Text=for CharacterOffsetBegin=357 CharacterOffsetEnd=360 PartOfSpeech=IN]
[Text=the CharacterOffsetBegin=361 CharacterOffsetEnd=364 PartOfSpeech=DT]
[Text=true CharacterOffsetBegin=365 CharacterOffsetEnd=369 PartOfSpeech=JJ]
[Text=war CharacterOffsetBegin=370 CharacterOffsetEnd=373 PartOfSpeech=NN]
[Text=in CharacterOffsetBegin=374 CharacterOffsetEnd=376 PartOfSpeech=IN]
[Text=the CharacterOffsetBegin=377 CharacterOffsetEnd=380 PartOfSpeech=DT]
[Text=north CharacterOffsetBegin=381 CharacterOffsetEnd=386 PartOfSpeech=NN]
[Text=which CharacterOffsetBegin=387 CharacterOffsetEnd=392 PartOfSpeech=WDT]
[Text=will CharacterOffsetBegin=393 CharacterOffsetEnd=397 PartOfSpeech=MD]
[Text=happen CharacterOffsetBegin=398 CharacterOffsetEnd=404 PartOfSpeech=VB]
[Text=in CharacterOffsetBegin=405 CharacterOffsetEnd=407 PartOfSpeech=IN]
[Text=season CharacterOffsetBegin=408 CharacterOffsetEnd=414 PartOfSpeech=NN]
[Text=8 CharacterOffsetBegin=415 CharacterOffsetEnd=416 PartOfSpeech=CD]
[Text=. CharacterOffsetBegin=416 CharacterOffsetEnd=417 PartOfSpeech=.]
