Sentence #1 (6 tokens):
The Starks will fully reunite.
[Text=The CharacterOffsetBegin=0 CharacterOffsetEnd=3 PartOfSpeech=DT]
[Text=Starks CharacterOffsetBegin=4 CharacterOffsetEnd=10 PartOfSpeech=NNP]
[Text=will CharacterOffsetBegin=11 CharacterOffsetEnd=15 PartOfSpeech=MD]
[Text=fully CharacterOffsetBegin=16 CharacterOffsetEnd=21 PartOfSpeech=RB]
[Text=reunite CharacterOffsetBegin=22 CharacterOffsetEnd=29 PartOfSpeech=VB]
[Text=. CharacterOffsetBegin=29 CharacterOffsetEnd=30 PartOfSpeech=.]
Sentence #2 (24 tokens):
It won't happen straight away, but at some point next season we believe all the remaining Starks will be together again.
[Text=It CharacterOffsetBegin=31 CharacterOffsetEnd=33 PartOfSpeech=PRP]
[Text=wo CharacterOffsetBegin=34 CharacterOffsetEnd=36 PartOfSpeech=MD]
[Text=n't CharacterOffsetBegin=36 CharacterOffsetEnd=39 PartOfSpeech=RB]
[Text=happen CharacterOffsetBegin=40 CharacterOffsetEnd=46 PartOfSpeech=VB]
[Text=straight CharacterOffsetBegin=47 CharacterOffsetEnd=55 PartOfSpeech=RB]
[Text=away CharacterOffsetBegin=56 CharacterOffsetEnd=60 PartOfSpeech=RB]
[Text=, CharacterOffsetBegin=60 CharacterOffsetEnd=61 PartOfSpeech=,]
[Text=but CharacterOffsetBegin=62 CharacterOffsetEnd=65 PartOfSpeech=CC]
[Text=at CharacterOffsetBegin=66 CharacterOffsetEnd=68 PartOfSpeech=IN]
[Text=some CharacterOffsetBegin=69 CharacterOffsetEnd=73 PartOfSpeech=DT]
[Text=point CharacterOffsetBegin=74 CharacterOffsetEnd=79 PartOfSpeech=NN]
[Text=next CharacterOffsetBegin=80 CharacterOffsetEnd=84 PartOfSpeech=JJ]
[Text=season CharacterOffsetBegin=85 CharacterOffsetEnd=91 PartOfSpeech=NN]
[Text=we CharacterOffsetBegin=92 CharacterOffsetEnd=94 PartOfSpeech=PRP]
[Text=believe CharacterOffsetBegin=95 CharacterOffsetEnd=102 PartOfSpeech=VBP]
[Text=all CharacterOffsetBegin=103 CharacterOffsetEnd=106 PartOfSpeech=PDT]
[Text=the CharacterOffsetBegin=107 CharacterOffsetEnd=110 PartOfSpeech=DT]
[Text=remaining CharacterOffsetBegin=111 CharacterOffsetEnd=120 PartOfSpeech=VBG]
[Text=Starks CharacterOffsetBegin=121 CharacterOffsetEnd=127 PartOfSpeech=NNP]
[Text=will CharacterOffsetBegin=128 CharacterOffsetEnd=132 PartOfSpeech=MD]
[Text=be CharacterOffsetBegin=133 CharacterOffsetEnd=135 PartOfSpeech=VB]
[Text=together CharacterOffsetBegin=136 CharacterOffsetEnd=144 PartOfSpeech=RB]
[Text=again CharacterOffsetBegin=145 CharacterOffsetEnd=150 PartOfSpeech=RB]
[Text=. CharacterOffsetBegin=150 CharacterOffsetEnd=151 PartOfSpeech=.]
Sentence #3 (35 tokens):
Jon and Sansa have already been reunited, Bran is now back at the Wall, and Arya has already returned to Westeros — all the pieces are coming together, in other words.
[Text=Jon CharacterOffsetBegin=152 CharacterOffsetEnd=155 PartOfSpeech=NNP]
[Text=and CharacterOffsetBegin=156 CharacterOffsetEnd=159 PartOfSpeech=CC]
[Text=Sansa CharacterOffsetBegin=160 CharacterOffsetEnd=165 PartOfSpeech=NNP]
[Text=have CharacterOffsetBegin=166 CharacterOffsetEnd=170 PartOfSpeech=VBP]
[Text=already CharacterOffsetBegin=171 CharacterOffsetEnd=178 PartOfSpeech=RB]
[Text=been CharacterOffsetBegin=179 CharacterOffsetEnd=183 PartOfSpeech=VBN]
[Text=reunited CharacterOffsetBegin=184 CharacterOffsetEnd=192 PartOfSpeech=VBN]
[Text=, CharacterOffsetBegin=192 CharacterOffsetEnd=193 PartOfSpeech=,]
[Text=Bran CharacterOffsetBegin=194 CharacterOffsetEnd=198 PartOfSpeech=NNP]
[Text=is CharacterOffsetBegin=199 CharacterOffsetEnd=201 PartOfSpeech=VBZ]
[Text=now CharacterOffsetBegin=202 CharacterOffsetEnd=205 PartOfSpeech=RB]
[Text=back CharacterOffsetBegin=206 CharacterOffsetEnd=210 PartOfSpeech=RB]
[Text=at CharacterOffsetBegin=211 CharacterOffsetEnd=213 PartOfSpeech=IN]
[Text=the CharacterOffsetBegin=214 CharacterOffsetEnd=217 PartOfSpeech=DT]
[Text=Wall CharacterOffsetBegin=218 CharacterOffsetEnd=222 PartOfSpeech=NNP]
[Text=, CharacterOffsetBegin=222 CharacterOffsetEnd=223 PartOfSpeech=,]
[Text=and CharacterOffsetBegin=224 CharacterOffsetEnd=227 PartOfSpeech=CC]
[Text=Arya CharacterOffsetBegin=228 CharacterOffsetEnd=232 PartOfSpeech=NNP]
[Text=has CharacterOffsetBegin=233 CharacterOffsetEnd=236 PartOfSpeech=VBZ]
[Text=already CharacterOffsetBegin=237 CharacterOffsetEnd=244 PartOfSpeech=RB]
[Text=returned CharacterOffsetBegin=245 CharacterOffsetEnd=253 PartOfSpeech=VBN]
[Text=to CharacterOffsetBegin=254 CharacterOffsetEnd=256 PartOfSpeech=TO]
[Text=Westeros CharacterOffsetBegin=257 CharacterOffsetEnd=265 PartOfSpeech=NNP]
[Text=-- CharacterOffsetBegin=266 CharacterOffsetEnd=267 PartOfSpeech=:]
[Text=all CharacterOffsetBegin=268 CharacterOffsetEnd=271 PartOfSpeech=PDT]
[Text=the CharacterOffsetBegin=272 CharacterOffsetEnd=275 PartOfSpeech=DT]
[Text=pieces CharacterOffsetBegin=276 CharacterOffsetEnd=282 PartOfSpeech=NNS]
[Text=are CharacterOffsetBegin=283 CharacterOffsetEnd=286 PartOfSpeech=VBP]
[Text=coming CharacterOffsetBegin=287 CharacterOffsetEnd=293 PartOfSpeech=VBG]
[Text=together CharacterOffsetBegin=294 CharacterOffsetEnd=302 PartOfSpeech=RB]
[Text=, CharacterOffsetBegin=302 CharacterOffsetEnd=303 PartOfSpeech=,]
[Text=in CharacterOffsetBegin=304 CharacterOffsetEnd=306 PartOfSpeech=IN]
[Text=other CharacterOffsetBegin=307 CharacterOffsetEnd=312 PartOfSpeech=JJ]
[Text=words CharacterOffsetBegin=313 CharacterOffsetEnd=318 PartOfSpeech=NNS]
[Text=. CharacterOffsetBegin=318 CharacterOffsetEnd=319 PartOfSpeech=.]
Sentence #4 (38 tokens):
We know that Game of Thrones loves symmetry, so it makes sense that a story which started with the scattering of a family will be bookended by the remaining pieces of that family drawing back together.
[Text=We CharacterOffsetBegin=320 CharacterOffsetEnd=322 PartOfSpeech=PRP]
[Text=know CharacterOffsetBegin=323 CharacterOffsetEnd=327 PartOfSpeech=VBP]
[Text=that CharacterOffsetBegin=328 CharacterOffsetEnd=332 PartOfSpeech=IN]
[Text=Game CharacterOffsetBegin=333 CharacterOffsetEnd=337 PartOfSpeech=NN]
[Text=of CharacterOffsetBegin=338 CharacterOffsetEnd=340 PartOfSpeech=IN]
[Text=Thrones CharacterOffsetBegin=341 CharacterOffsetEnd=348 PartOfSpeech=NNPS]
[Text=loves CharacterOffsetBegin=349 CharacterOffsetEnd=354 PartOfSpeech=VBZ]
[Text=symmetry CharacterOffsetBegin=355 CharacterOffsetEnd=363 PartOfSpeech=NN]
[Text=, CharacterOffsetBegin=363 CharacterOffsetEnd=364 PartOfSpeech=,]
[Text=so CharacterOffsetBegin=365 CharacterOffsetEnd=367 PartOfSpeech=IN]
[Text=it CharacterOffsetBegin=368 CharacterOffsetEnd=370 PartOfSpeech=PRP]
[Text=makes CharacterOffsetBegin=371 CharacterOffsetEnd=376 PartOfSpeech=VBZ]
[Text=sense CharacterOffsetBegin=377 CharacterOffsetEnd=382 PartOfSpeech=NN]
[Text=that CharacterOffsetBegin=383 CharacterOffsetEnd=387 PartOfSpeech=IN]
[Text=a CharacterOffsetBegin=388 CharacterOffsetEnd=389 PartOfSpeech=DT]
[Text=story CharacterOffsetBegin=390 CharacterOffsetEnd=395 PartOfSpeech=NN]
[Text=which CharacterOffsetBegin=396 CharacterOffsetEnd=401 PartOfSpeech=WDT]
[Text=started CharacterOffsetBegin=402 CharacterOffsetEnd=409 PartOfSpeech=VBD]
[Text=with CharacterOffsetBegin=410 CharacterOffsetEnd=414 PartOfSpeech=IN]
[Text=the CharacterOffsetBegin=415 CharacterOffsetEnd=418 PartOfSpeech=DT]
[Text=scattering CharacterOffsetBegin=419 CharacterOffsetEnd=429 PartOfSpeech=NN]
[Text=of CharacterOffsetBegin=430 CharacterOffsetEnd=432 PartOfSpeech=IN]
[Text=a CharacterOffsetBegin=433 CharacterOffsetEnd=434 PartOfSpeech=DT]
[Text=family CharacterOffsetBegin=435 CharacterOffsetEnd=441 PartOfSpeech=NN]
[Text=will CharacterOffsetBegin=442 CharacterOffsetEnd=446 PartOfSpeech=MD]
[Text=be CharacterOffsetBegin=447 CharacterOffsetEnd=449 PartOfSpeech=VB]
[Text=bookended CharacterOffsetBegin=450 CharacterOffsetEnd=459 PartOfSpeech=VBN]
[Text=by CharacterOffsetBegin=460 CharacterOffsetEnd=462 PartOfSpeech=IN]
[Text=the CharacterOffsetBegin=463 CharacterOffsetEnd=466 PartOfSpeech=DT]
[Text=remaining CharacterOffsetBegin=467 CharacterOffsetEnd=476 PartOfSpeech=VBG]
[Text=pieces CharacterOffsetBegin=477 CharacterOffsetEnd=483 PartOfSpeech=NNS]
[Text=of CharacterOffsetBegin=484 CharacterOffsetEnd=486 PartOfSpeech=IN]
[Text=that CharacterOffsetBegin=487 CharacterOffsetEnd=491 PartOfSpeech=DT]
[Text=family CharacterOffsetBegin=492 CharacterOffsetEnd=498 PartOfSpeech=NN]
[Text=drawing CharacterOffsetBegin=499 CharacterOffsetEnd=506 PartOfSpeech=VBG]
[Text=back CharacterOffsetBegin=507 CharacterOffsetEnd=511 PartOfSpeech=RB]
[Text=together CharacterOffsetBegin=512 CharacterOffsetEnd=520 PartOfSpeech=RB]
[Text=. CharacterOffsetBegin=520 CharacterOffsetEnd=521 PartOfSpeech=.]
