Sentence #1 (5 tokens):
Sansa will go rogue.
[Text=Sansa CharacterOffsetBegin=0 CharacterOffsetEnd=5 PartOfSpeech=NNP Lemma=Sansa NamedEntityTag=O]
[Text=will CharacterOffsetBegin=6 CharacterOffsetEnd=10 PartOfSpeech=MD Lemma=will NamedEntityTag=O]
[Text=go CharacterOffsetBegin=11 CharacterOffsetEnd=13 PartOfSpeech=VB Lemma=go NamedEntityTag=O]
[Text=rogue CharacterOffsetBegin=14 CharacterOffsetEnd=19 PartOfSpeech=NN Lemma=rogue NamedEntityTag=O]
[Text=. CharacterOffsetBegin=19 CharacterOffsetEnd=20 PartOfSpeech=. Lemma=. NamedEntityTag=O]
(ROOT
  (S
    (NP (NNP Sansa))
    (VP (MD will)
      (VP (VB go)
        (NP (NN rogue))))
    (. .)))

root(ROOT-0, go-3)
nsubj(go-3, Sansa-1)
aux(go-3, will-2)
dobj(go-3, rogue-4)
punct(go-3, .-5)

Sentence #2 (52 tokens):
We think Sansa's increased levels of badassery will combine with her frustration over Jon getting all the credit for defeating Ramsay in the Battle of the Bastards (despite the fact he'd definitely have lost if it wasn't for her) and lead to her doing something reckless.
[Text=We CharacterOffsetBegin=21 CharacterOffsetEnd=23 PartOfSpeech=PRP Lemma=we NamedEntityTag=O]
[Text=think CharacterOffsetBegin=24 CharacterOffsetEnd=29 PartOfSpeech=VBP Lemma=think NamedEntityTag=O]
[Text=Sansa CharacterOffsetBegin=30 CharacterOffsetEnd=35 PartOfSpeech=NNP Lemma=Sansa NamedEntityTag=PERSON]
[Text='s CharacterOffsetBegin=35 CharacterOffsetEnd=37 PartOfSpeech=POS Lemma='s NamedEntityTag=O]
[Text=increased CharacterOffsetBegin=38 CharacterOffsetEnd=47 PartOfSpeech=VBN Lemma=increase NamedEntityTag=O]
[Text=levels CharacterOffsetBegin=48 CharacterOffsetEnd=54 PartOfSpeech=NNS Lemma=level NamedEntityTag=O]
[Text=of CharacterOffsetBegin=55 CharacterOffsetEnd=57 PartOfSpeech=IN Lemma=of NamedEntityTag=O]
[Text=badassery CharacterOffsetBegin=58 CharacterOffsetEnd=67 PartOfSpeech=NN Lemma=badassery NamedEntityTag=O]
[Text=will CharacterOffsetBegin=68 CharacterOffsetEnd=72 PartOfSpeech=MD Lemma=will NamedEntityTag=O]
[Text=combine CharacterOffsetBegin=73 CharacterOffsetEnd=80 PartOfSpeech=VB Lemma=combine NamedEntityTag=O]
[Text=with CharacterOffsetBegin=81 CharacterOffsetEnd=85 PartOfSpeech=IN Lemma=with NamedEntityTag=O]
[Text=her CharacterOffsetBegin=86 CharacterOffsetEnd=89 PartOfSpeech=PRP$ Lemma=she NamedEntityTag=O]
[Text=frustration CharacterOffsetBegin=90 CharacterOffsetEnd=101 PartOfSpeech=NN Lemma=frustration NamedEntityTag=O]
[Text=over CharacterOffsetBegin=102 CharacterOffsetEnd=106 PartOfSpeech=IN Lemma=over NamedEntityTag=O]
[Text=Jon CharacterOffsetBegin=107 CharacterOffsetEnd=110 PartOfSpeech=NNP Lemma=Jon NamedEntityTag=PERSON]
[Text=getting CharacterOffsetBegin=111 CharacterOffsetEnd=118 PartOfSpeech=VBG Lemma=get NamedEntityTag=O]
[Text=all CharacterOffsetBegin=119 CharacterOffsetEnd=122 PartOfSpeech=PDT Lemma=all NamedEntityTag=O]
[Text=the CharacterOffsetBegin=123 CharacterOffsetEnd=126 PartOfSpeech=DT Lemma=the NamedEntityTag=O]
[Text=credit CharacterOffsetBegin=127 CharacterOffsetEnd=133 PartOfSpeech=NN Lemma=credit NamedEntityTag=O]
[Text=for CharacterOffsetBegin=134 CharacterOffsetEnd=137 PartOfSpeech=IN Lemma=for NamedEntityTag=O]
[Text=defeating CharacterOffsetBegin=138 CharacterOffsetEnd=147 PartOfSpeech=VBG Lemma=defeat NamedEntityTag=O]
[Text=Ramsay CharacterOffsetBegin=148 CharacterOffsetEnd=154 PartOfSpeech=NNP Lemma=Ramsay NamedEntityTag=PERSON]
[Text=in CharacterOffsetBegin=155 CharacterOffsetEnd=157 PartOfSpeech=IN Lemma=in NamedEntityTag=O]
[Text=the CharacterOffsetBegin=158 CharacterOffsetEnd=161 PartOfSpeech=DT Lemma=the NamedEntityTag=O]
[Text=Battle CharacterOffsetBegin=162 CharacterOffsetEnd=168 PartOfSpeech=NN Lemma=battle NamedEntityTag=O]
[Text=of CharacterOffsetBegin=169 CharacterOffsetEnd=171 PartOfSpeech=IN Lemma=of NamedEntityTag=O]
[Text=the CharacterOffsetBegin=172 CharacterOffsetEnd=175 PartOfSpeech=DT Lemma=the NamedEntityTag=O]
[Text=Bastards CharacterOffsetBegin=176 CharacterOffsetEnd=184 PartOfSpeech=NNPS Lemma=Bastards NamedEntityTag=O]
[Text=-LRB- CharacterOffsetBegin=185 CharacterOffsetEnd=186 PartOfSpeech=-LRB- Lemma=-lrb- NamedEntityTag=O]
[Text=despite CharacterOffsetBegin=186 CharacterOffsetEnd=193 PartOfSpeech=IN Lemma=despite NamedEntityTag=O]
[Text=the CharacterOffsetBegin=194 CharacterOffsetEnd=197 PartOfSpeech=DT Lemma=the NamedEntityTag=O]
[Text=fact CharacterOffsetBegin=198 CharacterOffsetEnd=202 PartOfSpeech=NN Lemma=fact NamedEntityTag=O]
[Text=he CharacterOffsetBegin=203 CharacterOffsetEnd=205 PartOfSpeech=PRP Lemma=he NamedEntityTag=O]
[Text='d CharacterOffsetBegin=205 CharacterOffsetEnd=207 PartOfSpeech=MD Lemma=would NamedEntityTag=O]
[Text=definitely CharacterOffsetBegin=208 CharacterOffsetEnd=218 PartOfSpeech=RB Lemma=definitely NamedEntityTag=O]
[Text=have CharacterOffsetBegin=219 CharacterOffsetEnd=223 PartOfSpeech=VB Lemma=have NamedEntityTag=O]
[Text=lost CharacterOffsetBegin=224 CharacterOffsetEnd=228 PartOfSpeech=VBN Lemma=lose NamedEntityTag=O]
[Text=if CharacterOffsetBegin=229 CharacterOffsetEnd=231 PartOfSpeech=IN Lemma=if NamedEntityTag=O]
[Text=it CharacterOffsetBegin=232 CharacterOffsetEnd=234 PartOfSpeech=PRP Lemma=it NamedEntityTag=O]
[Text=was CharacterOffsetBegin=235 CharacterOffsetEnd=238 PartOfSpeech=VBD Lemma=be NamedEntityTag=O]
[Text=n't CharacterOffsetBegin=238 CharacterOffsetEnd=241 PartOfSpeech=RB Lemma=not NamedEntityTag=O]
[Text=for CharacterOffsetBegin=242 CharacterOffsetEnd=245 PartOfSpeech=IN Lemma=for NamedEntityTag=O]
[Text=her CharacterOffsetBegin=246 CharacterOffsetEnd=249 PartOfSpeech=PRP$ Lemma=she NamedEntityTag=O]
[Text=-RRB- CharacterOffsetBegin=249 CharacterOffsetEnd=250 PartOfSpeech=-RRB- Lemma=-rrb- NamedEntityTag=O]
[Text=and CharacterOffsetBegin=251 CharacterOffsetEnd=254 PartOfSpeech=CC Lemma=and NamedEntityTag=O]
[Text=lead CharacterOffsetBegin=255 CharacterOffsetEnd=259 PartOfSpeech=VB Lemma=lead NamedEntityTag=O]
[Text=to CharacterOffsetBegin=260 CharacterOffsetEnd=262 PartOfSpeech=TO Lemma=to NamedEntityTag=O]
[Text=her CharacterOffsetBegin=263 CharacterOffsetEnd=266 PartOfSpeech=PRP$ Lemma=she NamedEntityTag=O]
[Text=doing CharacterOffsetBegin=267 CharacterOffsetEnd=272 PartOfSpeech=VBG Lemma=do NamedEntityTag=O]
[Text=something CharacterOffsetBegin=273 CharacterOffsetEnd=282 PartOfSpeech=NN Lemma=something NamedEntityTag=O]
[Text=reckless CharacterOffsetBegin=283 CharacterOffsetEnd=291 PartOfSpeech=JJ Lemma=reckless NamedEntityTag=O]
[Text=. CharacterOffsetBegin=291 CharacterOffsetEnd=292 PartOfSpeech=. Lemma=. NamedEntityTag=O]
(ROOT
  (S
    (NP (PRP We))
    (VP (VBP think)
      (SBAR
        (S
          (NP
            (NP
              (NP (NNP Sansa) (POS 's))
              (VBN increased) (NNS levels))
            (PP (IN of)
              (NP (NN badassery))))
          (VP (MD will)
            (VP
              (VP (VB combine)
                (PP (IN with)
                  (S
                    (NP
                      (NP (PRP$ her) (NN frustration))
                      (PP (IN over)
                        (NP (NNP Jon))))
                    (VP (VBG getting)
                      (NP (PDT all) (DT the) (NN credit))
                      (PP (IN for)
                        (S
                          (VP (VBG defeating)
                            (NP
                              (NP (NNP Ramsay))
                              (PP (IN in)
                                (NP
                                  (NP (DT the) (NN Battle))
                                  (PP (IN of)
                                    (NP (DT the) (NNPS Bastards)))))))))))))
              (PRN (-LRB- -LRB-)
                (PP (IN despite)
                  (NP
                    (NP (DT the) (NN fact))
                    (SBAR
                      (S
                        (NP (PRP he))
                        (VP (MD 'd)
                          (ADVP (RB definitely))
                          (VP (VB have)
                            (VP (VBN lost)
                              (SBAR (IN if)
                                (S
                                  (NP (PRP it))
                                  (VP (VBD was) (RB n't)
                                    (PP (IN for)
                                      (NP (PRP$ her)))))))))))))
                (-RRB- -RRB-))
              (CC and)
              (VP (VB lead)
                (PP (TO to)
                  (NP (PRP$ her))))
              (S
                (VP (VBG doing)
                  (S
                    (NP (NN something))
                    (ADJP (JJ reckless))))))))))
    (. .)))

root(ROOT-0, think-2)
nsubj(think-2, We-1)
nmod:poss(levels-6, Sansa-3)
case(Sansa-3, 's-4)
amod(levels-6, increased-5)
nsubj(combine-10, levels-6)
nsubj(lead-46, levels-6)
case(badassery-8, of-7)
nmod:of(levels-6, badassery-8)
aux(combine-10, will-9)
ccomp(think-2, combine-10)
mark(getting-16, with-11)
nmod:poss(frustration-13, her-12)
nsubj(getting-16, frustration-13)
case(Jon-15, over-14)
nmod:over(frustration-13, Jon-15)
advcl:with(combine-10, getting-16)
det:predet(credit-19, all-17)
det(credit-19, the-18)
dobj(getting-16, credit-19)
mark(defeating-21, for-20)
advcl:for(getting-16, defeating-21)
dobj(defeating-21, Ramsay-22)
case(Battle-25, in-23)
det(Battle-25, the-24)
nmod:in(Ramsay-22, Battle-25)
case(Bastards-28, of-26)
det(Bastards-28, the-27)
nmod:of(Battle-25, Bastards-28)
punct(fact-32, -LRB--29)
case(fact-32, despite-30)
det(fact-32, the-31)
dep(combine-10, fact-32)
nsubj(lost-37, he-33)
aux(lost-37, 'd-34)
advmod(lost-37, definitely-35)
aux(lost-37, have-36)
acl:relcl(fact-32, lost-37)
mark(her-43, if-38)
nsubj(her-43, it-39)
cop(her-43, was-40)
neg(her-43, n't-41)
case(her-43, for-42)
advcl:for(lost-37, her-43)
punct(fact-32, -RRB--44)
cc(combine-10, and-45)
ccomp(think-2, lead-46)
conj:and(combine-10, lead-46)
case(her-48, to-47)
nmod:to(lead-46, her-48)
xcomp(combine-10, doing-49)
nsubj(reckless-51, something-50)
xcomp(doing-49, reckless-51)
punct(think-2, .-52)

Sentence #3 (36 tokens):
We don't think she'd intentionally harm her brother, but it's possible she'll do something behind his back again — possibly in conjunction with Littlefinger — that will have unhappy consequences.
[Text=We CharacterOffsetBegin=294 CharacterOffsetEnd=296 PartOfSpeech=PRP Lemma=we NamedEntityTag=O]
[Text=do CharacterOffsetBegin=297 CharacterOffsetEnd=299 PartOfSpeech=VBP Lemma=do NamedEntityTag=O]
[Text=n't CharacterOffsetBegin=299 CharacterOffsetEnd=302 PartOfSpeech=RB Lemma=not NamedEntityTag=O]
[Text=think CharacterOffsetBegin=303 CharacterOffsetEnd=308 PartOfSpeech=VB Lemma=think NamedEntityTag=O]
[Text=she CharacterOffsetBegin=309 CharacterOffsetEnd=312 PartOfSpeech=PRP Lemma=she NamedEntityTag=O]
[Text='d CharacterOffsetBegin=312 CharacterOffsetEnd=314 PartOfSpeech=MD Lemma=would NamedEntityTag=O]
[Text=intentionally CharacterOffsetBegin=315 CharacterOffsetEnd=328 PartOfSpeech=RB Lemma=intentionally NamedEntityTag=O]
[Text=harm CharacterOffsetBegin=329 CharacterOffsetEnd=333 PartOfSpeech=VB Lemma=harm NamedEntityTag=O]
[Text=her CharacterOffsetBegin=334 CharacterOffsetEnd=337 PartOfSpeech=PRP$ Lemma=she NamedEntityTag=O]
[Text=brother CharacterOffsetBegin=338 CharacterOffsetEnd=345 PartOfSpeech=NN Lemma=brother NamedEntityTag=O]
[Text=, CharacterOffsetBegin=345 CharacterOffsetEnd=346 PartOfSpeech=, Lemma=, NamedEntityTag=O]
[Text=but CharacterOffsetBegin=347 CharacterOffsetEnd=350 PartOfSpeech=CC Lemma=but NamedEntityTag=O]
[Text=it CharacterOffsetBegin=351 CharacterOffsetEnd=353 PartOfSpeech=PRP Lemma=it NamedEntityTag=O]
[Text='s CharacterOffsetBegin=353 CharacterOffsetEnd=355 PartOfSpeech=VBZ Lemma=be NamedEntityTag=O]
[Text=possible CharacterOffsetBegin=356 CharacterOffsetEnd=364 PartOfSpeech=JJ Lemma=possible NamedEntityTag=O]
[Text=she CharacterOffsetBegin=365 CharacterOffsetEnd=368 PartOfSpeech=PRP Lemma=she NamedEntityTag=O]
[Text='ll CharacterOffsetBegin=368 CharacterOffsetEnd=371 PartOfSpeech=MD Lemma=will NamedEntityTag=O]
[Text=do CharacterOffsetBegin=372 CharacterOffsetEnd=374 PartOfSpeech=VB Lemma=do NamedEntityTag=O]
[Text=something CharacterOffsetBegin=375 CharacterOffsetEnd=384 PartOfSpeech=NN Lemma=something NamedEntityTag=O]
[Text=behind CharacterOffsetBegin=385 CharacterOffsetEnd=391 PartOfSpeech=IN Lemma=behind NamedEntityTag=O]
[Text=his CharacterOffsetBegin=392 CharacterOffsetEnd=395 PartOfSpeech=PRP$ Lemma=he NamedEntityTag=O]
[Text=back CharacterOffsetBegin=396 CharacterOffsetEnd=400 PartOfSpeech=NN Lemma=back NamedEntityTag=O]
[Text=again CharacterOffsetBegin=401 CharacterOffsetEnd=406 PartOfSpeech=RB Lemma=again NamedEntityTag=O]
[Text=-- CharacterOffsetBegin=407 CharacterOffsetEnd=408 PartOfSpeech=: Lemma=-- NamedEntityTag=O]
[Text=possibly CharacterOffsetBegin=409 CharacterOffsetEnd=417 PartOfSpeech=RB Lemma=possibly NamedEntityTag=O]
[Text=in CharacterOffsetBegin=418 CharacterOffsetEnd=420 PartOfSpeech=IN Lemma=in NamedEntityTag=O]
[Text=conjunction CharacterOffsetBegin=421 CharacterOffsetEnd=432 PartOfSpeech=NN Lemma=conjunction NamedEntityTag=O]
[Text=with CharacterOffsetBegin=433 CharacterOffsetEnd=437 PartOfSpeech=IN Lemma=with NamedEntityTag=O]
[Text=Littlefinger CharacterOffsetBegin=438 CharacterOffsetEnd=450 PartOfSpeech=NNP Lemma=Littlefinger NamedEntityTag=O]
[Text=-- CharacterOffsetBegin=451 CharacterOffsetEnd=452 PartOfSpeech=: Lemma=-- NamedEntityTag=O]
[Text=that CharacterOffsetBegin=453 CharacterOffsetEnd=457 PartOfSpeech=WDT Lemma=that NamedEntityTag=O]
[Text=will CharacterOffsetBegin=458 CharacterOffsetEnd=462 PartOfSpeech=MD Lemma=will NamedEntityTag=O]
[Text=have CharacterOffsetBegin=463 CharacterOffsetEnd=467 PartOfSpeech=VB Lemma=have NamedEntityTag=O]
[Text=unhappy CharacterOffsetBegin=468 CharacterOffsetEnd=475 PartOfSpeech=JJ Lemma=unhappy NamedEntityTag=O]
[Text=consequences CharacterOffsetBegin=476 CharacterOffsetEnd=488 PartOfSpeech=NNS Lemma=consequence NamedEntityTag=O]
[Text=. CharacterOffsetBegin=488 CharacterOffsetEnd=489 PartOfSpeech=. Lemma=. NamedEntityTag=O]
(ROOT
  (S
    (S
      (NP (PRP We))
      (VP (VBP do) (RB n't)
        (VP (VB think)
          (SBAR
            (S
              (NP (PRP she))
              (VP (MD 'd)
                (ADVP (RB intentionally))
                (VP (VB harm)
                  (NP (PRP$ her) (NN brother)))))))))
    (, ,)
    (CC but)
    (S
      (NP (PRP it))
      (VP (VBZ 's)
        (ADJP
          (ADJP (JJ possible)
            (SBAR
              (S
                (NP (PRP she))
                (VP (MD 'll)
                  (VP (VB do)
                    (NP (NN something))
                    (PP (IN behind)
                      (NP (PRP$ his) (NN back)))
                    (ADVP (RB again)))))))
          (PRN (: --)
            (ADVP (RB possibly))
            (PP (IN in)
              (NP
                (NP (NN conjunction))
                (PP (IN with)
                  (NP (NNP Littlefinger)))))
            (: --))
          (SBAR
            (WHNP (WDT that))
            (S
              (VP (MD will)
                (VP (VB have)
                  (NP
                    (ADJP (JJ unhappy))
                    (NNS consequences)))))))))
    (. .)))

root(ROOT-0, think-4)
nsubj(think-4, We-1)
aux(think-4, do-2)
neg(think-4, n't-3)
nsubj(harm-8, she-5)
aux(harm-8, 'd-6)
advmod(harm-8, intentionally-7)
ccomp(think-4, harm-8)
nmod:poss(brother-10, her-9)
dobj(harm-8, brother-10)
punct(think-4, ,-11)
cc(think-4, but-12)
nsubj(possible-15, it-13)
cop(possible-15, 's-14)
conj:but(think-4, possible-15)
nsubj(do-18, she-16)
aux(do-18, 'll-17)
ccomp(possible-15, do-18)
dobj(do-18, something-19)
case(back-22, behind-20)
nmod:poss(back-22, his-21)
nmod:behind(do-18, back-22)
advmod(do-18, again-23)
punct(conjunction-27, ---24)
dep(conjunction-27, possibly-25)
case(conjunction-27, in-26)
dep(possible-15, conjunction-27)
case(Littlefinger-29, with-28)
nmod:with(conjunction-27, Littlefinger-29)
punct(conjunction-27, ---30)
nsubj(have-33, that-31)
aux(have-33, will-32)
ccomp(possible-15, have-33)
amod(consequences-35, unhappy-34)
dobj(have-33, consequences-35)
punct(think-4, .-36)

Sentence #4 (17 tokens):
It's less likely, but the other possibility is that she might go completely rogue.
[Text=It CharacterOffsetBegin=491 CharacterOffsetEnd=493 PartOfSpeech=PRP Lemma=it NamedEntityTag=O]
[Text='s CharacterOffsetBegin=493 CharacterOffsetEnd=495 PartOfSpeech=VBZ Lemma=be NamedEntityTag=O]
[Text=less CharacterOffsetBegin=496 CharacterOffsetEnd=500 PartOfSpeech=RBR Lemma=less NamedEntityTag=O]
[Text=likely CharacterOffsetBegin=501 CharacterOffsetEnd=507 PartOfSpeech=JJ Lemma=likely NamedEntityTag=O]
[Text=, CharacterOffsetBegin=507 CharacterOffsetEnd=508 PartOfSpeech=, Lemma=, NamedEntityTag=O]
[Text=but CharacterOffsetBegin=509 CharacterOffsetEnd=512 PartOfSpeech=CC Lemma=but NamedEntityTag=O]
[Text=the CharacterOffsetBegin=513 CharacterOffsetEnd=516 PartOfSpeech=DT Lemma=the NamedEntityTag=O]
[Text=other CharacterOffsetBegin=517 CharacterOffsetEnd=522 PartOfSpeech=JJ Lemma=other NamedEntityTag=O]
[Text=possibility CharacterOffsetBegin=523 CharacterOffsetEnd=534 PartOfSpeech=NN Lemma=possibility NamedEntityTag=O]
[Text=is CharacterOffsetBegin=535 CharacterOffsetEnd=537 PartOfSpeech=VBZ Lemma=be NamedEntityTag=O]
[Text=that CharacterOffsetBegin=538 CharacterOffsetEnd=542 PartOfSpeech=IN Lemma=that NamedEntityTag=O]
[Text=she CharacterOffsetBegin=543 CharacterOffsetEnd=546 PartOfSpeech=PRP Lemma=she NamedEntityTag=O]
[Text=might CharacterOffsetBegin=547 CharacterOffsetEnd=552 PartOfSpeech=MD Lemma=might NamedEntityTag=O]
[Text=go CharacterOffsetBegin=553 CharacterOffsetEnd=555 PartOfSpeech=VB Lemma=go NamedEntityTag=O]
[Text=completely CharacterOffsetBegin=556 CharacterOffsetEnd=566 PartOfSpeech=RB Lemma=completely NamedEntityTag=O]
[Text=rogue CharacterOffsetBegin=567 CharacterOffsetEnd=572 PartOfSpeech=NN Lemma=rogue NamedEntityTag=O]
[Text=. CharacterOffsetBegin=572 CharacterOffsetEnd=573 PartOfSpeech=. Lemma=. NamedEntityTag=O]
(ROOT
  (S
    (S
      (NP (PRP It))
      (VP (VBZ 's)
        (ADJP (RBR less) (JJ likely))))
    (, ,)
    (CC but)
    (S
      (NP (DT the) (JJ other) (NN possibility))
      (VP (VBZ is)
        (SBAR (IN that)
          (S
            (NP (PRP she))
            (VP (MD might)
              (VP (VB go)
                (ADVP (RB completely))
                (NP (NN rogue))))))))
    (. .)))

root(ROOT-0, likely-4)
nsubj(likely-4, It-1)
cop(likely-4, 's-2)
advmod(likely-4, less-3)
punct(likely-4, ,-5)
cc(likely-4, but-6)
det(possibility-9, the-7)
amod(possibility-9, other-8)
nsubj(is-10, possibility-9)
conj:but(likely-4, is-10)
mark(go-14, that-11)
nsubj(go-14, she-12)
aux(go-14, might-13)
ccomp(is-10, go-14)
advmod(go-14, completely-15)
dobj(go-14, rogue-16)
punct(likely-4, .-17)

Sentence #5 (36 tokens):
We know from George R. R. Martin's 1993 letter to his agent detailing the initial outline for A Song of Ice and Fire that he'd originally intended for Sansa to betray the Starks.
[Text=We CharacterOffsetBegin=574 CharacterOffsetEnd=576 PartOfSpeech=PRP Lemma=we NamedEntityTag=O]
[Text=know CharacterOffsetBegin=577 CharacterOffsetEnd=581 PartOfSpeech=VBP Lemma=know NamedEntityTag=O]
[Text=from CharacterOffsetBegin=582 CharacterOffsetEnd=586 PartOfSpeech=IN Lemma=from NamedEntityTag=O]
[Text=George CharacterOffsetBegin=587 CharacterOffsetEnd=593 PartOfSpeech=NNP Lemma=George NamedEntityTag=PERSON]
[Text=R. CharacterOffsetBegin=594 CharacterOffsetEnd=596 PartOfSpeech=NNP Lemma=R. NamedEntityTag=PERSON]
[Text=R. CharacterOffsetBegin=597 CharacterOffsetEnd=599 PartOfSpeech=NNP Lemma=R. NamedEntityTag=PERSON]
[Text=Martin CharacterOffsetBegin=600 CharacterOffsetEnd=606 PartOfSpeech=NNP Lemma=Martin NamedEntityTag=PERSON]
[Text='s CharacterOffsetBegin=606 CharacterOffsetEnd=608 PartOfSpeech=POS Lemma='s NamedEntityTag=O]
[Text=1993 CharacterOffsetBegin=609 CharacterOffsetEnd=613 PartOfSpeech=CD Lemma=1993 NamedEntityTag=DATE NormalizedNamedEntityTag=1993 Timex=<TIMEX3 tid="t1" type="DATE" value="1993">1993</TIMEX3>]
[Text=letter CharacterOffsetBegin=614 CharacterOffsetEnd=620 PartOfSpeech=NN Lemma=letter NamedEntityTag=O]
[Text=to CharacterOffsetBegin=621 CharacterOffsetEnd=623 PartOfSpeech=TO Lemma=to NamedEntityTag=O]
[Text=his CharacterOffsetBegin=624 CharacterOffsetEnd=627 PartOfSpeech=PRP$ Lemma=he NamedEntityTag=O]
[Text=agent CharacterOffsetBegin=628 CharacterOffsetEnd=633 PartOfSpeech=NN Lemma=agent NamedEntityTag=O]
[Text=detailing CharacterOffsetBegin=634 CharacterOffsetEnd=643 PartOfSpeech=VBG Lemma=detail NamedEntityTag=O]
[Text=the CharacterOffsetBegin=644 CharacterOffsetEnd=647 PartOfSpeech=DT Lemma=the NamedEntityTag=O]
[Text=initial CharacterOffsetBegin=648 CharacterOffsetEnd=655 PartOfSpeech=JJ Lemma=initial NamedEntityTag=O]
[Text=outline CharacterOffsetBegin=656 CharacterOffsetEnd=663 PartOfSpeech=NN Lemma=outline NamedEntityTag=O]
[Text=for CharacterOffsetBegin=664 CharacterOffsetEnd=667 PartOfSpeech=IN Lemma=for NamedEntityTag=O]
[Text=A CharacterOffsetBegin=668 CharacterOffsetEnd=669 PartOfSpeech=DT Lemma=a NamedEntityTag=O]
[Text=Song CharacterOffsetBegin=670 CharacterOffsetEnd=674 PartOfSpeech=NN Lemma=song NamedEntityTag=O]
[Text=of CharacterOffsetBegin=675 CharacterOffsetEnd=677 PartOfSpeech=IN Lemma=of NamedEntityTag=O]
[Text=Ice CharacterOffsetBegin=678 CharacterOffsetEnd=681 PartOfSpeech=NN Lemma=ice NamedEntityTag=O]
[Text=and CharacterOffsetBegin=682 CharacterOffsetEnd=685 PartOfSpeech=CC Lemma=and NamedEntityTag=O]
[Text=Fire CharacterOffsetBegin=686 CharacterOffsetEnd=690 PartOfSpeech=NN Lemma=fire NamedEntityTag=O]
[Text=that CharacterOffsetBegin=691 CharacterOffsetEnd=695 PartOfSpeech=IN Lemma=that NamedEntityTag=O]
[Text=he CharacterOffsetBegin=696 CharacterOffsetEnd=698 PartOfSpeech=PRP Lemma=he NamedEntityTag=O]
[Text='d CharacterOffsetBegin=698 CharacterOffsetEnd=700 PartOfSpeech=MD Lemma=would NamedEntityTag=O]
[Text=originally CharacterOffsetBegin=701 CharacterOffsetEnd=711 PartOfSpeech=RB Lemma=originally NamedEntityTag=O]
[Text=intended CharacterOffsetBegin=712 CharacterOffsetEnd=720 PartOfSpeech=VBN Lemma=intend NamedEntityTag=O]
[Text=for CharacterOffsetBegin=721 CharacterOffsetEnd=724 PartOfSpeech=IN Lemma=for NamedEntityTag=O]
[Text=Sansa CharacterOffsetBegin=725 CharacterOffsetEnd=730 PartOfSpeech=NNP Lemma=Sansa NamedEntityTag=O]
[Text=to CharacterOffsetBegin=731 CharacterOffsetEnd=733 PartOfSpeech=TO Lemma=to NamedEntityTag=O]
[Text=betray CharacterOffsetBegin=734 CharacterOffsetEnd=740 PartOfSpeech=VB Lemma=betray NamedEntityTag=O]
[Text=the CharacterOffsetBegin=741 CharacterOffsetEnd=744 PartOfSpeech=DT Lemma=the NamedEntityTag=O]
[Text=Starks CharacterOffsetBegin=745 CharacterOffsetEnd=751 PartOfSpeech=NNPS Lemma=Starks NamedEntityTag=O]
[Text=. CharacterOffsetBegin=751 CharacterOffsetEnd=752 PartOfSpeech=. Lemma=. NamedEntityTag=O]
(ROOT
  (S
    (NP (PRP We))
    (VP (VBP know)
      (PP (IN from)
        (NP
          (NP (NNP George) (NNP R.) (NNP R.) (NNP Martin) (POS 's))
          (CD 1993) (NN letter)))
      (PP (TO to)
        (NP
          (NP (PRP$ his) (NN agent))
          (VP (VBG detailing)
            (NP
              (NP (DT the) (JJ initial) (NN outline))
              (PP (IN for)
                (NP
                  (NP (DT A) (NN Song))
                  (PP (IN of)
                    (NP (NN Ice)
                      (CC and)
                      (NN Fire))))))
            (SBAR (IN that)
              (S
                (NP (PRP he))
                (VP (MD 'd)
                  (VP
                    (ADVP (RB originally))
                    (VBN intended)
                    (PP (IN for)
                      (NP (NNP Sansa)))
                    (S
                      (VP (TO to)
                        (VP (VB betray)
                          (NP (DT the) (NNPS Starks)))))))))))))
    (. .)))

root(ROOT-0, know-2)
nsubj(know-2, We-1)
case(letter-10, from-3)
compound(Martin-7, George-4)
compound(Martin-7, R.-5)
compound(Martin-7, R.-6)
nmod:poss(letter-10, Martin-7)
case(Martin-7, 's-8)
nummod(letter-10, 1993-9)
nmod:from(know-2, letter-10)
case(agent-13, to-11)
nmod:poss(agent-13, his-12)
nmod:to(know-2, agent-13)
acl(agent-13, detailing-14)
det(outline-17, the-15)
amod(outline-17, initial-16)
dobj(detailing-14, outline-17)
case(Song-20, for-18)
det(Song-20, A-19)
nmod:for(outline-17, Song-20)
case(Ice-22, of-21)
nmod:of(Song-20, Ice-22)
cc(Ice-22, and-23)
nmod:of(Song-20, Fire-24)
conj:and(Ice-22, Fire-24)
mark(intended-29, that-25)
nsubj(intended-29, he-26)
nsubj:xsubj(betray-33, he-26)
aux(intended-29, 'd-27)
advmod(intended-29, originally-28)
ccomp(detailing-14, intended-29)
case(Sansa-31, for-30)
nmod:for(intended-29, Sansa-31)
mark(betray-33, to-32)
xcomp(intended-29, betray-33)
det(Starks-35, the-34)
dobj(betray-33, Starks-35)
punct(know-2, .-36)

Sentence #6 (25 tokens):
Obviously his story has ended up changing massively since then, but who knows... maybe that's one element he decided to keep.
[Text=Obviously CharacterOffsetBegin=753 CharacterOffsetEnd=762 PartOfSpeech=RB Lemma=obviously NamedEntityTag=O]
[Text=his CharacterOffsetBegin=763 CharacterOffsetEnd=766 PartOfSpeech=PRP$ Lemma=he NamedEntityTag=O]
[Text=story CharacterOffsetBegin=767 CharacterOffsetEnd=772 PartOfSpeech=NN Lemma=story NamedEntityTag=O]
[Text=has CharacterOffsetBegin=773 CharacterOffsetEnd=776 PartOfSpeech=VBZ Lemma=have NamedEntityTag=O]
[Text=ended CharacterOffsetBegin=777 CharacterOffsetEnd=782 PartOfSpeech=VBN Lemma=end NamedEntityTag=O]
[Text=up CharacterOffsetBegin=783 CharacterOffsetEnd=785 PartOfSpeech=RP Lemma=up NamedEntityTag=O]
[Text=changing CharacterOffsetBegin=786 CharacterOffsetEnd=794 PartOfSpeech=VBG Lemma=change NamedEntityTag=O]
[Text=massively CharacterOffsetBegin=795 CharacterOffsetEnd=804 PartOfSpeech=RB Lemma=massively NamedEntityTag=O]
[Text=since CharacterOffsetBegin=805 CharacterOffsetEnd=810 PartOfSpeech=IN Lemma=since NamedEntityTag=O]
[Text=then CharacterOffsetBegin=811 CharacterOffsetEnd=815 PartOfSpeech=RB Lemma=then NamedEntityTag=O]
[Text=, CharacterOffsetBegin=815 CharacterOffsetEnd=816 PartOfSpeech=, Lemma=, NamedEntityTag=O]
[Text=but CharacterOffsetBegin=817 CharacterOffsetEnd=820 PartOfSpeech=CC Lemma=but NamedEntityTag=O]
[Text=who CharacterOffsetBegin=821 CharacterOffsetEnd=824 PartOfSpeech=WP Lemma=who NamedEntityTag=O]
[Text=knows CharacterOffsetBegin=825 CharacterOffsetEnd=830 PartOfSpeech=VBZ Lemma=know NamedEntityTag=O]
[Text=... CharacterOffsetBegin=830 CharacterOffsetEnd=833 PartOfSpeech=: Lemma=... NamedEntityTag=O]
[Text=maybe CharacterOffsetBegin=834 CharacterOffsetEnd=839 PartOfSpeech=RB Lemma=maybe NamedEntityTag=O]
[Text=that CharacterOffsetBegin=840 CharacterOffsetEnd=844 PartOfSpeech=DT Lemma=that NamedEntityTag=O]
[Text='s CharacterOffsetBegin=844 CharacterOffsetEnd=846 PartOfSpeech=VBZ Lemma=be NamedEntityTag=O]
[Text=one CharacterOffsetBegin=847 CharacterOffsetEnd=850 PartOfSpeech=CD Lemma=one NamedEntityTag=NUMBER NormalizedNamedEntityTag=1.0]
[Text=element CharacterOffsetBegin=851 CharacterOffsetEnd=858 PartOfSpeech=NN Lemma=element NamedEntityTag=O]
[Text=he CharacterOffsetBegin=859 CharacterOffsetEnd=861 PartOfSpeech=PRP Lemma=he NamedEntityTag=O]
[Text=decided CharacterOffsetBegin=862 CharacterOffsetEnd=869 PartOfSpeech=VBD Lemma=decide NamedEntityTag=O]
[Text=to CharacterOffsetBegin=870 CharacterOffsetEnd=872 PartOfSpeech=TO Lemma=to NamedEntityTag=O]
[Text=keep CharacterOffsetBegin=873 CharacterOffsetEnd=877 PartOfSpeech=VB Lemma=keep NamedEntityTag=O]
[Text=. CharacterOffsetBegin=877 CharacterOffsetEnd=878 PartOfSpeech=. Lemma=. NamedEntityTag=O]
(ROOT
  (S
    (S
      (ADVP (RB Obviously))
      (NP (PRP$ his) (NN story))
      (VP (VBZ has)
        (VP (VBN ended)
          (PRT (RP up))
          (S
            (VP (VBG changing)
              (ADVP (RB massively))
              (PP (IN since)
                (NP (RB then))))))))
    (, ,)
    (CC but)
    (S
      (SBAR
        (WHNP (WP who))
        (S
          (VP (VBZ knows))))
      (: ...)
      (ADVP (RB maybe))
      (NP (DT that))
      (VP (VBZ 's)
        (NP
          (NP (CD one) (NN element))
          (SBAR
            (S
              (NP (PRP he))
              (VP (VBD decided)
                (S
                  (VP (TO to)
                    (VP (VB keep))))))))))
    (. .)))

root(ROOT-0, ended-5)
advmod(ended-5, Obviously-1)
nmod:poss(story-3, his-2)
nsubj(ended-5, story-3)
aux(ended-5, has-4)
compound:prt(ended-5, up-6)
xcomp(ended-5, changing-7)
advmod(changing-7, massively-8)
case(then-10, since-9)
nmod:since(changing-7, then-10)
punct(ended-5, ,-11)
cc(ended-5, but-12)
nsubj(knows-14, who-13)
advcl(element-20, knows-14)
punct(element-20, ...-15)
advmod(element-20, maybe-16)
nsubj(element-20, that-17)
cop(element-20, 's-18)
nummod(element-20, one-19)
conj:but(ended-5, element-20)
nsubj(decided-22, he-21)
nsubj:xsubj(keep-24, he-21)
acl:relcl(element-20, decided-22)
mark(keep-24, to-23)
xcomp(decided-22, keep-24)
punct(ended-5, .-25)

Coreference set:
	(1,1,[1,2]) -> (2,3,[3,5]), that is: "Sansa" -> "Sansa 's"
	(2,12,[12,13]) -> (2,3,[3,5]), that is: "her" -> "Sansa 's"
	(2,43,[43,44]) -> (2,3,[3,5]), that is: "her" -> "Sansa 's"
	(2,48,[48,49]) -> (2,3,[3,5]), that is: "her" -> "Sansa 's"
	(3,5,[5,6]) -> (2,3,[3,5]), that is: "she" -> "Sansa 's"
	(3,9,[9,10]) -> (2,3,[3,5]), that is: "her" -> "Sansa 's"
	(3,16,[16,17]) -> (2,3,[3,5]), that is: "she" -> "Sansa 's"
	(4,12,[12,13]) -> (2,3,[3,5]), that is: "she" -> "Sansa 's"
	(5,31,[31,32]) -> (2,3,[3,5]), that is: "Sansa" -> "Sansa 's"
Coreference set:
	(2,33,[33,34]) -> (2,15,[15,16]), that is: "he" -> "Jon"
Coreference set:
	(3,1,[1,2]) -> (2,1,[1,2]), that is: "We" -> "We"
	(5,1,[1,2]) -> (2,1,[1,2]), that is: "We" -> "We"
Coreference set:
	(2,39,[39,40]) -> (2,13,[12,16]), that is: "it" -> "her frustration over Jon"
	(3,13,[13,14]) -> (2,13,[12,16]), that is: "it" -> "her frustration over Jon"
	(4,1,[1,2]) -> (2,13,[12,16]), that is: "It" -> "her frustration over Jon"
Coreference set:
	(3,21,[21,22]) -> (3,10,[9,11]), that is: "his" -> "her brother"
Coreference set:
	(5,12,[12,13]) -> (5,7,[4,9]), that is: "his" -> "George R. R. Martin 's"
	(5,26,[26,27]) -> (5,7,[4,9]), that is: "he" -> "George R. R. Martin 's"
	(6,2,[2,3]) -> (5,7,[4,9]), that is: "his" -> "George R. R. Martin 's"
	(6,21,[21,22]) -> (5,7,[4,9]), that is: "he" -> "George R. R. Martin 's"
Coreference set:
	(6,17,[17,18]) -> (6,10,[10,11]), that is: "that" -> "then"
