Sentence #1 (8 tokens):
Daenerys will take care of Euron Greyjoy.
[Text=Daenerys CharacterOffsetBegin=0 CharacterOffsetEnd=8 PartOfSpeech=NNP Lemma=Daenerys NamedEntityTag=PERSON]
[Text=will CharacterOffsetBegin=9 CharacterOffsetEnd=13 PartOfSpeech=MD Lemma=will NamedEntityTag=O]
[Text=take CharacterOffsetBegin=14 CharacterOffsetEnd=18 PartOfSpeech=VB Lemma=take NamedEntityTag=O]
[Text=care CharacterOffsetBegin=19 CharacterOffsetEnd=23 PartOfSpeech=NN Lemma=care NamedEntityTag=O]
[Text=of CharacterOffsetBegin=24 CharacterOffsetEnd=26 PartOfSpeech=IN Lemma=of NamedEntityTag=O]
[Text=Euron CharacterOffsetBegin=27 CharacterOffsetEnd=32 PartOfSpeech=NNP Lemma=Euron NamedEntityTag=PERSON]
[Text=Greyjoy CharacterOffsetBegin=33 CharacterOffsetEnd=40 PartOfSpeech=NNP Lemma=Greyjoy NamedEntityTag=PERSON]
[Text=. CharacterOffsetBegin=40 CharacterOffsetEnd=41 PartOfSpeech=. Lemma=. NamedEntityTag=O]
(ROOT
  (S
    (NP (NNP Daenerys))
    (VP (MD will)
      (VP (VB take)
        (NP
          (NP (NN care))
          (PP (IN of)
            (NP (NNP Euron) (NNP Greyjoy))))))
    (. .)))

root(ROOT-0, take-3)
nsubj(take-3, Daenerys-1)
aux(take-3, will-2)
dobj(take-3, care-4)
case(Greyjoy-7, of-5)
compound(Greyjoy-7, Euron-6)
nmod:of(care-4, Greyjoy-7)
punct(take-3, .-8)

Sentence #2 (51 tokens):
Seeing as showrunners D.B. Weiss and David Benioff have already cut plenty of Martin's book characters from the TV show (including Victarion Greyjoy), we can't see why they'd bother including Euron unless he has a reasonably big part to play in the upcoming season.
[Text=Seeing CharacterOffsetBegin=42 CharacterOffsetEnd=48 PartOfSpeech=VBG Lemma=see NamedEntityTag=O]
[Text=as CharacterOffsetBegin=49 CharacterOffsetEnd=51 PartOfSpeech=IN Lemma=as NamedEntityTag=O]
[Text=showrunners CharacterOffsetBegin=52 CharacterOffsetEnd=63 PartOfSpeech=NNS Lemma=showrunner NamedEntityTag=O]
[Text=D.B. CharacterOffsetBegin=64 CharacterOffsetEnd=68 PartOfSpeech=NNP Lemma=D.B. NamedEntityTag=PERSON]
[Text=Weiss CharacterOffsetBegin=69 CharacterOffsetEnd=74 PartOfSpeech=NNP Lemma=Weiss NamedEntityTag=PERSON]
[Text=and CharacterOffsetBegin=75 CharacterOffsetEnd=78 PartOfSpeech=CC Lemma=and NamedEntityTag=O]
[Text=David CharacterOffsetBegin=79 CharacterOffsetEnd=84 PartOfSpeech=NNP Lemma=David NamedEntityTag=PERSON]
[Text=Benioff CharacterOffsetBegin=85 CharacterOffsetEnd=92 PartOfSpeech=NNP Lemma=Benioff NamedEntityTag=PERSON]
[Text=have CharacterOffsetBegin=93 CharacterOffsetEnd=97 PartOfSpeech=VBP Lemma=have NamedEntityTag=O]
[Text=already CharacterOffsetBegin=98 CharacterOffsetEnd=105 PartOfSpeech=RB Lemma=already NamedEntityTag=O]
[Text=cut CharacterOffsetBegin=106 CharacterOffsetEnd=109 PartOfSpeech=VBN Lemma=cut NamedEntityTag=O]
[Text=plenty CharacterOffsetBegin=110 CharacterOffsetEnd=116 PartOfSpeech=NN Lemma=plenty NamedEntityTag=O]
[Text=of CharacterOffsetBegin=117 CharacterOffsetEnd=119 PartOfSpeech=IN Lemma=of NamedEntityTag=O]
[Text=Martin CharacterOffsetBegin=120 CharacterOffsetEnd=126 PartOfSpeech=NNP Lemma=Martin NamedEntityTag=PERSON]
[Text='s CharacterOffsetBegin=126 CharacterOffsetEnd=128 PartOfSpeech=POS Lemma='s NamedEntityTag=O]
[Text=book CharacterOffsetBegin=129 CharacterOffsetEnd=133 PartOfSpeech=NN Lemma=book NamedEntityTag=O]
[Text=characters CharacterOffsetBegin=134 CharacterOffsetEnd=144 PartOfSpeech=NNS Lemma=character NamedEntityTag=O]
[Text=from CharacterOffsetBegin=145 CharacterOffsetEnd=149 PartOfSpeech=IN Lemma=from NamedEntityTag=O]
[Text=the CharacterOffsetBegin=150 CharacterOffsetEnd=153 PartOfSpeech=DT Lemma=the NamedEntityTag=O]
[Text=TV CharacterOffsetBegin=154 CharacterOffsetEnd=156 PartOfSpeech=NN Lemma=tv NamedEntityTag=O]
[Text=show CharacterOffsetBegin=157 CharacterOffsetEnd=161 PartOfSpeech=NN Lemma=show NamedEntityTag=O]
[Text=-LRB- CharacterOffsetBegin=162 CharacterOffsetEnd=163 PartOfSpeech=-LRB- Lemma=-lrb- NamedEntityTag=O]
[Text=including CharacterOffsetBegin=163 CharacterOffsetEnd=172 PartOfSpeech=VBG Lemma=include NamedEntityTag=O]
[Text=Victarion CharacterOffsetBegin=173 CharacterOffsetEnd=182 PartOfSpeech=NNP Lemma=Victarion NamedEntityTag=O]
[Text=Greyjoy CharacterOffsetBegin=183 CharacterOffsetEnd=190 PartOfSpeech=NNP Lemma=Greyjoy NamedEntityTag=O]
[Text=-RRB- CharacterOffsetBegin=190 CharacterOffsetEnd=191 PartOfSpeech=-RRB- Lemma=-rrb- NamedEntityTag=O]
[Text=, CharacterOffsetBegin=191 CharacterOffsetEnd=192 PartOfSpeech=, Lemma=, NamedEntityTag=O]
[Text=we CharacterOffsetBegin=193 CharacterOffsetEnd=195 PartOfSpeech=PRP Lemma=we NamedEntityTag=O]
[Text=ca CharacterOffsetBegin=196 CharacterOffsetEnd=198 PartOfSpeech=MD Lemma=can NamedEntityTag=O]
[Text=n't CharacterOffsetBegin=198 CharacterOffsetEnd=201 PartOfSpeech=RB Lemma=not NamedEntityTag=O]
[Text=see CharacterOffsetBegin=202 CharacterOffsetEnd=205 PartOfSpeech=VB Lemma=see NamedEntityTag=O]
[Text=why CharacterOffsetBegin=206 CharacterOffsetEnd=209 PartOfSpeech=WRB Lemma=why NamedEntityTag=O]
[Text=they CharacterOffsetBegin=210 CharacterOffsetEnd=214 PartOfSpeech=PRP Lemma=they NamedEntityTag=O]
[Text='d CharacterOffsetBegin=214 CharacterOffsetEnd=216 PartOfSpeech=MD Lemma=would NamedEntityTag=O]
[Text=bother CharacterOffsetBegin=217 CharacterOffsetEnd=223 PartOfSpeech=VB Lemma=bother NamedEntityTag=O]
[Text=including CharacterOffsetBegin=224 CharacterOffsetEnd=233 PartOfSpeech=VBG Lemma=include NamedEntityTag=O]
[Text=Euron CharacterOffsetBegin=234 CharacterOffsetEnd=239 PartOfSpeech=NNP Lemma=Euron NamedEntityTag=MISC]
[Text=unless CharacterOffsetBegin=240 CharacterOffsetEnd=246 PartOfSpeech=IN Lemma=unless NamedEntityTag=O]
[Text=he CharacterOffsetBegin=247 CharacterOffsetEnd=249 PartOfSpeech=PRP Lemma=he NamedEntityTag=O]
[Text=has CharacterOffsetBegin=250 CharacterOffsetEnd=253 PartOfSpeech=VBZ Lemma=have NamedEntityTag=O]
[Text=a CharacterOffsetBegin=254 CharacterOffsetEnd=255 PartOfSpeech=DT Lemma=a NamedEntityTag=O]
[Text=reasonably CharacterOffsetBegin=256 CharacterOffsetEnd=266 PartOfSpeech=RB Lemma=reasonably NamedEntityTag=O]
[Text=big CharacterOffsetBegin=267 CharacterOffsetEnd=270 PartOfSpeech=JJ Lemma=big NamedEntityTag=O]
[Text=part CharacterOffsetBegin=271 CharacterOffsetEnd=275 PartOfSpeech=NN Lemma=part NamedEntityTag=O]
[Text=to CharacterOffsetBegin=276 CharacterOffsetEnd=278 PartOfSpeech=TO Lemma=to NamedEntityTag=O]
[Text=play CharacterOffsetBegin=279 CharacterOffsetEnd=283 PartOfSpeech=VB Lemma=play NamedEntityTag=O]
[Text=in CharacterOffsetBegin=284 CharacterOffsetEnd=286 PartOfSpeech=IN Lemma=in NamedEntityTag=O]
[Text=the CharacterOffsetBegin=287 CharacterOffsetEnd=290 PartOfSpeech=DT Lemma=the NamedEntityTag=O]
[Text=upcoming CharacterOffsetBegin=291 CharacterOffsetEnd=299 PartOfSpeech=VBG Lemma=upcome NamedEntityTag=O]
[Text=season CharacterOffsetBegin=300 CharacterOffsetEnd=306 PartOfSpeech=NN Lemma=season NamedEntityTag=O]
[Text=. CharacterOffsetBegin=306 CharacterOffsetEnd=307 PartOfSpeech=. Lemma=. NamedEntityTag=O]
(ROOT
  (S
    (S
      (VP (VBG Seeing)
        (SBAR (IN as)
          (S
            (NP (NNS showrunners) (NNP D.B.) (NNP Weiss)
              (CC and)
              (NNP David) (NNP Benioff))
            (VP (VBP have)
              (ADVP (RB already))
              (VP (VBN cut)
                (NP
                  (NP (NN plenty))
                  (PP (IN of)
                    (NP
                      (NP (NNP Martin) (POS 's))
                      (NN book) (NNS characters))))
                (PP (IN from)
                  (NP (DT the) (NN TV) (NN show)))))))
        (PRN (-LRB- -LRB-)
          (PP (VBG including)
            (NP (NNP Victarion) (NNP Greyjoy)))
          (-RRB- -RRB-))))
    (, ,)
    (NP (PRP we))
    (VP (MD ca) (RB n't)
      (VP (VB see)
        (SBAR
          (WHADVP (WRB why))
          (S
            (NP (PRP they))
            (VP (MD 'd)
              (VP (VB bother)
                (PP (VBG including)
                  (NP
                    (NP (NNP Euron))
                    (SBAR (IN unless)
                      (S
                        (NP (PRP he))
                        (VP (VBZ has)
                          (NP (DT a)
                            (ADJP (RB reasonably) (JJ big))
                            (NN part)
                            (S
                              (VP (TO to)
                                (VP (VB play)
                                  (PP (IN in)
                                    (NP (DT the) (VBG upcoming) (NN season))))))))))))))))))
    (. .)))

root(ROOT-0, see-31)
advcl(see-31, Seeing-1)
mark(cut-11, as-2)
compound(Weiss-5, showrunners-3)
compound(Weiss-5, D.B.-4)
nsubj(cut-11, Weiss-5)
cc(Weiss-5, and-6)
compound(Benioff-8, David-7)
conj:and(Weiss-5, Benioff-8)
nsubj(cut-11, Benioff-8)
aux(cut-11, have-9)
advmod(cut-11, already-10)
advcl:as(Seeing-1, cut-11)
det:qmod(characters-17, plenty-12)
mwe(plenty-12, of-13)
nmod:poss(characters-17, Martin-14)
case(Martin-14, 's-15)
compound(characters-17, book-16)
dobj(cut-11, characters-17)
case(show-21, from-18)
det(show-21, the-19)
compound(show-21, TV-20)
nmod:from(cut-11, show-21)
punct(Greyjoy-25, -LRB--22)
case(Greyjoy-25, including-23)
compound(Greyjoy-25, Victarion-24)
dep(Seeing-1, Greyjoy-25)
punct(Greyjoy-25, -RRB--26)
punct(see-31, ,-27)
nsubj(see-31, we-28)
aux(see-31, ca-29)
neg(see-31, n't-30)
advmod(bother-35, why-32)
nsubj(bother-35, they-33)
aux(bother-35, 'd-34)
advcl(see-31, bother-35)
case(Euron-37, including-36)
nmod:including(bother-35, Euron-37)
mark(has-40, unless-38)
nsubj(has-40, he-39)
dep(Euron-37, has-40)
det(part-44, a-41)
advmod(big-43, reasonably-42)
amod(part-44, big-43)
dobj(has-40, part-44)
mark(play-46, to-45)
acl:to(part-44, play-46)
case(season-50, in-47)
det(season-50, the-48)
amod(season-50, upcoming-49)
nmod:in(play-46, season-50)
punct(see-31, .-51)

Sentence #3 (35 tokens):
At the moment, Euron's main beef is with Theon and Yara (who ran off with a bunch of his ships) and his main mission is to make Daenerys his bride.
[Text=At CharacterOffsetBegin=309 CharacterOffsetEnd=311 PartOfSpeech=IN Lemma=at NamedEntityTag=O]
[Text=the CharacterOffsetBegin=312 CharacterOffsetEnd=315 PartOfSpeech=DT Lemma=the NamedEntityTag=O]
[Text=moment CharacterOffsetBegin=316 CharacterOffsetEnd=322 PartOfSpeech=NN Lemma=moment NamedEntityTag=O]
[Text=, CharacterOffsetBegin=322 CharacterOffsetEnd=323 PartOfSpeech=, Lemma=, NamedEntityTag=O]
[Text=Euron CharacterOffsetBegin=324 CharacterOffsetEnd=329 PartOfSpeech=NNP Lemma=Euron NamedEntityTag=PERSON]
[Text='s CharacterOffsetBegin=329 CharacterOffsetEnd=331 PartOfSpeech=POS Lemma='s NamedEntityTag=O]
[Text=main CharacterOffsetBegin=332 CharacterOffsetEnd=336 PartOfSpeech=JJ Lemma=main NamedEntityTag=O]
[Text=beef CharacterOffsetBegin=337 CharacterOffsetEnd=341 PartOfSpeech=NN Lemma=beef NamedEntityTag=O]
[Text=is CharacterOffsetBegin=342 CharacterOffsetEnd=344 PartOfSpeech=VBZ Lemma=be NamedEntityTag=O]
[Text=with CharacterOffsetBegin=345 CharacterOffsetEnd=349 PartOfSpeech=IN Lemma=with NamedEntityTag=O]
[Text=Theon CharacterOffsetBegin=350 CharacterOffsetEnd=355 PartOfSpeech=NNP Lemma=Theon NamedEntityTag=PERSON]
[Text=and CharacterOffsetBegin=356 CharacterOffsetEnd=359 PartOfSpeech=CC Lemma=and NamedEntityTag=O]
[Text=Yara CharacterOffsetBegin=360 CharacterOffsetEnd=364 PartOfSpeech=NNP Lemma=Yara NamedEntityTag=PERSON]
[Text=-LRB- CharacterOffsetBegin=365 CharacterOffsetEnd=366 PartOfSpeech=-LRB- Lemma=-lrb- NamedEntityTag=O]
[Text=who CharacterOffsetBegin=366 CharacterOffsetEnd=369 PartOfSpeech=WP Lemma=who NamedEntityTag=O]
[Text=ran CharacterOffsetBegin=370 CharacterOffsetEnd=373 PartOfSpeech=VBD Lemma=run NamedEntityTag=O]
[Text=off CharacterOffsetBegin=374 CharacterOffsetEnd=377 PartOfSpeech=RP Lemma=off NamedEntityTag=O]
[Text=with CharacterOffsetBegin=378 CharacterOffsetEnd=382 PartOfSpeech=IN Lemma=with NamedEntityTag=O]
[Text=a CharacterOffsetBegin=383 CharacterOffsetEnd=384 PartOfSpeech=DT Lemma=a NamedEntityTag=O]
[Text=bunch CharacterOffsetBegin=385 CharacterOffsetEnd=390 PartOfSpeech=NN Lemma=bunch NamedEntityTag=O]
[Text=of CharacterOffsetBegin=391 CharacterOffsetEnd=393 PartOfSpeech=IN Lemma=of NamedEntityTag=O]
[Text=his CharacterOffsetBegin=394 CharacterOffsetEnd=397 PartOfSpeech=PRP$ Lemma=he NamedEntityTag=O]
[Text=ships CharacterOffsetBegin=398 CharacterOffsetEnd=403 PartOfSpeech=NNS Lemma=ship NamedEntityTag=O]
[Text=-RRB- CharacterOffsetBegin=403 CharacterOffsetEnd=404 PartOfSpeech=-RRB- Lemma=-rrb- NamedEntityTag=O]
[Text=and CharacterOffsetBegin=405 CharacterOffsetEnd=408 PartOfSpeech=CC Lemma=and NamedEntityTag=O]
[Text=his CharacterOffsetBegin=409 CharacterOffsetEnd=412 PartOfSpeech=PRP$ Lemma=he NamedEntityTag=O]
[Text=main CharacterOffsetBegin=413 CharacterOffsetEnd=417 PartOfSpeech=JJ Lemma=main NamedEntityTag=O]
[Text=mission CharacterOffsetBegin=418 CharacterOffsetEnd=425 PartOfSpeech=NN Lemma=mission NamedEntityTag=O]
[Text=is CharacterOffsetBegin=426 CharacterOffsetEnd=428 PartOfSpeech=VBZ Lemma=be NamedEntityTag=O]
[Text=to CharacterOffsetBegin=429 CharacterOffsetEnd=431 PartOfSpeech=TO Lemma=to NamedEntityTag=O]
[Text=make CharacterOffsetBegin=432 CharacterOffsetEnd=436 PartOfSpeech=VB Lemma=make NamedEntityTag=O]
[Text=Daenerys CharacterOffsetBegin=437 CharacterOffsetEnd=445 PartOfSpeech=NNPS Lemma=Daenerys NamedEntityTag=PERSON]
[Text=his CharacterOffsetBegin=446 CharacterOffsetEnd=449 PartOfSpeech=PRP$ Lemma=he NamedEntityTag=O]
[Text=bride CharacterOffsetBegin=450 CharacterOffsetEnd=455 PartOfSpeech=NN Lemma=bride NamedEntityTag=O]
[Text=. CharacterOffsetBegin=455 CharacterOffsetEnd=456 PartOfSpeech=. Lemma=. NamedEntityTag=O]
(ROOT
  (S
    (PP (IN At)
      (NP (DT the) (NN moment)))
    (, ,)
    (S
      (NP
        (NP (NNP Euron) (POS 's))
        (JJ main) (NN beef))
      (VP (VBZ is)
        (PP (IN with)
          (NP (NNP Theon)
            (CC and)
            (NNP Yara)))))
    (PRN (-LRB- -LRB-)
      (SBAR
        (WHNP (WP who))
        (S
          (VP (VBD ran)
            (PRT (RP off))
            (PP (IN with)
              (NP
                (NP (DT a) (NN bunch))
                (PP (IN of)
                  (NP (PRP$ his) (NNS ships))))))))
      (-RRB- -RRB-))
    (CC and)
    (S
      (NP (PRP$ his) (JJ main) (NN mission))
      (VP (VBZ is)
        (S
          (VP (TO to)
            (VP (VB make)
              (NP (NNPS Daenerys))
              (NP (PRP$ his) (NN bride)))))))
    (. .)))

root(ROOT-0, Theon-11)
case(moment-3, At-1)
det(moment-3, the-2)
nmod:at(Theon-11, moment-3)
punct(Theon-11, ,-4)
nmod:poss(beef-8, Euron-5)
case(Euron-5, 's-6)
amod(beef-8, main-7)
nsubj(Theon-11, beef-8)
cop(Theon-11, is-9)
case(Theon-11, with-10)
cc(Theon-11, and-12)
conj:and(Theon-11, Yara-13)
punct(ran-16, -LRB--14)
nsubj(ran-16, who-15)
dep(Theon-11, ran-16)
compound:prt(ran-16, off-17)
case(bunch-20, with-18)
det:qmod(ships-23, a-19)
mwe(a-19, bunch-20)
mwe(a-19, of-21)
nmod:poss(ships-23, his-22)
nmod(ran-16, ships-23)
punct(ran-16, -RRB--24)
cc(Theon-11, and-25)
nmod:poss(mission-28, his-26)
amod(mission-28, main-27)
nsubj(is-29, mission-28)
nsubj:xsubj(make-31, mission-28)
conj:and(Theon-11, is-29)
mark(make-31, to-30)
xcomp(is-29, make-31)
iobj(make-31, Daenerys-32)
nmod:poss(bride-34, his-33)
dobj(make-31, bride-34)
punct(Theon-11, .-35)

Sentence #4 (34 tokens):
The last time we saw him, he was making the slightly ambitious request of his Ironborn friends to help him build "a thousand ships" so he could chase after them.
[Text=The CharacterOffsetBegin=457 CharacterOffsetEnd=460 PartOfSpeech=DT Lemma=the NamedEntityTag=O]
[Text=last CharacterOffsetBegin=461 CharacterOffsetEnd=465 PartOfSpeech=JJ Lemma=last NamedEntityTag=O]
[Text=time CharacterOffsetBegin=466 CharacterOffsetEnd=470 PartOfSpeech=NN Lemma=time NamedEntityTag=O]
[Text=we CharacterOffsetBegin=471 CharacterOffsetEnd=473 PartOfSpeech=PRP Lemma=we NamedEntityTag=O]
[Text=saw CharacterOffsetBegin=474 CharacterOffsetEnd=477 PartOfSpeech=VBD Lemma=see NamedEntityTag=O]
[Text=him CharacterOffsetBegin=478 CharacterOffsetEnd=481 PartOfSpeech=PRP Lemma=he NamedEntityTag=O]
[Text=, CharacterOffsetBegin=481 CharacterOffsetEnd=482 PartOfSpeech=, Lemma=, NamedEntityTag=O]
[Text=he CharacterOffsetBegin=483 CharacterOffsetEnd=485 PartOfSpeech=PRP Lemma=he NamedEntityTag=O]
[Text=was CharacterOffsetBegin=486 CharacterOffsetEnd=489 PartOfSpeech=VBD Lemma=be NamedEntityTag=O]
[Text=making CharacterOffsetBegin=490 CharacterOffsetEnd=496 PartOfSpeech=VBG Lemma=make NamedEntityTag=O]
[Text=the CharacterOffsetBegin=497 CharacterOffsetEnd=500 PartOfSpeech=DT Lemma=the NamedEntityTag=O]
[Text=slightly CharacterOffsetBegin=501 CharacterOffsetEnd=509 PartOfSpeech=RB Lemma=slightly NamedEntityTag=O]
[Text=ambitious CharacterOffsetBegin=510 CharacterOffsetEnd=519 PartOfSpeech=JJ Lemma=ambitious NamedEntityTag=O]
[Text=request CharacterOffsetBegin=520 CharacterOffsetEnd=527 PartOfSpeech=NN Lemma=request NamedEntityTag=O]
[Text=of CharacterOffsetBegin=528 CharacterOffsetEnd=530 PartOfSpeech=IN Lemma=of NamedEntityTag=O]
[Text=his CharacterOffsetBegin=531 CharacterOffsetEnd=534 PartOfSpeech=PRP$ Lemma=he NamedEntityTag=O]
[Text=Ironborn CharacterOffsetBegin=535 CharacterOffsetEnd=543 PartOfSpeech=JJ Lemma=ironborn NamedEntityTag=MISC]
[Text=friends CharacterOffsetBegin=544 CharacterOffsetEnd=551 PartOfSpeech=NNS Lemma=friend NamedEntityTag=O]
[Text=to CharacterOffsetBegin=552 CharacterOffsetEnd=554 PartOfSpeech=TO Lemma=to NamedEntityTag=O]
[Text=help CharacterOffsetBegin=555 CharacterOffsetEnd=559 PartOfSpeech=VB Lemma=help NamedEntityTag=O]
[Text=him CharacterOffsetBegin=560 CharacterOffsetEnd=563 PartOfSpeech=PRP Lemma=he NamedEntityTag=O]
[Text=build CharacterOffsetBegin=564 CharacterOffsetEnd=569 PartOfSpeech=VB Lemma=build NamedEntityTag=O]
[Text=`` CharacterOffsetBegin=570 CharacterOffsetEnd=571 PartOfSpeech=`` Lemma=`` NamedEntityTag=O]
[Text=a CharacterOffsetBegin=571 CharacterOffsetEnd=572 PartOfSpeech=DT Lemma=a NamedEntityTag=O]
[Text=thousand CharacterOffsetBegin=573 CharacterOffsetEnd=581 PartOfSpeech=CD Lemma=thousand NamedEntityTag=NUMBER NormalizedNamedEntityTag=1000.0]
[Text=ships CharacterOffsetBegin=582 CharacterOffsetEnd=587 PartOfSpeech=NNS Lemma=ship NamedEntityTag=O]
[Text='' CharacterOffsetBegin=587 CharacterOffsetEnd=588 PartOfSpeech='' Lemma='' NamedEntityTag=O]
[Text=so CharacterOffsetBegin=589 CharacterOffsetEnd=591 PartOfSpeech=IN Lemma=so NamedEntityTag=O]
[Text=he CharacterOffsetBegin=592 CharacterOffsetEnd=594 PartOfSpeech=PRP Lemma=he NamedEntityTag=O]
[Text=could CharacterOffsetBegin=595 CharacterOffsetEnd=600 PartOfSpeech=MD Lemma=could NamedEntityTag=O]
[Text=chase CharacterOffsetBegin=601 CharacterOffsetEnd=606 PartOfSpeech=VB Lemma=chase NamedEntityTag=O]
[Text=after CharacterOffsetBegin=607 CharacterOffsetEnd=612 PartOfSpeech=IN Lemma=after NamedEntityTag=O]
[Text=them CharacterOffsetBegin=613 CharacterOffsetEnd=617 PartOfSpeech=PRP Lemma=they NamedEntityTag=O]
[Text=. CharacterOffsetBegin=617 CharacterOffsetEnd=618 PartOfSpeech=. Lemma=. NamedEntityTag=O]
(ROOT
  (S
    (NP-TMP
      (NP (DT The) (JJ last) (NN time))
      (SBAR
        (S
          (NP (PRP we))
          (VP (VBD saw)
            (NP (PRP him))))))
    (, ,)
    (NP (PRP he))
    (VP (VBD was)
      (VP (VBG making)
        (NP
          (NP (DT the)
            (ADJP (RB slightly) (JJ ambitious))
            (NN request))
          (PP (IN of)
            (NP (PRP$ his) (JJ Ironborn) (NNS friends))))
        (S
          (VP (TO to)
            (VP (VB help)
              (NP (PRP him))
              (VP (VB build) (`` ``)
                (NP (DT a) (CD thousand) (NNS ships))
                ('' '')
                (SBAR (IN so)
                  (S
                    (NP (PRP he))
                    (VP (MD could)
                      (VP (VB chase)
                        (PP (IN after)
                          (NP (PRP them)))))))))))))
    (. .)))

root(ROOT-0, making-10)
det(time-3, The-1)
amod(time-3, last-2)
nmod:tmod(making-10, time-3)
nsubj(saw-5, we-4)
acl:relcl(time-3, saw-5)
dobj(saw-5, him-6)
punct(making-10, ,-7)
nsubj(making-10, he-8)
aux(making-10, was-9)
det(request-14, the-11)
advmod(ambitious-13, slightly-12)
amod(request-14, ambitious-13)
dobj(making-10, request-14)
case(friends-18, of-15)
nmod:poss(friends-18, his-16)
amod(friends-18, Ironborn-17)
nmod:of(request-14, friends-18)
mark(help-20, to-19)
advcl:to(making-10, help-20)
dobj(help-20, him-21)
dep(help-20, build-22)
punct(build-22, ``-23)
det(ships-26, a-24)
nummod(ships-26, thousand-25)
dobj(build-22, ships-26)
punct(build-22, ''-27)
mark(chase-31, so-28)
nsubj(chase-31, he-29)
aux(chase-31, could-30)
advcl:so(build-22, chase-31)
case(them-33, after-32)
nmod:after(chase-31, them-33)
punct(making-10, .-34)

Sentence #5 (33 tokens):
We think Euron is likely to pop back up early on in Season 7, giving the Mother of Dragons a handy warm-up snack before she swats Cersei off the Iron Throne.
[Text=We CharacterOffsetBegin=620 CharacterOffsetEnd=622 PartOfSpeech=PRP Lemma=we NamedEntityTag=O]
[Text=think CharacterOffsetBegin=623 CharacterOffsetEnd=628 PartOfSpeech=VBP Lemma=think NamedEntityTag=O]
[Text=Euron CharacterOffsetBegin=629 CharacterOffsetEnd=634 PartOfSpeech=NNP Lemma=Euron NamedEntityTag=PERSON]
[Text=is CharacterOffsetBegin=635 CharacterOffsetEnd=637 PartOfSpeech=VBZ Lemma=be NamedEntityTag=O]
[Text=likely CharacterOffsetBegin=638 CharacterOffsetEnd=644 PartOfSpeech=JJ Lemma=likely NamedEntityTag=O]
[Text=to CharacterOffsetBegin=645 CharacterOffsetEnd=647 PartOfSpeech=TO Lemma=to NamedEntityTag=O]
[Text=pop CharacterOffsetBegin=648 CharacterOffsetEnd=651 PartOfSpeech=VB Lemma=pop NamedEntityTag=O]
[Text=back CharacterOffsetBegin=652 CharacterOffsetEnd=656 PartOfSpeech=RB Lemma=back NamedEntityTag=O]
[Text=up CharacterOffsetBegin=657 CharacterOffsetEnd=659 PartOfSpeech=RB Lemma=up NamedEntityTag=O]
[Text=early CharacterOffsetBegin=660 CharacterOffsetEnd=665 PartOfSpeech=RB Lemma=early NamedEntityTag=O]
[Text=on CharacterOffsetBegin=666 CharacterOffsetEnd=668 PartOfSpeech=IN Lemma=on NamedEntityTag=O]
[Text=in CharacterOffsetBegin=669 CharacterOffsetEnd=671 PartOfSpeech=IN Lemma=in NamedEntityTag=O]
[Text=Season CharacterOffsetBegin=672 CharacterOffsetEnd=678 PartOfSpeech=NN Lemma=season NamedEntityTag=O]
[Text=7 CharacterOffsetBegin=679 CharacterOffsetEnd=680 PartOfSpeech=CD Lemma=7 NamedEntityTag=NUMBER NormalizedNamedEntityTag=7.0]
[Text=, CharacterOffsetBegin=680 CharacterOffsetEnd=681 PartOfSpeech=, Lemma=, NamedEntityTag=O]
[Text=giving CharacterOffsetBegin=682 CharacterOffsetEnd=688 PartOfSpeech=VBG Lemma=give NamedEntityTag=O]
[Text=the CharacterOffsetBegin=689 CharacterOffsetEnd=692 PartOfSpeech=DT Lemma=the NamedEntityTag=O]
[Text=Mother CharacterOffsetBegin=693 CharacterOffsetEnd=699 PartOfSpeech=NN Lemma=mother NamedEntityTag=O]
[Text=of CharacterOffsetBegin=700 CharacterOffsetEnd=702 PartOfSpeech=IN Lemma=of NamedEntityTag=O]
[Text=Dragons CharacterOffsetBegin=703 CharacterOffsetEnd=710 PartOfSpeech=NNP Lemma=Dragons NamedEntityTag=O]
[Text=a CharacterOffsetBegin=711 CharacterOffsetEnd=712 PartOfSpeech=DT Lemma=a NamedEntityTag=O]
[Text=handy CharacterOffsetBegin=713 CharacterOffsetEnd=718 PartOfSpeech=JJ Lemma=handy NamedEntityTag=O]
[Text=warm-up CharacterOffsetBegin=719 CharacterOffsetEnd=726 PartOfSpeech=NN Lemma=warm-up NamedEntityTag=O]
[Text=snack CharacterOffsetBegin=727 CharacterOffsetEnd=732 PartOfSpeech=NN Lemma=snack NamedEntityTag=O]
[Text=before CharacterOffsetBegin=733 CharacterOffsetEnd=739 PartOfSpeech=IN Lemma=before NamedEntityTag=O]
[Text=she CharacterOffsetBegin=740 CharacterOffsetEnd=743 PartOfSpeech=PRP Lemma=she NamedEntityTag=O]
[Text=swats CharacterOffsetBegin=744 CharacterOffsetEnd=749 PartOfSpeech=VBZ Lemma=swat NamedEntityTag=O]
[Text=Cersei CharacterOffsetBegin=750 CharacterOffsetEnd=756 PartOfSpeech=NNP Lemma=Cersei NamedEntityTag=PERSON]
[Text=off CharacterOffsetBegin=757 CharacterOffsetEnd=760 PartOfSpeech=IN Lemma=off NamedEntityTag=O]
[Text=the CharacterOffsetBegin=761 CharacterOffsetEnd=764 PartOfSpeech=DT Lemma=the NamedEntityTag=O]
[Text=Iron CharacterOffsetBegin=765 CharacterOffsetEnd=769 PartOfSpeech=NNP Lemma=Iron NamedEntityTag=O]
[Text=Throne CharacterOffsetBegin=770 CharacterOffsetEnd=776 PartOfSpeech=NNP Lemma=Throne NamedEntityTag=O]
[Text=. CharacterOffsetBegin=776 CharacterOffsetEnd=777 PartOfSpeech=. Lemma=. NamedEntityTag=O]
(ROOT
  (S
    (NP (PRP We))
    (VP (VBP think)
      (SBAR
        (S
          (NP (NNP Euron))
          (VP (VBZ is)
            (ADJP (JJ likely)
              (S
                (VP (TO to)
                  (VP (VB pop)
                    (PP
                      (ADVP
                        (ADVP (RB back) (RB up))
                        (RB early))
                      (IN on) (IN in)
                      (NP (NN Season) (CD 7)))
                    (, ,)
                    (S
                      (VP (VBG giving)
                        (NP
                          (NP (DT the) (NN Mother))
                          (PP (IN of)
                            (NP (NNP Dragons))))
                        (NP
                          (NP (DT a) (JJ handy) (NN warm-up) (NN snack))
                          (SBAR (IN before)
                            (S
                              (NP (PRP she))
                              (VP (VBZ swats)
                                (NP (NNP Cersei))
                                (PP (IN off)
                                  (NP (DT the) (NNP Iron) (NNP Throne)))))))))))))))))
    (. .)))

root(ROOT-0, think-2)
nsubj(think-2, We-1)
nsubj(likely-5, Euron-3)
nsubj:xsubj(pop-7, Euron-3)
cop(likely-5, is-4)
ccomp(think-2, likely-5)
mark(pop-7, to-6)
xcomp(likely-5, pop-7)
advmod(up-9, back-8)
advmod(early-10, up-9)
advmod(Season-13, early-10)
case(Season-13, on-11)
case(Season-13, in-12)
nmod:on(pop-7, Season-13)
nummod(Season-13, 7-14)
punct(pop-7, ,-15)
xcomp(pop-7, giving-16)
det(Mother-18, the-17)
iobj(giving-16, Mother-18)
case(Dragons-20, of-19)
nmod:of(Mother-18, Dragons-20)
det(snack-24, a-21)
amod(snack-24, handy-22)
compound(snack-24, warm-up-23)
dobj(giving-16, snack-24)
mark(swats-27, before-25)
nsubj(swats-27, she-26)
acl:before(snack-24, swats-27)
dobj(swats-27, Cersei-28)
case(Throne-32, off-29)
det(Throne-32, the-30)
compound(Throne-32, Iron-31)
nmod:off(swats-27, Throne-32)
punct(think-2, .-33)

Coreference set:
	(3,32,[32,33]) -> (1,1,[1,2]), that is: "Daenerys" -> "Daenerys"
	(3,33,[33,34]) -> (1,1,[1,2]), that is: "his" -> "Daenerys"
Coreference set:
	(2,39,[39,40]) -> (2,5,[4,6]), that is: "he" -> "D.B. Weiss"
Coreference set:
	(2,33,[33,34]) -> (2,8,[3,9]), that is: "they" -> "showrunners D.B. Weiss and David Benioff"
Coreference set:
	(4,4,[4,5]) -> (2,28,[28,29]), that is: "we" -> "we"
	(5,1,[1,2]) -> (2,28,[28,29]), that is: "We" -> "we"
Coreference set:
	(2,37,[37,51]) -> (3,5,[5,7]), that is: "Euron unless he has a reasonably big part to play in the upcoming season" -> "Euron 's"
	(3,26,[26,27]) -> (3,5,[5,7]), that is: "his" -> "Euron 's"
	(4,6,[6,7]) -> (3,5,[5,7]), that is: "him" -> "Euron 's"
	(4,8,[8,9]) -> (3,5,[5,7]), that is: "he" -> "Euron 's"
	(4,16,[16,17]) -> (3,5,[5,7]), that is: "his" -> "Euron 's"
	(4,21,[21,22]) -> (3,5,[5,7]), that is: "him" -> "Euron 's"
	(4,29,[29,30]) -> (3,5,[5,7]), that is: "he" -> "Euron 's"
	(5,3,[3,4]) -> (3,5,[5,7]), that is: "Euron" -> "Euron 's"
Coreference set:
	(4,33,[33,34]) -> (4,18,[16,19]), that is: "them" -> "his Ironborn friends"
Coreference set:
	(5,26,[26,27]) -> (5,18,[17,21]), that is: "she" -> "the Mother of Dragons"
