Sentence #1 (9 tokens):
Cersei will die at the hands of Jamie.
[Text=Cersei CharacterOffsetBegin=0 CharacterOffsetEnd=6 PartOfSpeech=NNP Lemma=Cersei NamedEntityTag=PERSON]
[Text=will CharacterOffsetBegin=7 CharacterOffsetEnd=11 PartOfSpeech=MD Lemma=will NamedEntityTag=O]
[Text=die CharacterOffsetBegin=12 CharacterOffsetEnd=15 PartOfSpeech=VB Lemma=die NamedEntityTag=O]
[Text=at CharacterOffsetBegin=16 CharacterOffsetEnd=18 PartOfSpeech=IN Lemma=at NamedEntityTag=O]
[Text=the CharacterOffsetBegin=19 CharacterOffsetEnd=22 PartOfSpeech=DT Lemma=the NamedEntityTag=O]
[Text=hands CharacterOffsetBegin=23 CharacterOffsetEnd=28 PartOfSpeech=NNS Lemma=hand NamedEntityTag=O]
[Text=of CharacterOffsetBegin=29 CharacterOffsetEnd=31 PartOfSpeech=IN Lemma=of NamedEntityTag=O]
[Text=Jamie CharacterOffsetBegin=32 CharacterOffsetEnd=37 PartOfSpeech=NNP Lemma=Jamie NamedEntityTag=PERSON]
[Text=. CharacterOffsetBegin=37 CharacterOffsetEnd=38 PartOfSpeech=. Lemma=. NamedEntityTag=O]
(ROOT
  (S
    (NP (NNP Cersei))
    (VP (MD will)
      (VP (VB die)
        (PP (IN at)
          (NP
            (NP (DT the) (NNS hands))
            (PP (IN of)
              (NP (NNP Jamie)))))))
    (. .)))

root(ROOT-0, die-3)
nsubj(die-3, Cersei-1)
aux(die-3, will-2)
case(hands-6, at-4)
det(hands-6, the-5)
nmod:at(die-3, hands-6)
case(Jamie-8, of-7)
nmod:of(hands-6, Jamie-8)
punct(die-3, .-9)

Sentence #2 (23 tokens):
Cersei may be on the Iron Throne for now, but it's going to be one hell of a short-lived reign.
[Text=Cersei CharacterOffsetBegin=39 CharacterOffsetEnd=45 PartOfSpeech=NNP Lemma=Cersei NamedEntityTag=PERSON]
[Text=may CharacterOffsetBegin=46 CharacterOffsetEnd=49 PartOfSpeech=MD Lemma=may NamedEntityTag=O]
[Text=be CharacterOffsetBegin=50 CharacterOffsetEnd=52 PartOfSpeech=VB Lemma=be NamedEntityTag=O]
[Text=on CharacterOffsetBegin=53 CharacterOffsetEnd=55 PartOfSpeech=IN Lemma=on NamedEntityTag=O]
[Text=the CharacterOffsetBegin=56 CharacterOffsetEnd=59 PartOfSpeech=DT Lemma=the NamedEntityTag=O]
[Text=Iron CharacterOffsetBegin=60 CharacterOffsetEnd=64 PartOfSpeech=NNP Lemma=Iron NamedEntityTag=MISC]
[Text=Throne CharacterOffsetBegin=65 CharacterOffsetEnd=71 PartOfSpeech=NNP Lemma=Throne NamedEntityTag=MISC]
[Text=for CharacterOffsetBegin=72 CharacterOffsetEnd=75 PartOfSpeech=IN Lemma=for NamedEntityTag=O]
[Text=now CharacterOffsetBegin=76 CharacterOffsetEnd=79 PartOfSpeech=RB Lemma=now NamedEntityTag=DATE NormalizedNamedEntityTag=PRESENT_REF Timex=<TIMEX3 tid="t1" type="DATE" value="PRESENT_REF">now</TIMEX3>]
[Text=, CharacterOffsetBegin=79 CharacterOffsetEnd=80 PartOfSpeech=, Lemma=, NamedEntityTag=O]
[Text=but CharacterOffsetBegin=81 CharacterOffsetEnd=84 PartOfSpeech=CC Lemma=but NamedEntityTag=O]
[Text=it CharacterOffsetBegin=85 CharacterOffsetEnd=87 PartOfSpeech=PRP Lemma=it NamedEntityTag=O]
[Text='s CharacterOffsetBegin=87 CharacterOffsetEnd=89 PartOfSpeech=VBZ Lemma=be NamedEntityTag=O]
[Text=going CharacterOffsetBegin=90 CharacterOffsetEnd=95 PartOfSpeech=VBG Lemma=go NamedEntityTag=O]
[Text=to CharacterOffsetBegin=96 CharacterOffsetEnd=98 PartOfSpeech=TO Lemma=to NamedEntityTag=O]
[Text=be CharacterOffsetBegin=99 CharacterOffsetEnd=101 PartOfSpeech=VB Lemma=be NamedEntityTag=O]
[Text=one CharacterOffsetBegin=102 CharacterOffsetEnd=105 PartOfSpeech=CD Lemma=one NamedEntityTag=NUMBER NormalizedNamedEntityTag=1.0]
[Text=hell CharacterOffsetBegin=106 CharacterOffsetEnd=110 PartOfSpeech=NN Lemma=hell NamedEntityTag=O]
[Text=of CharacterOffsetBegin=111 CharacterOffsetEnd=113 PartOfSpeech=IN Lemma=of NamedEntityTag=O]
[Text=a CharacterOffsetBegin=114 CharacterOffsetEnd=115 PartOfSpeech=DT Lemma=a NamedEntityTag=O]
[Text=short-lived CharacterOffsetBegin=116 CharacterOffsetEnd=127 PartOfSpeech=JJ Lemma=short-lived NamedEntityTag=O]
[Text=reign CharacterOffsetBegin=128 CharacterOffsetEnd=133 PartOfSpeech=NN Lemma=reign NamedEntityTag=O]
[Text=. CharacterOffsetBegin=133 CharacterOffsetEnd=134 PartOfSpeech=. Lemma=. NamedEntityTag=O]
(ROOT
  (S
    (S
      (NP (NNP Cersei))
      (VP (MD may)
        (VP (VB be)
          (PP (IN on)
            (NP
              (NP (DT the) (NNP Iron) (NNP Throne))
              (PP (IN for)
                (NP (RB now))))))))
    (, ,)
    (CC but)
    (S
      (NP (PRP it))
      (VP (VBZ 's)
        (VP (VBG going)
          (S
            (VP (TO to)
              (VP (VB be)
                (NP
                  (NP (CD one) (NN hell))
                  (PP (IN of)
                    (NP (DT a) (JJ short-lived) (NN reign))))))))))
    (. .)))

root(ROOT-0, Throne-7)
nsubj(Throne-7, Cersei-1)
aux(Throne-7, may-2)
cop(Throne-7, be-3)
case(Throne-7, on-4)
det(Throne-7, the-5)
compound(Throne-7, Iron-6)
case(now-9, for-8)
nmod:for(Throne-7, now-9)
punct(Throne-7, ,-10)
cc(Throne-7, but-11)
nsubj(going-14, it-12)
nsubj:xsubj(hell-18, it-12)
aux(going-14, 's-13)
conj:but(Throne-7, going-14)
mark(hell-18, to-15)
cop(hell-18, be-16)
nummod(hell-18, one-17)
xcomp(going-14, hell-18)
case(reign-22, of-19)
det(reign-22, a-20)
amod(reign-22, short-lived-21)
nmod:of(hell-18, reign-22)
punct(Throne-7, .-23)

Sentence #3 (28 tokens):
Not only has she succeeded in making enemies of practically everyone in the Seven Kingdoms, but now she's even gone and alienated her own brother.
[Text=Not CharacterOffsetBegin=135 CharacterOffsetEnd=138 PartOfSpeech=RB Lemma=not NamedEntityTag=O]
[Text=only CharacterOffsetBegin=139 CharacterOffsetEnd=143 PartOfSpeech=RB Lemma=only NamedEntityTag=O]
[Text=has CharacterOffsetBegin=144 CharacterOffsetEnd=147 PartOfSpeech=VBZ Lemma=have NamedEntityTag=O]
[Text=she CharacterOffsetBegin=148 CharacterOffsetEnd=151 PartOfSpeech=PRP Lemma=she NamedEntityTag=O]
[Text=succeeded CharacterOffsetBegin=152 CharacterOffsetEnd=161 PartOfSpeech=VBD Lemma=succeed NamedEntityTag=O]
[Text=in CharacterOffsetBegin=162 CharacterOffsetEnd=164 PartOfSpeech=IN Lemma=in NamedEntityTag=O]
[Text=making CharacterOffsetBegin=165 CharacterOffsetEnd=171 PartOfSpeech=VBG Lemma=make NamedEntityTag=O]
[Text=enemies CharacterOffsetBegin=172 CharacterOffsetEnd=179 PartOfSpeech=NNS Lemma=enemy NamedEntityTag=O]
[Text=of CharacterOffsetBegin=180 CharacterOffsetEnd=182 PartOfSpeech=IN Lemma=of NamedEntityTag=O]
[Text=practically CharacterOffsetBegin=183 CharacterOffsetEnd=194 PartOfSpeech=RB Lemma=practically NamedEntityTag=O]
[Text=everyone CharacterOffsetBegin=195 CharacterOffsetEnd=203 PartOfSpeech=NN Lemma=everyone NamedEntityTag=O]
[Text=in CharacterOffsetBegin=204 CharacterOffsetEnd=206 PartOfSpeech=IN Lemma=in NamedEntityTag=O]
[Text=the CharacterOffsetBegin=207 CharacterOffsetEnd=210 PartOfSpeech=DT Lemma=the NamedEntityTag=O]
[Text=Seven CharacterOffsetBegin=211 CharacterOffsetEnd=216 PartOfSpeech=CD Lemma=seven NamedEntityTag=LOCATION]
[Text=Kingdoms CharacterOffsetBegin=217 CharacterOffsetEnd=225 PartOfSpeech=NNS Lemma=kingdom NamedEntityTag=LOCATION]
[Text=, CharacterOffsetBegin=225 CharacterOffsetEnd=226 PartOfSpeech=, Lemma=, NamedEntityTag=O]
[Text=but CharacterOffsetBegin=227 CharacterOffsetEnd=230 PartOfSpeech=CC Lemma=but NamedEntityTag=O]
[Text=now CharacterOffsetBegin=231 CharacterOffsetEnd=234 PartOfSpeech=RB Lemma=now NamedEntityTag=DATE NormalizedNamedEntityTag=PRESENT_REF Timex=<TIMEX3 tid="t2" type="DATE" value="PRESENT_REF">now</TIMEX3>]
[Text=she CharacterOffsetBegin=235 CharacterOffsetEnd=238 PartOfSpeech=PRP Lemma=she NamedEntityTag=O]
[Text='s CharacterOffsetBegin=238 CharacterOffsetEnd=240 PartOfSpeech=VBZ Lemma=be NamedEntityTag=O]
[Text=even CharacterOffsetBegin=241 CharacterOffsetEnd=245 PartOfSpeech=RB Lemma=even NamedEntityTag=O]
[Text=gone CharacterOffsetBegin=246 CharacterOffsetEnd=250 PartOfSpeech=VBN Lemma=go NamedEntityTag=O]
[Text=and CharacterOffsetBegin=251 CharacterOffsetEnd=254 PartOfSpeech=CC Lemma=and NamedEntityTag=O]
[Text=alienated CharacterOffsetBegin=255 CharacterOffsetEnd=264 PartOfSpeech=VBN Lemma=alienate NamedEntityTag=O]
[Text=her CharacterOffsetBegin=265 CharacterOffsetEnd=268 PartOfSpeech=PRP$ Lemma=she NamedEntityTag=O]
[Text=own CharacterOffsetBegin=269 CharacterOffsetEnd=272 PartOfSpeech=JJ Lemma=own NamedEntityTag=O]
[Text=brother CharacterOffsetBegin=273 CharacterOffsetEnd=280 PartOfSpeech=NN Lemma=brother NamedEntityTag=O]
[Text=. CharacterOffsetBegin=280 CharacterOffsetEnd=281 PartOfSpeech=. Lemma=. NamedEntityTag=O]
(ROOT
  (S
    (CONJP (RB Not) (RB only))
    (SINV (VBZ has)
      (NP (PRP she))
      (VP (VBD succeeded)
        (PP (IN in)
          (S
            (VP (VBG making)
              (NP
                (NP (NNS enemies))
                (PP (IN of)
                  (NP
                    (NP (RB practically) (NN everyone))
                    (PP (IN in)
                      (NP (DT the) (CD Seven) (NNS Kingdoms)))))))))))
    (, ,)
    (CC but)
    (S
      (ADVP (RB now))
      (NP (PRP she))
      (VP (VBZ 's)
        (VP
          (ADVP (RB even))
          (VBN gone)
          (CC and)
          (VBN alienated)
          (NP (PRP$ her) (JJ own) (NN brother)))))
    (. .)))

root(ROOT-0, succeeded-5)
neg(only-2, Not-1)
cc:preconj(succeeded-5, only-2)
aux(succeeded-5, has-3)
nsubj(succeeded-5, she-4)
mark(making-7, in-6)
advcl:in(succeeded-5, making-7)
dobj(making-7, enemies-8)
case(everyone-11, of-9)
advmod(everyone-11, practically-10)
nmod:of(enemies-8, everyone-11)
case(Kingdoms-15, in-12)
det(Kingdoms-15, the-13)
nummod(Kingdoms-15, Seven-14)
nmod:in(everyone-11, Kingdoms-15)
punct(succeeded-5, ,-16)
cc(succeeded-5, but-17)
advmod(gone-22, now-18)
nsubjpass(gone-22, she-19)
nsubjpass(alienated-24, she-19)
auxpass(gone-22, 's-20)
advmod(gone-22, even-21)
conj:but(succeeded-5, gone-22)
cc(gone-22, and-23)
conj:but(succeeded-5, alienated-24)
conj:and(gone-22, alienated-24)
nmod:poss(brother-27, her-25)
amod(brother-27, own-26)
dobj(gone-22, brother-27)
punct(succeeded-5, .-28)

Sentence #4 (63 tokens):
This one's been the subject of plenty of theories and speculation, and we think it's got legs — we don't know what the exact circumstances will be, but we reckon Cersei will ultimately die at the hands of Jamie (thereby fulfilling the prophecy given to her by Maggy the Frog when she was a child).
[Text=This CharacterOffsetBegin=283 CharacterOffsetEnd=287 PartOfSpeech=DT Lemma=this NamedEntityTag=O]
[Text=one CharacterOffsetBegin=288 CharacterOffsetEnd=291 PartOfSpeech=NN Lemma=one NamedEntityTag=NUMBER NormalizedNamedEntityTag=1.0]
[Text='s CharacterOffsetBegin=291 CharacterOffsetEnd=293 PartOfSpeech=POS Lemma='s NamedEntityTag=O]
[Text=been CharacterOffsetBegin=294 CharacterOffsetEnd=298 PartOfSpeech=VBN Lemma=be NamedEntityTag=O]
[Text=the CharacterOffsetBegin=299 CharacterOffsetEnd=302 PartOfSpeech=DT Lemma=the NamedEntityTag=O]
[Text=subject CharacterOffsetBegin=303 CharacterOffsetEnd=310 PartOfSpeech=NN Lemma=subject NamedEntityTag=O]
[Text=of CharacterOffsetBegin=311 CharacterOffsetEnd=313 PartOfSpeech=IN Lemma=of NamedEntityTag=O]
[Text=plenty CharacterOffsetBegin=314 CharacterOffsetEnd=320 PartOfSpeech=NN Lemma=plenty NamedEntityTag=O]
[Text=of CharacterOffsetBegin=321 CharacterOffsetEnd=323 PartOfSpeech=IN Lemma=of NamedEntityTag=O]
[Text=theories CharacterOffsetBegin=324 CharacterOffsetEnd=332 PartOfSpeech=NNS Lemma=theory NamedEntityTag=O]
[Text=and CharacterOffsetBegin=333 CharacterOffsetEnd=336 PartOfSpeech=CC Lemma=and NamedEntityTag=O]
[Text=speculation CharacterOffsetBegin=337 CharacterOffsetEnd=348 PartOfSpeech=NN Lemma=speculation NamedEntityTag=O]
[Text=, CharacterOffsetBegin=348 CharacterOffsetEnd=349 PartOfSpeech=, Lemma=, NamedEntityTag=O]
[Text=and CharacterOffsetBegin=350 CharacterOffsetEnd=353 PartOfSpeech=CC Lemma=and NamedEntityTag=O]
[Text=we CharacterOffsetBegin=354 CharacterOffsetEnd=356 PartOfSpeech=PRP Lemma=we NamedEntityTag=O]
[Text=think CharacterOffsetBegin=357 CharacterOffsetEnd=362 PartOfSpeech=VBP Lemma=think NamedEntityTag=O]
[Text=it CharacterOffsetBegin=363 CharacterOffsetEnd=365 PartOfSpeech=PRP Lemma=it NamedEntityTag=O]
[Text='s CharacterOffsetBegin=365 CharacterOffsetEnd=367 PartOfSpeech=VBZ Lemma=be NamedEntityTag=O]
[Text=got CharacterOffsetBegin=368 CharacterOffsetEnd=371 PartOfSpeech=VBN Lemma=get NamedEntityTag=O]
[Text=legs CharacterOffsetBegin=372 CharacterOffsetEnd=376 PartOfSpeech=NNS Lemma=leg NamedEntityTag=O]
[Text=-- CharacterOffsetBegin=377 CharacterOffsetEnd=378 PartOfSpeech=: Lemma=-- NamedEntityTag=O]
[Text=we CharacterOffsetBegin=379 CharacterOffsetEnd=381 PartOfSpeech=PRP Lemma=we NamedEntityTag=O]
[Text=do CharacterOffsetBegin=382 CharacterOffsetEnd=384 PartOfSpeech=VBP Lemma=do NamedEntityTag=O]
[Text=n't CharacterOffsetBegin=384 CharacterOffsetEnd=387 PartOfSpeech=RB Lemma=not NamedEntityTag=O]
[Text=know CharacterOffsetBegin=388 CharacterOffsetEnd=392 PartOfSpeech=VB Lemma=know NamedEntityTag=O]
[Text=what CharacterOffsetBegin=393 CharacterOffsetEnd=397 PartOfSpeech=WP Lemma=what NamedEntityTag=O]
[Text=the CharacterOffsetBegin=398 CharacterOffsetEnd=401 PartOfSpeech=DT Lemma=the NamedEntityTag=O]
[Text=exact CharacterOffsetBegin=402 CharacterOffsetEnd=407 PartOfSpeech=JJ Lemma=exact NamedEntityTag=O]
[Text=circumstances CharacterOffsetBegin=408 CharacterOffsetEnd=421 PartOfSpeech=NNS Lemma=circumstance NamedEntityTag=O]
[Text=will CharacterOffsetBegin=422 CharacterOffsetEnd=426 PartOfSpeech=MD Lemma=will NamedEntityTag=O]
[Text=be CharacterOffsetBegin=427 CharacterOffsetEnd=429 PartOfSpeech=VB Lemma=be NamedEntityTag=O]
[Text=, CharacterOffsetBegin=429 CharacterOffsetEnd=430 PartOfSpeech=, Lemma=, NamedEntityTag=O]
[Text=but CharacterOffsetBegin=431 CharacterOffsetEnd=434 PartOfSpeech=CC Lemma=but NamedEntityTag=O]
[Text=we CharacterOffsetBegin=435 CharacterOffsetEnd=437 PartOfSpeech=PRP Lemma=we NamedEntityTag=O]
[Text=reckon CharacterOffsetBegin=438 CharacterOffsetEnd=444 PartOfSpeech=VBP Lemma=reckon NamedEntityTag=O]
[Text=Cersei CharacterOffsetBegin=445 CharacterOffsetEnd=451 PartOfSpeech=NNP Lemma=Cersei NamedEntityTag=PERSON]
[Text=will CharacterOffsetBegin=452 CharacterOffsetEnd=456 PartOfSpeech=MD Lemma=will NamedEntityTag=O]
[Text=ultimately CharacterOffsetBegin=457 CharacterOffsetEnd=467 PartOfSpeech=RB Lemma=ultimately NamedEntityTag=O]
[Text=die CharacterOffsetBegin=468 CharacterOffsetEnd=471 PartOfSpeech=VB Lemma=die NamedEntityTag=O]
[Text=at CharacterOffsetBegin=472 CharacterOffsetEnd=474 PartOfSpeech=IN Lemma=at NamedEntityTag=O]
[Text=the CharacterOffsetBegin=475 CharacterOffsetEnd=478 PartOfSpeech=DT Lemma=the NamedEntityTag=O]
[Text=hands CharacterOffsetBegin=479 CharacterOffsetEnd=484 PartOfSpeech=NNS Lemma=hand NamedEntityTag=O]
[Text=of CharacterOffsetBegin=485 CharacterOffsetEnd=487 PartOfSpeech=IN Lemma=of NamedEntityTag=O]
[Text=Jamie CharacterOffsetBegin=488 CharacterOffsetEnd=493 PartOfSpeech=NNP Lemma=Jamie NamedEntityTag=PERSON]
[Text=-LRB- CharacterOffsetBegin=494 CharacterOffsetEnd=495 PartOfSpeech=-LRB- Lemma=-lrb- NamedEntityTag=O]
[Text=thereby CharacterOffsetBegin=495 CharacterOffsetEnd=502 PartOfSpeech=RB Lemma=thereby NamedEntityTag=O]
[Text=fulfilling CharacterOffsetBegin=503 CharacterOffsetEnd=513 PartOfSpeech=VBG Lemma=fulfil NamedEntityTag=O]
[Text=the CharacterOffsetBegin=514 CharacterOffsetEnd=517 PartOfSpeech=DT Lemma=the NamedEntityTag=O]
[Text=prophecy CharacterOffsetBegin=518 CharacterOffsetEnd=526 PartOfSpeech=NN Lemma=prophecy NamedEntityTag=O]
[Text=given CharacterOffsetBegin=527 CharacterOffsetEnd=532 PartOfSpeech=VBN Lemma=give NamedEntityTag=O]
[Text=to CharacterOffsetBegin=533 CharacterOffsetEnd=535 PartOfSpeech=TO Lemma=to NamedEntityTag=O]
[Text=her CharacterOffsetBegin=536 CharacterOffsetEnd=539 PartOfSpeech=PRP$ Lemma=she NamedEntityTag=O]
[Text=by CharacterOffsetBegin=540 CharacterOffsetEnd=542 PartOfSpeech=IN Lemma=by NamedEntityTag=O]
[Text=Maggy CharacterOffsetBegin=543 CharacterOffsetEnd=548 PartOfSpeech=NNP Lemma=Maggy NamedEntityTag=PERSON]
[Text=the CharacterOffsetBegin=549 CharacterOffsetEnd=552 PartOfSpeech=DT Lemma=the NamedEntityTag=PERSON]
[Text=Frog CharacterOffsetBegin=553 CharacterOffsetEnd=557 PartOfSpeech=NN Lemma=frog NamedEntityTag=PERSON]
[Text=when CharacterOffsetBegin=558 CharacterOffsetEnd=562 PartOfSpeech=WRB Lemma=when NamedEntityTag=O]
[Text=she CharacterOffsetBegin=563 CharacterOffsetEnd=566 PartOfSpeech=PRP Lemma=she NamedEntityTag=O]
[Text=was CharacterOffsetBegin=567 CharacterOffsetEnd=570 PartOfSpeech=VBD Lemma=be NamedEntityTag=O]
[Text=a CharacterOffsetBegin=571 CharacterOffsetEnd=572 PartOfSpeech=DT Lemma=a NamedEntityTag=O]
[Text=child CharacterOffsetBegin=573 CharacterOffsetEnd=578 PartOfSpeech=NN Lemma=child NamedEntityTag=O]
[Text=-RRB- CharacterOffsetBegin=578 CharacterOffsetEnd=579 PartOfSpeech=-RRB- Lemma=-rrb- NamedEntityTag=O]
[Text=. CharacterOffsetBegin=579 CharacterOffsetEnd=580 PartOfSpeech=. Lemma=. NamedEntityTag=O]
(ROOT
  (S
    (S
      (S
        (NP (DT This) (NN one) (POS 's))
        (VP (VBN been)
          (NP
            (NP (DT the) (NN subject))
            (PP (IN of)
              (NP
                (NP (NN plenty))
                (PP (IN of)
                  (NP (NNS theories)
                    (CC and)
                    (NN speculation))))))))
      (, ,)
      (CC and)
      (S
        (NP (PRP we))
        (VP (VBP think)
          (SBAR
            (S
              (NP (PRP it))
              (VP (VBZ 's)
                (VP (VBN got)
                  (NP (NNS legs)))))))))
    (: --)
    (S
      (S
        (NP (PRP we))
        (VP (VBP do) (RB n't)
          (VP (VB know)
            (SBAR
              (WHNP (WP what))
              (S
                (NP (DT the) (JJ exact) (NNS circumstances))
                (VP (MD will)
                  (VP (VB be))))))))
      (, ,)
      (CC but)
      (S
        (NP (PRP we))
        (VP (VBP reckon)
          (SBAR
            (S
              (NP (NNP Cersei))
              (VP (MD will)
                (ADVP (RB ultimately))
                (VP (VB die)
                  (PP (IN at)
                    (NP
                      (NP (DT the) (NNS hands))
                      (PP (IN of)
                        (NP (NNP Jamie)))
                      (PRN (-LRB- -LRB-)
                        (VP
                          (ADVP (RB thereby))
                          (VBG fulfilling)
                          (NP
                            (NP (DT the) (NN prophecy))
                            (PP (VBN given)
                              (PP (TO to)
                                (NP (PRP$ her)))))
                          (PP (IN by)
                            (NP
                              (NP (NNP Maggy))
                              (NP
                                (NP (DT the) (NN Frog))
                                (SBAR
                                  (WHADVP (WRB when))
                                  (S
                                    (NP (PRP she))
                                    (VP (VBD was)
                                      (NP (DT a) (NN child)))))))))
                        (-RRB- -RRB-)))))))))))
    (. .)))

root(ROOT-0, subject-6)
det(one-2, This-1)
nsubj(subject-6, one-2)
case(one-2, 's-3)
cop(subject-6, been-4)
det(subject-6, the-5)
case(plenty-8, of-7)
det:qmod(theories-10, plenty-8)
mwe(plenty-8, of-9)
nmod(subject-6, theories-10)
cc(theories-10, and-11)
nmod(subject-6, speculation-12)
conj:and(theories-10, speculation-12)
punct(subject-6, ,-13)
cc(subject-6, and-14)
nsubj(think-16, we-15)
conj:and(subject-6, think-16)
nsubjpass(got-19, it-17)
auxpass(got-19, 's-18)
ccomp(think-16, got-19)
dobj(got-19, legs-20)
punct(subject-6, ---21)
nsubj(know-25, we-22)
aux(know-25, do-23)
neg(know-25, n't-24)
parataxis(subject-6, know-25)
dobj(be-31, what-26)
det(circumstances-29, the-27)
amod(circumstances-29, exact-28)
nsubj(be-31, circumstances-29)
aux(be-31, will-30)
ccomp(know-25, be-31)
punct(know-25, ,-32)
cc(know-25, but-33)
nsubj(reckon-35, we-34)
parataxis(subject-6, reckon-35)
conj:but(know-25, reckon-35)
nsubj(die-39, Cersei-36)
aux(die-39, will-37)
advmod(die-39, ultimately-38)
ccomp(reckon-35, die-39)
case(hands-42, at-40)
det(hands-42, the-41)
nmod:at(die-39, hands-42)
case(Jamie-44, of-43)
nmod:of(hands-42, Jamie-44)
punct(fulfilling-47, -LRB--45)
advmod(fulfilling-47, thereby-46)
dep(hands-42, fulfilling-47)
det(prophecy-49, the-48)
dobj(fulfilling-47, prophecy-49)
case(her-52, given-50)
case(her-52, to-51)
acl:to(prophecy-49, her-52)
case(Maggy-54, by-53)
nmod:by(fulfilling-47, Maggy-54)
det(Frog-56, the-55)
dep(Maggy-54, Frog-56)
advmod(child-61, when-57)
nsubj(child-61, she-58)
cop(child-61, was-59)
det(child-61, a-60)
acl:relcl(Frog-56, child-61)
punct(fulfilling-47, -RRB--62)
punct(subject-6, .-63)

Coreference set:
	(2,1,[1,2]) -> (1,1,[1,2]), that is: "Cersei" -> "Cersei"
	(3,4,[4,5]) -> (1,1,[1,2]), that is: "she" -> "Cersei"
	(3,19,[19,20]) -> (1,1,[1,2]), that is: "she" -> "Cersei"
	(3,25,[25,26]) -> (1,1,[1,2]), that is: "her" -> "Cersei"
	(4,36,[36,37]) -> (1,1,[1,2]), that is: "Cersei" -> "Cersei"
	(4,52,[52,53]) -> (1,1,[1,2]), that is: "her" -> "Cersei"
	(4,58,[58,59]) -> (1,1,[1,2]), that is: "she" -> "Cersei"
	(4,61,[60,62]) -> (1,1,[1,2]), that is: "a child" -> "Cersei"
Coreference set:
	(4,44,[44,45]) -> (1,8,[8,9]), that is: "Jamie" -> "Jamie"
Coreference set:
	(2,17,[17,18]) -> (4,2,[1,4]), that is: "one" -> "This one 's"
	(4,17,[17,18]) -> (4,2,[1,4]), that is: "it" -> "This one 's"
Coreference set:
	(2,12,[12,13]) -> (2,7,[5,10]), that is: "it" -> "the Iron Throne for now"
Coreference set:
	(4,22,[22,23]) -> (4,15,[15,16]), that is: "we" -> "we"
	(4,34,[34,35]) -> (4,15,[15,16]), that is: "we" -> "we"
