Sentence #1 (7 tokens):
The Night's King will invade.
[Text=The CharacterOffsetBegin=0 CharacterOffsetEnd=3 PartOfSpeech=DT Lemma=the NamedEntityTag=O]
[Text=Night CharacterOffsetBegin=4 CharacterOffsetEnd=9 PartOfSpeech=NNP Lemma=Night NamedEntityTag=TIME NormalizedNamedEntityTag=TNI Timex=<TIMEX3 tid="t1" type="TIME" value="TNI">Night</TIMEX3>]
[Text='s CharacterOffsetBegin=9 CharacterOffsetEnd=11 PartOfSpeech=POS Lemma='s NamedEntityTag=O]
[Text=King CharacterOffsetBegin=12 CharacterOffsetEnd=16 PartOfSpeech=NNP Lemma=King NamedEntityTag=O]
[Text=will CharacterOffsetBegin=17 CharacterOffsetEnd=21 PartOfSpeech=MD Lemma=will NamedEntityTag=O]
[Text=invade CharacterOffsetBegin=22 CharacterOffsetEnd=28 PartOfSpeech=VB Lemma=invade NamedEntityTag=O]
[Text=. CharacterOffsetBegin=28 CharacterOffsetEnd=29 PartOfSpeech=. Lemma=. NamedEntityTag=O]
(ROOT
  (S
    (NP
      (NP (DT The) (NNP Night) (POS 's))
      (NNP King))
    (VP (MD will)
      (VP (VB invade)))
    (. .)))

root(ROOT-0, invade-6)
det(Night-2, The-1)
nmod:poss(King-4, Night-2)
case(Night-2, 's-3)
nsubj(invade-6, King-4)
aux(invade-6, will-5)
punct(invade-6, .-7)

Sentence #2 (16 tokens):
This is what the whole thing's been building up to, isn't it?
[Text=This CharacterOffsetBegin=30 CharacterOffsetEnd=34 PartOfSpeech=DT Lemma=this NamedEntityTag=O]
[Text=is CharacterOffsetBegin=35 CharacterOffsetEnd=37 PartOfSpeech=VBZ Lemma=be NamedEntityTag=O]
[Text=what CharacterOffsetBegin=38 CharacterOffsetEnd=42 PartOfSpeech=WP Lemma=what NamedEntityTag=O]
[Text=the CharacterOffsetBegin=43 CharacterOffsetEnd=46 PartOfSpeech=DT Lemma=the NamedEntityTag=O]
[Text=whole CharacterOffsetBegin=47 CharacterOffsetEnd=52 PartOfSpeech=JJ Lemma=whole NamedEntityTag=O]
[Text=thing CharacterOffsetBegin=53 CharacterOffsetEnd=58 PartOfSpeech=NN Lemma=thing NamedEntityTag=O]
[Text='s CharacterOffsetBegin=58 CharacterOffsetEnd=60 PartOfSpeech=POS Lemma='s NamedEntityTag=O]
[Text=been CharacterOffsetBegin=61 CharacterOffsetEnd=65 PartOfSpeech=VBN Lemma=be NamedEntityTag=O]
[Text=building CharacterOffsetBegin=66 CharacterOffsetEnd=74 PartOfSpeech=VBG Lemma=build NamedEntityTag=O]
[Text=up CharacterOffsetBegin=75 CharacterOffsetEnd=77 PartOfSpeech=RP Lemma=up NamedEntityTag=O]
[Text=to CharacterOffsetBegin=78 CharacterOffsetEnd=80 PartOfSpeech=TO Lemma=to NamedEntityTag=O]
[Text=, CharacterOffsetBegin=80 CharacterOffsetEnd=81 PartOfSpeech=, Lemma=, NamedEntityTag=O]
[Text=is CharacterOffsetBegin=82 CharacterOffsetEnd=84 PartOfSpeech=VBZ Lemma=be NamedEntityTag=O]
[Text=n't CharacterOffsetBegin=84 CharacterOffsetEnd=87 PartOfSpeech=RB Lemma=not NamedEntityTag=O]
[Text=it CharacterOffsetBegin=88 CharacterOffsetEnd=90 PartOfSpeech=PRP Lemma=it NamedEntityTag=O]
[Text=? CharacterOffsetBegin=90 CharacterOffsetEnd=91 PartOfSpeech=. Lemma=? NamedEntityTag=O]
(ROOT
  (SINV
    (S
      (NP (DT This))
      (VP (VBZ is)
        (SBAR
          (WHNP (WP what))
          (S
            (NP
              (NP (DT the) (JJ whole) (NN thing))
              (POS 's))
            (VP (VBN been)
              (VP (VBG building)
                (PRT (RP up))
                (PP (TO to))))))))
    (, ,)
    (VP (VBZ is) (RB n't))
    (NP (PRP it))
    (. ?)))

root(ROOT-0, is-13)
nsubj(is-2, This-1)
ccomp(is-13, is-2)
nmod:to(building-9, what-3)
det(thing-6, the-4)
amod(thing-6, whole-5)
nsubj(building-9, thing-6)
case(thing-6, 's-7)
aux(building-9, been-8)
ccomp(is-2, building-9)
compound:prt(building-9, up-10)
case(what-3, to-11)
punct(is-13, ,-12)
neg(is-13, n't-14)
nsubj(is-13, it-15)
punct(is-13, ?-16)

Sentence #3 (29 tokens):
It probably won't happen until towards the end of Season 7, but it won't be long now before the Night's King makes his move.
[Text=It CharacterOffsetBegin=92 CharacterOffsetEnd=94 PartOfSpeech=PRP Lemma=it NamedEntityTag=O]
[Text=probably CharacterOffsetBegin=95 CharacterOffsetEnd=103 PartOfSpeech=RB Lemma=probably NamedEntityTag=O]
[Text=wo CharacterOffsetBegin=104 CharacterOffsetEnd=106 PartOfSpeech=MD Lemma=will NamedEntityTag=O]
[Text=n't CharacterOffsetBegin=106 CharacterOffsetEnd=109 PartOfSpeech=RB Lemma=not NamedEntityTag=O]
[Text=happen CharacterOffsetBegin=110 CharacterOffsetEnd=116 PartOfSpeech=VB Lemma=happen NamedEntityTag=O]
[Text=until CharacterOffsetBegin=117 CharacterOffsetEnd=122 PartOfSpeech=IN Lemma=until NamedEntityTag=O]
[Text=towards CharacterOffsetBegin=123 CharacterOffsetEnd=130 PartOfSpeech=IN Lemma=towards NamedEntityTag=O]
[Text=the CharacterOffsetBegin=131 CharacterOffsetEnd=134 PartOfSpeech=DT Lemma=the NamedEntityTag=O]
[Text=end CharacterOffsetBegin=135 CharacterOffsetEnd=138 PartOfSpeech=NN Lemma=end NamedEntityTag=O]
[Text=of CharacterOffsetBegin=139 CharacterOffsetEnd=141 PartOfSpeech=IN Lemma=of NamedEntityTag=O]
[Text=Season CharacterOffsetBegin=142 CharacterOffsetEnd=148 PartOfSpeech=NN Lemma=season NamedEntityTag=DATE NormalizedNamedEntityTag=******07]
[Text=7 CharacterOffsetBegin=149 CharacterOffsetEnd=150 PartOfSpeech=CD Lemma=7 NamedEntityTag=DATE NormalizedNamedEntityTag=******07]
[Text=, CharacterOffsetBegin=150 CharacterOffsetEnd=151 PartOfSpeech=, Lemma=, NamedEntityTag=O]
[Text=but CharacterOffsetBegin=152 CharacterOffsetEnd=155 PartOfSpeech=CC Lemma=but NamedEntityTag=O]
[Text=it CharacterOffsetBegin=156 CharacterOffsetEnd=158 PartOfSpeech=PRP Lemma=it NamedEntityTag=O]
[Text=wo CharacterOffsetBegin=159 CharacterOffsetEnd=161 PartOfSpeech=MD Lemma=will NamedEntityTag=O]
[Text=n't CharacterOffsetBegin=161 CharacterOffsetEnd=164 PartOfSpeech=RB Lemma=not NamedEntityTag=O]
[Text=be CharacterOffsetBegin=165 CharacterOffsetEnd=167 PartOfSpeech=VB Lemma=be NamedEntityTag=O]
[Text=long CharacterOffsetBegin=168 CharacterOffsetEnd=172 PartOfSpeech=RB Lemma=long NamedEntityTag=O]
[Text=now CharacterOffsetBegin=173 CharacterOffsetEnd=176 PartOfSpeech=RB Lemma=now NamedEntityTag=DATE NormalizedNamedEntityTag=PRESENT_REF Timex=<TIMEX3 tid="t2" type="DATE" value="PRESENT_REF">now</TIMEX3>]
[Text=before CharacterOffsetBegin=177 CharacterOffsetEnd=183 PartOfSpeech=IN Lemma=before NamedEntityTag=O]
[Text=the CharacterOffsetBegin=184 CharacterOffsetEnd=187 PartOfSpeech=DT Lemma=the NamedEntityTag=O]
[Text=Night CharacterOffsetBegin=188 CharacterOffsetEnd=193 PartOfSpeech=NNP Lemma=Night NamedEntityTag=TIME NormalizedNamedEntityTag=TNI Timex=<TIMEX3 tid="t3" type="TIME" value="TNI">Night</TIMEX3>]
[Text='s CharacterOffsetBegin=193 CharacterOffsetEnd=195 PartOfSpeech=POS Lemma='s NamedEntityTag=O]
[Text=King CharacterOffsetBegin=196 CharacterOffsetEnd=200 PartOfSpeech=NNP Lemma=King NamedEntityTag=O]
[Text=makes CharacterOffsetBegin=201 CharacterOffsetEnd=206 PartOfSpeech=VBZ Lemma=make NamedEntityTag=O]
[Text=his CharacterOffsetBegin=207 CharacterOffsetEnd=210 PartOfSpeech=PRP$ Lemma=he NamedEntityTag=O]
[Text=move CharacterOffsetBegin=211 CharacterOffsetEnd=215 PartOfSpeech=NN Lemma=move NamedEntityTag=O]
[Text=. CharacterOffsetBegin=215 CharacterOffsetEnd=216 PartOfSpeech=. Lemma=. NamedEntityTag=O]
(ROOT
  (S
    (S
      (NP (PRP It))
      (ADVP (RB probably))
      (VP (MD wo) (RB n't)
        (VP (VB happen)
          (PP (IN until) (IN towards)
            (NP
              (NP (DT the) (NN end))
              (PP (IN of)
                (NP (NN Season) (CD 7))))))))
    (, ,)
    (CC but)
    (S
      (NP (PRP it))
      (VP (MD wo) (RB n't)
        (VP (VB be)
          (ADVP
            (ADVP (RB long) (RB now))
            (SBAR (IN before)
              (S
                (NP
                  (NP (DT the) (NNP Night) (POS 's))
                  (NNP King))
                (VP (VBZ makes)
                  (NP (PRP$ his) (NN move)))))))))
    (. .)))

root(ROOT-0, happen-5)
nsubj(happen-5, It-1)
advmod(happen-5, probably-2)
aux(happen-5, wo-3)
neg(happen-5, n't-4)
case(end-9, until-6)
case(end-9, towards-7)
det(end-9, the-8)
nmod:towards(happen-5, end-9)
case(Season-11, of-10)
nmod:of(end-9, Season-11)
nummod(Season-11, 7-12)
punct(happen-5, ,-13)
cc(happen-5, but-14)
nsubj(be-18, it-15)
aux(be-18, wo-16)
neg(be-18, n't-17)
conj:but(happen-5, be-18)
advmod(now-20, long-19)
advmod(be-18, now-20)
mark(makes-26, before-21)
det(Night-23, the-22)
nmod:poss(King-25, Night-23)
case(Night-23, 's-24)
nsubj(makes-26, King-25)
advcl:before(now-20, makes-26)
nmod:poss(move-28, his-27)
dobj(makes-26, move-28)
punct(happen-5, .-29)

Sentence #4 (36 tokens):
Showrunner David Benioff basically said as much when asked about the Horn of Joramun — a legendary device believed to hold the power to topple The Wall — in a recent interview for Deadline Hollywood.
[Text=Showrunner CharacterOffsetBegin=218 CharacterOffsetEnd=228 PartOfSpeech=NNP Lemma=Showrunner NamedEntityTag=O]
[Text=David CharacterOffsetBegin=229 CharacterOffsetEnd=234 PartOfSpeech=NNP Lemma=David NamedEntityTag=PERSON]
[Text=Benioff CharacterOffsetBegin=235 CharacterOffsetEnd=242 PartOfSpeech=NNP Lemma=Benioff NamedEntityTag=PERSON]
[Text=basically CharacterOffsetBegin=243 CharacterOffsetEnd=252 PartOfSpeech=RB Lemma=basically NamedEntityTag=O]
[Text=said CharacterOffsetBegin=253 CharacterOffsetEnd=257 PartOfSpeech=VBD Lemma=say NamedEntityTag=O]
[Text=as CharacterOffsetBegin=258 CharacterOffsetEnd=260 PartOfSpeech=RB Lemma=as NamedEntityTag=O]
[Text=much CharacterOffsetBegin=261 CharacterOffsetEnd=265 PartOfSpeech=JJ Lemma=much NamedEntityTag=O]
[Text=when CharacterOffsetBegin=266 CharacterOffsetEnd=270 PartOfSpeech=WRB Lemma=when NamedEntityTag=O]
[Text=asked CharacterOffsetBegin=271 CharacterOffsetEnd=276 PartOfSpeech=VBN Lemma=ask NamedEntityTag=O]
[Text=about CharacterOffsetBegin=277 CharacterOffsetEnd=282 PartOfSpeech=IN Lemma=about NamedEntityTag=O]
[Text=the CharacterOffsetBegin=283 CharacterOffsetEnd=286 PartOfSpeech=DT Lemma=the NamedEntityTag=O]
[Text=Horn CharacterOffsetBegin=287 CharacterOffsetEnd=291 PartOfSpeech=NNP Lemma=Horn NamedEntityTag=PERSON]
[Text=of CharacterOffsetBegin=292 CharacterOffsetEnd=294 PartOfSpeech=IN Lemma=of NamedEntityTag=PERSON]
[Text=Joramun CharacterOffsetBegin=295 CharacterOffsetEnd=302 PartOfSpeech=NNP Lemma=Joramun NamedEntityTag=PERSON]
[Text=-- CharacterOffsetBegin=303 CharacterOffsetEnd=304 PartOfSpeech=: Lemma=-- NamedEntityTag=O]
[Text=a CharacterOffsetBegin=305 CharacterOffsetEnd=306 PartOfSpeech=DT Lemma=a NamedEntityTag=O]
[Text=legendary CharacterOffsetBegin=307 CharacterOffsetEnd=316 PartOfSpeech=JJ Lemma=legendary NamedEntityTag=O]
[Text=device CharacterOffsetBegin=317 CharacterOffsetEnd=323 PartOfSpeech=NN Lemma=device NamedEntityTag=O]
[Text=believed CharacterOffsetBegin=324 CharacterOffsetEnd=332 PartOfSpeech=VBN Lemma=believe NamedEntityTag=O]
[Text=to CharacterOffsetBegin=333 CharacterOffsetEnd=335 PartOfSpeech=TO Lemma=to NamedEntityTag=O]
[Text=hold CharacterOffsetBegin=336 CharacterOffsetEnd=340 PartOfSpeech=VB Lemma=hold NamedEntityTag=O]
[Text=the CharacterOffsetBegin=341 CharacterOffsetEnd=344 PartOfSpeech=DT Lemma=the NamedEntityTag=O]
[Text=power CharacterOffsetBegin=345 CharacterOffsetEnd=350 PartOfSpeech=NN Lemma=power NamedEntityTag=O]
[Text=to CharacterOffsetBegin=351 CharacterOffsetEnd=353 PartOfSpeech=TO Lemma=to NamedEntityTag=O]
[Text=topple CharacterOffsetBegin=354 CharacterOffsetEnd=360 PartOfSpeech=VB Lemma=topple NamedEntityTag=O]
[Text=The CharacterOffsetBegin=361 CharacterOffsetEnd=364 PartOfSpeech=DT Lemma=the NamedEntityTag=O]
[Text=Wall CharacterOffsetBegin=365 CharacterOffsetEnd=369 PartOfSpeech=NN Lemma=wall NamedEntityTag=O]
[Text=-- CharacterOffsetBegin=370 CharacterOffsetEnd=371 PartOfSpeech=: Lemma=-- NamedEntityTag=O]
[Text=in CharacterOffsetBegin=372 CharacterOffsetEnd=374 PartOfSpeech=IN Lemma=in NamedEntityTag=O]
[Text=a CharacterOffsetBegin=375 CharacterOffsetEnd=376 PartOfSpeech=DT Lemma=a NamedEntityTag=O]
[Text=recent CharacterOffsetBegin=377 CharacterOffsetEnd=383 PartOfSpeech=JJ Lemma=recent NamedEntityTag=O]
[Text=interview CharacterOffsetBegin=384 CharacterOffsetEnd=393 PartOfSpeech=NN Lemma=interview NamedEntityTag=O]
[Text=for CharacterOffsetBegin=394 CharacterOffsetEnd=397 PartOfSpeech=IN Lemma=for NamedEntityTag=O]
[Text=Deadline CharacterOffsetBegin=398 CharacterOffsetEnd=406 PartOfSpeech=NNP Lemma=Deadline NamedEntityTag=ORGANIZATION]
[Text=Hollywood CharacterOffsetBegin=407 CharacterOffsetEnd=416 PartOfSpeech=NNP Lemma=Hollywood NamedEntityTag=ORGANIZATION]
[Text=. CharacterOffsetBegin=416 CharacterOffsetEnd=417 PartOfSpeech=. Lemma=. NamedEntityTag=O]
(ROOT
  (S
    (NP (NNP Showrunner) (NNP David) (NNP Benioff))
    (ADVP (RB basically))
    (VP (VBD said)
      (ADJP (RB as) (JJ much))
      (SBAR
        (WHADVP (WRB when))
        (S
          (VP (VBN asked)
            (PP (IN about)
              (NP
                (NP
                  (NP
                    (NP (DT the) (NNP Horn))
                    (PP (IN of)
                      (NP (NNP Joramun))))
                  (PRN (: --)
                    (NP
                      (NP (DT a) (JJ legendary) (NN device))
                      (VP (VBN believed)
                        (S
                          (VP (TO to)
                            (VP (VB hold)
                              (NP (DT the) (NN power)
                                (S
                                  (VP (TO to)
                                    (VP (VB topple)
                                      (NP (DT The) (NN Wall)))))))))))
                    (: --)))
                (PP (IN in)
                  (NP
                    (NP (DT a) (JJ recent) (NN interview))
                    (PP (IN for)
                      (NP (NNP Deadline) (NNP Hollywood)))))))))))
    (. .)))

root(ROOT-0, said-5)
compound(Benioff-3, Showrunner-1)
compound(Benioff-3, David-2)
nsubj(said-5, Benioff-3)
advmod(said-5, basically-4)
advmod(much-7, as-6)
xcomp(said-5, much-7)
advmod(asked-9, when-8)
advcl(said-5, asked-9)
case(Horn-12, about-10)
det(Horn-12, the-11)
nmod:about(asked-9, Horn-12)
case(Joramun-14, of-13)
nmod:of(Horn-12, Joramun-14)
punct(device-18, ---15)
det(device-18, a-16)
amod(device-18, legendary-17)
dep(Horn-12, device-18)
acl(device-18, believed-19)
mark(hold-21, to-20)
xcomp(believed-19, hold-21)
det(power-23, the-22)
dobj(hold-21, power-23)
mark(topple-25, to-24)
acl:to(power-23, topple-25)
det(Wall-27, The-26)
dobj(topple-25, Wall-27)
punct(device-18, ---28)
case(interview-32, in-29)
det(interview-32, a-30)
amod(interview-32, recent-31)
nmod:in(Horn-12, interview-32)
case(Hollywood-35, for-33)
compound(Hollywood-35, Deadline-34)
nmod:for(interview-32, Hollywood-35)
punct(said-5, .-36)

Sentence #5 (51 tokens):
"If the Wildlings managed to make it over, which they have, and the Night King has so much more in the way of both power and troops who'll do literally anything he says... We'll leave it at that for now," said Benioff.
[Text=`` CharacterOffsetBegin=419 CharacterOffsetEnd=420 PartOfSpeech=`` Lemma=`` NamedEntityTag=O]
[Text=If CharacterOffsetBegin=420 CharacterOffsetEnd=422 PartOfSpeech=IN Lemma=if NamedEntityTag=O]
[Text=the CharacterOffsetBegin=423 CharacterOffsetEnd=426 PartOfSpeech=DT Lemma=the NamedEntityTag=O]
[Text=Wildlings CharacterOffsetBegin=427 CharacterOffsetEnd=436 PartOfSpeech=NNP Lemma=Wildlings NamedEntityTag=PERSON]
[Text=managed CharacterOffsetBegin=437 CharacterOffsetEnd=444 PartOfSpeech=VBD Lemma=manage NamedEntityTag=O]
[Text=to CharacterOffsetBegin=445 CharacterOffsetEnd=447 PartOfSpeech=TO Lemma=to NamedEntityTag=O]
[Text=make CharacterOffsetBegin=448 CharacterOffsetEnd=452 PartOfSpeech=VB Lemma=make NamedEntityTag=O]
[Text=it CharacterOffsetBegin=453 CharacterOffsetEnd=455 PartOfSpeech=PRP Lemma=it NamedEntityTag=O]
[Text=over CharacterOffsetBegin=456 CharacterOffsetEnd=460 PartOfSpeech=IN Lemma=over NamedEntityTag=O]
[Text=, CharacterOffsetBegin=460 CharacterOffsetEnd=461 PartOfSpeech=, Lemma=, NamedEntityTag=O]
[Text=which CharacterOffsetBegin=462 CharacterOffsetEnd=467 PartOfSpeech=WDT Lemma=which NamedEntityTag=O]
[Text=they CharacterOffsetBegin=468 CharacterOffsetEnd=472 PartOfSpeech=PRP Lemma=they NamedEntityTag=O]
[Text=have CharacterOffsetBegin=473 CharacterOffsetEnd=477 PartOfSpeech=VBP Lemma=have NamedEntityTag=O]
[Text=, CharacterOffsetBegin=477 CharacterOffsetEnd=478 PartOfSpeech=, Lemma=, NamedEntityTag=O]
[Text=and CharacterOffsetBegin=479 CharacterOffsetEnd=482 PartOfSpeech=CC Lemma=and NamedEntityTag=O]
[Text=the CharacterOffsetBegin=483 CharacterOffsetEnd=486 PartOfSpeech=DT Lemma=the NamedEntityTag=O]
[Text=Night CharacterOffsetBegin=487 CharacterOffsetEnd=492 PartOfSpeech=NNP Lemma=Night NamedEntityTag=TIME NormalizedNamedEntityTag=TNI Timex=<TIMEX3 tid="t4" type="TIME" value="TNI">Night</TIMEX3>]
[Text=King CharacterOffsetBegin=493 CharacterOffsetEnd=497 PartOfSpeech=NNP Lemma=King NamedEntityTag=O]
[Text=has CharacterOffsetBegin=498 CharacterOffsetEnd=501 PartOfSpeech=VBZ Lemma=have NamedEntityTag=O]
[Text=so CharacterOffsetBegin=502 CharacterOffsetEnd=504 PartOfSpeech=RB Lemma=so NamedEntityTag=O]
[Text=much CharacterOffsetBegin=505 CharacterOffsetEnd=509 PartOfSpeech=RB Lemma=much NamedEntityTag=O]
[Text=more CharacterOffsetBegin=510 CharacterOffsetEnd=514 PartOfSpeech=RBR Lemma=more NamedEntityTag=O]
[Text=in CharacterOffsetBegin=515 CharacterOffsetEnd=517 PartOfSpeech=IN Lemma=in NamedEntityTag=O]
[Text=the CharacterOffsetBegin=518 CharacterOffsetEnd=521 PartOfSpeech=DT Lemma=the NamedEntityTag=O]
[Text=way CharacterOffsetBegin=522 CharacterOffsetEnd=525 PartOfSpeech=NN Lemma=way NamedEntityTag=O]
[Text=of CharacterOffsetBegin=526 CharacterOffsetEnd=528 PartOfSpeech=IN Lemma=of NamedEntityTag=O]
[Text=both CharacterOffsetBegin=529 CharacterOffsetEnd=533 PartOfSpeech=CC Lemma=both NamedEntityTag=O]
[Text=power CharacterOffsetBegin=534 CharacterOffsetEnd=539 PartOfSpeech=NN Lemma=power NamedEntityTag=O]
[Text=and CharacterOffsetBegin=540 CharacterOffsetEnd=543 PartOfSpeech=CC Lemma=and NamedEntityTag=O]
[Text=troops CharacterOffsetBegin=544 CharacterOffsetEnd=550 PartOfSpeech=NNS Lemma=troops NamedEntityTag=O]
[Text=who CharacterOffsetBegin=551 CharacterOffsetEnd=554 PartOfSpeech=WP Lemma=who NamedEntityTag=O]
[Text='ll CharacterOffsetBegin=554 CharacterOffsetEnd=557 PartOfSpeech=MD Lemma=will NamedEntityTag=O]
[Text=do CharacterOffsetBegin=558 CharacterOffsetEnd=560 PartOfSpeech=VB Lemma=do NamedEntityTag=O]
[Text=literally CharacterOffsetBegin=561 CharacterOffsetEnd=570 PartOfSpeech=RB Lemma=literally NamedEntityTag=O]
[Text=anything CharacterOffsetBegin=571 CharacterOffsetEnd=579 PartOfSpeech=NN Lemma=anything NamedEntityTag=O]
[Text=he CharacterOffsetBegin=580 CharacterOffsetEnd=582 PartOfSpeech=PRP Lemma=he NamedEntityTag=O]
[Text=says CharacterOffsetBegin=583 CharacterOffsetEnd=587 PartOfSpeech=VBZ Lemma=say NamedEntityTag=O]
[Text=... CharacterOffsetBegin=587 CharacterOffsetEnd=590 PartOfSpeech=: Lemma=... NamedEntityTag=O]
[Text=We CharacterOffsetBegin=591 CharacterOffsetEnd=593 PartOfSpeech=PRP Lemma=we NamedEntityTag=O]
[Text='ll CharacterOffsetBegin=593 CharacterOffsetEnd=596 PartOfSpeech=MD Lemma=will NamedEntityTag=O]
[Text=leave CharacterOffsetBegin=597 CharacterOffsetEnd=602 PartOfSpeech=VB Lemma=leave NamedEntityTag=O]
[Text=it CharacterOffsetBegin=603 CharacterOffsetEnd=605 PartOfSpeech=PRP Lemma=it NamedEntityTag=O]
[Text=at CharacterOffsetBegin=606 CharacterOffsetEnd=608 PartOfSpeech=IN Lemma=at NamedEntityTag=O]
[Text=that CharacterOffsetBegin=609 CharacterOffsetEnd=613 PartOfSpeech=DT Lemma=that NamedEntityTag=O]
[Text=for CharacterOffsetBegin=614 CharacterOffsetEnd=617 PartOfSpeech=IN Lemma=for NamedEntityTag=O]
[Text=now CharacterOffsetBegin=618 CharacterOffsetEnd=621 PartOfSpeech=RB Lemma=now NamedEntityTag=DATE NormalizedNamedEntityTag=PRESENT_REF Timex=<TIMEX3 tid="t5" type="DATE" value="PRESENT_REF">now</TIMEX3>]
[Text=, CharacterOffsetBegin=621 CharacterOffsetEnd=622 PartOfSpeech=, Lemma=, NamedEntityTag=O]
[Text='' CharacterOffsetBegin=622 CharacterOffsetEnd=623 PartOfSpeech='' Lemma='' NamedEntityTag=O]
[Text=said CharacterOffsetBegin=624 CharacterOffsetEnd=628 PartOfSpeech=VBD Lemma=say NamedEntityTag=O]
[Text=Benioff CharacterOffsetBegin=629 CharacterOffsetEnd=636 PartOfSpeech=NNP Lemma=Benioff NamedEntityTag=PERSON]
[Text=. CharacterOffsetBegin=636 CharacterOffsetEnd=637 PartOfSpeech=. Lemma=. NamedEntityTag=O]
(ROOT
  (SINV (`` ``)
    (S
      (S
        (SBAR (IN If)
          (S
            (NP (DT the) (NNP Wildlings))
            (VP (VBD managed)
              (S
                (VP (TO to)
                  (VP (VB make)
                    (NP (PRP it))
                    (PP (IN over))
                    (, ,)
                    (SBAR
                      (WHNP (WDT which))
                      (S
                        (S
                          (NP (PRP they))
                          (VP (VBP have)))
                        (, ,)
                        (CC and)
                        (S
                          (NP (DT the) (NNP Night) (NNP King))
                          (VP (VBZ has)
                            (NP
                              (ADJP
                                (ADVP (RB so) (RB much) (RBR more))
                                (PP (IN in)
                                  (NP
                                    (NP (DT the) (NN way))
                                    (PP (IN of)
                                      (NP (CC both)
                                        (NP (NN power))
                                        (CC and)
                                        (NP (NNS troops))))
                                    (SBAR
                                      (WHNP (WP who))
                                      (S
                                        (VP (MD 'll)
                                          (VP (VB do)
                                            (ADVP (RB literally)))))))))
                              (NN anything))))))))))))
        (NP (PRP he))
        (VP (VBZ says)))
      (: ...)
      (S
        (NP (PRP We))
        (VP (MD 'll)
          (VP (VB leave)
            (NP (PRP it))
            (PP (IN at)
              (NP
                (NP (DT that))
                (PP (IN for)
                  (NP (RB now)))))))))
    (, ,) ('' '')
    (VP (VBD said))
    (NP (NNP Benioff))
    (. .)))

root(ROOT-0, said-49)
punct(said-49, ``-1)
mark(managed-5, If-2)
det(Wildlings-4, the-3)
nsubj(managed-5, Wildlings-4)
nsubj:xsubj(make-7, Wildlings-4)
advcl:if(says-37, managed-5)
mark(make-7, to-6)
xcomp(managed-5, make-7)
dobj(make-7, it-8)
nmod(make-7, over-9)
punct(make-7, ,-10)
dep(have-13, which-11)
nsubj(have-13, they-12)
dep(make-7, have-13)
punct(have-13, ,-14)
cc(have-13, and-15)
det(King-18, the-16)
compound(King-18, Night-17)
nsubj(has-19, King-18)
dep(make-7, has-19)
conj:and(have-13, has-19)
advmod(more-22, so-20)
advmod(more-22, much-21)
amod(anything-35, more-22)
case(way-25, in-23)
det(way-25, the-24)
nmod:in(more-22, way-25)
nsubj(do-33, way-25)
case(power-28, of-26)
cc:preconj(power-28, both-27)
nmod:of(way-25, power-28)
cc(power-28, and-29)
nmod:of(way-25, troops-30)
conj:and(power-28, troops-30)
ref(way-25, who-31)
aux(do-33, 'll-32)
acl:relcl(way-25, do-33)
advmod(do-33, literally-34)
dobj(has-19, anything-35)
nsubj(says-37, he-36)
ccomp(said-49, says-37)
punct(says-37, ...-38)
nsubj(leave-41, We-39)
aux(leave-41, 'll-40)
parataxis(says-37, leave-41)
dobj(leave-41, it-42)
case(that-44, at-43)
nmod:at(leave-41, that-44)
case(now-46, for-45)
nmod:for(that-44, now-46)
punct(said-49, ,-47)
punct(said-49, ''-48)
nsubj(said-49, Benioff-50)
punct(said-49, .-51)

Coreference set:
	(3,25,[22,26]) -> (1,4,[1,5]), that is: "the Night 's King" -> "The Night 's King"
	(3,27,[27,28]) -> (1,4,[1,5]), that is: "his" -> "The Night 's King"
	(5,18,[16,19]) -> (1,4,[1,5]), that is: "the Night King" -> "The Night 's King"
	(5,36,[36,37]) -> (1,4,[1,5]), that is: "he" -> "The Night 's King"
Coreference set:
	(3,23,[22,25]) -> (1,2,[1,4]), that is: "the Night 's" -> "The Night 's"
Coreference set:
	(2,15,[15,16]) -> (2,1,[1,2]), that is: "it" -> "This"
	(3,1,[1,2]) -> (2,1,[1,2]), that is: "It" -> "This"
	(3,15,[15,16]) -> (2,1,[1,2]), that is: "it" -> "This"
Coreference set:
	(5,50,[50,51]) -> (4,3,[1,4]), that is: "Benioff" -> "Showrunner David Benioff"
Coreference set:
	(5,8,[8,9]) -> (4,18,[16,28]), that is: "it" -> "a legendary device believed to hold the power to topple The Wall"
	(5,42,[42,43]) -> (4,18,[16,28]), that is: "it" -> "a legendary device believed to hold the power to topple The Wall"
