Sentence #1 (5 tokens):
Jaime will kill Cersei.
[Text=Jaime CharacterOffsetBegin=0 CharacterOffsetEnd=5 PartOfSpeech=NNP Lemma=Jaime NamedEntityTag=PERSON]
[Text=will CharacterOffsetBegin=6 CharacterOffsetEnd=10 PartOfSpeech=MD Lemma=will NamedEntityTag=O]
[Text=kill CharacterOffsetBegin=11 CharacterOffsetEnd=15 PartOfSpeech=VB Lemma=kill NamedEntityTag=O]
[Text=Cersei CharacterOffsetBegin=16 CharacterOffsetEnd=22 PartOfSpeech=NNP Lemma=Cersei NamedEntityTag=PERSON]
[Text=. CharacterOffsetBegin=22 CharacterOffsetEnd=23 PartOfSpeech=. Lemma=. NamedEntityTag=O]
(ROOT
  (S
    (NP (NNP Jaime))
    (VP (MD will)
      (VP (VB kill)
        (NP (NNP Cersei))))
    (. .)))

root(ROOT-0, kill-3)
nsubj(kill-3, Jaime-1)
aux(kill-3, will-2)
dobj(kill-3, Cersei-4)
punct(kill-3, .-5)

Sentence #2 (27 tokens):
What this means: With the death of Tommen, Maggy the Frog’s prediction that all of Cersei’s children will die has come true.
[Text=What CharacterOffsetBegin=26 CharacterOffsetEnd=30 PartOfSpeech=WP Lemma=what NamedEntityTag=O]
[Text=this CharacterOffsetBegin=31 CharacterOffsetEnd=35 PartOfSpeech=DT Lemma=this NamedEntityTag=O]
[Text=means CharacterOffsetBegin=36 CharacterOffsetEnd=41 PartOfSpeech=VBZ Lemma=mean NamedEntityTag=O]
[Text=: CharacterOffsetBegin=41 CharacterOffsetEnd=42 PartOfSpeech=: Lemma=: NamedEntityTag=O]
[Text=With CharacterOffsetBegin=43 CharacterOffsetEnd=47 PartOfSpeech=IN Lemma=with NamedEntityTag=O]
[Text=the CharacterOffsetBegin=48 CharacterOffsetEnd=51 PartOfSpeech=DT Lemma=the NamedEntityTag=O]
[Text=death CharacterOffsetBegin=52 CharacterOffsetEnd=57 PartOfSpeech=NN Lemma=death NamedEntityTag=O]
[Text=of CharacterOffsetBegin=58 CharacterOffsetEnd=60 PartOfSpeech=IN Lemma=of NamedEntityTag=O]
[Text=Tommen CharacterOffsetBegin=61 CharacterOffsetEnd=67 PartOfSpeech=NNP Lemma=Tommen NamedEntityTag=LOCATION]
[Text=, CharacterOffsetBegin=67 CharacterOffsetEnd=68 PartOfSpeech=, Lemma=, NamedEntityTag=O]
[Text=Maggy CharacterOffsetBegin=69 CharacterOffsetEnd=74 PartOfSpeech=NNP Lemma=Maggy NamedEntityTag=PERSON]
[Text=the CharacterOffsetBegin=75 CharacterOffsetEnd=78 PartOfSpeech=DT Lemma=the NamedEntityTag=O]
[Text=Frog CharacterOffsetBegin=79 CharacterOffsetEnd=83 PartOfSpeech=NNP Lemma=Frog NamedEntityTag=O]
[Text='s CharacterOffsetBegin=83 CharacterOffsetEnd=85 PartOfSpeech=POS Lemma='s NamedEntityTag=O]
[Text=prediction CharacterOffsetBegin=86 CharacterOffsetEnd=96 PartOfSpeech=NN Lemma=prediction NamedEntityTag=O]
[Text=that CharacterOffsetBegin=97 CharacterOffsetEnd=101 PartOfSpeech=IN Lemma=that NamedEntityTag=O]
[Text=all CharacterOffsetBegin=102 CharacterOffsetEnd=105 PartOfSpeech=DT Lemma=all NamedEntityTag=O]
[Text=of CharacterOffsetBegin=106 CharacterOffsetEnd=108 PartOfSpeech=IN Lemma=of NamedEntityTag=O]
[Text=Cersei CharacterOffsetBegin=109 CharacterOffsetEnd=115 PartOfSpeech=NNP Lemma=Cersei NamedEntityTag=PERSON]
[Text='s CharacterOffsetBegin=115 CharacterOffsetEnd=117 PartOfSpeech=POS Lemma='s NamedEntityTag=O]
[Text=children CharacterOffsetBegin=118 CharacterOffsetEnd=126 PartOfSpeech=NNS Lemma=child NamedEntityTag=O]
[Text=will CharacterOffsetBegin=127 CharacterOffsetEnd=131 PartOfSpeech=MD Lemma=will NamedEntityTag=O]
[Text=die CharacterOffsetBegin=132 CharacterOffsetEnd=135 PartOfSpeech=VB Lemma=die NamedEntityTag=O]
[Text=has CharacterOffsetBegin=136 CharacterOffsetEnd=139 PartOfSpeech=VBZ Lemma=have NamedEntityTag=O]
[Text=come CharacterOffsetBegin=140 CharacterOffsetEnd=144 PartOfSpeech=VBN Lemma=come NamedEntityTag=O]
[Text=true CharacterOffsetBegin=145 CharacterOffsetEnd=149 PartOfSpeech=JJ Lemma=true NamedEntityTag=O]
[Text=. CharacterOffsetBegin=149 CharacterOffsetEnd=150 PartOfSpeech=. Lemma=. NamedEntityTag=O]
(ROOT
  (S
    (SBAR
      (WHNP (WP What))
      (S
        (NP (DT this))
        (VP (VBZ means) (: :)
          (S
            (PP (IN With)
              (NP
                (NP (DT the) (NN death))
                (PP (IN of)
                  (NP (NNP Tommen) (, ,) (NNP Maggy)))))
            (NP
              (NP
                (NP (DT the) (NNP Frog) (POS 's))
                (NN prediction))
              (SBAR (IN that)
                (S
                  (NP
                    (NP (DT all))
                    (PP (IN of)
                      (NP
                        (NP (NNP Cersei) (POS 's))
                        (NNS children))))
                  (VP (MD will)
                    (VP (VB die))))))))))
    (VP (VBZ has)
      (VP (VBN come)
        (S
          (ADJP (JJ true)))))
    (. .)))

root(ROOT-0, come-25)
dobj(means-3, What-1)
nsubj(means-3, this-2)
csubj(come-25, means-3)
punct(means-3, :-4)
case(death-7, With-5)
det(death-7, the-6)
dep(prediction-15, death-7)
case(Maggy-11, of-8)
compound(Maggy-11, Tommen-9)
punct(Maggy-11, ,-10)
nmod:of(death-7, Maggy-11)
det(Frog-13, the-12)
nmod:poss(prediction-15, Frog-13)
case(Frog-13, 's-14)
parataxis(means-3, prediction-15)
mark(die-23, that-16)
nsubj(die-23, all-17)
case(children-21, of-18)
nmod:poss(children-21, Cersei-19)
case(Cersei-19, 's-20)
nmod:of(all-17, children-21)
aux(die-23, will-22)
dep(prediction-15, die-23)
aux(come-25, has-24)
xcomp(come-25, true-26)
punct(come-25, .-27)

Sentence #3 (27 tokens):
However, there’s one more tidbit that concludes the childhood prophecy: Cersei will be killed by her “Valonqar,” or little brother.
[Text=However CharacterOffsetBegin=151 CharacterOffsetEnd=158 PartOfSpeech=RB Lemma=however NamedEntityTag=O]
[Text=, CharacterOffsetBegin=158 CharacterOffsetEnd=159 PartOfSpeech=, Lemma=, NamedEntityTag=O]
[Text=there CharacterOffsetBegin=160 CharacterOffsetEnd=165 PartOfSpeech=EX Lemma=there NamedEntityTag=O]
[Text='s CharacterOffsetBegin=165 CharacterOffsetEnd=167 PartOfSpeech=VBZ Lemma=be NamedEntityTag=O]
[Text=one CharacterOffsetBegin=168 CharacterOffsetEnd=171 PartOfSpeech=CD Lemma=one NamedEntityTag=NUMBER NormalizedNamedEntityTag=1.0]
[Text=more CharacterOffsetBegin=172 CharacterOffsetEnd=176 PartOfSpeech=JJR Lemma=more NamedEntityTag=O]
[Text=tidbit CharacterOffsetBegin=177 CharacterOffsetEnd=183 PartOfSpeech=NN Lemma=tidbit NamedEntityTag=O]
[Text=that CharacterOffsetBegin=184 CharacterOffsetEnd=188 PartOfSpeech=WDT Lemma=that NamedEntityTag=O]
[Text=concludes CharacterOffsetBegin=189 CharacterOffsetEnd=198 PartOfSpeech=VBZ Lemma=conclude NamedEntityTag=O]
[Text=the CharacterOffsetBegin=199 CharacterOffsetEnd=202 PartOfSpeech=DT Lemma=the NamedEntityTag=O]
[Text=childhood CharacterOffsetBegin=203 CharacterOffsetEnd=212 PartOfSpeech=NN Lemma=childhood NamedEntityTag=O]
[Text=prophecy CharacterOffsetBegin=213 CharacterOffsetEnd=221 PartOfSpeech=NN Lemma=prophecy NamedEntityTag=O]
[Text=: CharacterOffsetBegin=221 CharacterOffsetEnd=222 PartOfSpeech=: Lemma=: NamedEntityTag=O]
[Text=Cersei CharacterOffsetBegin=223 CharacterOffsetEnd=229 PartOfSpeech=NNP Lemma=Cersei NamedEntityTag=PERSON]
[Text=will CharacterOffsetBegin=230 CharacterOffsetEnd=234 PartOfSpeech=MD Lemma=will NamedEntityTag=O]
[Text=be CharacterOffsetBegin=235 CharacterOffsetEnd=237 PartOfSpeech=VB Lemma=be NamedEntityTag=O]
[Text=killed CharacterOffsetBegin=238 CharacterOffsetEnd=244 PartOfSpeech=VBN Lemma=kill NamedEntityTag=O]
[Text=by CharacterOffsetBegin=245 CharacterOffsetEnd=247 PartOfSpeech=IN Lemma=by NamedEntityTag=O]
[Text=her CharacterOffsetBegin=248 CharacterOffsetEnd=251 PartOfSpeech=PRP$ Lemma=she NamedEntityTag=O]
[Text=`` CharacterOffsetBegin=252 CharacterOffsetEnd=253 PartOfSpeech=`` Lemma=`` NamedEntityTag=O]
[Text=Valonqar CharacterOffsetBegin=253 CharacterOffsetEnd=261 PartOfSpeech=NNP Lemma=Valonqar NamedEntityTag=O]
[Text=, CharacterOffsetBegin=261 CharacterOffsetEnd=262 PartOfSpeech=, Lemma=, NamedEntityTag=O]
[Text='' CharacterOffsetBegin=262 CharacterOffsetEnd=263 PartOfSpeech='' Lemma='' NamedEntityTag=O]
[Text=or CharacterOffsetBegin=264 CharacterOffsetEnd=266 PartOfSpeech=CC Lemma=or NamedEntityTag=O]
[Text=little CharacterOffsetBegin=267 CharacterOffsetEnd=273 PartOfSpeech=JJ Lemma=little NamedEntityTag=O]
[Text=brother CharacterOffsetBegin=274 CharacterOffsetEnd=281 PartOfSpeech=NN Lemma=brother NamedEntityTag=O]
[Text=. CharacterOffsetBegin=281 CharacterOffsetEnd=282 PartOfSpeech=. Lemma=. NamedEntityTag=O]
(ROOT
  (S
    (S
      (ADVP (RB However))
      (, ,)
      (NP (EX there))
      (VP (VBZ 's)
        (NP
          (NP (CD one) (JJR more) (NN tidbit))
          (SBAR
            (WHNP (WDT that))
            (S
              (VP (VBZ concludes)
                (NP (DT the) (NN childhood) (NN prophecy))))))))
    (: :)
    (S
      (NP (NNP Cersei))
      (VP (MD will)
        (VP (VB be)
          (VP (VBN killed)
            (PP (IN by)
              (NP
                (NP
                  (NP (PRP$ her))
                  (`` ``)
                  (NP (NNP Valonqar)))
                (, ,) ('' '')
                (CC or)
                (NP (JJ little) (NN brother))))))))
    (. .)))

root(ROOT-0, 's-4)
advmod('s-4, However-1)
punct('s-4, ,-2)
expl('s-4, there-3)
nummod(tidbit-7, one-5)
amod(tidbit-7, more-6)
nsubj('s-4, tidbit-7)
nsubj(concludes-9, tidbit-7)
ref(tidbit-7, that-8)
acl:relcl(tidbit-7, concludes-9)
det(prophecy-12, the-10)
compound(prophecy-12, childhood-11)
dobj(concludes-9, prophecy-12)
punct('s-4, :-13)
nsubjpass(killed-17, Cersei-14)
aux(killed-17, will-15)
auxpass(killed-17, be-16)
parataxis('s-4, killed-17)
case(her-19, by-18)
nmod:agent(killed-17, her-19)
punct(her-19, ``-20)
dep(her-19, Valonqar-21)
punct(her-19, ,-22)
punct(her-19, ''-23)
cc(her-19, or-24)
amod(brother-26, little-25)
nmod:agent(killed-17, brother-26)
conj:or(her-19, brother-26)
punct('s-4, .-27)

Sentence #4 (26 tokens):
A lot of people have taken that to mean Tyrion, who’s currently en route with Dany’s army to kick some Westeros ass.
[Text=A CharacterOffsetBegin=283 CharacterOffsetEnd=284 PartOfSpeech=DT Lemma=a NamedEntityTag=O]
[Text=lot CharacterOffsetBegin=285 CharacterOffsetEnd=288 PartOfSpeech=NN Lemma=lot NamedEntityTag=O]
[Text=of CharacterOffsetBegin=289 CharacterOffsetEnd=291 PartOfSpeech=IN Lemma=of NamedEntityTag=O]
[Text=people CharacterOffsetBegin=292 CharacterOffsetEnd=298 PartOfSpeech=NNS Lemma=people NamedEntityTag=O]
[Text=have CharacterOffsetBegin=299 CharacterOffsetEnd=303 PartOfSpeech=VBP Lemma=have NamedEntityTag=O]
[Text=taken CharacterOffsetBegin=304 CharacterOffsetEnd=309 PartOfSpeech=VBN Lemma=take NamedEntityTag=O]
[Text=that CharacterOffsetBegin=310 CharacterOffsetEnd=314 PartOfSpeech=DT Lemma=that NamedEntityTag=O]
[Text=to CharacterOffsetBegin=315 CharacterOffsetEnd=317 PartOfSpeech=TO Lemma=to NamedEntityTag=O]
[Text=mean CharacterOffsetBegin=318 CharacterOffsetEnd=322 PartOfSpeech=VB Lemma=mean NamedEntityTag=O]
[Text=Tyrion CharacterOffsetBegin=323 CharacterOffsetEnd=329 PartOfSpeech=NNP Lemma=Tyrion NamedEntityTag=PERSON]
[Text=, CharacterOffsetBegin=329 CharacterOffsetEnd=330 PartOfSpeech=, Lemma=, NamedEntityTag=O]
[Text=who CharacterOffsetBegin=331 CharacterOffsetEnd=334 PartOfSpeech=WP Lemma=who NamedEntityTag=O]
[Text='s CharacterOffsetBegin=334 CharacterOffsetEnd=336 PartOfSpeech=VBZ Lemma=be NamedEntityTag=O]
[Text=currently CharacterOffsetBegin=337 CharacterOffsetEnd=346 PartOfSpeech=RB Lemma=currently NamedEntityTag=DATE NormalizedNamedEntityTag=PRESENT_REF Timex=<TIMEX3 tid="t1" type="DATE" value="PRESENT_REF">currently</TIMEX3>]
[Text=en CharacterOffsetBegin=347 CharacterOffsetEnd=349 PartOfSpeech=IN Lemma=en NamedEntityTag=O]
[Text=route CharacterOffsetBegin=350 CharacterOffsetEnd=355 PartOfSpeech=NN Lemma=route NamedEntityTag=O]
[Text=with CharacterOffsetBegin=356 CharacterOffsetEnd=360 PartOfSpeech=IN Lemma=with NamedEntityTag=O]
[Text=Dany CharacterOffsetBegin=361 CharacterOffsetEnd=365 PartOfSpeech=NNP Lemma=Dany NamedEntityTag=PERSON]
[Text='s CharacterOffsetBegin=365 CharacterOffsetEnd=367 PartOfSpeech=POS Lemma='s NamedEntityTag=O]
[Text=army CharacterOffsetBegin=368 CharacterOffsetEnd=372 PartOfSpeech=NN Lemma=army NamedEntityTag=O]
[Text=to CharacterOffsetBegin=373 CharacterOffsetEnd=375 PartOfSpeech=TO Lemma=to NamedEntityTag=O]
[Text=kick CharacterOffsetBegin=376 CharacterOffsetEnd=380 PartOfSpeech=VB Lemma=kick NamedEntityTag=O]
[Text=some CharacterOffsetBegin=381 CharacterOffsetEnd=385 PartOfSpeech=DT Lemma=some NamedEntityTag=O]
[Text=Westeros CharacterOffsetBegin=386 CharacterOffsetEnd=394 PartOfSpeech=NNP Lemma=Westeros NamedEntityTag=PERSON]
[Text=ass CharacterOffsetBegin=395 CharacterOffsetEnd=398 PartOfSpeech=NN Lemma=ass NamedEntityTag=O]
[Text=. CharacterOffsetBegin=398 CharacterOffsetEnd=399 PartOfSpeech=. Lemma=. NamedEntityTag=O]
(ROOT
  (S
    (NP
      (NP (DT A) (NN lot))
      (PP (IN of)
        (NP (NNS people))))
    (VP (VBP have)
      (VP (VBN taken)
        (S
          (NP (DT that))
          (VP (TO to)
            (VP (VB mean)
              (NP
                (NP (NNP Tyrion))
                (, ,)
                (SBAR
                  (WHNP (WP who))
                  (S
                    (VP (VBZ 's)
                      (ADVP (RB currently))
                      (ADVP (IN en) (NN route)
                        (PP (IN with)
                          (NP
                            (NP (NNP Dany) (POS 's))
                            (NN army))))
                      (S
                        (VP (TO to)
                          (VP (VB kick)
                            (NP (DT some) (NNP Westeros) (NN ass))))))))))))))
    (. .)))

root(ROOT-0, taken-6)
det:qmod(people-4, A-1)
mwe(A-1, lot-2)
mwe(A-1, of-3)
nsubj(taken-6, people-4)
aux(taken-6, have-5)
dobj(taken-6, that-7)
nsubj:xsubj(mean-9, that-7)
mark(mean-9, to-8)
xcomp(taken-6, mean-9)
dobj(mean-9, Tyrion-10)
nsubj('s-13, Tyrion-10)
nsubj:xsubj(kick-22, Tyrion-10)
punct(Tyrion-10, ,-11)
ref(Tyrion-10, who-12)
acl:relcl(Tyrion-10, 's-13)
advmod('s-13, currently-14)
case(route-16, en-15)
advmod('s-13, route-16)
case(army-20, with-17)
nmod:poss(army-20, Dany-18)
case(Dany-18, 's-19)
nmod:with(route-16, army-20)
mark(kick-22, to-21)
xcomp('s-13, kick-22)
det(ass-25, some-23)
compound(ass-25, Westeros-24)
dobj(kick-22, ass-25)
punct(taken-6, .-26)

Sentence #5 (11 tokens):
However, he’s not Cersei’s only little brother.
[Text=However CharacterOffsetBegin=400 CharacterOffsetEnd=407 PartOfSpeech=RB Lemma=however NamedEntityTag=O]
[Text=, CharacterOffsetBegin=407 CharacterOffsetEnd=408 PartOfSpeech=, Lemma=, NamedEntityTag=O]
[Text=he CharacterOffsetBegin=409 CharacterOffsetEnd=411 PartOfSpeech=PRP Lemma=he NamedEntityTag=O]
[Text='s CharacterOffsetBegin=411 CharacterOffsetEnd=413 PartOfSpeech=VBZ Lemma=be NamedEntityTag=O]
[Text=not CharacterOffsetBegin=414 CharacterOffsetEnd=417 PartOfSpeech=RB Lemma=not NamedEntityTag=O]
[Text=Cersei CharacterOffsetBegin=418 CharacterOffsetEnd=424 PartOfSpeech=NNP Lemma=Cersei NamedEntityTag=PERSON]
[Text='s CharacterOffsetBegin=424 CharacterOffsetEnd=426 PartOfSpeech=POS Lemma='s NamedEntityTag=O]
[Text=only CharacterOffsetBegin=427 CharacterOffsetEnd=431 PartOfSpeech=RB Lemma=only NamedEntityTag=O]
[Text=little CharacterOffsetBegin=432 CharacterOffsetEnd=438 PartOfSpeech=JJ Lemma=little NamedEntityTag=O]
[Text=brother CharacterOffsetBegin=439 CharacterOffsetEnd=446 PartOfSpeech=NN Lemma=brother NamedEntityTag=O]
[Text=. CharacterOffsetBegin=446 CharacterOffsetEnd=447 PartOfSpeech=. Lemma=. NamedEntityTag=O]
(ROOT
  (S
    (ADVP (RB However))
    (, ,)
    (NP (PRP he))
    (VP (VBZ 's) (RB not)
      (NP
        (NP (NNP Cersei) (POS 's))
        (ADJP (RB only) (JJ little))
        (NN brother)))
    (. .)))

root(ROOT-0, brother-10)
advmod(brother-10, However-1)
punct(brother-10, ,-2)
nsubj(brother-10, he-3)
cop(brother-10, 's-4)
neg(brother-10, not-5)
nmod:poss(brother-10, Cersei-6)
case(Cersei-6, 's-7)
advmod(little-9, only-8)
amod(brother-10, little-9)
punct(brother-10, .-11)

Sentence #6 (14 tokens):
Jaime, Cersei’s twin, was born a few minutes after her.
[Text=Jaime CharacterOffsetBegin=448 CharacterOffsetEnd=453 PartOfSpeech=NNP Lemma=Jaime NamedEntityTag=PERSON]
[Text=, CharacterOffsetBegin=453 CharacterOffsetEnd=454 PartOfSpeech=, Lemma=, NamedEntityTag=O]
[Text=Cersei CharacterOffsetBegin=455 CharacterOffsetEnd=461 PartOfSpeech=NNP Lemma=Cersei NamedEntityTag=PERSON]
[Text='s CharacterOffsetBegin=461 CharacterOffsetEnd=463 PartOfSpeech=POS Lemma='s NamedEntityTag=O]
[Text=twin CharacterOffsetBegin=464 CharacterOffsetEnd=468 PartOfSpeech=NN Lemma=twin NamedEntityTag=O]
[Text=, CharacterOffsetBegin=468 CharacterOffsetEnd=469 PartOfSpeech=, Lemma=, NamedEntityTag=O]
[Text=was CharacterOffsetBegin=470 CharacterOffsetEnd=473 PartOfSpeech=VBD Lemma=be NamedEntityTag=O]
[Text=born CharacterOffsetBegin=474 CharacterOffsetEnd=478 PartOfSpeech=VBN Lemma=bear NamedEntityTag=O]
[Text=a CharacterOffsetBegin=479 CharacterOffsetEnd=480 PartOfSpeech=DT Lemma=a NamedEntityTag=DURATION NormalizedNamedEntityTag=PTXM Timex=<TIMEX3 tid="t2" type="DURATION" value="PTXM">a few minutes</TIMEX3>]
[Text=few CharacterOffsetBegin=481 CharacterOffsetEnd=484 PartOfSpeech=JJ Lemma=few NamedEntityTag=DURATION NormalizedNamedEntityTag=PTXM Timex=<TIMEX3 tid="t2" type="DURATION" value="PTXM">a few minutes</TIMEX3>]
[Text=minutes CharacterOffsetBegin=485 CharacterOffsetEnd=492 PartOfSpeech=NNS Lemma=minute NamedEntityTag=DURATION NormalizedNamedEntityTag=PTXM Timex=<TIMEX3 tid="t2" type="DURATION" value="PTXM">a few minutes</TIMEX3>]
[Text=after CharacterOffsetBegin=493 CharacterOffsetEnd=498 PartOfSpeech=IN Lemma=after NamedEntityTag=O]
[Text=her CharacterOffsetBegin=499 CharacterOffsetEnd=502 PartOfSpeech=PRP Lemma=she NamedEntityTag=O]
[Text=. CharacterOffsetBegin=502 CharacterOffsetEnd=503 PartOfSpeech=. Lemma=. NamedEntityTag=O]
(ROOT
  (S
    (NP
      (NP (NNP Jaime))
      (, ,)
      (NP
        (NP (NNP Cersei) (POS 's))
        (NN twin))
      (, ,))
    (VP (VBD was)
      (VP (VBN born)
        (NP-TMP (DT a) (JJ few) (NNS minutes))
        (PP (IN after)
          (NP (PRP her)))))
    (. .)))

root(ROOT-0, born-8)
nsubjpass(born-8, Jaime-1)
punct(Jaime-1, ,-2)
nmod:poss(twin-5, Cersei-3)
case(Cersei-3, 's-4)
appos(Jaime-1, twin-5)
punct(Jaime-1, ,-6)
auxpass(born-8, was-7)
det(minutes-11, a-9)
amod(minutes-11, few-10)
nmod:tmod(born-8, minutes-11)
case(her-13, after-12)
nmod:after(born-8, her-13)
punct(born-8, .-14)

Sentence #7 (17 tokens):
The last time we saw Jaime, he was horrified, watching Cersei take the crown.
[Text=The CharacterOffsetBegin=506 CharacterOffsetEnd=509 PartOfSpeech=DT Lemma=the NamedEntityTag=O]
[Text=last CharacterOffsetBegin=510 CharacterOffsetEnd=514 PartOfSpeech=JJ Lemma=last NamedEntityTag=O]
[Text=time CharacterOffsetBegin=515 CharacterOffsetEnd=519 PartOfSpeech=NN Lemma=time NamedEntityTag=O]
[Text=we CharacterOffsetBegin=520 CharacterOffsetEnd=522 PartOfSpeech=PRP Lemma=we NamedEntityTag=O]
[Text=saw CharacterOffsetBegin=523 CharacterOffsetEnd=526 PartOfSpeech=VBD Lemma=see NamedEntityTag=O]
[Text=Jaime CharacterOffsetBegin=527 CharacterOffsetEnd=532 PartOfSpeech=NNP Lemma=Jaime NamedEntityTag=PERSON]
[Text=, CharacterOffsetBegin=532 CharacterOffsetEnd=533 PartOfSpeech=, Lemma=, NamedEntityTag=O]
[Text=he CharacterOffsetBegin=534 CharacterOffsetEnd=536 PartOfSpeech=PRP Lemma=he NamedEntityTag=O]
[Text=was CharacterOffsetBegin=537 CharacterOffsetEnd=540 PartOfSpeech=VBD Lemma=be NamedEntityTag=O]
[Text=horrified CharacterOffsetBegin=541 CharacterOffsetEnd=550 PartOfSpeech=VBN Lemma=horrify NamedEntityTag=O]
[Text=, CharacterOffsetBegin=550 CharacterOffsetEnd=551 PartOfSpeech=, Lemma=, NamedEntityTag=O]
[Text=watching CharacterOffsetBegin=552 CharacterOffsetEnd=560 PartOfSpeech=VBG Lemma=watch NamedEntityTag=O]
[Text=Cersei CharacterOffsetBegin=561 CharacterOffsetEnd=567 PartOfSpeech=NNP Lemma=Cersei NamedEntityTag=PERSON]
[Text=take CharacterOffsetBegin=568 CharacterOffsetEnd=572 PartOfSpeech=VB Lemma=take NamedEntityTag=O]
[Text=the CharacterOffsetBegin=573 CharacterOffsetEnd=576 PartOfSpeech=DT Lemma=the NamedEntityTag=O]
[Text=crown CharacterOffsetBegin=577 CharacterOffsetEnd=582 PartOfSpeech=NN Lemma=crown NamedEntityTag=O]
[Text=. CharacterOffsetBegin=582 CharacterOffsetEnd=583 PartOfSpeech=. Lemma=. NamedEntityTag=O]
(ROOT
  (S
    (NP-TMP (DT The) (JJ last) (NN time))
    (NP (PRP we))
    (VP (VBD saw)
      (NP (NNP Jaime))
      (PRN (, ,)
        (S
          (NP (PRP he))
          (VP (VBD was)
            (VP (VBN horrified))))
        (, ,))
      (S
        (VP (VBG watching)
          (S
            (NP (NNP Cersei))
            (VP (VB take)
              (NP (DT the) (NN crown)))))))
    (. .)))

root(ROOT-0, saw-5)
det(time-3, The-1)
amod(time-3, last-2)
nmod:tmod(saw-5, time-3)
nsubj(saw-5, we-4)
dobj(saw-5, Jaime-6)
punct(horrified-10, ,-7)
nsubjpass(horrified-10, he-8)
auxpass(horrified-10, was-9)
parataxis(saw-5, horrified-10)
punct(horrified-10, ,-11)
xcomp(saw-5, watching-12)
nsubj(take-14, Cersei-13)
ccomp(watching-12, take-14)
det(crown-16, the-15)
dobj(take-14, crown-16)
punct(saw-5, .-17)

Sentence #8 (16 tokens):
He is clearly not happy with the direction the kingdom and his family are taking.
[Text=He CharacterOffsetBegin=584 CharacterOffsetEnd=586 PartOfSpeech=PRP Lemma=he NamedEntityTag=O]
[Text=is CharacterOffsetBegin=587 CharacterOffsetEnd=589 PartOfSpeech=VBZ Lemma=be NamedEntityTag=O]
[Text=clearly CharacterOffsetBegin=590 CharacterOffsetEnd=597 PartOfSpeech=RB Lemma=clearly NamedEntityTag=O]
[Text=not CharacterOffsetBegin=598 CharacterOffsetEnd=601 PartOfSpeech=RB Lemma=not NamedEntityTag=O]
[Text=happy CharacterOffsetBegin=602 CharacterOffsetEnd=607 PartOfSpeech=JJ Lemma=happy NamedEntityTag=O]
[Text=with CharacterOffsetBegin=608 CharacterOffsetEnd=612 PartOfSpeech=IN Lemma=with NamedEntityTag=O]
[Text=the CharacterOffsetBegin=613 CharacterOffsetEnd=616 PartOfSpeech=DT Lemma=the NamedEntityTag=O]
[Text=direction CharacterOffsetBegin=617 CharacterOffsetEnd=626 PartOfSpeech=NN Lemma=direction NamedEntityTag=O]
[Text=the CharacterOffsetBegin=627 CharacterOffsetEnd=630 PartOfSpeech=DT Lemma=the NamedEntityTag=O]
[Text=kingdom CharacterOffsetBegin=631 CharacterOffsetEnd=638 PartOfSpeech=NN Lemma=kingdom NamedEntityTag=O]
[Text=and CharacterOffsetBegin=639 CharacterOffsetEnd=642 PartOfSpeech=CC Lemma=and NamedEntityTag=O]
[Text=his CharacterOffsetBegin=643 CharacterOffsetEnd=646 PartOfSpeech=PRP$ Lemma=he NamedEntityTag=O]
[Text=family CharacterOffsetBegin=647 CharacterOffsetEnd=653 PartOfSpeech=NN Lemma=family NamedEntityTag=O]
[Text=are CharacterOffsetBegin=654 CharacterOffsetEnd=657 PartOfSpeech=VBP Lemma=be NamedEntityTag=O]
[Text=taking CharacterOffsetBegin=658 CharacterOffsetEnd=664 PartOfSpeech=VBG Lemma=take NamedEntityTag=O]
[Text=. CharacterOffsetBegin=664 CharacterOffsetEnd=665 PartOfSpeech=. Lemma=. NamedEntityTag=O]
(ROOT
  (S
    (NP (PRP He))
    (VP (VBZ is)
      (ADVP (RB clearly))
      (RB not)
      (ADJP (JJ happy)
        (PP (IN with)
          (NP
            (NP (DT the) (NN direction))
            (SBAR
              (S
                (NP
                  (NP (DT the) (NN kingdom))
                  (CC and)
                  (NP (PRP$ his) (NN family)))
                (VP (VBP are)
                  (VP (VBG taking)))))))))
    (. .)))

root(ROOT-0, happy-5)
nsubj(happy-5, He-1)
cop(happy-5, is-2)
advmod(happy-5, clearly-3)
neg(happy-5, not-4)
case(direction-8, with-6)
det(direction-8, the-7)
nmod:with(happy-5, direction-8)
det(kingdom-10, the-9)
nsubj(taking-15, kingdom-10)
cc(kingdom-10, and-11)
nmod:poss(family-13, his-12)
conj:and(kingdom-10, family-13)
nsubj(taking-15, family-13)
aux(taking-15, are-14)
acl:relcl(direction-8, taking-15)
punct(happy-5, .-16)

Sentence #9 (53 tokens):
Even though Jaime has said time and time again that Cersei is the most important thing in his life, that may be tested if someone else in his life is threatened, such as Brienne of Tarth, or even the Stark sisters (who he’s sworn to protect).
[Text=Even CharacterOffsetBegin=666 CharacterOffsetEnd=670 PartOfSpeech=RB Lemma=even NamedEntityTag=O]
[Text=though CharacterOffsetBegin=671 CharacterOffsetEnd=677 PartOfSpeech=IN Lemma=though NamedEntityTag=O]
[Text=Jaime CharacterOffsetBegin=678 CharacterOffsetEnd=683 PartOfSpeech=NNP Lemma=Jaime NamedEntityTag=PERSON]
[Text=has CharacterOffsetBegin=684 CharacterOffsetEnd=687 PartOfSpeech=VBZ Lemma=have NamedEntityTag=O]
[Text=said CharacterOffsetBegin=688 CharacterOffsetEnd=692 PartOfSpeech=VBN Lemma=say NamedEntityTag=O]
[Text=time CharacterOffsetBegin=693 CharacterOffsetEnd=697 PartOfSpeech=NN Lemma=time NamedEntityTag=O]
[Text=and CharacterOffsetBegin=698 CharacterOffsetEnd=701 PartOfSpeech=CC Lemma=and NamedEntityTag=O]
[Text=time CharacterOffsetBegin=702 CharacterOffsetEnd=706 PartOfSpeech=NN Lemma=time NamedEntityTag=O]
[Text=again CharacterOffsetBegin=707 CharacterOffsetEnd=712 PartOfSpeech=RB Lemma=again NamedEntityTag=O]
[Text=that CharacterOffsetBegin=713 CharacterOffsetEnd=717 PartOfSpeech=IN Lemma=that NamedEntityTag=O]
[Text=Cersei CharacterOffsetBegin=718 CharacterOffsetEnd=724 PartOfSpeech=NNP Lemma=Cersei NamedEntityTag=PERSON]
[Text=is CharacterOffsetBegin=725 CharacterOffsetEnd=727 PartOfSpeech=VBZ Lemma=be NamedEntityTag=O]
[Text=the CharacterOffsetBegin=728 CharacterOffsetEnd=731 PartOfSpeech=DT Lemma=the NamedEntityTag=O]
[Text=most CharacterOffsetBegin=732 CharacterOffsetEnd=736 PartOfSpeech=RBS Lemma=most NamedEntityTag=O]
[Text=important CharacterOffsetBegin=737 CharacterOffsetEnd=746 PartOfSpeech=JJ Lemma=important NamedEntityTag=O]
[Text=thing CharacterOffsetBegin=747 CharacterOffsetEnd=752 PartOfSpeech=NN Lemma=thing NamedEntityTag=O]
[Text=in CharacterOffsetBegin=753 CharacterOffsetEnd=755 PartOfSpeech=IN Lemma=in NamedEntityTag=O]
[Text=his CharacterOffsetBegin=756 CharacterOffsetEnd=759 PartOfSpeech=PRP$ Lemma=he NamedEntityTag=O]
[Text=life CharacterOffsetBegin=760 CharacterOffsetEnd=764 PartOfSpeech=NN Lemma=life NamedEntityTag=O]
[Text=, CharacterOffsetBegin=764 CharacterOffsetEnd=765 PartOfSpeech=, Lemma=, NamedEntityTag=O]
[Text=that CharacterOffsetBegin=766 CharacterOffsetEnd=770 PartOfSpeech=WDT Lemma=that NamedEntityTag=O]
[Text=may CharacterOffsetBegin=771 CharacterOffsetEnd=774 PartOfSpeech=MD Lemma=may NamedEntityTag=O]
[Text=be CharacterOffsetBegin=775 CharacterOffsetEnd=777 PartOfSpeech=VB Lemma=be NamedEntityTag=O]
[Text=tested CharacterOffsetBegin=778 CharacterOffsetEnd=784 PartOfSpeech=VBN Lemma=test NamedEntityTag=O]
[Text=if CharacterOffsetBegin=785 CharacterOffsetEnd=787 PartOfSpeech=IN Lemma=if NamedEntityTag=O]
[Text=someone CharacterOffsetBegin=788 CharacterOffsetEnd=795 PartOfSpeech=NN Lemma=someone NamedEntityTag=O]
[Text=else CharacterOffsetBegin=796 CharacterOffsetEnd=800 PartOfSpeech=RB Lemma=else NamedEntityTag=O]
[Text=in CharacterOffsetBegin=801 CharacterOffsetEnd=803 PartOfSpeech=IN Lemma=in NamedEntityTag=O]
[Text=his CharacterOffsetBegin=804 CharacterOffsetEnd=807 PartOfSpeech=PRP$ Lemma=he NamedEntityTag=O]
[Text=life CharacterOffsetBegin=808 CharacterOffsetEnd=812 PartOfSpeech=NN Lemma=life NamedEntityTag=O]
[Text=is CharacterOffsetBegin=813 CharacterOffsetEnd=815 PartOfSpeech=VBZ Lemma=be NamedEntityTag=O]
[Text=threatened CharacterOffsetBegin=816 CharacterOffsetEnd=826 PartOfSpeech=VBN Lemma=threaten NamedEntityTag=O]
[Text=, CharacterOffsetBegin=826 CharacterOffsetEnd=827 PartOfSpeech=, Lemma=, NamedEntityTag=O]
[Text=such CharacterOffsetBegin=828 CharacterOffsetEnd=832 PartOfSpeech=JJ Lemma=such NamedEntityTag=O]
[Text=as CharacterOffsetBegin=833 CharacterOffsetEnd=835 PartOfSpeech=IN Lemma=as NamedEntityTag=O]
[Text=Brienne CharacterOffsetBegin=836 CharacterOffsetEnd=843 PartOfSpeech=NNP Lemma=Brienne NamedEntityTag=PERSON]
[Text=of CharacterOffsetBegin=844 CharacterOffsetEnd=846 PartOfSpeech=IN Lemma=of NamedEntityTag=O]
[Text=Tarth CharacterOffsetBegin=847 CharacterOffsetEnd=852 PartOfSpeech=NNP Lemma=Tarth NamedEntityTag=LOCATION]
[Text=, CharacterOffsetBegin=852 CharacterOffsetEnd=853 PartOfSpeech=, Lemma=, NamedEntityTag=O]
[Text=or CharacterOffsetBegin=854 CharacterOffsetEnd=856 PartOfSpeech=CC Lemma=or NamedEntityTag=O]
[Text=even CharacterOffsetBegin=857 CharacterOffsetEnd=861 PartOfSpeech=RB Lemma=even NamedEntityTag=O]
[Text=the CharacterOffsetBegin=862 CharacterOffsetEnd=865 PartOfSpeech=DT Lemma=the NamedEntityTag=O]
[Text=Stark CharacterOffsetBegin=866 CharacterOffsetEnd=871 PartOfSpeech=NNP Lemma=Stark NamedEntityTag=O]
[Text=sisters CharacterOffsetBegin=872 CharacterOffsetEnd=879 PartOfSpeech=NNS Lemma=sister NamedEntityTag=O]
[Text=-LRB- CharacterOffsetBegin=880 CharacterOffsetEnd=881 PartOfSpeech=-LRB- Lemma=-lrb- NamedEntityTag=O]
[Text=who CharacterOffsetBegin=881 CharacterOffsetEnd=884 PartOfSpeech=WP Lemma=who NamedEntityTag=O]
[Text=he CharacterOffsetBegin=885 CharacterOffsetEnd=887 PartOfSpeech=PRP Lemma=he NamedEntityTag=O]
[Text='s CharacterOffsetBegin=887 CharacterOffsetEnd=889 PartOfSpeech=VBZ Lemma=be NamedEntityTag=O]
[Text=sworn CharacterOffsetBegin=890 CharacterOffsetEnd=895 PartOfSpeech=VBN Lemma=swear NamedEntityTag=O]
[Text=to CharacterOffsetBegin=896 CharacterOffsetEnd=898 PartOfSpeech=TO Lemma=to NamedEntityTag=O]
[Text=protect CharacterOffsetBegin=899 CharacterOffsetEnd=906 PartOfSpeech=VB Lemma=protect NamedEntityTag=O]
[Text=-RRB- CharacterOffsetBegin=906 CharacterOffsetEnd=907 PartOfSpeech=-RRB- Lemma=-rrb- NamedEntityTag=O]
[Text=. CharacterOffsetBegin=907 CharacterOffsetEnd=908 PartOfSpeech=. Lemma=. NamedEntityTag=O]
(ROOT
  (S
    (SBAR (RB Even) (IN though)
      (S
        (NP (NNP Jaime))
        (VP (VBZ has)
          (VP (VBN said)
            (NP (NN time)
              (CC and)
              (NN time))
            (ADVP (RB again))
            (SBAR (IN that)
              (S
                (NP (NNP Cersei))
                (VP (VBZ is)
                  (NP
                    (NP (DT the)
                      (ADJP (RBS most) (JJ important))
                      (NN thing))
                    (PP (IN in)
                      (NP (PRP$ his) (NN life)))))))))))
    (, ,)
    (NP (WDT that))
    (VP (MD may)
      (VP (VB be)
        (VP (VBN tested)
          (SBAR (IN if)
            (S
              (NP
                (NP (NN someone) (RB else))
                (PP (IN in)
                  (NP (PRP$ his) (NN life))))
              (VP (VBZ is)
                (VP (VBN threatened) (, ,)
                  (PP (JJ such) (IN as)
                    (NP
                      (NP (NNP Brienne))
                      (PP (IN of)
                        (NP
                          (NP (NNP Tarth))
                          (, ,)
                          (CC or)
                          (RB even)
                          (NP (DT the) (NNP Stark) (NNS sisters))))
                      (PRN (-LRB- -LRB-)
                        (SBAR
                          (WHNP (WP who))
                          (S
                            (NP (PRP he))
                            (VP (VBZ 's)
                              (VP (VBN sworn)
                                (S
                                  (VP (TO to)
                                    (VP (VB protect))))))))
                        (-RRB- -RRB-)))))))))))
    (. .)))

root(ROOT-0, tested-24)
advmod(said-5, Even-1)
mark(said-5, though-2)
nsubj(said-5, Jaime-3)
aux(said-5, has-4)
advcl:though(tested-24, said-5)
dobj(said-5, time-6)
cc(time-6, and-7)
dobj(said-5, time-8)
conj:and(time-6, time-8)
advmod(said-5, again-9)
mark(thing-16, that-10)
nsubj(thing-16, Cersei-11)
cop(thing-16, is-12)
det(thing-16, the-13)
advmod(important-15, most-14)
amod(thing-16, important-15)
ccomp(said-5, thing-16)
case(life-19, in-17)
nmod:poss(life-19, his-18)
nmod:in(thing-16, life-19)
punct(tested-24, ,-20)
nsubjpass(tested-24, that-21)
aux(tested-24, may-22)
auxpass(tested-24, be-23)
mark(threatened-32, if-25)
nsubjpass(threatened-32, someone-26)
advmod(someone-26, else-27)
case(life-30, in-28)
nmod:poss(life-30, his-29)
nmod:in(someone-26, life-30)
auxpass(threatened-32, is-31)
advcl:if(tested-24, threatened-32)
punct(threatened-32, ,-33)
case(Brienne-36, such-34)
mwe(such-34, as-35)
nmod:such_as(threatened-32, Brienne-36)
case(Tarth-38, of-37)
nmod:of(Brienne-36, Tarth-38)
punct(Tarth-38, ,-39)
cc(Tarth-38, or-40)
advmod(Tarth-38, even-41)
det(sisters-44, the-42)
compound(sisters-44, Stark-43)
dep(Tarth-38, sisters-44)
punct(sworn-49, -LRB--45)
dobj(protect-51, who-46)
nsubjpass(sworn-49, he-47)
nsubj:xsubj(protect-51, he-47)
auxpass(sworn-49, 's-48)
dep(Brienne-36, sworn-49)
mark(protect-51, to-50)
xcomp(sworn-49, protect-51)
punct(sworn-49, -RRB--52)
punct(tested-24, .-53)

Sentence #10 (26 tokens):
And, given Jaime’s reputation as the Kingslayer, it would be heartbreakingly poetic justice to have Jaime kill the Mad Queen, too.
[Text=And CharacterOffsetBegin=909 CharacterOffsetEnd=912 PartOfSpeech=CC Lemma=and NamedEntityTag=O]
[Text=, CharacterOffsetBegin=912 CharacterOffsetEnd=913 PartOfSpeech=, Lemma=, NamedEntityTag=O]
[Text=given CharacterOffsetBegin=914 CharacterOffsetEnd=919 PartOfSpeech=VBN Lemma=give NamedEntityTag=O]
[Text=Jaime CharacterOffsetBegin=920 CharacterOffsetEnd=925 PartOfSpeech=NNP Lemma=Jaime NamedEntityTag=PERSON]
[Text='s CharacterOffsetBegin=925 CharacterOffsetEnd=927 PartOfSpeech=POS Lemma='s NamedEntityTag=O]
[Text=reputation CharacterOffsetBegin=928 CharacterOffsetEnd=938 PartOfSpeech=NN Lemma=reputation NamedEntityTag=O]
[Text=as CharacterOffsetBegin=939 CharacterOffsetEnd=941 PartOfSpeech=IN Lemma=as NamedEntityTag=O]
[Text=the CharacterOffsetBegin=942 CharacterOffsetEnd=945 PartOfSpeech=DT Lemma=the NamedEntityTag=O]
[Text=Kingslayer CharacterOffsetBegin=946 CharacterOffsetEnd=956 PartOfSpeech=NNP Lemma=Kingslayer NamedEntityTag=O]
[Text=, CharacterOffsetBegin=956 CharacterOffsetEnd=957 PartOfSpeech=, Lemma=, NamedEntityTag=O]
[Text=it CharacterOffsetBegin=958 CharacterOffsetEnd=960 PartOfSpeech=PRP Lemma=it NamedEntityTag=O]
[Text=would CharacterOffsetBegin=961 CharacterOffsetEnd=966 PartOfSpeech=MD Lemma=would NamedEntityTag=O]
[Text=be CharacterOffsetBegin=967 CharacterOffsetEnd=969 PartOfSpeech=VB Lemma=be NamedEntityTag=O]
[Text=heartbreakingly CharacterOffsetBegin=970 CharacterOffsetEnd=985 PartOfSpeech=RB Lemma=heartbreakingly NamedEntityTag=O]
[Text=poetic CharacterOffsetBegin=986 CharacterOffsetEnd=992 PartOfSpeech=JJ Lemma=poetic NamedEntityTag=O]
[Text=justice CharacterOffsetBegin=993 CharacterOffsetEnd=1000 PartOfSpeech=NN Lemma=justice NamedEntityTag=O]
[Text=to CharacterOffsetBegin=1001 CharacterOffsetEnd=1003 PartOfSpeech=TO Lemma=to NamedEntityTag=O]
[Text=have CharacterOffsetBegin=1004 CharacterOffsetEnd=1008 PartOfSpeech=VB Lemma=have NamedEntityTag=O]
[Text=Jaime CharacterOffsetBegin=1009 CharacterOffsetEnd=1014 PartOfSpeech=NNP Lemma=Jaime NamedEntityTag=PERSON]
[Text=kill CharacterOffsetBegin=1015 CharacterOffsetEnd=1019 PartOfSpeech=VB Lemma=kill NamedEntityTag=O]
[Text=the CharacterOffsetBegin=1020 CharacterOffsetEnd=1023 PartOfSpeech=DT Lemma=the NamedEntityTag=O]
[Text=Mad CharacterOffsetBegin=1024 CharacterOffsetEnd=1027 PartOfSpeech=NNP Lemma=Mad NamedEntityTag=PERSON]
[Text=Queen CharacterOffsetBegin=1028 CharacterOffsetEnd=1033 PartOfSpeech=NNP Lemma=Queen NamedEntityTag=PERSON]
[Text=, CharacterOffsetBegin=1033 CharacterOffsetEnd=1034 PartOfSpeech=, Lemma=, NamedEntityTag=O]
[Text=too CharacterOffsetBegin=1035 CharacterOffsetEnd=1038 PartOfSpeech=RB Lemma=too NamedEntityTag=O]
[Text=. CharacterOffsetBegin=1038 CharacterOffsetEnd=1039 PartOfSpeech=. Lemma=. NamedEntityTag=O]
(ROOT
  (S (CC And)
    (, ,)
    (PP (VBN given)
      (NP
        (NP
          (NP (NNP Jaime) (POS 's))
          (NN reputation))
        (PP (IN as)
          (NP (DT the) (NNP Kingslayer)))))
    (, ,)
    (NP (PRP it))
    (VP (MD would)
      (VP (VB be)
        (NP
          (ADJP (RB heartbreakingly) (JJ poetic))
          (NN justice)
          (S
            (VP (TO to)
              (VP (VB have)
                (S
                  (NP (NNP Jaime))
                  (VP (VB kill)
                    (NP (DT the) (NNP Mad) (NNP Queen))))))))
        (, ,)
        (ADVP (RB too))))
    (. .)))

root(ROOT-0, justice-16)
cc(justice-16, And-1)
punct(justice-16, ,-2)
case(reputation-6, given-3)
nmod:poss(reputation-6, Jaime-4)
case(Jaime-4, 's-5)
nmod:given(justice-16, reputation-6)
case(Kingslayer-9, as-7)
det(Kingslayer-9, the-8)
nmod:as(reputation-6, Kingslayer-9)
punct(justice-16, ,-10)
nsubj(justice-16, it-11)
aux(justice-16, would-12)
cop(justice-16, be-13)
advmod(poetic-15, heartbreakingly-14)
amod(justice-16, poetic-15)
mark(have-18, to-17)
acl:to(justice-16, have-18)
nsubj(kill-20, Jaime-19)
ccomp(have-18, kill-20)
det(Queen-23, the-21)
compound(Queen-23, Mad-22)
dobj(kill-20, Queen-23)
punct(justice-16, ,-24)
advmod(justice-16, too-25)
punct(justice-16, .-26)

Coreference set:
	(6,1,[1,6]) -> (1,1,[1,2]), that is: "Jaime , Cersei 's twin" -> "Jaime"
	(6,1,[1,2]) -> (1,1,[1,2]), that is: "Jaime" -> "Jaime"
	(6,5,[3,6]) -> (1,1,[1,2]), that is: "Cersei 's twin" -> "Jaime"
	(6,13,[13,14]) -> (1,1,[1,2]), that is: "her" -> "Jaime"
	(7,6,[6,7]) -> (1,1,[1,2]), that is: "Jaime" -> "Jaime"
	(9,3,[3,4]) -> (1,1,[1,2]), that is: "Jaime" -> "Jaime"
	(10,4,[4,6]) -> (1,1,[1,2]), that is: "Jaime 's" -> "Jaime"
	(10,19,[19,20]) -> (1,1,[1,2]), that is: "Jaime" -> "Jaime"
Coreference set:
	(3,14,[14,15]) -> (1,4,[4,5]), that is: "Cersei" -> "Cersei"
	(3,19,[19,22]) -> (1,4,[4,5]), that is: "her `` Valonqar" -> "Cersei"
	(5,6,[6,8]) -> (1,4,[4,5]), that is: "Cersei 's" -> "Cersei"
	(6,3,[3,5]) -> (1,4,[4,5]), that is: "Cersei 's" -> "Cersei"
	(7,13,[13,14]) -> (1,4,[4,5]), that is: "Cersei" -> "Cersei"
	(9,11,[11,12]) -> (1,4,[4,5]), that is: "Cersei" -> "Cersei"
Coreference set:
	(5,3,[3,4]) -> (4,10,[10,11]), that is: "he" -> "Tyrion"
	(5,10,[6,11]) -> (4,10,[10,11]), that is: "Cersei 's only little brother" -> "Tyrion"
	(7,8,[8,9]) -> (4,10,[10,11]), that is: "he" -> "Tyrion"
	(8,1,[1,2]) -> (4,10,[10,11]), that is: "He" -> "Tyrion"
	(8,12,[12,13]) -> (4,10,[10,11]), that is: "his" -> "Tyrion"
	(9,18,[18,19]) -> (4,10,[10,11]), that is: "his" -> "Tyrion"
	(9,29,[29,30]) -> (4,10,[10,11]), that is: "his" -> "Tyrion"
Coreference set:
	(4,7,[7,8]) -> (4,4,[4,5]), that is: "that" -> "people"
Coreference set:
	(9,6,[6,9]) -> (7,3,[1,4]), that is: "time and time" -> "The last time"
Coreference set:
	(9,21,[21,22]) -> (9,19,[18,20]), that is: "that" -> "his life"
	(9,30,[29,31]) -> (9,19,[18,20]), that is: "his life" -> "his life"
Coreference set:
	(9,47,[47,48]) -> (9,26,[26,31]), that is: "he" -> "someone else in his life"
