Sentence #1 (38 tokens):
Greyscale will be used as a biological weapon

What this means: If Jorah succeeds in finding a cure for greyscale, that means Daenerys would have a weapon more powerful than any army, a disease.
[Text=Greyscale CharacterOffsetBegin=0 CharacterOffsetEnd=9 PartOfSpeech=NNP]
[Text=will CharacterOffsetBegin=10 CharacterOffsetEnd=14 PartOfSpeech=MD]
[Text=be CharacterOffsetBegin=15 CharacterOffsetEnd=17 PartOfSpeech=VB]
[Text=used CharacterOffsetBegin=18 CharacterOffsetEnd=22 PartOfSpeech=VBN]
[Text=as CharacterOffsetBegin=23 CharacterOffsetEnd=25 PartOfSpeech=IN]
[Text=a CharacterOffsetBegin=26 CharacterOffsetEnd=27 PartOfSpeech=DT]
[Text=biological CharacterOffsetBegin=28 CharacterOffsetEnd=38 PartOfSpeech=JJ]
[Text=weapon CharacterOffsetBegin=39 CharacterOffsetEnd=45 PartOfSpeech=NN]
[Text=What CharacterOffsetBegin=47 CharacterOffsetEnd=51 PartOfSpeech=WDT]
[Text=this CharacterOffsetBegin=52 CharacterOffsetEnd=56 PartOfSpeech=DT]
[Text=means CharacterOffsetBegin=57 CharacterOffsetEnd=62 PartOfSpeech=VBZ]
[Text=: CharacterOffsetBegin=62 CharacterOffsetEnd=63 PartOfSpeech=:]
[Text=If CharacterOffsetBegin=64 CharacterOffsetEnd=66 PartOfSpeech=IN]
[Text=Jorah CharacterOffsetBegin=67 CharacterOffsetEnd=72 PartOfSpeech=JJ]
[Text=succeeds CharacterOffsetBegin=73 CharacterOffsetEnd=81 PartOfSpeech=VBZ]
[Text=in CharacterOffsetBegin=82 CharacterOffsetEnd=84 PartOfSpeech=IN]
[Text=finding CharacterOffsetBegin=85 CharacterOffsetEnd=92 PartOfSpeech=VBG]
[Text=a CharacterOffsetBegin=93 CharacterOffsetEnd=94 PartOfSpeech=DT]
[Text=cure CharacterOffsetBegin=95 CharacterOffsetEnd=99 PartOfSpeech=NN]
[Text=for CharacterOffsetBegin=100 CharacterOffsetEnd=103 PartOfSpeech=IN]
[Text=greyscale CharacterOffsetBegin=104 CharacterOffsetEnd=113 PartOfSpeech=NN]
[Text=, CharacterOffsetBegin=113 CharacterOffsetEnd=114 PartOfSpeech=,]
[Text=that CharacterOffsetBegin=115 CharacterOffsetEnd=119 PartOfSpeech=WDT]
[Text=means CharacterOffsetBegin=120 CharacterOffsetEnd=125 PartOfSpeech=VBZ]
[Text=Daenerys CharacterOffsetBegin=126 CharacterOffsetEnd=134 PartOfSpeech=NNP]
[Text=would CharacterOffsetBegin=135 CharacterOffsetEnd=140 PartOfSpeech=MD]
[Text=have CharacterOffsetBegin=141 CharacterOffsetEnd=145 PartOfSpeech=VB]
[Text=a CharacterOffsetBegin=146 CharacterOffsetEnd=147 PartOfSpeech=DT]
[Text=weapon CharacterOffsetBegin=148 CharacterOffsetEnd=154 PartOfSpeech=NN]
[Text=more CharacterOffsetBegin=155 CharacterOffsetEnd=159 PartOfSpeech=RBR]
[Text=powerful CharacterOffsetBegin=160 CharacterOffsetEnd=168 PartOfSpeech=JJ]
[Text=than CharacterOffsetBegin=169 CharacterOffsetEnd=173 PartOfSpeech=IN]
[Text=any CharacterOffsetBegin=174 CharacterOffsetEnd=177 PartOfSpeech=DT]
[Text=army CharacterOffsetBegin=178 CharacterOffsetEnd=182 PartOfSpeech=NN]
[Text=, CharacterOffsetBegin=182 CharacterOffsetEnd=183 PartOfSpeech=,]
[Text=a CharacterOffsetBegin=184 CharacterOffsetEnd=185 PartOfSpeech=DT]
[Text=disease CharacterOffsetBegin=186 CharacterOffsetEnd=193 PartOfSpeech=NN]
[Text=. CharacterOffsetBegin=193 CharacterOffsetEnd=194 PartOfSpeech=.]
Sentence #2 (23 tokens):
Daenerys could threaten Westeros with a greyscale epidemic, therefore ensuring that more people would side with her without spilling any blood.
[Text=Daenerys CharacterOffsetBegin=195 CharacterOffsetEnd=203 PartOfSpeech=NNP]
[Text=could CharacterOffsetBegin=204 CharacterOffsetEnd=209 PartOfSpeech=MD]
[Text=threaten CharacterOffsetBegin=210 CharacterOffsetEnd=218 PartOfSpeech=VB]
[Text=Westeros CharacterOffsetBegin=219 CharacterOffsetEnd=227 PartOfSpeech=NNS]
[Text=with CharacterOffsetBegin=228 CharacterOffsetEnd=232 PartOfSpeech=IN]
[Text=a CharacterOffsetBegin=233 CharacterOffsetEnd=234 PartOfSpeech=DT]
[Text=greyscale CharacterOffsetBegin=235 CharacterOffsetEnd=244 PartOfSpeech=NN]
[Text=epidemic CharacterOffsetBegin=245 CharacterOffsetEnd=253 PartOfSpeech=JJ]
[Text=, CharacterOffsetBegin=253 CharacterOffsetEnd=254 PartOfSpeech=,]
[Text=therefore CharacterOffsetBegin=255 CharacterOffsetEnd=264 PartOfSpeech=RB]
[Text=ensuring CharacterOffsetBegin=265 CharacterOffsetEnd=273 PartOfSpeech=VBG]
[Text=that CharacterOffsetBegin=274 CharacterOffsetEnd=278 PartOfSpeech=IN]
[Text=more CharacterOffsetBegin=279 CharacterOffsetEnd=283 PartOfSpeech=JJR]
[Text=people CharacterOffsetBegin=284 CharacterOffsetEnd=290 PartOfSpeech=NNS]
[Text=would CharacterOffsetBegin=291 CharacterOffsetEnd=296 PartOfSpeech=MD]
[Text=side CharacterOffsetBegin=297 CharacterOffsetEnd=301 PartOfSpeech=VB]
[Text=with CharacterOffsetBegin=302 CharacterOffsetEnd=306 PartOfSpeech=IN]
[Text=her CharacterOffsetBegin=307 CharacterOffsetEnd=310 PartOfSpeech=PRP$]
[Text=without CharacterOffsetBegin=311 CharacterOffsetEnd=318 PartOfSpeech=IN]
[Text=spilling CharacterOffsetBegin=319 CharacterOffsetEnd=327 PartOfSpeech=NN]
[Text=any CharacterOffsetBegin=328 CharacterOffsetEnd=331 PartOfSpeech=DT]
[Text=blood CharacterOffsetBegin=332 CharacterOffsetEnd=337 PartOfSpeech=NN]
[Text=. CharacterOffsetBegin=337 CharacterOffsetEnd=338 PartOfSpeech=.]
Sentence #3 (28 tokens):
However, if Dany ended up having to use the greyscale, even if she and her supporters were protected, it could come with a catch.
[Text=However CharacterOffsetBegin=339 CharacterOffsetEnd=346 PartOfSpeech=RB]
[Text=, CharacterOffsetBegin=346 CharacterOffsetEnd=347 PartOfSpeech=,]
[Text=if CharacterOffsetBegin=348 CharacterOffsetEnd=350 PartOfSpeech=IN]
[Text=Dany CharacterOffsetBegin=351 CharacterOffsetEnd=355 PartOfSpeech=NNP]
[Text=ended CharacterOffsetBegin=356 CharacterOffsetEnd=361 PartOfSpeech=VBD]
[Text=up CharacterOffsetBegin=362 CharacterOffsetEnd=364 PartOfSpeech=RP]
[Text=having CharacterOffsetBegin=365 CharacterOffsetEnd=371 PartOfSpeech=VBG]
[Text=to CharacterOffsetBegin=372 CharacterOffsetEnd=374 PartOfSpeech=TO]
[Text=use CharacterOffsetBegin=375 CharacterOffsetEnd=378 PartOfSpeech=VB]
[Text=the CharacterOffsetBegin=379 CharacterOffsetEnd=382 PartOfSpeech=DT]
[Text=greyscale CharacterOffsetBegin=383 CharacterOffsetEnd=392 PartOfSpeech=NN]
[Text=, CharacterOffsetBegin=392 CharacterOffsetEnd=393 PartOfSpeech=,]
[Text=even CharacterOffsetBegin=394 CharacterOffsetEnd=398 PartOfSpeech=RB]
[Text=if CharacterOffsetBegin=399 CharacterOffsetEnd=401 PartOfSpeech=IN]
[Text=she CharacterOffsetBegin=402 CharacterOffsetEnd=405 PartOfSpeech=PRP]
[Text=and CharacterOffsetBegin=406 CharacterOffsetEnd=409 PartOfSpeech=CC]
[Text=her CharacterOffsetBegin=410 CharacterOffsetEnd=413 PartOfSpeech=PRP$]
[Text=supporters CharacterOffsetBegin=414 CharacterOffsetEnd=424 PartOfSpeech=NNS]
[Text=were CharacterOffsetBegin=425 CharacterOffsetEnd=429 PartOfSpeech=VBD]
[Text=protected CharacterOffsetBegin=430 CharacterOffsetEnd=439 PartOfSpeech=VBN]
[Text=, CharacterOffsetBegin=439 CharacterOffsetEnd=440 PartOfSpeech=,]
[Text=it CharacterOffsetBegin=441 CharacterOffsetEnd=443 PartOfSpeech=PRP]
[Text=could CharacterOffsetBegin=444 CharacterOffsetEnd=449 PartOfSpeech=MD]
[Text=come CharacterOffsetBegin=450 CharacterOffsetEnd=454 PartOfSpeech=VB]
[Text=with CharacterOffsetBegin=455 CharacterOffsetEnd=459 PartOfSpeech=IN]
[Text=a CharacterOffsetBegin=460 CharacterOffsetEnd=461 PartOfSpeech=DT]
[Text=catch CharacterOffsetBegin=462 CharacterOffsetEnd=467 PartOfSpeech=NN]
[Text=. CharacterOffsetBegin=467 CharacterOffsetEnd=468 PartOfSpeech=.]
Sentence #4 (18 tokens):
As mentioned in Hitflix, greyscale turns people into Stone Men, unable to think or feel.
[Text=As CharacterOffsetBegin=471 CharacterOffsetEnd=473 PartOfSpeech=IN]
[Text=mentioned CharacterOffsetBegin=474 CharacterOffsetEnd=483 PartOfSpeech=VBN]
[Text=in CharacterOffsetBegin=484 CharacterOffsetEnd=486 PartOfSpeech=IN]
[Text=Hitflix CharacterOffsetBegin=487 CharacterOffsetEnd=494 PartOfSpeech=NNP]
[Text=, CharacterOffsetBegin=494 CharacterOffsetEnd=495 PartOfSpeech=,]
[Text=greyscale CharacterOffsetBegin=496 CharacterOffsetEnd=505 PartOfSpeech=NN]
[Text=turns CharacterOffsetBegin=506 CharacterOffsetEnd=511 PartOfSpeech=VBZ]
[Text=people CharacterOffsetBegin=512 CharacterOffsetEnd=518 PartOfSpeech=NNS]
[Text=into CharacterOffsetBegin=519 CharacterOffsetEnd=523 PartOfSpeech=IN]
[Text=Stone CharacterOffsetBegin=524 CharacterOffsetEnd=529 PartOfSpeech=NNP]
[Text=Men CharacterOffsetBegin=530 CharacterOffsetEnd=533 PartOfSpeech=NNP]
[Text=, CharacterOffsetBegin=533 CharacterOffsetEnd=534 PartOfSpeech=,]
[Text=unable CharacterOffsetBegin=535 CharacterOffsetEnd=541 PartOfSpeech=JJ]
[Text=to CharacterOffsetBegin=542 CharacterOffsetEnd=544 PartOfSpeech=TO]
[Text=think CharacterOffsetBegin=545 CharacterOffsetEnd=550 PartOfSpeech=VB]
[Text=or CharacterOffsetBegin=551 CharacterOffsetEnd=553 PartOfSpeech=CC]
[Text=feel CharacterOffsetBegin=554 CharacterOffsetEnd=558 PartOfSpeech=VB]
[Text=. CharacterOffsetBegin=558 CharacterOffsetEnd=559 PartOfSpeech=.]
Sentence #5 (22 tokens):
In that sense, they are very much like wights, and we could see another zombie army on our hands.
[Text=In CharacterOffsetBegin=560 CharacterOffsetEnd=562 PartOfSpeech=IN]
[Text=that CharacterOffsetBegin=563 CharacterOffsetEnd=567 PartOfSpeech=DT]
[Text=sense CharacterOffsetBegin=568 CharacterOffsetEnd=573 PartOfSpeech=NN]
[Text=, CharacterOffsetBegin=573 CharacterOffsetEnd=574 PartOfSpeech=,]
[Text=they CharacterOffsetBegin=575 CharacterOffsetEnd=579 PartOfSpeech=PRP]
[Text=are CharacterOffsetBegin=580 CharacterOffsetEnd=583 PartOfSpeech=VBP]
[Text=very CharacterOffsetBegin=584 CharacterOffsetEnd=588 PartOfSpeech=RB]
[Text=much CharacterOffsetBegin=589 CharacterOffsetEnd=593 PartOfSpeech=RB]
[Text=like CharacterOffsetBegin=594 CharacterOffsetEnd=598 PartOfSpeech=IN]
[Text=wights CharacterOffsetBegin=599 CharacterOffsetEnd=605 PartOfSpeech=NNS]
[Text=, CharacterOffsetBegin=605 CharacterOffsetEnd=606 PartOfSpeech=,]
[Text=and CharacterOffsetBegin=607 CharacterOffsetEnd=610 PartOfSpeech=CC]
[Text=we CharacterOffsetBegin=611 CharacterOffsetEnd=613 PartOfSpeech=PRP]
[Text=could CharacterOffsetBegin=614 CharacterOffsetEnd=619 PartOfSpeech=MD]
[Text=see CharacterOffsetBegin=620 CharacterOffsetEnd=623 PartOfSpeech=VB]
[Text=another CharacterOffsetBegin=624 CharacterOffsetEnd=631 PartOfSpeech=DT]
[Text=zombie CharacterOffsetBegin=632 CharacterOffsetEnd=638 PartOfSpeech=NN]
[Text=army CharacterOffsetBegin=639 CharacterOffsetEnd=643 PartOfSpeech=NN]
[Text=on CharacterOffsetBegin=644 CharacterOffsetEnd=646 PartOfSpeech=IN]
[Text=our CharacterOffsetBegin=647 CharacterOffsetEnd=650 PartOfSpeech=PRP$]
[Text=hands CharacterOffsetBegin=651 CharacterOffsetEnd=656 PartOfSpeech=NNS]
[Text=. CharacterOffsetBegin=656 CharacterOffsetEnd=657 PartOfSpeech=.]
Sentence #6 (40 tokens):
There are also rumors that we could see the arrival of the Shrouded Lord, a mythical figure who’s basically the Valyrian version of the Night’s King, who can curse others with greyscale through his kiss.
[Text=There CharacterOffsetBegin=658 CharacterOffsetEnd=663 PartOfSpeech=EX]
[Text=are CharacterOffsetBegin=664 CharacterOffsetEnd=667 PartOfSpeech=VBP]
[Text=also CharacterOffsetBegin=668 CharacterOffsetEnd=672 PartOfSpeech=RB]
[Text=rumors CharacterOffsetBegin=673 CharacterOffsetEnd=679 PartOfSpeech=NNS]
[Text=that CharacterOffsetBegin=680 CharacterOffsetEnd=684 PartOfSpeech=IN]
[Text=we CharacterOffsetBegin=685 CharacterOffsetEnd=687 PartOfSpeech=PRP]
[Text=could CharacterOffsetBegin=688 CharacterOffsetEnd=693 PartOfSpeech=MD]
[Text=see CharacterOffsetBegin=694 CharacterOffsetEnd=697 PartOfSpeech=VB]
[Text=the CharacterOffsetBegin=698 CharacterOffsetEnd=701 PartOfSpeech=DT]
[Text=arrival CharacterOffsetBegin=702 CharacterOffsetEnd=709 PartOfSpeech=NN]
[Text=of CharacterOffsetBegin=710 CharacterOffsetEnd=712 PartOfSpeech=IN]
[Text=the CharacterOffsetBegin=713 CharacterOffsetEnd=716 PartOfSpeech=DT]
[Text=Shrouded CharacterOffsetBegin=717 CharacterOffsetEnd=725 PartOfSpeech=NNP]
[Text=Lord CharacterOffsetBegin=726 CharacterOffsetEnd=730 PartOfSpeech=NNP]
[Text=, CharacterOffsetBegin=730 CharacterOffsetEnd=731 PartOfSpeech=,]
[Text=a CharacterOffsetBegin=732 CharacterOffsetEnd=733 PartOfSpeech=DT]
[Text=mythical CharacterOffsetBegin=734 CharacterOffsetEnd=742 PartOfSpeech=JJ]
[Text=figure CharacterOffsetBegin=743 CharacterOffsetEnd=749 PartOfSpeech=NN]
[Text=who CharacterOffsetBegin=750 CharacterOffsetEnd=753 PartOfSpeech=WP]
[Text='s CharacterOffsetBegin=753 CharacterOffsetEnd=755 PartOfSpeech=VBZ]
[Text=basically CharacterOffsetBegin=756 CharacterOffsetEnd=765 PartOfSpeech=RB]
[Text=the CharacterOffsetBegin=766 CharacterOffsetEnd=769 PartOfSpeech=DT]
[Text=Valyrian CharacterOffsetBegin=770 CharacterOffsetEnd=778 PartOfSpeech=JJ]
[Text=version CharacterOffsetBegin=779 CharacterOffsetEnd=786 PartOfSpeech=NN]
[Text=of CharacterOffsetBegin=787 CharacterOffsetEnd=789 PartOfSpeech=IN]
[Text=the CharacterOffsetBegin=790 CharacterOffsetEnd=793 PartOfSpeech=DT]
[Text=Night CharacterOffsetBegin=794 CharacterOffsetEnd=799 PartOfSpeech=NNP]
[Text='s CharacterOffsetBegin=799 CharacterOffsetEnd=801 PartOfSpeech=POS]
[Text=King CharacterOffsetBegin=802 CharacterOffsetEnd=806 PartOfSpeech=NNP]
[Text=, CharacterOffsetBegin=806 CharacterOffsetEnd=807 PartOfSpeech=,]
[Text=who CharacterOffsetBegin=808 CharacterOffsetEnd=811 PartOfSpeech=WP]
[Text=can CharacterOffsetBegin=812 CharacterOffsetEnd=815 PartOfSpeech=MD]
[Text=curse CharacterOffsetBegin=816 CharacterOffsetEnd=821 PartOfSpeech=NN]
[Text=others CharacterOffsetBegin=822 CharacterOffsetEnd=828 PartOfSpeech=NNS]
[Text=with CharacterOffsetBegin=829 CharacterOffsetEnd=833 PartOfSpeech=IN]
[Text=greyscale CharacterOffsetBegin=834 CharacterOffsetEnd=843 PartOfSpeech=NN]
[Text=through CharacterOffsetBegin=844 CharacterOffsetEnd=851 PartOfSpeech=IN]
[Text=his CharacterOffsetBegin=852 CharacterOffsetEnd=855 PartOfSpeech=PRP$]
[Text=kiss CharacterOffsetBegin=856 CharacterOffsetEnd=860 PartOfSpeech=NN]
[Text=. CharacterOffsetBegin=860 CharacterOffsetEnd=861 PartOfSpeech=.]
Sentence #7 (22 tokens):
Can you imagine if the White Walkers had a dragon-scaled zombie army to contend with, instead of just the humans?
[Text=Can CharacterOffsetBegin=862 CharacterOffsetEnd=865 PartOfSpeech=MD]
[Text=you CharacterOffsetBegin=866 CharacterOffsetEnd=869 PartOfSpeech=PRP]
[Text=imagine CharacterOffsetBegin=870 CharacterOffsetEnd=877 PartOfSpeech=VB]
[Text=if CharacterOffsetBegin=878 CharacterOffsetEnd=880 PartOfSpeech=IN]
[Text=the CharacterOffsetBegin=881 CharacterOffsetEnd=884 PartOfSpeech=DT]
[Text=White CharacterOffsetBegin=885 CharacterOffsetEnd=890 PartOfSpeech=NNP]
[Text=Walkers CharacterOffsetBegin=891 CharacterOffsetEnd=898 PartOfSpeech=NNPS]
[Text=had CharacterOffsetBegin=899 CharacterOffsetEnd=902 PartOfSpeech=VBD]
[Text=a CharacterOffsetBegin=903 CharacterOffsetEnd=904 PartOfSpeech=DT]
[Text=dragon-scaled CharacterOffsetBegin=905 CharacterOffsetEnd=918 PartOfSpeech=JJ]
[Text=zombie CharacterOffsetBegin=919 CharacterOffsetEnd=925 PartOfSpeech=NN]
[Text=army CharacterOffsetBegin=926 CharacterOffsetEnd=930 PartOfSpeech=NN]
[Text=to CharacterOffsetBegin=931 CharacterOffsetEnd=933 PartOfSpeech=TO]
[Text=contend CharacterOffsetBegin=934 CharacterOffsetEnd=941 PartOfSpeech=VB]
[Text=with CharacterOffsetBegin=942 CharacterOffsetEnd=946 PartOfSpeech=IN]
[Text=, CharacterOffsetBegin=946 CharacterOffsetEnd=947 PartOfSpeech=,]
[Text=instead CharacterOffsetBegin=948 CharacterOffsetEnd=955 PartOfSpeech=RB]
[Text=of CharacterOffsetBegin=956 CharacterOffsetEnd=958 PartOfSpeech=IN]
[Text=just CharacterOffsetBegin=959 CharacterOffsetEnd=963 PartOfSpeech=RB]
[Text=the CharacterOffsetBegin=964 CharacterOffsetEnd=967 PartOfSpeech=DT]
[Text=humans CharacterOffsetBegin=968 CharacterOffsetEnd=974 PartOfSpeech=NNS]
[Text=? CharacterOffsetBegin=974 CharacterOffsetEnd=975 PartOfSpeech=.]
Sentence #8 (15 tokens):
Or would those armies team up and completely lay waste to the Seven Kingdoms?
[Text=Or CharacterOffsetBegin=976 CharacterOffsetEnd=978 PartOfSpeech=CC]
[Text=would CharacterOffsetBegin=979 CharacterOffsetEnd=984 PartOfSpeech=MD]
[Text=those CharacterOffsetBegin=985 CharacterOffsetEnd=990 PartOfSpeech=DT]
[Text=armies CharacterOffsetBegin=991 CharacterOffsetEnd=997 PartOfSpeech=NNS]
[Text=team CharacterOffsetBegin=998 CharacterOffsetEnd=1002 PartOfSpeech=NN]
[Text=up CharacterOffsetBegin=1003 CharacterOffsetEnd=1005 PartOfSpeech=RB]
[Text=and CharacterOffsetBegin=1006 CharacterOffsetEnd=1009 PartOfSpeech=CC]
[Text=completely CharacterOffsetBegin=1010 CharacterOffsetEnd=1020 PartOfSpeech=RB]
[Text=lay CharacterOffsetBegin=1021 CharacterOffsetEnd=1024 PartOfSpeech=VBD]
[Text=waste CharacterOffsetBegin=1025 CharacterOffsetEnd=1030 PartOfSpeech=NN]
[Text=to CharacterOffsetBegin=1031 CharacterOffsetEnd=1033 PartOfSpeech=TO]
[Text=the CharacterOffsetBegin=1034 CharacterOffsetEnd=1037 PartOfSpeech=DT]
[Text=Seven CharacterOffsetBegin=1038 CharacterOffsetEnd=1043 PartOfSpeech=CD]
[Text=Kingdoms CharacterOffsetBegin=1044 CharacterOffsetEnd=1052 PartOfSpeech=NNPS]
[Text=? CharacterOffsetBegin=1052 CharacterOffsetEnd=1053 PartOfSpeech=.]
