Sentence #1 (8 tokens):
Jon Snow and Meera Reed are twins.
[Text=Jon CharacterOffsetBegin=0 CharacterOffsetEnd=3 PartOfSpeech=NNP Lemma=Jon NamedEntityTag=PERSON]
[Text=Snow CharacterOffsetBegin=4 CharacterOffsetEnd=8 PartOfSpeech=NNP Lemma=Snow NamedEntityTag=PERSON]
[Text=and CharacterOffsetBegin=9 CharacterOffsetEnd=12 PartOfSpeech=CC Lemma=and NamedEntityTag=O]
[Text=Meera CharacterOffsetBegin=13 CharacterOffsetEnd=18 PartOfSpeech=NNP Lemma=Meera NamedEntityTag=PERSON]
[Text=Reed CharacterOffsetBegin=19 CharacterOffsetEnd=23 PartOfSpeech=NNP Lemma=Reed NamedEntityTag=PERSON]
[Text=are CharacterOffsetBegin=24 CharacterOffsetEnd=27 PartOfSpeech=VBP Lemma=be NamedEntityTag=O]
[Text=twins CharacterOffsetBegin=28 CharacterOffsetEnd=33 PartOfSpeech=NNS Lemma=twin NamedEntityTag=O]
[Text=. CharacterOffsetBegin=33 CharacterOffsetEnd=34 PartOfSpeech=. Lemma=. NamedEntityTag=O]
(ROOT
  (S
    (NP (NNP Jon) (NNP Snow)
      (CC and)
      (NNP Meera) (NNP Reed))
    (VP (VBP are)
      (NP (NNS twins)))
    (. .)))

root(ROOT-0, twins-7)
compound(Snow-2, Jon-1)
nsubj(twins-7, Snow-2)
cc(Snow-2, and-3)
compound(Reed-5, Meera-4)
conj:and(Snow-2, Reed-5)
nsubj(twins-7, Reed-5)
cop(twins-7, are-6)
punct(twins-7, .-8)

Sentence #2 (44 tokens):
This is predicated on the idea that Meera's dad Howland Reed was the only person at the Tower of Joy with Ned Stark when Ned's sister Lyanna handed over her baby (Jon Snow) and begged Ned to protect him.
[Text=This CharacterOffsetBegin=35 CharacterOffsetEnd=39 PartOfSpeech=DT Lemma=this NamedEntityTag=O]
[Text=is CharacterOffsetBegin=40 CharacterOffsetEnd=42 PartOfSpeech=VBZ Lemma=be NamedEntityTag=O]
[Text=predicated CharacterOffsetBegin=43 CharacterOffsetEnd=53 PartOfSpeech=VBN Lemma=predicate NamedEntityTag=O]
[Text=on CharacterOffsetBegin=54 CharacterOffsetEnd=56 PartOfSpeech=IN Lemma=on NamedEntityTag=O]
[Text=the CharacterOffsetBegin=57 CharacterOffsetEnd=60 PartOfSpeech=DT Lemma=the NamedEntityTag=O]
[Text=idea CharacterOffsetBegin=61 CharacterOffsetEnd=65 PartOfSpeech=NN Lemma=idea NamedEntityTag=O]
[Text=that CharacterOffsetBegin=66 CharacterOffsetEnd=70 PartOfSpeech=IN Lemma=that NamedEntityTag=O]
[Text=Meera CharacterOffsetBegin=71 CharacterOffsetEnd=76 PartOfSpeech=NNP Lemma=Meera NamedEntityTag=PERSON]
[Text='s CharacterOffsetBegin=76 CharacterOffsetEnd=78 PartOfSpeech=POS Lemma='s NamedEntityTag=O]
[Text=dad CharacterOffsetBegin=79 CharacterOffsetEnd=82 PartOfSpeech=NNP Lemma=dad NamedEntityTag=O]
[Text=Howland CharacterOffsetBegin=83 CharacterOffsetEnd=90 PartOfSpeech=NNP Lemma=Howland NamedEntityTag=PERSON]
[Text=Reed CharacterOffsetBegin=91 CharacterOffsetEnd=95 PartOfSpeech=NNP Lemma=Reed NamedEntityTag=PERSON]
[Text=was CharacterOffsetBegin=96 CharacterOffsetEnd=99 PartOfSpeech=VBD Lemma=be NamedEntityTag=O]
[Text=the CharacterOffsetBegin=100 CharacterOffsetEnd=103 PartOfSpeech=DT Lemma=the NamedEntityTag=O]
[Text=only CharacterOffsetBegin=104 CharacterOffsetEnd=108 PartOfSpeech=JJ Lemma=only NamedEntityTag=O]
[Text=person CharacterOffsetBegin=109 CharacterOffsetEnd=115 PartOfSpeech=NN Lemma=person NamedEntityTag=O]
[Text=at CharacterOffsetBegin=116 CharacterOffsetEnd=118 PartOfSpeech=IN Lemma=at NamedEntityTag=O]
[Text=the CharacterOffsetBegin=119 CharacterOffsetEnd=122 PartOfSpeech=DT Lemma=the NamedEntityTag=O]
[Text=Tower CharacterOffsetBegin=123 CharacterOffsetEnd=128 PartOfSpeech=NN Lemma=tower NamedEntityTag=O]
[Text=of CharacterOffsetBegin=129 CharacterOffsetEnd=131 PartOfSpeech=IN Lemma=of NamedEntityTag=O]
[Text=Joy CharacterOffsetBegin=132 CharacterOffsetEnd=135 PartOfSpeech=NNP Lemma=Joy NamedEntityTag=O]
[Text=with CharacterOffsetBegin=136 CharacterOffsetEnd=140 PartOfSpeech=IN Lemma=with NamedEntityTag=O]
[Text=Ned CharacterOffsetBegin=141 CharacterOffsetEnd=144 PartOfSpeech=NNP Lemma=Ned NamedEntityTag=PERSON]
[Text=Stark CharacterOffsetBegin=145 CharacterOffsetEnd=150 PartOfSpeech=NNP Lemma=Stark NamedEntityTag=PERSON]
[Text=when CharacterOffsetBegin=151 CharacterOffsetEnd=155 PartOfSpeech=WRB Lemma=when NamedEntityTag=O]
[Text=Ned CharacterOffsetBegin=156 CharacterOffsetEnd=159 PartOfSpeech=NNP Lemma=Ned NamedEntityTag=PERSON]
[Text='s CharacterOffsetBegin=159 CharacterOffsetEnd=161 PartOfSpeech=POS Lemma='s NamedEntityTag=O]
[Text=sister CharacterOffsetBegin=162 CharacterOffsetEnd=168 PartOfSpeech=NN Lemma=sister NamedEntityTag=O]
[Text=Lyanna CharacterOffsetBegin=169 CharacterOffsetEnd=175 PartOfSpeech=NNP Lemma=Lyanna NamedEntityTag=PERSON]
[Text=handed CharacterOffsetBegin=176 CharacterOffsetEnd=182 PartOfSpeech=VBD Lemma=hand NamedEntityTag=O]
[Text=over CharacterOffsetBegin=183 CharacterOffsetEnd=187 PartOfSpeech=RP Lemma=over NamedEntityTag=O]
[Text=her CharacterOffsetBegin=188 CharacterOffsetEnd=191 PartOfSpeech=PRP$ Lemma=she NamedEntityTag=O]
[Text=baby CharacterOffsetBegin=192 CharacterOffsetEnd=196 PartOfSpeech=NN Lemma=baby NamedEntityTag=O]
[Text=-LRB- CharacterOffsetBegin=197 CharacterOffsetEnd=198 PartOfSpeech=-LRB- Lemma=-lrb- NamedEntityTag=O]
[Text=Jon CharacterOffsetBegin=198 CharacterOffsetEnd=201 PartOfSpeech=NNP Lemma=Jon NamedEntityTag=PERSON]
[Text=Snow CharacterOffsetBegin=202 CharacterOffsetEnd=206 PartOfSpeech=NNP Lemma=Snow NamedEntityTag=PERSON]
[Text=-RRB- CharacterOffsetBegin=206 CharacterOffsetEnd=207 PartOfSpeech=-RRB- Lemma=-rrb- NamedEntityTag=O]
[Text=and CharacterOffsetBegin=208 CharacterOffsetEnd=211 PartOfSpeech=CC Lemma=and NamedEntityTag=O]
[Text=begged CharacterOffsetBegin=212 CharacterOffsetEnd=218 PartOfSpeech=VBN Lemma=beg NamedEntityTag=O]
[Text=Ned CharacterOffsetBegin=219 CharacterOffsetEnd=222 PartOfSpeech=NNP Lemma=Ned NamedEntityTag=PERSON]
[Text=to CharacterOffsetBegin=223 CharacterOffsetEnd=225 PartOfSpeech=TO Lemma=to NamedEntityTag=O]
[Text=protect CharacterOffsetBegin=226 CharacterOffsetEnd=233 PartOfSpeech=VB Lemma=protect NamedEntityTag=O]
[Text=him CharacterOffsetBegin=234 CharacterOffsetEnd=237 PartOfSpeech=PRP Lemma=he NamedEntityTag=O]
[Text=. CharacterOffsetBegin=237 CharacterOffsetEnd=238 PartOfSpeech=. Lemma=. NamedEntityTag=O]
(ROOT
  (S
    (NP (DT This))
    (VP (VBZ is)
      (VP
        (VP (VBN predicated)
          (PP (IN on)
            (NP (DT the) (NN idea)))
          (SBAR (IN that)
            (S
              (NP
                (NP (NNP Meera) (POS 's))
                (NNP dad) (NNP Howland) (NNP Reed))
              (VP (VBD was)
                (NP
                  (NP (DT the) (JJ only) (NN person))
                  (PP (IN at)
                    (NP
                      (NP (DT the) (NN Tower))
                      (PP (IN of)
                        (NP (NNP Joy))))))
                (PP (IN with)
                  (NP (NNP Ned) (NNP Stark)))
                (SBAR
                  (WHADVP (WRB when))
                  (S
                    (NP
                      (NP (NNP Ned) (POS 's))
                      (NN sister))
                    (VP
                      (NP
                        (NP (NNP Lyanna))
                        (SBAR
                          (S
                            (VP (VBD handed)
                              (PRT (RP over))
                              (NP (PRP$ her) (NN baby))))))
                      (PRN (-LRB- -LRB-)
                        (NP (NNP Jon) (NNP Snow))
                        (-RRB- -RRB-)))))))))
        (CC and)
        (VP (VBN begged)
          (S
            (NP (NNP Ned))
            (VP (TO to)
              (VP (VB protect)
                (NP (PRP him))))))))
    (. .)))

root(ROOT-0, predicated-3)
nsubjpass(predicated-3, This-1)
nsubjpass(begged-39, This-1)
auxpass(predicated-3, is-2)
case(idea-6, on-4)
det(idea-6, the-5)
nmod:on(predicated-3, idea-6)
mark(person-16, that-7)
nmod:poss(Reed-12, Meera-8)
case(Meera-8, 's-9)
compound(Reed-12, dad-10)
compound(Reed-12, Howland-11)
nsubj(person-16, Reed-12)
cop(person-16, was-13)
det(person-16, the-14)
amod(person-16, only-15)
ccomp(predicated-3, person-16)
case(Tower-19, at-17)
det(Tower-19, the-18)
nmod:at(person-16, Tower-19)
case(Joy-21, of-20)
nmod:of(Tower-19, Joy-21)
case(Stark-24, with-22)
compound(Stark-24, Ned-23)
nmod:with(person-16, Stark-24)
advmod(Lyanna-29, when-25)
nmod:poss(sister-28, Ned-26)
case(Ned-26, 's-27)
nsubj(Lyanna-29, sister-28)
advcl(person-16, Lyanna-29)
acl:relcl(Lyanna-29, handed-30)
compound:prt(handed-30, over-31)
nmod:poss(baby-33, her-32)
dobj(handed-30, baby-33)
punct(Snow-36, -LRB--34)
compound(Snow-36, Jon-35)
dep(Lyanna-29, Snow-36)
punct(Snow-36, -RRB--37)
cc(predicated-3, and-38)
conj:and(predicated-3, begged-39)
dobj(begged-39, Ned-40)
nsubj:xsubj(protect-42, Ned-40)
mark(protect-42, to-41)
xcomp(begged-39, protect-42)
dobj(protect-42, him-43)
punct(predicated-3, .-44)

Sentence #3 (22 tokens):
What if Lyanna had a second baby, and Ned asked Howland to take her and raise her as his own?
[Text=What CharacterOffsetBegin=239 CharacterOffsetEnd=243 PartOfSpeech=WP Lemma=what NamedEntityTag=O]
[Text=if CharacterOffsetBegin=244 CharacterOffsetEnd=246 PartOfSpeech=IN Lemma=if NamedEntityTag=O]
[Text=Lyanna CharacterOffsetBegin=247 CharacterOffsetEnd=253 PartOfSpeech=NNP Lemma=Lyanna NamedEntityTag=PERSON]
[Text=had CharacterOffsetBegin=254 CharacterOffsetEnd=257 PartOfSpeech=VBD Lemma=have NamedEntityTag=O]
[Text=a CharacterOffsetBegin=258 CharacterOffsetEnd=259 PartOfSpeech=DT Lemma=a NamedEntityTag=DURATION NormalizedNamedEntityTag=PT1S Timex=<TIMEX3 tid="t1" type="DURATION" value="PT1S">a second</TIMEX3>]
[Text=second CharacterOffsetBegin=260 CharacterOffsetEnd=266 PartOfSpeech=JJ Lemma=second NamedEntityTag=DURATION NormalizedNamedEntityTag=PT1S Timex=<TIMEX3 tid="t1" type="DURATION" value="PT1S">a second</TIMEX3>]
[Text=baby CharacterOffsetBegin=267 CharacterOffsetEnd=271 PartOfSpeech=NN Lemma=baby NamedEntityTag=O]
[Text=, CharacterOffsetBegin=271 CharacterOffsetEnd=272 PartOfSpeech=, Lemma=, NamedEntityTag=O]
[Text=and CharacterOffsetBegin=273 CharacterOffsetEnd=276 PartOfSpeech=CC Lemma=and NamedEntityTag=O]
[Text=Ned CharacterOffsetBegin=277 CharacterOffsetEnd=280 PartOfSpeech=NNP Lemma=Ned NamedEntityTag=PERSON]
[Text=asked CharacterOffsetBegin=281 CharacterOffsetEnd=286 PartOfSpeech=VBD Lemma=ask NamedEntityTag=O]
[Text=Howland CharacterOffsetBegin=287 CharacterOffsetEnd=294 PartOfSpeech=NNP Lemma=Howland NamedEntityTag=PERSON]
[Text=to CharacterOffsetBegin=295 CharacterOffsetEnd=297 PartOfSpeech=TO Lemma=to NamedEntityTag=O]
[Text=take CharacterOffsetBegin=298 CharacterOffsetEnd=302 PartOfSpeech=VB Lemma=take NamedEntityTag=O]
[Text=her CharacterOffsetBegin=303 CharacterOffsetEnd=306 PartOfSpeech=PRP Lemma=she NamedEntityTag=O]
[Text=and CharacterOffsetBegin=307 CharacterOffsetEnd=310 PartOfSpeech=CC Lemma=and NamedEntityTag=O]
[Text=raise CharacterOffsetBegin=311 CharacterOffsetEnd=316 PartOfSpeech=VB Lemma=raise NamedEntityTag=O]
[Text=her CharacterOffsetBegin=317 CharacterOffsetEnd=320 PartOfSpeech=PRP Lemma=she NamedEntityTag=O]
[Text=as CharacterOffsetBegin=321 CharacterOffsetEnd=323 PartOfSpeech=IN Lemma=as NamedEntityTag=O]
[Text=his CharacterOffsetBegin=324 CharacterOffsetEnd=327 PartOfSpeech=PRP$ Lemma=he NamedEntityTag=O]
[Text=own CharacterOffsetBegin=328 CharacterOffsetEnd=331 PartOfSpeech=JJ Lemma=own NamedEntityTag=O]
[Text=? CharacterOffsetBegin=331 CharacterOffsetEnd=332 PartOfSpeech=. Lemma=? NamedEntityTag=O]
(ROOT
  (SBAR (WP What) (IN if)
    (S
      (S
        (NP (NNP Lyanna))
        (VP (VBD had)
          (NP (DT a) (JJ second) (NN baby))))
      (, ,)
      (CC and)
      (S
        (NP (NNP Ned))
        (VP (VBD asked)
          (S
            (NP (NNP Howland))
            (VP (TO to)
              (VP
                (VP (VB take)
                  (NP (PRP her)))
                (CC and)
                (VP (VB raise)
                  (NP (PRP her))
                  (PP (IN as)
                    (NP (PRP$ his) (JJ own))))))))))
    (. ?)))

root(ROOT-0, had-4)
dep(had-4, What-1)
mark(had-4, if-2)
nsubj(had-4, Lyanna-3)
det(baby-7, a-5)
amod(baby-7, second-6)
dobj(had-4, baby-7)
punct(had-4, ,-8)
cc(had-4, and-9)
nsubj(asked-11, Ned-10)
conj:and(had-4, asked-11)
dobj(asked-11, Howland-12)
nsubj:xsubj(take-14, Howland-12)
nsubj:xsubj(raise-17, Howland-12)
mark(take-14, to-13)
xcomp(asked-11, take-14)
dobj(take-14, her-15)
cc(take-14, and-16)
xcomp(asked-11, raise-17)
conj:and(take-14, raise-17)
dobj(raise-17, her-18)
case(own-21, as-19)
nmod:poss(own-21, his-20)
nmod:as(raise-17, own-21)
punct(had-4, ?-22)

Sentence #4 (12 tokens):
Also, Kit Harington and Ellie Kendrick kind of look alike.
[Text=Also CharacterOffsetBegin=333 CharacterOffsetEnd=337 PartOfSpeech=RB Lemma=also NamedEntityTag=O]
[Text=, CharacterOffsetBegin=337 CharacterOffsetEnd=338 PartOfSpeech=, Lemma=, NamedEntityTag=O]
[Text=Kit CharacterOffsetBegin=339 CharacterOffsetEnd=342 PartOfSpeech=NN Lemma=kit NamedEntityTag=PERSON]
[Text=Harington CharacterOffsetBegin=343 CharacterOffsetEnd=352 PartOfSpeech=NNP Lemma=Harington NamedEntityTag=PERSON]
[Text=and CharacterOffsetBegin=353 CharacterOffsetEnd=356 PartOfSpeech=CC Lemma=and NamedEntityTag=O]
[Text=Ellie CharacterOffsetBegin=357 CharacterOffsetEnd=362 PartOfSpeech=NNP Lemma=Ellie NamedEntityTag=PERSON]
[Text=Kendrick CharacterOffsetBegin=363 CharacterOffsetEnd=371 PartOfSpeech=NNP Lemma=Kendrick NamedEntityTag=PERSON]
[Text=kind CharacterOffsetBegin=372 CharacterOffsetEnd=376 PartOfSpeech=NN Lemma=kind NamedEntityTag=O]
[Text=of CharacterOffsetBegin=377 CharacterOffsetEnd=379 PartOfSpeech=IN Lemma=of NamedEntityTag=O]
[Text=look CharacterOffsetBegin=380 CharacterOffsetEnd=384 PartOfSpeech=NN Lemma=look NamedEntityTag=O]
[Text=alike CharacterOffsetBegin=385 CharacterOffsetEnd=390 PartOfSpeech=RB Lemma=alike NamedEntityTag=O]
[Text=. CharacterOffsetBegin=390 CharacterOffsetEnd=391 PartOfSpeech=. Lemma=. NamedEntityTag=O]
(ROOT
  (X
    (ADVP (RB Also))
    (, ,)
    (NP
      (NP (NN Kit))
      (NP
        (NP (NNP Harington)
          (CC and)
          (NNP Ellie) (NNP Kendrick) (NN kind))
        (PP (IN of)
          (NP
            (NP (NN look))
            (ADVP (RB alike))))))
    (. .)))

root(ROOT-0, Kit-3)
dep(Kit-3, Also-1)
punct(Kit-3, ,-2)
compound(kind-8, Harington-4)
cc(Harington-4, and-5)
conj:and(Harington-4, Ellie-6)
compound(kind-8, Ellie-6)
compound(kind-8, Kendrick-7)
dep(Kit-3, kind-8)
case(look-10, of-9)
nmod:of(kind-8, look-10)
advmod(look-10, alike-11)
punct(Kit-3, .-12)

Coreference set:
	(2,36,[35,37]) -> (1,2,[1,3]), that is: "Jon Snow" -> "Jon Snow"
Coreference set:
	(1,5,[1,6]) -> (1,7,[7,8]), that is: "Jon Snow and Meera Reed" -> "twins"
Coreference set:
	(2,26,[26,28]) -> (2,24,[23,25]), that is: "Ned 's" -> "Ned Stark"
	(2,40,[40,41]) -> (2,24,[23,25]), that is: "Ned" -> "Ned Stark"
	(2,43,[43,44]) -> (2,24,[23,25]), that is: "him" -> "Ned Stark"
	(3,10,[10,11]) -> (2,24,[23,25]), that is: "Ned" -> "Ned Stark"
Coreference set:
	(2,32,[32,33]) -> (2,28,[26,29]), that is: "her" -> "Ned 's sister"
Coreference set:
	(3,3,[3,4]) -> (2,29,[29,34]), that is: "Lyanna" -> "Lyanna handed over her baby"
	(3,15,[15,16]) -> (2,29,[29,34]), that is: "her" -> "Lyanna handed over her baby"
	(3,18,[18,19]) -> (2,29,[29,34]), that is: "her" -> "Lyanna handed over her baby"
Coreference set:
	(3,20,[20,21]) -> (3,12,[12,13]), that is: "his" -> "Howland"
