Sentence #1 (10 tokens):
Sansa Stark is pregnant with Ramsay Bolton's child.
[Text=Sansa CharacterOffsetBegin=0 CharacterOffsetEnd=5 PartOfSpeech=NNP Lemma=Sansa NamedEntityTag=PERSON]
[Text=Stark CharacterOffsetBegin=6 CharacterOffsetEnd=11 PartOfSpeech=NNP Lemma=Stark NamedEntityTag=PERSON]
[Text=is CharacterOffsetBegin=12 CharacterOffsetEnd=14 PartOfSpeech=VBZ Lemma=be NamedEntityTag=O]
[Text=pregnant CharacterOffsetBegin=15 CharacterOffsetEnd=23 PartOfSpeech=JJ Lemma=pregnant NamedEntityTag=O]
[Text=with CharacterOffsetBegin=24 CharacterOffsetEnd=28 PartOfSpeech=IN Lemma=with NamedEntityTag=O]
[Text=Ramsay CharacterOffsetBegin=29 CharacterOffsetEnd=35 PartOfSpeech=NNP Lemma=Ramsay NamedEntityTag=PERSON]
[Text=Bolton CharacterOffsetBegin=36 CharacterOffsetEnd=42 PartOfSpeech=NNP Lemma=Bolton NamedEntityTag=PERSON]
[Text='s CharacterOffsetBegin=42 CharacterOffsetEnd=44 PartOfSpeech=POS Lemma='s NamedEntityTag=O]
[Text=child CharacterOffsetBegin=45 CharacterOffsetEnd=50 PartOfSpeech=NN Lemma=child NamedEntityTag=O]
[Text=. CharacterOffsetBegin=50 CharacterOffsetEnd=51 PartOfSpeech=. Lemma=. NamedEntityTag=O]
(ROOT
  (S
    (NP (NNP Sansa) (NNP Stark))
    (VP (VBZ is)
      (ADJP (JJ pregnant)
        (PP (IN with)
          (NP
            (NP (NNP Ramsay) (NNP Bolton) (POS 's))
            (NN child)))))
    (. .)))

root(ROOT-0, pregnant-4)
compound(Stark-2, Sansa-1)
nsubj(pregnant-4, Stark-2)
cop(pregnant-4, is-3)
case(child-9, with-5)
compound(Bolton-7, Ramsay-6)
nmod:poss(child-9, Bolton-7)
case(Bolton-7, 's-8)
nmod:with(pregnant-4, child-9)
punct(pregnant-4, .-10)

Sentence #2 (39 tokens):
This one isn't actually all that crazy, especially given that Ramsay said, "I am part of you now," to Sansa right before she watched him get eaten alive by his own dogs.
[Text=This CharacterOffsetBegin=52 CharacterOffsetEnd=56 PartOfSpeech=DT Lemma=this NamedEntityTag=O]
[Text=one CharacterOffsetBegin=57 CharacterOffsetEnd=60 PartOfSpeech=CD Lemma=one NamedEntityTag=NUMBER NormalizedNamedEntityTag=1.0]
[Text=is CharacterOffsetBegin=61 CharacterOffsetEnd=63 PartOfSpeech=VBZ Lemma=be NamedEntityTag=O]
[Text=n't CharacterOffsetBegin=63 CharacterOffsetEnd=66 PartOfSpeech=RB Lemma=not NamedEntityTag=O]
[Text=actually CharacterOffsetBegin=67 CharacterOffsetEnd=75 PartOfSpeech=RB Lemma=actually NamedEntityTag=O]
[Text=all CharacterOffsetBegin=76 CharacterOffsetEnd=79 PartOfSpeech=DT Lemma=all NamedEntityTag=O]
[Text=that CharacterOffsetBegin=80 CharacterOffsetEnd=84 PartOfSpeech=DT Lemma=that NamedEntityTag=O]
[Text=crazy CharacterOffsetBegin=85 CharacterOffsetEnd=90 PartOfSpeech=JJ Lemma=crazy NamedEntityTag=O]
[Text=, CharacterOffsetBegin=90 CharacterOffsetEnd=91 PartOfSpeech=, Lemma=, NamedEntityTag=O]
[Text=especially CharacterOffsetBegin=92 CharacterOffsetEnd=102 PartOfSpeech=RB Lemma=especially NamedEntityTag=O]
[Text=given CharacterOffsetBegin=103 CharacterOffsetEnd=108 PartOfSpeech=VBN Lemma=give NamedEntityTag=O]
[Text=that CharacterOffsetBegin=109 CharacterOffsetEnd=113 PartOfSpeech=IN Lemma=that NamedEntityTag=O]
[Text=Ramsay CharacterOffsetBegin=114 CharacterOffsetEnd=120 PartOfSpeech=NNP Lemma=Ramsay NamedEntityTag=PERSON]
[Text=said CharacterOffsetBegin=121 CharacterOffsetEnd=125 PartOfSpeech=VBD Lemma=say NamedEntityTag=O]
[Text=, CharacterOffsetBegin=125 CharacterOffsetEnd=126 PartOfSpeech=, Lemma=, NamedEntityTag=O]
[Text=`` CharacterOffsetBegin=127 CharacterOffsetEnd=128 PartOfSpeech=`` Lemma=`` NamedEntityTag=O]
[Text=I CharacterOffsetBegin=128 CharacterOffsetEnd=129 PartOfSpeech=PRP Lemma=I NamedEntityTag=O]
[Text=am CharacterOffsetBegin=130 CharacterOffsetEnd=132 PartOfSpeech=VBP Lemma=be NamedEntityTag=O]
[Text=part CharacterOffsetBegin=133 CharacterOffsetEnd=137 PartOfSpeech=NN Lemma=part NamedEntityTag=O]
[Text=of CharacterOffsetBegin=138 CharacterOffsetEnd=140 PartOfSpeech=IN Lemma=of NamedEntityTag=O]
[Text=you CharacterOffsetBegin=141 CharacterOffsetEnd=144 PartOfSpeech=PRP Lemma=you NamedEntityTag=O]
[Text=now CharacterOffsetBegin=145 CharacterOffsetEnd=148 PartOfSpeech=RB Lemma=now NamedEntityTag=DATE NormalizedNamedEntityTag=PRESENT_REF Timex=<TIMEX3 tid="t1" type="DATE" value="PRESENT_REF">now</TIMEX3>]
[Text=, CharacterOffsetBegin=148 CharacterOffsetEnd=149 PartOfSpeech=, Lemma=, NamedEntityTag=O]
[Text='' CharacterOffsetBegin=149 CharacterOffsetEnd=150 PartOfSpeech='' Lemma='' NamedEntityTag=O]
[Text=to CharacterOffsetBegin=151 CharacterOffsetEnd=153 PartOfSpeech=TO Lemma=to NamedEntityTag=O]
[Text=Sansa CharacterOffsetBegin=154 CharacterOffsetEnd=159 PartOfSpeech=VB Lemma=sansa NamedEntityTag=PERSON]
[Text=right CharacterOffsetBegin=160 CharacterOffsetEnd=165 PartOfSpeech=NN Lemma=right NamedEntityTag=O]
[Text=before CharacterOffsetBegin=166 CharacterOffsetEnd=172 PartOfSpeech=IN Lemma=before NamedEntityTag=O]
[Text=she CharacterOffsetBegin=173 CharacterOffsetEnd=176 PartOfSpeech=PRP Lemma=she NamedEntityTag=O]
[Text=watched CharacterOffsetBegin=177 CharacterOffsetEnd=184 PartOfSpeech=VBD Lemma=watch NamedEntityTag=O]
[Text=him CharacterOffsetBegin=185 CharacterOffsetEnd=188 PartOfSpeech=PRP Lemma=he NamedEntityTag=O]
[Text=get CharacterOffsetBegin=189 CharacterOffsetEnd=192 PartOfSpeech=VB Lemma=get NamedEntityTag=O]
[Text=eaten CharacterOffsetBegin=193 CharacterOffsetEnd=198 PartOfSpeech=VBN Lemma=eat NamedEntityTag=O]
[Text=alive CharacterOffsetBegin=199 CharacterOffsetEnd=204 PartOfSpeech=JJ Lemma=alive NamedEntityTag=O]
[Text=by CharacterOffsetBegin=205 CharacterOffsetEnd=207 PartOfSpeech=IN Lemma=by NamedEntityTag=O]
[Text=his CharacterOffsetBegin=208 CharacterOffsetEnd=211 PartOfSpeech=PRP$ Lemma=he NamedEntityTag=O]
[Text=own CharacterOffsetBegin=212 CharacterOffsetEnd=215 PartOfSpeech=JJ Lemma=own NamedEntityTag=O]
[Text=dogs CharacterOffsetBegin=216 CharacterOffsetEnd=220 PartOfSpeech=NNS Lemma=dog NamedEntityTag=O]
[Text=. CharacterOffsetBegin=220 CharacterOffsetEnd=221 PartOfSpeech=. Lemma=. NamedEntityTag=O]
(ROOT
  (S
    (NP (DT This) (CD one))
    (VP (VBZ is) (RB n't)
      (ADVP (RB actually))
      (ADJP
        (ADVP (DT all) (DT that))
        (JJ crazy))
      (, ,)
      (S
        (ADVP (RB especially))
        (VP (VBN given)
          (SBAR (IN that)
            (S
              (NP (NNP Ramsay))
              (VP (VBD said) (, ,) (`` ``)
                (S
                  (NP (PRP I))
                  (VP (VBP am)
                    (NP
                      (NP (NN part))
                      (PP (IN of)
                        (NP (PRP you))))
                    (ADVP (RB now))))
                (, ,) ('' '')
                (S
                  (VP (TO to)
                    (VP (VB Sansa)
                      (NP (NN right))
                      (SBAR (IN before)
                        (S
                          (NP (PRP she))
                          (VP (VBD watched)
                            (S
                              (NP (PRP him))
                              (VP (VB get)
                                (VP (VBN eaten)
                                  (ADJP (JJ alive))
                                  (PP (IN by)
                                    (NP (PRP$ his) (JJ own) (NNS dogs))))))))))))))))))
    (. .)))

root(ROOT-0, crazy-8)
det(one-2, This-1)
nsubj(crazy-8, one-2)
cop(crazy-8, is-3)
neg(crazy-8, n't-4)
advmod(crazy-8, actually-5)
dep(that-7, all-6)
advmod(crazy-8, that-7)
punct(crazy-8, ,-9)
advmod(given-11, especially-10)
dep(crazy-8, given-11)
mark(said-14, that-12)
nsubj(said-14, Ramsay-13)
nsubj:xsubj(Sansa-26, Ramsay-13)
ccomp(given-11, said-14)
punct(said-14, ,-15)
punct(said-14, ``-16)
nsubj(part-19, I-17)
cop(part-19, am-18)
ccomp(said-14, part-19)
case(you-21, of-20)
nmod:of(part-19, you-21)
advmod(part-19, now-22)
punct(said-14, ,-23)
punct(said-14, ''-24)
mark(Sansa-26, to-25)
xcomp(said-14, Sansa-26)
dobj(Sansa-26, right-27)
mark(watched-30, before-28)
nsubj(watched-30, she-29)
advcl:before(Sansa-26, watched-30)
nsubjpass(eaten-33, him-31)
auxpass(eaten-33, get-32)
ccomp(watched-30, eaten-33)
xcomp(eaten-33, alive-34)
case(dogs-38, by-35)
nmod:poss(dogs-38, his-36)
amod(dogs-38, own-37)
nmod:agent(eaten-33, dogs-38)
punct(crazy-8, .-39)

Coreference set:
	(2,13,[13,14]) -> (1,7,[6,9]), that is: "Ramsay" -> "Ramsay Bolton 's"
	(2,17,[17,18]) -> (1,7,[6,9]), that is: "I" -> "Ramsay Bolton 's"
	(2,31,[31,32]) -> (1,7,[6,9]), that is: "him" -> "Ramsay Bolton 's"
	(2,36,[36,37]) -> (1,7,[6,9]), that is: "his" -> "Ramsay Bolton 's"
Coreference set:
	(2,29,[29,30]) -> (2,26,[26,27]), that is: "she" -> "Sansa"
