Sentence #1 (5 tokens):
Ned Stark is alive.
[Text=Ned CharacterOffsetBegin=0 CharacterOffsetEnd=3 PartOfSpeech=NNP]
[Text=Stark CharacterOffsetBegin=4 CharacterOffsetEnd=9 PartOfSpeech=NNP]
[Text=is CharacterOffsetBegin=10 CharacterOffsetEnd=12 PartOfSpeech=VBZ]
[Text=alive CharacterOffsetBegin=13 CharacterOffsetEnd=18 PartOfSpeech=JJ]
[Text=. CharacterOffsetBegin=18 CharacterOffsetEnd=19 PartOfSpeech=.]
Sentence #2 (71 tokens):
Since other members of the Stark family — Bran on the show, and Arya and Jon in the books — have warging abilities, it's not totally insane to surmise that Ned might have been able to do it too, and that he did it right into the body of Ser Ilyn Payne, Cersei's favorite executioner, right before Ser Ilyn chopped off his head.
[Text=Since CharacterOffsetBegin=20 CharacterOffsetEnd=25 PartOfSpeech=IN]
[Text=other CharacterOffsetBegin=26 CharacterOffsetEnd=31 PartOfSpeech=JJ]
[Text=members CharacterOffsetBegin=32 CharacterOffsetEnd=39 PartOfSpeech=NNS]
[Text=of CharacterOffsetBegin=40 CharacterOffsetEnd=42 PartOfSpeech=IN]
[Text=the CharacterOffsetBegin=43 CharacterOffsetEnd=46 PartOfSpeech=DT]
[Text=Stark CharacterOffsetBegin=47 CharacterOffsetEnd=52 PartOfSpeech=NNP]
[Text=family CharacterOffsetBegin=53 CharacterOffsetEnd=59 PartOfSpeech=NN]
[Text=-- CharacterOffsetBegin=60 CharacterOffsetEnd=61 PartOfSpeech=:]
[Text=Bran CharacterOffsetBegin=62 CharacterOffsetEnd=66 PartOfSpeech=NNP]
[Text=on CharacterOffsetBegin=67 CharacterOffsetEnd=69 PartOfSpeech=IN]
[Text=the CharacterOffsetBegin=70 CharacterOffsetEnd=73 PartOfSpeech=DT]
[Text=show CharacterOffsetBegin=74 CharacterOffsetEnd=78 PartOfSpeech=NN]
[Text=, CharacterOffsetBegin=78 CharacterOffsetEnd=79 PartOfSpeech=,]
[Text=and CharacterOffsetBegin=80 CharacterOffsetEnd=83 PartOfSpeech=CC]
[Text=Arya CharacterOffsetBegin=84 CharacterOffsetEnd=88 PartOfSpeech=NNP]
[Text=and CharacterOffsetBegin=89 CharacterOffsetEnd=92 PartOfSpeech=CC]
[Text=Jon CharacterOffsetBegin=93 CharacterOffsetEnd=96 PartOfSpeech=NNP]
[Text=in CharacterOffsetBegin=97 CharacterOffsetEnd=99 PartOfSpeech=IN]
[Text=the CharacterOffsetBegin=100 CharacterOffsetEnd=103 PartOfSpeech=DT]
[Text=books CharacterOffsetBegin=104 CharacterOffsetEnd=109 PartOfSpeech=NNS]
[Text=-- CharacterOffsetBegin=110 CharacterOffsetEnd=111 PartOfSpeech=:]
[Text=have CharacterOffsetBegin=112 CharacterOffsetEnd=116 PartOfSpeech=VBP]
[Text=warging CharacterOffsetBegin=117 CharacterOffsetEnd=124 PartOfSpeech=VBG]
[Text=abilities CharacterOffsetBegin=125 CharacterOffsetEnd=134 PartOfSpeech=NNS]
[Text=, CharacterOffsetBegin=134 CharacterOffsetEnd=135 PartOfSpeech=,]
[Text=it CharacterOffsetBegin=136 CharacterOffsetEnd=138 PartOfSpeech=PRP]
[Text='s CharacterOffsetBegin=138 CharacterOffsetEnd=140 PartOfSpeech=VBZ]
[Text=not CharacterOffsetBegin=141 CharacterOffsetEnd=144 PartOfSpeech=RB]
[Text=totally CharacterOffsetBegin=145 CharacterOffsetEnd=152 PartOfSpeech=RB]
[Text=insane CharacterOffsetBegin=153 CharacterOffsetEnd=159 PartOfSpeech=JJ]
[Text=to CharacterOffsetBegin=160 CharacterOffsetEnd=162 PartOfSpeech=TO]
[Text=surmise CharacterOffsetBegin=163 CharacterOffsetEnd=170 PartOfSpeech=VB]
[Text=that CharacterOffsetBegin=171 CharacterOffsetEnd=175 PartOfSpeech=IN]
[Text=Ned CharacterOffsetBegin=176 CharacterOffsetEnd=179 PartOfSpeech=NNP]
[Text=might CharacterOffsetBegin=180 CharacterOffsetEnd=185 PartOfSpeech=MD]
[Text=have CharacterOffsetBegin=186 CharacterOffsetEnd=190 PartOfSpeech=VB]
[Text=been CharacterOffsetBegin=191 CharacterOffsetEnd=195 PartOfSpeech=VBN]
[Text=able CharacterOffsetBegin=196 CharacterOffsetEnd=200 PartOfSpeech=JJ]
[Text=to CharacterOffsetBegin=201 CharacterOffsetEnd=203 PartOfSpeech=TO]
[Text=do CharacterOffsetBegin=204 CharacterOffsetEnd=206 PartOfSpeech=VB]
[Text=it CharacterOffsetBegin=207 CharacterOffsetEnd=209 PartOfSpeech=PRP]
[Text=too CharacterOffsetBegin=210 CharacterOffsetEnd=213 PartOfSpeech=RB]
[Text=, CharacterOffsetBegin=213 CharacterOffsetEnd=214 PartOfSpeech=,]
[Text=and CharacterOffsetBegin=215 CharacterOffsetEnd=218 PartOfSpeech=CC]
[Text=that CharacterOffsetBegin=219 CharacterOffsetEnd=223 PartOfSpeech=IN]
[Text=he CharacterOffsetBegin=224 CharacterOffsetEnd=226 PartOfSpeech=PRP]
[Text=did CharacterOffsetBegin=227 CharacterOffsetEnd=230 PartOfSpeech=VBD]
[Text=it CharacterOffsetBegin=231 CharacterOffsetEnd=233 PartOfSpeech=PRP]
[Text=right CharacterOffsetBegin=234 CharacterOffsetEnd=239 PartOfSpeech=RB]
[Text=into CharacterOffsetBegin=240 CharacterOffsetEnd=244 PartOfSpeech=IN]
[Text=the CharacterOffsetBegin=245 CharacterOffsetEnd=248 PartOfSpeech=DT]
[Text=body CharacterOffsetBegin=249 CharacterOffsetEnd=253 PartOfSpeech=NN]
[Text=of CharacterOffsetBegin=254 CharacterOffsetEnd=256 PartOfSpeech=IN]
[Text=Ser CharacterOffsetBegin=257 CharacterOffsetEnd=260 PartOfSpeech=NNP]
[Text=Ilyn CharacterOffsetBegin=261 CharacterOffsetEnd=265 PartOfSpeech=NNP]
[Text=Payne CharacterOffsetBegin=266 CharacterOffsetEnd=271 PartOfSpeech=NNP]
[Text=, CharacterOffsetBegin=271 CharacterOffsetEnd=272 PartOfSpeech=,]
[Text=Cersei CharacterOffsetBegin=273 CharacterOffsetEnd=279 PartOfSpeech=NNP]
[Text='s CharacterOffsetBegin=279 CharacterOffsetEnd=281 PartOfSpeech=POS]
[Text=favorite CharacterOffsetBegin=282 CharacterOffsetEnd=290 PartOfSpeech=JJ]
[Text=executioner CharacterOffsetBegin=291 CharacterOffsetEnd=302 PartOfSpeech=NN]
[Text=, CharacterOffsetBegin=302 CharacterOffsetEnd=303 PartOfSpeech=,]
[Text=right CharacterOffsetBegin=304 CharacterOffsetEnd=309 PartOfSpeech=NN]
[Text=before CharacterOffsetBegin=310 CharacterOffsetEnd=316 PartOfSpeech=IN]
[Text=Ser CharacterOffsetBegin=317 CharacterOffsetEnd=320 PartOfSpeech=NNP]
[Text=Ilyn CharacterOffsetBegin=321 CharacterOffsetEnd=325 PartOfSpeech=NNP]
[Text=chopped CharacterOffsetBegin=326 CharacterOffsetEnd=333 PartOfSpeech=VBD]
[Text=off CharacterOffsetBegin=334 CharacterOffsetEnd=337 PartOfSpeech=RP]
[Text=his CharacterOffsetBegin=338 CharacterOffsetEnd=341 PartOfSpeech=PRP$]
[Text=head CharacterOffsetBegin=342 CharacterOffsetEnd=346 PartOfSpeech=NN]
[Text=. CharacterOffsetBegin=346 CharacterOffsetEnd=347 PartOfSpeech=.]
