Sentence #1 (6 tokens):
Jorah Mormont is Azor Ahai.
[Text=Jorah CharacterOffsetBegin=1 CharacterOffsetEnd=6 PartOfSpeech=NNP Lemma=Jorah NamedEntityTag=PERSON]
[Text=Mormont CharacterOffsetBegin=7 CharacterOffsetEnd=14 PartOfSpeech=NNP Lemma=Mormont NamedEntityTag=PERSON]
[Text=is CharacterOffsetBegin=15 CharacterOffsetEnd=17 PartOfSpeech=VBZ Lemma=be NamedEntityTag=O]
[Text=Azor CharacterOffsetBegin=18 CharacterOffsetEnd=22 PartOfSpeech=NNP Lemma=Azor NamedEntityTag=PERSON]
[Text=Ahai CharacterOffsetBegin=23 CharacterOffsetEnd=27 PartOfSpeech=NNP Lemma=Ahai NamedEntityTag=PERSON]
[Text=. CharacterOffsetBegin=27 CharacterOffsetEnd=28 PartOfSpeech=. Lemma=. NamedEntityTag=O]
(ROOT
  (S
    (NP (NNP Jorah) (NNP Mormont))
    (VP (VBZ is)
      (NP (NNP Azor) (NNP Ahai)))
    (. .)))

root(ROOT-0, Ahai-5)
compound(Mormont-2, Jorah-1)
nsubj(Ahai-5, Mormont-2)
cop(Ahai-5, is-3)
compound(Ahai-5, Azor-4)
punct(Ahai-5, .-6)

Sentence #2 (44 tokens):
Melisandre's theory that Stannis Baratheon was Azor Ahai didn't quite pan out, so maybe the guy who's going to save the world from the White Walkers is Jorah, and he's going to kill Daenerys in the process.
[Text=Melisandre CharacterOffsetBegin=29 CharacterOffsetEnd=39 PartOfSpeech=NNP Lemma=Melisandre NamedEntityTag=PERSON]
[Text='s CharacterOffsetBegin=39 CharacterOffsetEnd=41 PartOfSpeech=POS Lemma='s NamedEntityTag=O]
[Text=theory CharacterOffsetBegin=42 CharacterOffsetEnd=48 PartOfSpeech=NN Lemma=theory NamedEntityTag=O]
[Text=that CharacterOffsetBegin=49 CharacterOffsetEnd=53 PartOfSpeech=IN Lemma=that NamedEntityTag=O]
[Text=Stannis CharacterOffsetBegin=54 CharacterOffsetEnd=61 PartOfSpeech=NNP Lemma=Stannis NamedEntityTag=PERSON]
[Text=Baratheon CharacterOffsetBegin=62 CharacterOffsetEnd=71 PartOfSpeech=NNP Lemma=Baratheon NamedEntityTag=PERSON]
[Text=was CharacterOffsetBegin=72 CharacterOffsetEnd=75 PartOfSpeech=VBD Lemma=be NamedEntityTag=O]
[Text=Azor CharacterOffsetBegin=76 CharacterOffsetEnd=80 PartOfSpeech=NNP Lemma=Azor NamedEntityTag=PERSON]
[Text=Ahai CharacterOffsetBegin=81 CharacterOffsetEnd=85 PartOfSpeech=NNP Lemma=Ahai NamedEntityTag=PERSON]
[Text=did CharacterOffsetBegin=86 CharacterOffsetEnd=89 PartOfSpeech=VBD Lemma=do NamedEntityTag=O]
[Text=n't CharacterOffsetBegin=89 CharacterOffsetEnd=92 PartOfSpeech=RB Lemma=not NamedEntityTag=O]
[Text=quite CharacterOffsetBegin=93 CharacterOffsetEnd=98 PartOfSpeech=RB Lemma=quite NamedEntityTag=O]
[Text=pan CharacterOffsetBegin=99 CharacterOffsetEnd=102 PartOfSpeech=VB Lemma=pan NamedEntityTag=O]
[Text=out CharacterOffsetBegin=103 CharacterOffsetEnd=106 PartOfSpeech=RP Lemma=out NamedEntityTag=O]
[Text=, CharacterOffsetBegin=106 CharacterOffsetEnd=107 PartOfSpeech=, Lemma=, NamedEntityTag=O]
[Text=so CharacterOffsetBegin=108 CharacterOffsetEnd=110 PartOfSpeech=RB Lemma=so NamedEntityTag=O]
[Text=maybe CharacterOffsetBegin=111 CharacterOffsetEnd=116 PartOfSpeech=RB Lemma=maybe NamedEntityTag=O]
[Text=the CharacterOffsetBegin=117 CharacterOffsetEnd=120 PartOfSpeech=DT Lemma=the NamedEntityTag=O]
[Text=guy CharacterOffsetBegin=121 CharacterOffsetEnd=124 PartOfSpeech=NN Lemma=guy NamedEntityTag=O]
[Text=who CharacterOffsetBegin=125 CharacterOffsetEnd=128 PartOfSpeech=WP Lemma=who NamedEntityTag=O]
[Text='s CharacterOffsetBegin=128 CharacterOffsetEnd=130 PartOfSpeech=VBZ Lemma=be NamedEntityTag=O]
[Text=going CharacterOffsetBegin=131 CharacterOffsetEnd=136 PartOfSpeech=VBG Lemma=go NamedEntityTag=O]
[Text=to CharacterOffsetBegin=137 CharacterOffsetEnd=139 PartOfSpeech=TO Lemma=to NamedEntityTag=O]
[Text=save CharacterOffsetBegin=140 CharacterOffsetEnd=144 PartOfSpeech=VB Lemma=save NamedEntityTag=O]
[Text=the CharacterOffsetBegin=145 CharacterOffsetEnd=148 PartOfSpeech=DT Lemma=the NamedEntityTag=O]
[Text=world CharacterOffsetBegin=149 CharacterOffsetEnd=154 PartOfSpeech=NN Lemma=world NamedEntityTag=O]
[Text=from CharacterOffsetBegin=155 CharacterOffsetEnd=159 PartOfSpeech=IN Lemma=from NamedEntityTag=O]
[Text=the CharacterOffsetBegin=160 CharacterOffsetEnd=163 PartOfSpeech=DT Lemma=the NamedEntityTag=O]
[Text=White CharacterOffsetBegin=164 CharacterOffsetEnd=169 PartOfSpeech=NNP Lemma=White NamedEntityTag=O]
[Text=Walkers CharacterOffsetBegin=170 CharacterOffsetEnd=177 PartOfSpeech=NNPS Lemma=Walkers NamedEntityTag=O]
[Text=is CharacterOffsetBegin=178 CharacterOffsetEnd=180 PartOfSpeech=VBZ Lemma=be NamedEntityTag=O]
[Text=Jorah CharacterOffsetBegin=181 CharacterOffsetEnd=186 PartOfSpeech=NNP Lemma=Jorah NamedEntityTag=PERSON]
[Text=, CharacterOffsetBegin=186 CharacterOffsetEnd=187 PartOfSpeech=, Lemma=, NamedEntityTag=O]
[Text=and CharacterOffsetBegin=188 CharacterOffsetEnd=191 PartOfSpeech=CC Lemma=and NamedEntityTag=O]
[Text=he CharacterOffsetBegin=192 CharacterOffsetEnd=194 PartOfSpeech=PRP Lemma=he NamedEntityTag=O]
[Text='s CharacterOffsetBegin=194 CharacterOffsetEnd=196 PartOfSpeech=VBZ Lemma=be NamedEntityTag=O]
[Text=going CharacterOffsetBegin=197 CharacterOffsetEnd=202 PartOfSpeech=VBG Lemma=go NamedEntityTag=O]
[Text=to CharacterOffsetBegin=203 CharacterOffsetEnd=205 PartOfSpeech=TO Lemma=to NamedEntityTag=O]
[Text=kill CharacterOffsetBegin=206 CharacterOffsetEnd=210 PartOfSpeech=VB Lemma=kill NamedEntityTag=O]
[Text=Daenerys CharacterOffsetBegin=211 CharacterOffsetEnd=219 PartOfSpeech=NNP Lemma=Daenerys NamedEntityTag=PERSON]
[Text=in CharacterOffsetBegin=220 CharacterOffsetEnd=222 PartOfSpeech=IN Lemma=in NamedEntityTag=O]
[Text=the CharacterOffsetBegin=223 CharacterOffsetEnd=226 PartOfSpeech=DT Lemma=the NamedEntityTag=O]
[Text=process CharacterOffsetBegin=227 CharacterOffsetEnd=234 PartOfSpeech=NN Lemma=process NamedEntityTag=O]
[Text=. CharacterOffsetBegin=234 CharacterOffsetEnd=235 PartOfSpeech=. Lemma=. NamedEntityTag=O]
(ROOT
  (S
    (S
      (NP
        (NP (NNP Melisandre) (POS 's))
        (NN theory)
        (SBAR (IN that)
          (S
            (NP (NNP Stannis) (NNP Baratheon))
            (VP (VBD was)
              (NP
                (NP
                  (NP (NNP Azor) (NNP Ahai))
                  (SBAR
                    (S
                      (VP (VBD did) (RB n't)
                        (ADVP (RB quite))
                        (VP (VB pan)
                          (PRT (RP out)))))))
                (, ,) (RB so) (RB maybe)
                (NP
                  (NP (DT the) (NN guy))
                  (SBAR
                    (WHNP (WP who))
                    (S
                      (VP (VBZ 's)
                        (VP (VBG going)
                          (S
                            (VP (TO to)
                              (VP (VB save)
                                (NP (DT the) (NN world))
                                (PP (IN from)
                                  (NP (DT the) (NNP White) (NNPS Walkers))))))))))))))))
      (VP (VBZ is)
        (NP (NNP Jorah))))
    (, ,)
    (CC and)
    (S
      (NP (PRP he))
      (VP (VBZ 's)
        (VP (VBG going)
          (S
            (VP (TO to)
              (VP (VB kill)
                (NP
                  (NP (NNP Daenerys))
                  (PP (IN in)
                    (NP (DT the) (NN process))))))))))
    (. .)))

root(ROOT-0, Jorah-32)
nmod:poss(theory-3, Melisandre-1)
case(Melisandre-1, 's-2)
nsubj(Jorah-32, theory-3)
mark(Ahai-9, that-4)
compound(Baratheon-6, Stannis-5)
nsubj(Ahai-9, Baratheon-6)
cop(Ahai-9, was-7)
compound(Ahai-9, Azor-8)
ccomp(theory-3, Ahai-9)
aux(pan-13, did-10)
neg(pan-13, n't-11)
advmod(pan-13, quite-12)
acl:relcl(Ahai-9, pan-13)
compound:prt(pan-13, out-14)
punct(Ahai-9, ,-15)
advmod(Ahai-9, so-16)
advmod(Ahai-9, maybe-17)
det(guy-19, the-18)
dep(Ahai-9, guy-19)
nsubj(going-22, guy-19)
nsubj:xsubj(save-24, guy-19)
ref(guy-19, who-20)
aux(going-22, 's-21)
acl:relcl(guy-19, going-22)
mark(save-24, to-23)
xcomp(going-22, save-24)
det(world-26, the-25)
dobj(save-24, world-26)
case(Walkers-30, from-27)
det(Walkers-30, the-28)
compound(Walkers-30, White-29)
nmod:from(save-24, Walkers-30)
cop(Jorah-32, is-31)
punct(Jorah-32, ,-33)
cc(Jorah-32, and-34)
nsubj(going-37, he-35)
nsubj:xsubj(kill-39, he-35)
aux(going-37, 's-36)
conj:and(Jorah-32, going-37)
mark(kill-39, to-38)
xcomp(going-37, kill-39)
dobj(kill-39, Daenerys-40)
case(process-43, in-41)
det(process-43, the-42)
nmod:in(Daenerys-40, process-43)
punct(Jorah-32, .-44)

Sentence #3 (9 tokens):
But does being Azor Ahai also cure greyscale?
[Text=But CharacterOffsetBegin=236 CharacterOffsetEnd=239 PartOfSpeech=CC Lemma=but NamedEntityTag=O]
[Text=does CharacterOffsetBegin=240 CharacterOffsetEnd=244 PartOfSpeech=VBZ Lemma=do NamedEntityTag=O]
[Text=being CharacterOffsetBegin=245 CharacterOffsetEnd=250 PartOfSpeech=VBG Lemma=be NamedEntityTag=O]
[Text=Azor CharacterOffsetBegin=251 CharacterOffsetEnd=255 PartOfSpeech=NNP Lemma=Azor NamedEntityTag=PERSON]
[Text=Ahai CharacterOffsetBegin=256 CharacterOffsetEnd=260 PartOfSpeech=NNP Lemma=Ahai NamedEntityTag=PERSON]
[Text=also CharacterOffsetBegin=261 CharacterOffsetEnd=265 PartOfSpeech=RB Lemma=also NamedEntityTag=O]
[Text=cure CharacterOffsetBegin=266 CharacterOffsetEnd=270 PartOfSpeech=VBP Lemma=cure NamedEntityTag=O]
[Text=greyscale CharacterOffsetBegin=271 CharacterOffsetEnd=280 PartOfSpeech=NN Lemma=greyscale NamedEntityTag=O]
[Text=? CharacterOffsetBegin=280 CharacterOffsetEnd=281 PartOfSpeech=. Lemma=? NamedEntityTag=O]
(ROOT
  (S (CC But)
    (S
      (VP (VBZ does)
        (S
          (VP (VBG being)
            (NP (NNP Azor) (NNP Ahai))))))
    (VP
      (ADVP (RB also))
      (VBP cure)
      (NP (NN greyscale)))
    (. ?)))

root(ROOT-0, cure-7)
cc(cure-7, But-1)
csubj(cure-7, does-2)
cop(Ahai-5, being-3)
compound(Ahai-5, Azor-4)
xcomp(does-2, Ahai-5)
advmod(cure-7, also-6)
dobj(cure-7, greyscale-8)
punct(cure-7, ?-9)

Coreference set:
	(1,5,[4,6]) -> (1,2,[1,3]), that is: "Azor Ahai" -> "Jorah Mormont"
	(2,32,[32,33]) -> (1,2,[1,3]), that is: "Jorah" -> "Jorah Mormont"
	(3,5,[4,6]) -> (1,2,[1,3]), that is: "Azor Ahai" -> "Jorah Mormont"
Coreference set:
	(2,35,[35,36]) -> (2,1,[1,3]), that is: "he" -> "Melisandre 's"
Coreference set:
	(2,9,[8,31]) -> (2,6,[5,7]), that is: "Azor Ahai did n't quite pan out , so maybe the guy who 's going to save the world from the White Walkers" -> "Stannis Baratheon"
	(2,9,[8,15]) -> (2,6,[5,7]), that is: "Azor Ahai did n't quite pan out" -> "Stannis Baratheon"
