Sentence #1 (3 tokens):
Tyrion Targaryen.
[Text=Tyrion CharacterOffsetBegin=0 CharacterOffsetEnd=6 PartOfSpeech=NNP Lemma=Tyrion NamedEntityTag=PERSON]
[Text=Targaryen CharacterOffsetBegin=7 CharacterOffsetEnd=16 PartOfSpeech=NNP Lemma=Targaryen NamedEntityTag=PERSON]
[Text=. CharacterOffsetBegin=16 CharacterOffsetEnd=17 PartOfSpeech=. Lemma=. NamedEntityTag=O]
(ROOT
  (NP (NNP Tyrion) (NNP Targaryen) (. .)))

root(ROOT-0, Targaryen-2)
compound(Targaryen-2, Tyrion-1)
punct(Targaryen-2, .-3)

Sentence #2 (35 tokens):
The idea here is that the Mad King Aerys raped Joanna Lannister (in the books it's said that he had a thing for her) and that's where Tyrion came from.
[Text=The CharacterOffsetBegin=18 CharacterOffsetEnd=21 PartOfSpeech=DT Lemma=the NamedEntityTag=O]
[Text=idea CharacterOffsetBegin=22 CharacterOffsetEnd=26 PartOfSpeech=NN Lemma=idea NamedEntityTag=O]
[Text=here CharacterOffsetBegin=27 CharacterOffsetEnd=31 PartOfSpeech=RB Lemma=here NamedEntityTag=O]
[Text=is CharacterOffsetBegin=32 CharacterOffsetEnd=34 PartOfSpeech=VBZ Lemma=be NamedEntityTag=O]
[Text=that CharacterOffsetBegin=35 CharacterOffsetEnd=39 PartOfSpeech=IN Lemma=that NamedEntityTag=O]
[Text=the CharacterOffsetBegin=40 CharacterOffsetEnd=43 PartOfSpeech=DT Lemma=the NamedEntityTag=O]
[Text=Mad CharacterOffsetBegin=44 CharacterOffsetEnd=47 PartOfSpeech=NNP Lemma=Mad NamedEntityTag=O]
[Text=King CharacterOffsetBegin=48 CharacterOffsetEnd=52 PartOfSpeech=NNP Lemma=King NamedEntityTag=O]
[Text=Aerys CharacterOffsetBegin=53 CharacterOffsetEnd=58 PartOfSpeech=NNPS Lemma=Aerys NamedEntityTag=PERSON]
[Text=raped CharacterOffsetBegin=59 CharacterOffsetEnd=64 PartOfSpeech=VBD Lemma=rape NamedEntityTag=O]
[Text=Joanna CharacterOffsetBegin=65 CharacterOffsetEnd=71 PartOfSpeech=NNP Lemma=Joanna NamedEntityTag=PERSON]
[Text=Lannister CharacterOffsetBegin=72 CharacterOffsetEnd=81 PartOfSpeech=NNP Lemma=Lannister NamedEntityTag=PERSON]
[Text=-LRB- CharacterOffsetBegin=82 CharacterOffsetEnd=83 PartOfSpeech=-LRB- Lemma=-lrb- NamedEntityTag=O]
[Text=in CharacterOffsetBegin=83 CharacterOffsetEnd=85 PartOfSpeech=IN Lemma=in NamedEntityTag=O]
[Text=the CharacterOffsetBegin=86 CharacterOffsetEnd=89 PartOfSpeech=DT Lemma=the NamedEntityTag=O]
[Text=books CharacterOffsetBegin=90 CharacterOffsetEnd=95 PartOfSpeech=NNS Lemma=book NamedEntityTag=O]
[Text=it CharacterOffsetBegin=96 CharacterOffsetEnd=98 PartOfSpeech=PRP Lemma=it NamedEntityTag=O]
[Text='s CharacterOffsetBegin=98 CharacterOffsetEnd=100 PartOfSpeech=VBZ Lemma=be NamedEntityTag=O]
[Text=said CharacterOffsetBegin=101 CharacterOffsetEnd=105 PartOfSpeech=VBD Lemma=say NamedEntityTag=O]
[Text=that CharacterOffsetBegin=106 CharacterOffsetEnd=110 PartOfSpeech=IN Lemma=that NamedEntityTag=O]
[Text=he CharacterOffsetBegin=111 CharacterOffsetEnd=113 PartOfSpeech=PRP Lemma=he NamedEntityTag=O]
[Text=had CharacterOffsetBegin=114 CharacterOffsetEnd=117 PartOfSpeech=VBD Lemma=have NamedEntityTag=O]
[Text=a CharacterOffsetBegin=118 CharacterOffsetEnd=119 PartOfSpeech=DT Lemma=a NamedEntityTag=O]
[Text=thing CharacterOffsetBegin=120 CharacterOffsetEnd=125 PartOfSpeech=NN Lemma=thing NamedEntityTag=O]
[Text=for CharacterOffsetBegin=126 CharacterOffsetEnd=129 PartOfSpeech=IN Lemma=for NamedEntityTag=O]
[Text=her CharacterOffsetBegin=130 CharacterOffsetEnd=133 PartOfSpeech=PRP$ Lemma=she NamedEntityTag=O]
[Text=-RRB- CharacterOffsetBegin=133 CharacterOffsetEnd=134 PartOfSpeech=-RRB- Lemma=-rrb- NamedEntityTag=O]
[Text=and CharacterOffsetBegin=135 CharacterOffsetEnd=138 PartOfSpeech=CC Lemma=and NamedEntityTag=O]
[Text=that CharacterOffsetBegin=139 CharacterOffsetEnd=143 PartOfSpeech=DT Lemma=that NamedEntityTag=O]
[Text='s CharacterOffsetBegin=143 CharacterOffsetEnd=145 PartOfSpeech=VBZ Lemma=be NamedEntityTag=O]
[Text=where CharacterOffsetBegin=146 CharacterOffsetEnd=151 PartOfSpeech=WRB Lemma=where NamedEntityTag=O]
[Text=Tyrion CharacterOffsetBegin=152 CharacterOffsetEnd=158 PartOfSpeech=NNP Lemma=Tyrion NamedEntityTag=PERSON]
[Text=came CharacterOffsetBegin=159 CharacterOffsetEnd=163 PartOfSpeech=VBD Lemma=come NamedEntityTag=O]
[Text=from CharacterOffsetBegin=164 CharacterOffsetEnd=168 PartOfSpeech=IN Lemma=from NamedEntityTag=O]
[Text=. CharacterOffsetBegin=168 CharacterOffsetEnd=169 PartOfSpeech=. Lemma=. NamedEntityTag=O]
(ROOT
  (S
    (NP (DT The) (NN idea))
    (ADVP (RB here))
    (VP (VBZ is)
      (SBAR (IN that)
        (S
          (NP (DT the) (NNP Mad) (NNP King) (NNPS Aerys))
          (VP (VBD raped)
            (NP
              (NP (NNP Joanna) (NNP Lannister))
              (PRN (-LRB- -LRB-)
                (PP (IN in)
                  (NP
                    (NP (DT the) (NNS books))
                    (SBAR
                      (S
                        (NP (PRP it))
                        (VP (VBZ 's)
                          (VP (VBD said)
                            (SBAR (IN that)
                              (S
                                (NP (PRP he))
                                (VP (VBD had)
                                  (NP
                                    (NP (DT a) (NN thing))
                                    (PP (IN for)
                                      (NP (PRP$ her)))))))))))))
                (-RRB- -RRB-))
              (CC and)
              (SBAR
                (WHNP (DT that))
                (S
                  (VP (VBZ 's)
                    (SBAR
                      (WHADVP (WRB where))
                      (S
                        (NP (NNP Tyrion))
                        (VP (VBD came)
                          (PP (IN from)))))))))))))
    (. .)))

root(ROOT-0, is-4)
det(idea-2, The-1)
nsubj(is-4, idea-2)
advmod(is-4, here-3)
mark(raped-10, that-5)
det(Aerys-9, the-6)
compound(Aerys-9, Mad-7)
compound(Aerys-9, King-8)
nsubj(raped-10, Aerys-9)
ccomp(is-4, raped-10)
compound(Lannister-12, Joanna-11)
dobj(raped-10, Lannister-12)
punct(books-16, -LRB--13)
case(books-16, in-14)
det(books-16, the-15)
nmod:in(Lannister-12, books-16)
mark(had-22, books-16)
nsubjpass(said-19, it-17)
auxpass(said-19, 's-18)
acl:relcl(books-16, said-19)
ref(books-16, that-20)
nsubj(had-22, he-21)
ccomp(said-19, had-22)
det(thing-24, a-23)
dobj(had-22, thing-24)
case(her-26, for-25)
nmod:for(thing-24, her-26)
punct(books-16, -RRB--27)
cc(Lannister-12, and-28)
nsubj('s-30, that-29)
dobj(raped-10, 's-30)
conj:and(Lannister-12, 's-30)
advmod(came-33, where-31)
nsubj(came-33, Tyrion-32)
advcl('s-30, came-33)
nmod(came-33, from-34)
punct(is-4, .-35)

Sentence #3 (27 tokens):
So Tywin's total hatred for the dude has deeper motivations than just that Joanna died giving birth to him or that he's a dwarf.
[Text=So CharacterOffsetBegin=170 CharacterOffsetEnd=172 PartOfSpeech=RB Lemma=so NamedEntityTag=O]
[Text=Tywin CharacterOffsetBegin=173 CharacterOffsetEnd=178 PartOfSpeech=NNP Lemma=Tywin NamedEntityTag=PERSON]
[Text='s CharacterOffsetBegin=178 CharacterOffsetEnd=180 PartOfSpeech=POS Lemma='s NamedEntityTag=O]
[Text=total CharacterOffsetBegin=181 CharacterOffsetEnd=186 PartOfSpeech=JJ Lemma=total NamedEntityTag=O]
[Text=hatred CharacterOffsetBegin=187 CharacterOffsetEnd=193 PartOfSpeech=NN Lemma=hatred NamedEntityTag=O]
[Text=for CharacterOffsetBegin=194 CharacterOffsetEnd=197 PartOfSpeech=IN Lemma=for NamedEntityTag=O]
[Text=the CharacterOffsetBegin=198 CharacterOffsetEnd=201 PartOfSpeech=DT Lemma=the NamedEntityTag=O]
[Text=dude CharacterOffsetBegin=202 CharacterOffsetEnd=206 PartOfSpeech=NN Lemma=dude NamedEntityTag=O]
[Text=has CharacterOffsetBegin=207 CharacterOffsetEnd=210 PartOfSpeech=VBZ Lemma=have NamedEntityTag=O]
[Text=deeper CharacterOffsetBegin=211 CharacterOffsetEnd=217 PartOfSpeech=JJR Lemma=deeper NamedEntityTag=O]
[Text=motivations CharacterOffsetBegin=218 CharacterOffsetEnd=229 PartOfSpeech=NNS Lemma=motivation NamedEntityTag=O]
[Text=than CharacterOffsetBegin=230 CharacterOffsetEnd=234 PartOfSpeech=IN Lemma=than NamedEntityTag=O]
[Text=just CharacterOffsetBegin=235 CharacterOffsetEnd=239 PartOfSpeech=RB Lemma=just NamedEntityTag=O]
[Text=that CharacterOffsetBegin=240 CharacterOffsetEnd=244 PartOfSpeech=DT Lemma=that NamedEntityTag=O]
[Text=Joanna CharacterOffsetBegin=245 CharacterOffsetEnd=251 PartOfSpeech=NNP Lemma=Joanna NamedEntityTag=PERSON]
[Text=died CharacterOffsetBegin=252 CharacterOffsetEnd=256 PartOfSpeech=VBD Lemma=die NamedEntityTag=O]
[Text=giving CharacterOffsetBegin=257 CharacterOffsetEnd=263 PartOfSpeech=VBG Lemma=give NamedEntityTag=O]
[Text=birth CharacterOffsetBegin=264 CharacterOffsetEnd=269 PartOfSpeech=NN Lemma=birth NamedEntityTag=O]
[Text=to CharacterOffsetBegin=270 CharacterOffsetEnd=272 PartOfSpeech=TO Lemma=to NamedEntityTag=O]
[Text=him CharacterOffsetBegin=273 CharacterOffsetEnd=276 PartOfSpeech=PRP Lemma=he NamedEntityTag=O]
[Text=or CharacterOffsetBegin=277 CharacterOffsetEnd=279 PartOfSpeech=CC Lemma=or NamedEntityTag=O]
[Text=that CharacterOffsetBegin=280 CharacterOffsetEnd=284 PartOfSpeech=IN Lemma=that NamedEntityTag=O]
[Text=he CharacterOffsetBegin=285 CharacterOffsetEnd=287 PartOfSpeech=PRP Lemma=he NamedEntityTag=O]
[Text='s CharacterOffsetBegin=287 CharacterOffsetEnd=289 PartOfSpeech=VBZ Lemma=be NamedEntityTag=O]
[Text=a CharacterOffsetBegin=290 CharacterOffsetEnd=291 PartOfSpeech=DT Lemma=a NamedEntityTag=O]
[Text=dwarf CharacterOffsetBegin=292 CharacterOffsetEnd=297 PartOfSpeech=NN Lemma=dwarf NamedEntityTag=O]
[Text=. CharacterOffsetBegin=297 CharacterOffsetEnd=298 PartOfSpeech=. Lemma=. NamedEntityTag=O]
(ROOT
  (S
    (ADVP (RB So))
    (NP
      (NP
        (NP (NNP Tywin) (POS 's))
        (JJ total) (NN hatred))
      (PP (IN for)
        (NP (DT the) (NN dude))))
    (VP (VBZ has)
      (NP
        (NP (JJR deeper) (NNS motivations))
        (PP (IN than)
          (SBAR
            (SBAR (RB just)
              (S
                (NP (DT that) (NNP Joanna))
                (VP (VBD died)
                  (S
                    (VP (VBG giving)
                      (NP (NN birth))
                      (PP (TO to)
                        (NP (PRP him))))))))
            (CC or)
            (SBAR (IN that)
              (S
                (NP (PRP he))
                (VP (VBZ 's)
                  (NP (DT a) (NN dwarf)))))))))
    (. .)))

root(ROOT-0, has-9)
advmod(has-9, So-1)
nmod:poss(hatred-5, Tywin-2)
case(Tywin-2, 's-3)
amod(hatred-5, total-4)
nsubj(has-9, hatred-5)
case(dude-8, for-6)
det(dude-8, the-7)
nmod:for(hatred-5, dude-8)
amod(motivations-11, deeper-10)
dobj(has-9, motivations-11)
mark(died-16, than-12)
advmod(died-16, just-13)
det(Joanna-15, that-14)
nsubj(died-16, Joanna-15)
acl:than(motivations-11, died-16)
xcomp(died-16, giving-17)
dobj(giving-17, birth-18)
case(him-20, to-19)
nmod:to(giving-17, him-20)
cc(died-16, or-21)
mark(dwarf-26, that-22)
nsubj(dwarf-26, he-23)
cop(dwarf-26, 's-24)
det(dwarf-26, a-25)
acl:than(motivations-11, dwarf-26)
conj:or(died-16, dwarf-26)
punct(has-9, .-27)

Coreference set:
	(2,26,[26,27]) -> (1,2,[1,4]), that is: "her" -> "Tyrion Targaryen ."
	(2,32,[32,33]) -> (1,2,[1,4]), that is: "Tyrion" -> "Tyrion Targaryen ."
Coreference set:
	(2,17,[17,18]) -> (2,2,[1,3]), that is: "it" -> "The idea"
Coreference set:
	(2,21,[21,22]) -> (2,9,[6,10]), that is: "he" -> "the Mad King Aerys"
Coreference set:
	(3,20,[20,21]) -> (3,2,[2,4]), that is: "him" -> "Tywin 's"
	(3,23,[23,24]) -> (3,2,[2,4]), that is: "he" -> "Tywin 's"
	(3,26,[25,27]) -> (3,2,[2,4]), that is: "a dwarf" -> "Tywin 's"
