Sentence #1 (23 tokens):
House Umber is part of a "grand Northern conspiracy" to put the North back in the hands of a Stark.
[Text=House CharacterOffsetBegin=0 CharacterOffsetEnd=5 PartOfSpeech=NNP]
[Text=Umber CharacterOffsetBegin=6 CharacterOffsetEnd=11 PartOfSpeech=NNP]
[Text=is CharacterOffsetBegin=12 CharacterOffsetEnd=14 PartOfSpeech=VBZ]
[Text=part CharacterOffsetBegin=15 CharacterOffsetEnd=19 PartOfSpeech=NN]
[Text=of CharacterOffsetBegin=20 CharacterOffsetEnd=22 PartOfSpeech=IN]
[Text=a CharacterOffsetBegin=23 CharacterOffsetEnd=24 PartOfSpeech=DT]
[Text=`` CharacterOffsetBegin=25 CharacterOffsetEnd=26 PartOfSpeech=``]
[Text=grand CharacterOffsetBegin=26 CharacterOffsetEnd=31 PartOfSpeech=JJ]
[Text=Northern CharacterOffsetBegin=32 CharacterOffsetEnd=40 PartOfSpeech=NN]
[Text=conspiracy CharacterOffsetBegin=41 CharacterOffsetEnd=51 PartOfSpeech=NN]
[Text='' CharacterOffsetBegin=51 CharacterOffsetEnd=52 PartOfSpeech='']
[Text=to CharacterOffsetBegin=53 CharacterOffsetEnd=55 PartOfSpeech=TO]
[Text=put CharacterOffsetBegin=56 CharacterOffsetEnd=59 PartOfSpeech=VB]
[Text=the CharacterOffsetBegin=60 CharacterOffsetEnd=63 PartOfSpeech=DT]
[Text=North CharacterOffsetBegin=64 CharacterOffsetEnd=69 PartOfSpeech=NNP]
[Text=back CharacterOffsetBegin=70 CharacterOffsetEnd=74 PartOfSpeech=RB]
[Text=in CharacterOffsetBegin=75 CharacterOffsetEnd=77 PartOfSpeech=IN]
[Text=the CharacterOffsetBegin=78 CharacterOffsetEnd=81 PartOfSpeech=DT]
[Text=hands CharacterOffsetBegin=82 CharacterOffsetEnd=87 PartOfSpeech=NNS]
[Text=of CharacterOffsetBegin=88 CharacterOffsetEnd=90 PartOfSpeech=IN]
[Text=a CharacterOffsetBegin=91 CharacterOffsetEnd=92 PartOfSpeech=DT]
[Text=Stark CharacterOffsetBegin=93 CharacterOffsetEnd=98 PartOfSpeech=NNP]
[Text=. CharacterOffsetBegin=98 CharacterOffsetEnd=99 PartOfSpeech=.]
Sentence #2 (37 tokens):
In season 6 we saw lord Smalljon Umber drag Rickon Stark and Osha in front of Ramsay Bolton as a "gift" to demonstrate House Umber's loyalty to Ramsay as Warden of the North.
[Text=In CharacterOffsetBegin=101 CharacterOffsetEnd=103 PartOfSpeech=IN]
[Text=season CharacterOffsetBegin=104 CharacterOffsetEnd=110 PartOfSpeech=NN]
[Text=6 CharacterOffsetBegin=111 CharacterOffsetEnd=112 PartOfSpeech=CD]
[Text=we CharacterOffsetBegin=113 CharacterOffsetEnd=115 PartOfSpeech=PRP]
[Text=saw CharacterOffsetBegin=116 CharacterOffsetEnd=119 PartOfSpeech=VBD]
[Text=lord CharacterOffsetBegin=120 CharacterOffsetEnd=124 PartOfSpeech=NN]
[Text=Smalljon CharacterOffsetBegin=125 CharacterOffsetEnd=133 PartOfSpeech=NNP]
[Text=Umber CharacterOffsetBegin=134 CharacterOffsetEnd=139 PartOfSpeech=NNP]
[Text=drag CharacterOffsetBegin=140 CharacterOffsetEnd=144 PartOfSpeech=NN]
[Text=Rickon CharacterOffsetBegin=145 CharacterOffsetEnd=151 PartOfSpeech=NNP]
[Text=Stark CharacterOffsetBegin=152 CharacterOffsetEnd=157 PartOfSpeech=NNP]
[Text=and CharacterOffsetBegin=158 CharacterOffsetEnd=161 PartOfSpeech=CC]
[Text=Osha CharacterOffsetBegin=162 CharacterOffsetEnd=166 PartOfSpeech=NNP]
[Text=in CharacterOffsetBegin=167 CharacterOffsetEnd=169 PartOfSpeech=IN]
[Text=front CharacterOffsetBegin=170 CharacterOffsetEnd=175 PartOfSpeech=NN]
[Text=of CharacterOffsetBegin=176 CharacterOffsetEnd=178 PartOfSpeech=IN]
[Text=Ramsay CharacterOffsetBegin=179 CharacterOffsetEnd=185 PartOfSpeech=NNP]
[Text=Bolton CharacterOffsetBegin=186 CharacterOffsetEnd=192 PartOfSpeech=NNP]
[Text=as CharacterOffsetBegin=193 CharacterOffsetEnd=195 PartOfSpeech=IN]
[Text=a CharacterOffsetBegin=196 CharacterOffsetEnd=197 PartOfSpeech=DT]
[Text=`` CharacterOffsetBegin=198 CharacterOffsetEnd=199 PartOfSpeech=``]
[Text=gift CharacterOffsetBegin=199 CharacterOffsetEnd=203 PartOfSpeech=NN]
[Text='' CharacterOffsetBegin=203 CharacterOffsetEnd=204 PartOfSpeech='']
[Text=to CharacterOffsetBegin=205 CharacterOffsetEnd=207 PartOfSpeech=TO]
[Text=demonstrate CharacterOffsetBegin=208 CharacterOffsetEnd=219 PartOfSpeech=VB]
[Text=House CharacterOffsetBegin=220 CharacterOffsetEnd=225 PartOfSpeech=NNP]
[Text=Umber CharacterOffsetBegin=226 CharacterOffsetEnd=231 PartOfSpeech=NNP]
[Text='s CharacterOffsetBegin=231 CharacterOffsetEnd=233 PartOfSpeech=POS]
[Text=loyalty CharacterOffsetBegin=234 CharacterOffsetEnd=241 PartOfSpeech=NN]
[Text=to CharacterOffsetBegin=242 CharacterOffsetEnd=244 PartOfSpeech=TO]
[Text=Ramsay CharacterOffsetBegin=245 CharacterOffsetEnd=251 PartOfSpeech=NNP]
[Text=as CharacterOffsetBegin=252 CharacterOffsetEnd=254 PartOfSpeech=IN]
[Text=Warden CharacterOffsetBegin=255 CharacterOffsetEnd=261 PartOfSpeech=NNP]
[Text=of CharacterOffsetBegin=262 CharacterOffsetEnd=264 PartOfSpeech=IN]
[Text=the CharacterOffsetBegin=265 CharacterOffsetEnd=268 PartOfSpeech=DT]
[Text=North CharacterOffsetBegin=269 CharacterOffsetEnd=274 PartOfSpeech=NNP]
[Text=. CharacterOffsetBegin=274 CharacterOffsetEnd=275 PartOfSpeech=.]
Sentence #3 (26 tokens):
However, what he didn't do was any of the traditional shows of loyalty like kneeling or kissing Ramsay's hand and so forth.
[Text=However CharacterOffsetBegin=276 CharacterOffsetEnd=283 PartOfSpeech=RB]
[Text=, CharacterOffsetBegin=283 CharacterOffsetEnd=284 PartOfSpeech=,]
[Text=what CharacterOffsetBegin=285 CharacterOffsetEnd=289 PartOfSpeech=WP]
[Text=he CharacterOffsetBegin=290 CharacterOffsetEnd=292 PartOfSpeech=PRP]
[Text=did CharacterOffsetBegin=293 CharacterOffsetEnd=296 PartOfSpeech=VBD]
[Text=n't CharacterOffsetBegin=296 CharacterOffsetEnd=299 PartOfSpeech=RB]
[Text=do CharacterOffsetBegin=300 CharacterOffsetEnd=302 PartOfSpeech=VB]
[Text=was CharacterOffsetBegin=303 CharacterOffsetEnd=306 PartOfSpeech=VBD]
[Text=any CharacterOffsetBegin=307 CharacterOffsetEnd=310 PartOfSpeech=DT]
[Text=of CharacterOffsetBegin=311 CharacterOffsetEnd=313 PartOfSpeech=IN]
[Text=the CharacterOffsetBegin=314 CharacterOffsetEnd=317 PartOfSpeech=DT]
[Text=traditional CharacterOffsetBegin=318 CharacterOffsetEnd=329 PartOfSpeech=JJ]
[Text=shows CharacterOffsetBegin=330 CharacterOffsetEnd=335 PartOfSpeech=NNS]
[Text=of CharacterOffsetBegin=336 CharacterOffsetEnd=338 PartOfSpeech=IN]
[Text=loyalty CharacterOffsetBegin=339 CharacterOffsetEnd=346 PartOfSpeech=NN]
[Text=like CharacterOffsetBegin=347 CharacterOffsetEnd=351 PartOfSpeech=IN]
[Text=kneeling CharacterOffsetBegin=352 CharacterOffsetEnd=360 PartOfSpeech=VBG]
[Text=or CharacterOffsetBegin=361 CharacterOffsetEnd=363 PartOfSpeech=CC]
[Text=kissing CharacterOffsetBegin=364 CharacterOffsetEnd=371 PartOfSpeech=VBG]
[Text=Ramsay CharacterOffsetBegin=372 CharacterOffsetEnd=378 PartOfSpeech=NNP]
[Text='s CharacterOffsetBegin=378 CharacterOffsetEnd=380 PartOfSpeech=POS]
[Text=hand CharacterOffsetBegin=381 CharacterOffsetEnd=385 PartOfSpeech=NN]
[Text=and CharacterOffsetBegin=386 CharacterOffsetEnd=389 PartOfSpeech=CC]
[Text=so CharacterOffsetBegin=390 CharacterOffsetEnd=392 PartOfSpeech=RB]
[Text=forth CharacterOffsetBegin=393 CharacterOffsetEnd=398 PartOfSpeech=RB]
[Text=. CharacterOffsetBegin=398 CharacterOffsetEnd=399 PartOfSpeech=.]
Sentence #4 (34 tokens):
The thought is that maybe House Umber remains loyal to the Starks and are part of a group of houses prepping to take back the North with a Stark at the head again.
[Text=The CharacterOffsetBegin=400 CharacterOffsetEnd=403 PartOfSpeech=DT]
[Text=thought CharacterOffsetBegin=404 CharacterOffsetEnd=411 PartOfSpeech=NN]
[Text=is CharacterOffsetBegin=412 CharacterOffsetEnd=414 PartOfSpeech=VBZ]
[Text=that CharacterOffsetBegin=415 CharacterOffsetEnd=419 PartOfSpeech=IN]
[Text=maybe CharacterOffsetBegin=420 CharacterOffsetEnd=425 PartOfSpeech=RB]
[Text=House CharacterOffsetBegin=426 CharacterOffsetEnd=431 PartOfSpeech=NNP]
[Text=Umber CharacterOffsetBegin=432 CharacterOffsetEnd=437 PartOfSpeech=NNP]
[Text=remains CharacterOffsetBegin=438 CharacterOffsetEnd=445 PartOfSpeech=VBZ]
[Text=loyal CharacterOffsetBegin=446 CharacterOffsetEnd=451 PartOfSpeech=JJ]
[Text=to CharacterOffsetBegin=452 CharacterOffsetEnd=454 PartOfSpeech=TO]
[Text=the CharacterOffsetBegin=455 CharacterOffsetEnd=458 PartOfSpeech=DT]
[Text=Starks CharacterOffsetBegin=459 CharacterOffsetEnd=465 PartOfSpeech=NNPS]
[Text=and CharacterOffsetBegin=466 CharacterOffsetEnd=469 PartOfSpeech=CC]
[Text=are CharacterOffsetBegin=470 CharacterOffsetEnd=473 PartOfSpeech=VBP]
[Text=part CharacterOffsetBegin=474 CharacterOffsetEnd=478 PartOfSpeech=NN]
[Text=of CharacterOffsetBegin=479 CharacterOffsetEnd=481 PartOfSpeech=IN]
[Text=a CharacterOffsetBegin=482 CharacterOffsetEnd=483 PartOfSpeech=DT]
[Text=group CharacterOffsetBegin=484 CharacterOffsetEnd=489 PartOfSpeech=NN]
[Text=of CharacterOffsetBegin=490 CharacterOffsetEnd=492 PartOfSpeech=IN]
[Text=houses CharacterOffsetBegin=493 CharacterOffsetEnd=499 PartOfSpeech=NNS]
[Text=prepping CharacterOffsetBegin=500 CharacterOffsetEnd=508 PartOfSpeech=VBG]
[Text=to CharacterOffsetBegin=509 CharacterOffsetEnd=511 PartOfSpeech=TO]
[Text=take CharacterOffsetBegin=512 CharacterOffsetEnd=516 PartOfSpeech=VB]
[Text=back CharacterOffsetBegin=517 CharacterOffsetEnd=521 PartOfSpeech=RP]
[Text=the CharacterOffsetBegin=522 CharacterOffsetEnd=525 PartOfSpeech=DT]
[Text=North CharacterOffsetBegin=526 CharacterOffsetEnd=531 PartOfSpeech=NN]
[Text=with CharacterOffsetBegin=532 CharacterOffsetEnd=536 PartOfSpeech=IN]
[Text=a CharacterOffsetBegin=537 CharacterOffsetEnd=538 PartOfSpeech=DT]
[Text=Stark CharacterOffsetBegin=539 CharacterOffsetEnd=544 PartOfSpeech=NNP]
[Text=at CharacterOffsetBegin=545 CharacterOffsetEnd=547 PartOfSpeech=IN]
[Text=the CharacterOffsetBegin=548 CharacterOffsetEnd=551 PartOfSpeech=DT]
[Text=head CharacterOffsetBegin=552 CharacterOffsetEnd=556 PartOfSpeech=NN]
[Text=again CharacterOffsetBegin=557 CharacterOffsetEnd=562 PartOfSpeech=RB]
[Text=. CharacterOffsetBegin=562 CharacterOffsetEnd=563 PartOfSpeech=.]
Sentence #5 (25 tokens):
With Rickon dead and Lord Umber fighting pretty hard for Ramsay in the battle at Winterfell, we can safely consider this one DEBUNKED.
[Text=With CharacterOffsetBegin=565 CharacterOffsetEnd=569 PartOfSpeech=IN]
[Text=Rickon CharacterOffsetBegin=570 CharacterOffsetEnd=576 PartOfSpeech=NNP]
[Text=dead CharacterOffsetBegin=577 CharacterOffsetEnd=581 PartOfSpeech=JJ]
[Text=and CharacterOffsetBegin=582 CharacterOffsetEnd=585 PartOfSpeech=CC]
[Text=Lord CharacterOffsetBegin=586 CharacterOffsetEnd=590 PartOfSpeech=NNP]
[Text=Umber CharacterOffsetBegin=591 CharacterOffsetEnd=596 PartOfSpeech=NNP]
[Text=fighting CharacterOffsetBegin=597 CharacterOffsetEnd=605 PartOfSpeech=VBG]
[Text=pretty CharacterOffsetBegin=606 CharacterOffsetEnd=612 PartOfSpeech=RB]
[Text=hard CharacterOffsetBegin=613 CharacterOffsetEnd=617 PartOfSpeech=RB]
[Text=for CharacterOffsetBegin=618 CharacterOffsetEnd=621 PartOfSpeech=IN]
[Text=Ramsay CharacterOffsetBegin=622 CharacterOffsetEnd=628 PartOfSpeech=NNP]
[Text=in CharacterOffsetBegin=629 CharacterOffsetEnd=631 PartOfSpeech=IN]
[Text=the CharacterOffsetBegin=632 CharacterOffsetEnd=635 PartOfSpeech=DT]
[Text=battle CharacterOffsetBegin=636 CharacterOffsetEnd=642 PartOfSpeech=NN]
[Text=at CharacterOffsetBegin=643 CharacterOffsetEnd=645 PartOfSpeech=IN]
[Text=Winterfell CharacterOffsetBegin=646 CharacterOffsetEnd=656 PartOfSpeech=NNP]
[Text=, CharacterOffsetBegin=656 CharacterOffsetEnd=657 PartOfSpeech=,]
[Text=we CharacterOffsetBegin=658 CharacterOffsetEnd=660 PartOfSpeech=PRP]
[Text=can CharacterOffsetBegin=661 CharacterOffsetEnd=664 PartOfSpeech=MD]
[Text=safely CharacterOffsetBegin=665 CharacterOffsetEnd=671 PartOfSpeech=RB]
[Text=consider CharacterOffsetBegin=672 CharacterOffsetEnd=680 PartOfSpeech=VB]
[Text=this CharacterOffsetBegin=681 CharacterOffsetEnd=685 PartOfSpeech=DT]
[Text=one CharacterOffsetBegin=686 CharacterOffsetEnd=689 PartOfSpeech=CD]
[Text=DEBUNKED CharacterOffsetBegin=690 CharacterOffsetEnd=698 PartOfSpeech=NNP]
[Text=. CharacterOffsetBegin=698 CharacterOffsetEnd=699 PartOfSpeech=.]
