Sentence #1 (42 tokens):
Sansa is pregnant with Ramsay Bolton's child

"I can still feel what he did in my body standing here right now,” Sansa told Jon Snow about the residual effect of Ramsay's horrific sexual abuse of Sansa.
[Text=Sansa CharacterOffsetBegin=0 CharacterOffsetEnd=5 PartOfSpeech=NNP]
[Text=is CharacterOffsetBegin=6 CharacterOffsetEnd=8 PartOfSpeech=VBZ]
[Text=pregnant CharacterOffsetBegin=9 CharacterOffsetEnd=17 PartOfSpeech=JJ]
[Text=with CharacterOffsetBegin=18 CharacterOffsetEnd=22 PartOfSpeech=IN]
[Text=Ramsay CharacterOffsetBegin=23 CharacterOffsetEnd=29 PartOfSpeech=NNP]
[Text=Bolton CharacterOffsetBegin=30 CharacterOffsetEnd=36 PartOfSpeech=NNP]
[Text='s CharacterOffsetBegin=36 CharacterOffsetEnd=38 PartOfSpeech=POS]
[Text=child CharacterOffsetBegin=39 CharacterOffsetEnd=44 PartOfSpeech=NN]
[Text=`` CharacterOffsetBegin=46 CharacterOffsetEnd=47 PartOfSpeech=``]
[Text=I CharacterOffsetBegin=47 CharacterOffsetEnd=48 PartOfSpeech=PRP]
[Text=can CharacterOffsetBegin=49 CharacterOffsetEnd=52 PartOfSpeech=MD]
[Text=still CharacterOffsetBegin=53 CharacterOffsetEnd=58 PartOfSpeech=RB]
[Text=feel CharacterOffsetBegin=59 CharacterOffsetEnd=63 PartOfSpeech=VB]
[Text=what CharacterOffsetBegin=64 CharacterOffsetEnd=68 PartOfSpeech=WP]
[Text=he CharacterOffsetBegin=69 CharacterOffsetEnd=71 PartOfSpeech=PRP]
[Text=did CharacterOffsetBegin=72 CharacterOffsetEnd=75 PartOfSpeech=VBD]
[Text=in CharacterOffsetBegin=76 CharacterOffsetEnd=78 PartOfSpeech=IN]
[Text=my CharacterOffsetBegin=79 CharacterOffsetEnd=81 PartOfSpeech=PRP$]
[Text=body CharacterOffsetBegin=82 CharacterOffsetEnd=86 PartOfSpeech=NN]
[Text=standing CharacterOffsetBegin=87 CharacterOffsetEnd=95 PartOfSpeech=NN]
[Text=here CharacterOffsetBegin=96 CharacterOffsetEnd=100 PartOfSpeech=RB]
[Text=right CharacterOffsetBegin=101 CharacterOffsetEnd=106 PartOfSpeech=RB]
[Text=now CharacterOffsetBegin=107 CharacterOffsetEnd=110 PartOfSpeech=RB]
[Text=, CharacterOffsetBegin=110 CharacterOffsetEnd=111 PartOfSpeech=,]
[Text='' CharacterOffsetBegin=111 CharacterOffsetEnd=112 PartOfSpeech='']
[Text=Sansa CharacterOffsetBegin=113 CharacterOffsetEnd=118 PartOfSpeech=NNP]
[Text=told CharacterOffsetBegin=119 CharacterOffsetEnd=123 PartOfSpeech=VBD]
[Text=Jon CharacterOffsetBegin=124 CharacterOffsetEnd=127 PartOfSpeech=NNP]
[Text=Snow CharacterOffsetBegin=128 CharacterOffsetEnd=132 PartOfSpeech=NNP]
[Text=about CharacterOffsetBegin=133 CharacterOffsetEnd=138 PartOfSpeech=IN]
[Text=the CharacterOffsetBegin=139 CharacterOffsetEnd=142 PartOfSpeech=DT]
[Text=residual CharacterOffsetBegin=143 CharacterOffsetEnd=151 PartOfSpeech=JJ]
[Text=effect CharacterOffsetBegin=152 CharacterOffsetEnd=158 PartOfSpeech=NN]
[Text=of CharacterOffsetBegin=159 CharacterOffsetEnd=161 PartOfSpeech=IN]
[Text=Ramsay CharacterOffsetBegin=162 CharacterOffsetEnd=168 PartOfSpeech=NNP]
[Text='s CharacterOffsetBegin=168 CharacterOffsetEnd=170 PartOfSpeech=POS]
[Text=horrific CharacterOffsetBegin=171 CharacterOffsetEnd=179 PartOfSpeech=JJ]
[Text=sexual CharacterOffsetBegin=180 CharacterOffsetEnd=186 PartOfSpeech=JJ]
[Text=abuse CharacterOffsetBegin=187 CharacterOffsetEnd=192 PartOfSpeech=NN]
[Text=of CharacterOffsetBegin=193 CharacterOffsetEnd=195 PartOfSpeech=IN]
[Text=Sansa CharacterOffsetBegin=196 CharacterOffsetEnd=201 PartOfSpeech=NNP]
[Text=. CharacterOffsetBegin=201 CharacterOffsetEnd=202 PartOfSpeech=.]
Sentence #2 (28 tokens):
The thought, according to some fans, is that she's not simply referring to the trauma, but that she's saying she's pregnant.
[Text=The CharacterOffsetBegin=203 CharacterOffsetEnd=206 PartOfSpeech=DT]
[Text=thought CharacterOffsetBegin=207 CharacterOffsetEnd=214 PartOfSpeech=NN]
[Text=, CharacterOffsetBegin=214 CharacterOffsetEnd=215 PartOfSpeech=,]
[Text=according CharacterOffsetBegin=216 CharacterOffsetEnd=225 PartOfSpeech=VBG]
[Text=to CharacterOffsetBegin=226 CharacterOffsetEnd=228 PartOfSpeech=TO]
[Text=some CharacterOffsetBegin=229 CharacterOffsetEnd=233 PartOfSpeech=DT]
[Text=fans CharacterOffsetBegin=234 CharacterOffsetEnd=238 PartOfSpeech=NNS]
[Text=, CharacterOffsetBegin=238 CharacterOffsetEnd=239 PartOfSpeech=,]
[Text=is CharacterOffsetBegin=240 CharacterOffsetEnd=242 PartOfSpeech=VBZ]
[Text=that CharacterOffsetBegin=243 CharacterOffsetEnd=247 PartOfSpeech=IN]
[Text=she CharacterOffsetBegin=248 CharacterOffsetEnd=251 PartOfSpeech=PRP]
[Text='s CharacterOffsetBegin=251 CharacterOffsetEnd=253 PartOfSpeech=VBZ]
[Text=not CharacterOffsetBegin=254 CharacterOffsetEnd=257 PartOfSpeech=RB]
[Text=simply CharacterOffsetBegin=258 CharacterOffsetEnd=264 PartOfSpeech=RB]
[Text=referring CharacterOffsetBegin=265 CharacterOffsetEnd=274 PartOfSpeech=VBG]
[Text=to CharacterOffsetBegin=275 CharacterOffsetEnd=277 PartOfSpeech=TO]
[Text=the CharacterOffsetBegin=278 CharacterOffsetEnd=281 PartOfSpeech=DT]
[Text=trauma CharacterOffsetBegin=282 CharacterOffsetEnd=288 PartOfSpeech=NN]
[Text=, CharacterOffsetBegin=288 CharacterOffsetEnd=289 PartOfSpeech=,]
[Text=but CharacterOffsetBegin=290 CharacterOffsetEnd=293 PartOfSpeech=CC]
[Text=that CharacterOffsetBegin=294 CharacterOffsetEnd=298 PartOfSpeech=IN]
[Text=she CharacterOffsetBegin=299 CharacterOffsetEnd=302 PartOfSpeech=PRP]
[Text='s CharacterOffsetBegin=302 CharacterOffsetEnd=304 PartOfSpeech=VBZ]
[Text=saying CharacterOffsetBegin=305 CharacterOffsetEnd=311 PartOfSpeech=VBG]
[Text=she CharacterOffsetBegin=312 CharacterOffsetEnd=315 PartOfSpeech=PRP]
[Text='s CharacterOffsetBegin=315 CharacterOffsetEnd=317 PartOfSpeech=VBZ]
[Text=pregnant CharacterOffsetBegin=318 CharacterOffsetEnd=326 PartOfSpeech=JJ]
[Text=. CharacterOffsetBegin=326 CharacterOffsetEnd=327 PartOfSpeech=.]
