Sentence #1 (23 tokens):
Gendry will become legitimized as a Baratheon and marry Sansa Stark

This seems more like FanFiction than anything but hear me out.
[Text=Gendry CharacterOffsetBegin=0 CharacterOffsetEnd=6 PartOfSpeech=NNP]
[Text=will CharacterOffsetBegin=7 CharacterOffsetEnd=11 PartOfSpeech=MD]
[Text=become CharacterOffsetBegin=12 CharacterOffsetEnd=18 PartOfSpeech=VB]
[Text=legitimized CharacterOffsetBegin=19 CharacterOffsetEnd=30 PartOfSpeech=VBN]
[Text=as CharacterOffsetBegin=31 CharacterOffsetEnd=33 PartOfSpeech=IN]
[Text=a CharacterOffsetBegin=34 CharacterOffsetEnd=35 PartOfSpeech=DT]
[Text=Baratheon CharacterOffsetBegin=36 CharacterOffsetEnd=45 PartOfSpeech=NN]
[Text=and CharacterOffsetBegin=46 CharacterOffsetEnd=49 PartOfSpeech=CC]
[Text=marry CharacterOffsetBegin=50 CharacterOffsetEnd=55 PartOfSpeech=VB]
[Text=Sansa CharacterOffsetBegin=56 CharacterOffsetEnd=61 PartOfSpeech=NNP]
[Text=Stark CharacterOffsetBegin=62 CharacterOffsetEnd=67 PartOfSpeech=NNP]
[Text=This CharacterOffsetBegin=69 CharacterOffsetEnd=73 PartOfSpeech=DT]
[Text=seems CharacterOffsetBegin=74 CharacterOffsetEnd=79 PartOfSpeech=VBZ]
[Text=more CharacterOffsetBegin=80 CharacterOffsetEnd=84 PartOfSpeech=RBR]
[Text=like CharacterOffsetBegin=85 CharacterOffsetEnd=89 PartOfSpeech=IN]
[Text=FanFiction CharacterOffsetBegin=90 CharacterOffsetEnd=100 PartOfSpeech=NN]
[Text=than CharacterOffsetBegin=101 CharacterOffsetEnd=105 PartOfSpeech=IN]
[Text=anything CharacterOffsetBegin=106 CharacterOffsetEnd=114 PartOfSpeech=NN]
[Text=but CharacterOffsetBegin=115 CharacterOffsetEnd=118 PartOfSpeech=CC]
[Text=hear CharacterOffsetBegin=119 CharacterOffsetEnd=123 PartOfSpeech=VB]
[Text=me CharacterOffsetBegin=124 CharacterOffsetEnd=126 PartOfSpeech=PRP]
[Text=out CharacterOffsetBegin=127 CharacterOffsetEnd=130 PartOfSpeech=RP]
[Text=. CharacterOffsetBegin=130 CharacterOffsetEnd=131 PartOfSpeech=.]
Sentence #2 (16 tokens):
Gendry is Robert Baratheons oldest (that we were shown) and last bastard child.
[Text=Gendry CharacterOffsetBegin=133 CharacterOffsetEnd=139 PartOfSpeech=NNP]
[Text=is CharacterOffsetBegin=140 CharacterOffsetEnd=142 PartOfSpeech=VBZ]
[Text=Robert CharacterOffsetBegin=143 CharacterOffsetEnd=149 PartOfSpeech=NNP]
[Text=Baratheons CharacterOffsetBegin=150 CharacterOffsetEnd=160 PartOfSpeech=NNP]
[Text=oldest CharacterOffsetBegin=161 CharacterOffsetEnd=167 PartOfSpeech=JJS]
[Text=-LRB- CharacterOffsetBegin=168 CharacterOffsetEnd=169 PartOfSpeech=-LRB-]
[Text=that CharacterOffsetBegin=169 CharacterOffsetEnd=173 PartOfSpeech=IN]
[Text=we CharacterOffsetBegin=174 CharacterOffsetEnd=176 PartOfSpeech=PRP]
[Text=were CharacterOffsetBegin=177 CharacterOffsetEnd=181 PartOfSpeech=VBD]
[Text=shown CharacterOffsetBegin=182 CharacterOffsetEnd=187 PartOfSpeech=VBN]
[Text=-RRB- CharacterOffsetBegin=187 CharacterOffsetEnd=188 PartOfSpeech=-RRB-]
[Text=and CharacterOffsetBegin=189 CharacterOffsetEnd=192 PartOfSpeech=CC]
[Text=last CharacterOffsetBegin=193 CharacterOffsetEnd=197 PartOfSpeech=JJ]
[Text=bastard CharacterOffsetBegin=198 CharacterOffsetEnd=205 PartOfSpeech=NN]
[Text=child CharacterOffsetBegin=206 CharacterOffsetEnd=211 PartOfSpeech=NN]
[Text=. CharacterOffsetBegin=211 CharacterOffsetEnd=212 PartOfSpeech=.]
Sentence #3 (25 tokens):
Cersei told Joffrey to order the city watch to kill all of Roberts bastards so they couldn't challenge his claim to the throne.
[Text=Cersei CharacterOffsetBegin=213 CharacterOffsetEnd=219 PartOfSpeech=NNP]
[Text=told CharacterOffsetBegin=220 CharacterOffsetEnd=224 PartOfSpeech=VBD]
[Text=Joffrey CharacterOffsetBegin=225 CharacterOffsetEnd=232 PartOfSpeech=NNP]
[Text=to CharacterOffsetBegin=233 CharacterOffsetEnd=235 PartOfSpeech=TO]
[Text=order CharacterOffsetBegin=236 CharacterOffsetEnd=241 PartOfSpeech=VB]
[Text=the CharacterOffsetBegin=242 CharacterOffsetEnd=245 PartOfSpeech=DT]
[Text=city CharacterOffsetBegin=246 CharacterOffsetEnd=250 PartOfSpeech=NN]
[Text=watch CharacterOffsetBegin=251 CharacterOffsetEnd=256 PartOfSpeech=NN]
[Text=to CharacterOffsetBegin=257 CharacterOffsetEnd=259 PartOfSpeech=TO]
[Text=kill CharacterOffsetBegin=260 CharacterOffsetEnd=264 PartOfSpeech=VB]
[Text=all CharacterOffsetBegin=265 CharacterOffsetEnd=268 PartOfSpeech=DT]
[Text=of CharacterOffsetBegin=269 CharacterOffsetEnd=271 PartOfSpeech=IN]
[Text=Roberts CharacterOffsetBegin=272 CharacterOffsetEnd=279 PartOfSpeech=NNP]
[Text=bastards CharacterOffsetBegin=280 CharacterOffsetEnd=288 PartOfSpeech=NNS]
[Text=so CharacterOffsetBegin=289 CharacterOffsetEnd=291 PartOfSpeech=IN]
[Text=they CharacterOffsetBegin=292 CharacterOffsetEnd=296 PartOfSpeech=PRP]
[Text=could CharacterOffsetBegin=297 CharacterOffsetEnd=302 PartOfSpeech=MD]
[Text=n't CharacterOffsetBegin=302 CharacterOffsetEnd=305 PartOfSpeech=RB]
[Text=challenge CharacterOffsetBegin=306 CharacterOffsetEnd=315 PartOfSpeech=VB]
[Text=his CharacterOffsetBegin=316 CharacterOffsetEnd=319 PartOfSpeech=PRP$]
[Text=claim CharacterOffsetBegin=320 CharacterOffsetEnd=325 PartOfSpeech=NN]
[Text=to CharacterOffsetBegin=326 CharacterOffsetEnd=328 PartOfSpeech=TO]
[Text=the CharacterOffsetBegin=329 CharacterOffsetEnd=332 PartOfSpeech=DT]
[Text=throne CharacterOffsetBegin=333 CharacterOffsetEnd=339 PartOfSpeech=NN]
[Text=. CharacterOffsetBegin=339 CharacterOffsetEnd=340 PartOfSpeech=.]
Sentence #4 (17 tokens):
Gendry only escaped the massacre by leaving Kings Landing to head up north to the Wall.
[Text=Gendry CharacterOffsetBegin=341 CharacterOffsetEnd=347 PartOfSpeech=NNP]
[Text=only CharacterOffsetBegin=348 CharacterOffsetEnd=352 PartOfSpeech=RB]
[Text=escaped CharacterOffsetBegin=353 CharacterOffsetEnd=360 PartOfSpeech=VBD]
[Text=the CharacterOffsetBegin=361 CharacterOffsetEnd=364 PartOfSpeech=DT]
[Text=massacre CharacterOffsetBegin=365 CharacterOffsetEnd=373 PartOfSpeech=NN]
[Text=by CharacterOffsetBegin=374 CharacterOffsetEnd=376 PartOfSpeech=IN]
[Text=leaving CharacterOffsetBegin=377 CharacterOffsetEnd=384 PartOfSpeech=VBG]
[Text=Kings CharacterOffsetBegin=385 CharacterOffsetEnd=390 PartOfSpeech=NNPS]
[Text=Landing CharacterOffsetBegin=391 CharacterOffsetEnd=398 PartOfSpeech=NN]
[Text=to CharacterOffsetBegin=399 CharacterOffsetEnd=401 PartOfSpeech=TO]
[Text=head CharacterOffsetBegin=402 CharacterOffsetEnd=406 PartOfSpeech=VB]
[Text=up CharacterOffsetBegin=407 CharacterOffsetEnd=409 PartOfSpeech=RP]
[Text=north CharacterOffsetBegin=410 CharacterOffsetEnd=415 PartOfSpeech=RB]
[Text=to CharacterOffsetBegin=416 CharacterOffsetEnd=418 PartOfSpeech=TO]
[Text=the CharacterOffsetBegin=419 CharacterOffsetEnd=422 PartOfSpeech=DT]
[Text=Wall CharacterOffsetBegin=423 CharacterOffsetEnd=427 PartOfSpeech=NNP]
[Text=. CharacterOffsetBegin=427 CharacterOffsetEnd=428 PartOfSpeech=.]
Sentence #5 (33 tokens):
While on the road he was first taken by the gold cloaks to Harrenhal, then the brotherhood without banners, and then the Red Lady Melisandre to Dragonstone with Stannis Baratheon.
[Text=While CharacterOffsetBegin=429 CharacterOffsetEnd=434 PartOfSpeech=IN]
[Text=on CharacterOffsetBegin=435 CharacterOffsetEnd=437 PartOfSpeech=IN]
[Text=the CharacterOffsetBegin=438 CharacterOffsetEnd=441 PartOfSpeech=DT]
[Text=road CharacterOffsetBegin=442 CharacterOffsetEnd=446 PartOfSpeech=NN]
[Text=he CharacterOffsetBegin=447 CharacterOffsetEnd=449 PartOfSpeech=PRP]
[Text=was CharacterOffsetBegin=450 CharacterOffsetEnd=453 PartOfSpeech=VBD]
[Text=first CharacterOffsetBegin=454 CharacterOffsetEnd=459 PartOfSpeech=JJ]
[Text=taken CharacterOffsetBegin=460 CharacterOffsetEnd=465 PartOfSpeech=VBN]
[Text=by CharacterOffsetBegin=466 CharacterOffsetEnd=468 PartOfSpeech=IN]
[Text=the CharacterOffsetBegin=469 CharacterOffsetEnd=472 PartOfSpeech=DT]
[Text=gold CharacterOffsetBegin=473 CharacterOffsetEnd=477 PartOfSpeech=NN]
[Text=cloaks CharacterOffsetBegin=478 CharacterOffsetEnd=484 PartOfSpeech=NNS]
[Text=to CharacterOffsetBegin=485 CharacterOffsetEnd=487 PartOfSpeech=TO]
[Text=Harrenhal CharacterOffsetBegin=488 CharacterOffsetEnd=497 PartOfSpeech=NNP]
[Text=, CharacterOffsetBegin=497 CharacterOffsetEnd=498 PartOfSpeech=,]
[Text=then CharacterOffsetBegin=499 CharacterOffsetEnd=503 PartOfSpeech=RB]
[Text=the CharacterOffsetBegin=504 CharacterOffsetEnd=507 PartOfSpeech=DT]
[Text=brotherhood CharacterOffsetBegin=508 CharacterOffsetEnd=519 PartOfSpeech=NN]
[Text=without CharacterOffsetBegin=520 CharacterOffsetEnd=527 PartOfSpeech=IN]
[Text=banners CharacterOffsetBegin=528 CharacterOffsetEnd=535 PartOfSpeech=NNS]
[Text=, CharacterOffsetBegin=535 CharacterOffsetEnd=536 PartOfSpeech=,]
[Text=and CharacterOffsetBegin=537 CharacterOffsetEnd=540 PartOfSpeech=CC]
[Text=then CharacterOffsetBegin=541 CharacterOffsetEnd=545 PartOfSpeech=RB]
[Text=the CharacterOffsetBegin=546 CharacterOffsetEnd=549 PartOfSpeech=DT]
[Text=Red CharacterOffsetBegin=550 CharacterOffsetEnd=553 PartOfSpeech=NNP]
[Text=Lady CharacterOffsetBegin=554 CharacterOffsetEnd=558 PartOfSpeech=NNP]
[Text=Melisandre CharacterOffsetBegin=559 CharacterOffsetEnd=569 PartOfSpeech=NNP]
[Text=to CharacterOffsetBegin=570 CharacterOffsetEnd=572 PartOfSpeech=TO]
[Text=Dragonstone CharacterOffsetBegin=573 CharacterOffsetEnd=584 PartOfSpeech=VB]
[Text=with CharacterOffsetBegin=585 CharacterOffsetEnd=589 PartOfSpeech=IN]
[Text=Stannis CharacterOffsetBegin=590 CharacterOffsetEnd=597 PartOfSpeech=NNP]
[Text=Baratheon CharacterOffsetBegin=598 CharacterOffsetEnd=607 PartOfSpeech=NNP]
[Text=. CharacterOffsetBegin=607 CharacterOffsetEnd=608 PartOfSpeech=.]
Sentence #6 (50 tokens):
The last time we see Gendry is after the Onion Knight Sir Davos helps him escape Dragonstone and puts him on a rowboat in blackwater bay (just outside Kings Landing) and 3 seasons later we still haven't seen where that fu**er rowed off too.
[Text=The CharacterOffsetBegin=609 CharacterOffsetEnd=612 PartOfSpeech=DT]
[Text=last CharacterOffsetBegin=613 CharacterOffsetEnd=617 PartOfSpeech=JJ]
[Text=time CharacterOffsetBegin=618 CharacterOffsetEnd=622 PartOfSpeech=NN]
[Text=we CharacterOffsetBegin=623 CharacterOffsetEnd=625 PartOfSpeech=PRP]
[Text=see CharacterOffsetBegin=626 CharacterOffsetEnd=629 PartOfSpeech=VBP]
[Text=Gendry CharacterOffsetBegin=630 CharacterOffsetEnd=636 PartOfSpeech=NNP]
[Text=is CharacterOffsetBegin=637 CharacterOffsetEnd=639 PartOfSpeech=VBZ]
[Text=after CharacterOffsetBegin=640 CharacterOffsetEnd=645 PartOfSpeech=IN]
[Text=the CharacterOffsetBegin=646 CharacterOffsetEnd=649 PartOfSpeech=DT]
[Text=Onion CharacterOffsetBegin=650 CharacterOffsetEnd=655 PartOfSpeech=NNP]
[Text=Knight CharacterOffsetBegin=656 CharacterOffsetEnd=662 PartOfSpeech=NNP]
[Text=Sir CharacterOffsetBegin=663 CharacterOffsetEnd=666 PartOfSpeech=NNP]
[Text=Davos CharacterOffsetBegin=667 CharacterOffsetEnd=672 PartOfSpeech=NNP]
[Text=helps CharacterOffsetBegin=673 CharacterOffsetEnd=678 PartOfSpeech=VBZ]
[Text=him CharacterOffsetBegin=679 CharacterOffsetEnd=682 PartOfSpeech=PRP]
[Text=escape CharacterOffsetBegin=683 CharacterOffsetEnd=689 PartOfSpeech=VB]
[Text=Dragonstone CharacterOffsetBegin=690 CharacterOffsetEnd=701 PartOfSpeech=NNP]
[Text=and CharacterOffsetBegin=702 CharacterOffsetEnd=705 PartOfSpeech=CC]
[Text=puts CharacterOffsetBegin=706 CharacterOffsetEnd=710 PartOfSpeech=VBZ]
[Text=him CharacterOffsetBegin=711 CharacterOffsetEnd=714 PartOfSpeech=PRP]
[Text=on CharacterOffsetBegin=715 CharacterOffsetEnd=717 PartOfSpeech=IN]
[Text=a CharacterOffsetBegin=718 CharacterOffsetEnd=719 PartOfSpeech=DT]
[Text=rowboat CharacterOffsetBegin=720 CharacterOffsetEnd=727 PartOfSpeech=NN]
[Text=in CharacterOffsetBegin=728 CharacterOffsetEnd=730 PartOfSpeech=IN]
[Text=blackwater CharacterOffsetBegin=731 CharacterOffsetEnd=741 PartOfSpeech=NN]
[Text=bay CharacterOffsetBegin=742 CharacterOffsetEnd=745 PartOfSpeech=NN]
[Text=-LRB- CharacterOffsetBegin=746 CharacterOffsetEnd=747 PartOfSpeech=-LRB-]
[Text=just CharacterOffsetBegin=747 CharacterOffsetEnd=751 PartOfSpeech=RB]
[Text=outside CharacterOffsetBegin=752 CharacterOffsetEnd=759 PartOfSpeech=IN]
[Text=Kings CharacterOffsetBegin=760 CharacterOffsetEnd=765 PartOfSpeech=NNPS]
[Text=Landing CharacterOffsetBegin=766 CharacterOffsetEnd=773 PartOfSpeech=NN]
[Text=-RRB- CharacterOffsetBegin=773 CharacterOffsetEnd=774 PartOfSpeech=-RRB-]
[Text=and CharacterOffsetBegin=775 CharacterOffsetEnd=778 PartOfSpeech=CC]
[Text=3 CharacterOffsetBegin=779 CharacterOffsetEnd=780 PartOfSpeech=CD]
[Text=seasons CharacterOffsetBegin=781 CharacterOffsetEnd=788 PartOfSpeech=NNS]
[Text=later CharacterOffsetBegin=789 CharacterOffsetEnd=794 PartOfSpeech=RB]
[Text=we CharacterOffsetBegin=795 CharacterOffsetEnd=797 PartOfSpeech=PRP]
[Text=still CharacterOffsetBegin=798 CharacterOffsetEnd=803 PartOfSpeech=RB]
[Text=have CharacterOffsetBegin=804 CharacterOffsetEnd=808 PartOfSpeech=VBP]
[Text=n't CharacterOffsetBegin=808 CharacterOffsetEnd=811 PartOfSpeech=RB]
[Text=seen CharacterOffsetBegin=812 CharacterOffsetEnd=816 PartOfSpeech=VBN]
[Text=where CharacterOffsetBegin=817 CharacterOffsetEnd=822 PartOfSpeech=WRB]
[Text=that CharacterOffsetBegin=823 CharacterOffsetEnd=827 PartOfSpeech=DT]
[Text=fu CharacterOffsetBegin=828 CharacterOffsetEnd=830 PartOfSpeech=NN]
[Text=** CharacterOffsetBegin=830 CharacterOffsetEnd=832 PartOfSpeech=SYM]
[Text=er CharacterOffsetBegin=832 CharacterOffsetEnd=834 PartOfSpeech=JJR]
[Text=rowed CharacterOffsetBegin=835 CharacterOffsetEnd=840 PartOfSpeech=VBD]
[Text=off CharacterOffsetBegin=841 CharacterOffsetEnd=844 PartOfSpeech=RP]
[Text=too CharacterOffsetBegin=845 CharacterOffsetEnd=848 PartOfSpeech=RB]
[Text=. CharacterOffsetBegin=848 CharacterOffsetEnd=849 PartOfSpeech=.]
Sentence #7 (8 tokens):
Theory: He fu**ing died.
[Text=Theory CharacterOffsetBegin=851 CharacterOffsetEnd=857 PartOfSpeech=NNP]
[Text=: CharacterOffsetBegin=857 CharacterOffsetEnd=858 PartOfSpeech=:]
[Text=He CharacterOffsetBegin=859 CharacterOffsetEnd=861 PartOfSpeech=PRP]
[Text=fu CharacterOffsetBegin=862 CharacterOffsetEnd=864 PartOfSpeech=VBZ]
[Text=** CharacterOffsetBegin=864 CharacterOffsetEnd=866 PartOfSpeech=SYM]
[Text=ing CharacterOffsetBegin=866 CharacterOffsetEnd=869 PartOfSpeech=VBG]
[Text=died CharacterOffsetBegin=870 CharacterOffsetEnd=874 PartOfSpeech=VBD]
[Text=. CharacterOffsetBegin=874 CharacterOffsetEnd=875 PartOfSpeech=.]
Sentence #8 (19 tokens):
Gendry says himself that he's not a good swimmer and he's never used a rowboat before.
[Text=Gendry CharacterOffsetBegin=876 CharacterOffsetEnd=882 PartOfSpeech=NNP]
[Text=says CharacterOffsetBegin=883 CharacterOffsetEnd=887 PartOfSpeech=VBZ]
[Text=himself CharacterOffsetBegin=888 CharacterOffsetEnd=895 PartOfSpeech=PRP]
[Text=that CharacterOffsetBegin=896 CharacterOffsetEnd=900 PartOfSpeech=IN]
[Text=he CharacterOffsetBegin=901 CharacterOffsetEnd=903 PartOfSpeech=PRP]
[Text='s CharacterOffsetBegin=903 CharacterOffsetEnd=905 PartOfSpeech=VBZ]
[Text=not CharacterOffsetBegin=906 CharacterOffsetEnd=909 PartOfSpeech=RB]
[Text=a CharacterOffsetBegin=910 CharacterOffsetEnd=911 PartOfSpeech=DT]
[Text=good CharacterOffsetBegin=912 CharacterOffsetEnd=916 PartOfSpeech=JJ]
[Text=swimmer CharacterOffsetBegin=917 CharacterOffsetEnd=924 PartOfSpeech=NN]
[Text=and CharacterOffsetBegin=925 CharacterOffsetEnd=928 PartOfSpeech=CC]
[Text=he CharacterOffsetBegin=929 CharacterOffsetEnd=931 PartOfSpeech=PRP]
[Text='s CharacterOffsetBegin=931 CharacterOffsetEnd=933 PartOfSpeech=VBZ]
[Text=never CharacterOffsetBegin=934 CharacterOffsetEnd=939 PartOfSpeech=RB]
[Text=used CharacterOffsetBegin=940 CharacterOffsetEnd=944 PartOfSpeech=VBN]
[Text=a CharacterOffsetBegin=945 CharacterOffsetEnd=946 PartOfSpeech=DT]
[Text=rowboat CharacterOffsetBegin=947 CharacterOffsetEnd=954 PartOfSpeech=NN]
[Text=before CharacterOffsetBegin=955 CharacterOffsetEnd=961 PartOfSpeech=IN]
[Text=. CharacterOffsetBegin=961 CharacterOffsetEnd=962 PartOfSpeech=.]
Sentence #9 (1 tokens):
.
[Text=. CharacterOffsetBegin=962 CharacterOffsetEnd=963 PartOfSpeech=.]
Sentence #10 (31 tokens):
But in all seriousness I doubt he'd return to Kings Landing knowing a bounty was put out on Robert Baratheons bastards (knowledge he attained courtesy of Melisandre).
[Text=But CharacterOffsetBegin=964 CharacterOffsetEnd=967 PartOfSpeech=CC]
[Text=in CharacterOffsetBegin=968 CharacterOffsetEnd=970 PartOfSpeech=IN]
[Text=all CharacterOffsetBegin=971 CharacterOffsetEnd=974 PartOfSpeech=DT]
[Text=seriousness CharacterOffsetBegin=975 CharacterOffsetEnd=986 PartOfSpeech=NN]
[Text=I CharacterOffsetBegin=987 CharacterOffsetEnd=988 PartOfSpeech=PRP]
[Text=doubt CharacterOffsetBegin=989 CharacterOffsetEnd=994 PartOfSpeech=VBP]
[Text=he CharacterOffsetBegin=995 CharacterOffsetEnd=997 PartOfSpeech=PRP]
[Text='d CharacterOffsetBegin=997 CharacterOffsetEnd=999 PartOfSpeech=MD]
[Text=return CharacterOffsetBegin=1000 CharacterOffsetEnd=1006 PartOfSpeech=VB]
[Text=to CharacterOffsetBegin=1007 CharacterOffsetEnd=1009 PartOfSpeech=TO]
[Text=Kings CharacterOffsetBegin=1010 CharacterOffsetEnd=1015 PartOfSpeech=NNPS]
[Text=Landing CharacterOffsetBegin=1016 CharacterOffsetEnd=1023 PartOfSpeech=NN]
[Text=knowing CharacterOffsetBegin=1024 CharacterOffsetEnd=1031 PartOfSpeech=VBG]
[Text=a CharacterOffsetBegin=1032 CharacterOffsetEnd=1033 PartOfSpeech=DT]
[Text=bounty CharacterOffsetBegin=1034 CharacterOffsetEnd=1040 PartOfSpeech=NN]
[Text=was CharacterOffsetBegin=1041 CharacterOffsetEnd=1044 PartOfSpeech=VBD]
[Text=put CharacterOffsetBegin=1045 CharacterOffsetEnd=1048 PartOfSpeech=VBN]
[Text=out CharacterOffsetBegin=1049 CharacterOffsetEnd=1052 PartOfSpeech=RP]
[Text=on CharacterOffsetBegin=1053 CharacterOffsetEnd=1055 PartOfSpeech=IN]
[Text=Robert CharacterOffsetBegin=1056 CharacterOffsetEnd=1062 PartOfSpeech=NNP]
[Text=Baratheons CharacterOffsetBegin=1063 CharacterOffsetEnd=1073 PartOfSpeech=NNP]
[Text=bastards CharacterOffsetBegin=1074 CharacterOffsetEnd=1082 PartOfSpeech=NNS]
[Text=-LRB- CharacterOffsetBegin=1083 CharacterOffsetEnd=1084 PartOfSpeech=-LRB-]
[Text=knowledge CharacterOffsetBegin=1084 CharacterOffsetEnd=1093 PartOfSpeech=NN]
[Text=he CharacterOffsetBegin=1094 CharacterOffsetEnd=1096 PartOfSpeech=PRP]
[Text=attained CharacterOffsetBegin=1097 CharacterOffsetEnd=1105 PartOfSpeech=VBD]
[Text=courtesy CharacterOffsetBegin=1106 CharacterOffsetEnd=1114 PartOfSpeech=NN]
[Text=of CharacterOffsetBegin=1115 CharacterOffsetEnd=1117 PartOfSpeech=IN]
[Text=Melisandre CharacterOffsetBegin=1118 CharacterOffsetEnd=1128 PartOfSpeech=NN]
[Text=-RRB- CharacterOffsetBegin=1128 CharacterOffsetEnd=1129 PartOfSpeech=-RRB-]
[Text=. CharacterOffsetBegin=1129 CharacterOffsetEnd=1130 PartOfSpeech=.]
Sentence #11 (64 tokens):
In a previous theory I said it wouldn't be outrageous for him to have gone to Old Town where he might cross paths with Sam Tarly, but it's also possible he ran back to the Brotherhood without Banners, or anywhere in the Riverlands for that matter where he could run into Arya Stark or even the Red Lady again.
[Text=In CharacterOffsetBegin=1131 CharacterOffsetEnd=1133 PartOfSpeech=IN]
[Text=a CharacterOffsetBegin=1134 CharacterOffsetEnd=1135 PartOfSpeech=DT]
[Text=previous CharacterOffsetBegin=1136 CharacterOffsetEnd=1144 PartOfSpeech=JJ]
[Text=theory CharacterOffsetBegin=1145 CharacterOffsetEnd=1151 PartOfSpeech=NN]
[Text=I CharacterOffsetBegin=1152 CharacterOffsetEnd=1153 PartOfSpeech=PRP]
[Text=said CharacterOffsetBegin=1154 CharacterOffsetEnd=1158 PartOfSpeech=VBD]
[Text=it CharacterOffsetBegin=1159 CharacterOffsetEnd=1161 PartOfSpeech=PRP]
[Text=would CharacterOffsetBegin=1162 CharacterOffsetEnd=1167 PartOfSpeech=MD]
[Text=n't CharacterOffsetBegin=1167 CharacterOffsetEnd=1170 PartOfSpeech=RB]
[Text=be CharacterOffsetBegin=1171 CharacterOffsetEnd=1173 PartOfSpeech=VB]
[Text=outrageous CharacterOffsetBegin=1174 CharacterOffsetEnd=1184 PartOfSpeech=JJ]
[Text=for CharacterOffsetBegin=1185 CharacterOffsetEnd=1188 PartOfSpeech=IN]
[Text=him CharacterOffsetBegin=1189 CharacterOffsetEnd=1192 PartOfSpeech=PRP]
[Text=to CharacterOffsetBegin=1193 CharacterOffsetEnd=1195 PartOfSpeech=TO]
[Text=have CharacterOffsetBegin=1196 CharacterOffsetEnd=1200 PartOfSpeech=VB]
[Text=gone CharacterOffsetBegin=1201 CharacterOffsetEnd=1205 PartOfSpeech=VBN]
[Text=to CharacterOffsetBegin=1206 CharacterOffsetEnd=1208 PartOfSpeech=TO]
[Text=Old CharacterOffsetBegin=1209 CharacterOffsetEnd=1212 PartOfSpeech=NNP]
[Text=Town CharacterOffsetBegin=1213 CharacterOffsetEnd=1217 PartOfSpeech=NNP]
[Text=where CharacterOffsetBegin=1218 CharacterOffsetEnd=1223 PartOfSpeech=WRB]
[Text=he CharacterOffsetBegin=1224 CharacterOffsetEnd=1226 PartOfSpeech=PRP]
[Text=might CharacterOffsetBegin=1227 CharacterOffsetEnd=1232 PartOfSpeech=MD]
[Text=cross CharacterOffsetBegin=1233 CharacterOffsetEnd=1238 PartOfSpeech=VB]
[Text=paths CharacterOffsetBegin=1239 CharacterOffsetEnd=1244 PartOfSpeech=NNS]
[Text=with CharacterOffsetBegin=1245 CharacterOffsetEnd=1249 PartOfSpeech=IN]
[Text=Sam CharacterOffsetBegin=1250 CharacterOffsetEnd=1253 PartOfSpeech=NNP]
[Text=Tarly CharacterOffsetBegin=1254 CharacterOffsetEnd=1259 PartOfSpeech=NNP]
[Text=, CharacterOffsetBegin=1259 CharacterOffsetEnd=1260 PartOfSpeech=,]
[Text=but CharacterOffsetBegin=1261 CharacterOffsetEnd=1264 PartOfSpeech=CC]
[Text=it CharacterOffsetBegin=1265 CharacterOffsetEnd=1267 PartOfSpeech=PRP]
[Text='s CharacterOffsetBegin=1267 CharacterOffsetEnd=1269 PartOfSpeech=VBZ]
[Text=also CharacterOffsetBegin=1270 CharacterOffsetEnd=1274 PartOfSpeech=RB]
[Text=possible CharacterOffsetBegin=1275 CharacterOffsetEnd=1283 PartOfSpeech=JJ]
[Text=he CharacterOffsetBegin=1284 CharacterOffsetEnd=1286 PartOfSpeech=PRP]
[Text=ran CharacterOffsetBegin=1287 CharacterOffsetEnd=1290 PartOfSpeech=VBD]
[Text=back CharacterOffsetBegin=1291 CharacterOffsetEnd=1295 PartOfSpeech=RB]
[Text=to CharacterOffsetBegin=1296 CharacterOffsetEnd=1298 PartOfSpeech=TO]
[Text=the CharacterOffsetBegin=1299 CharacterOffsetEnd=1302 PartOfSpeech=DT]
[Text=Brotherhood CharacterOffsetBegin=1303 CharacterOffsetEnd=1314 PartOfSpeech=NNP]
[Text=without CharacterOffsetBegin=1315 CharacterOffsetEnd=1322 PartOfSpeech=IN]
[Text=Banners CharacterOffsetBegin=1323 CharacterOffsetEnd=1330 PartOfSpeech=NNP]
[Text=, CharacterOffsetBegin=1330 CharacterOffsetEnd=1331 PartOfSpeech=,]
[Text=or CharacterOffsetBegin=1332 CharacterOffsetEnd=1334 PartOfSpeech=CC]
[Text=anywhere CharacterOffsetBegin=1335 CharacterOffsetEnd=1343 PartOfSpeech=RB]
[Text=in CharacterOffsetBegin=1344 CharacterOffsetEnd=1346 PartOfSpeech=IN]
[Text=the CharacterOffsetBegin=1347 CharacterOffsetEnd=1350 PartOfSpeech=DT]
[Text=Riverlands CharacterOffsetBegin=1351 CharacterOffsetEnd=1361 PartOfSpeech=NNPS]
[Text=for CharacterOffsetBegin=1362 CharacterOffsetEnd=1365 PartOfSpeech=IN]
[Text=that CharacterOffsetBegin=1366 CharacterOffsetEnd=1370 PartOfSpeech=DT]
[Text=matter CharacterOffsetBegin=1371 CharacterOffsetEnd=1377 PartOfSpeech=NN]
[Text=where CharacterOffsetBegin=1378 CharacterOffsetEnd=1383 PartOfSpeech=WRB]
[Text=he CharacterOffsetBegin=1384 CharacterOffsetEnd=1386 PartOfSpeech=PRP]
[Text=could CharacterOffsetBegin=1387 CharacterOffsetEnd=1392 PartOfSpeech=MD]
[Text=run CharacterOffsetBegin=1393 CharacterOffsetEnd=1396 PartOfSpeech=VB]
[Text=into CharacterOffsetBegin=1397 CharacterOffsetEnd=1401 PartOfSpeech=IN]
[Text=Arya CharacterOffsetBegin=1402 CharacterOffsetEnd=1406 PartOfSpeech=NNP]
[Text=Stark CharacterOffsetBegin=1407 CharacterOffsetEnd=1412 PartOfSpeech=NNP]
[Text=or CharacterOffsetBegin=1413 CharacterOffsetEnd=1415 PartOfSpeech=CC]
[Text=even CharacterOffsetBegin=1416 CharacterOffsetEnd=1420 PartOfSpeech=RB]
[Text=the CharacterOffsetBegin=1421 CharacterOffsetEnd=1424 PartOfSpeech=DT]
[Text=Red CharacterOffsetBegin=1425 CharacterOffsetEnd=1428 PartOfSpeech=JJ]
[Text=Lady CharacterOffsetBegin=1429 CharacterOffsetEnd=1433 PartOfSpeech=NN]
[Text=again CharacterOffsetBegin=1434 CharacterOffsetEnd=1439 PartOfSpeech=RB]
[Text=. CharacterOffsetBegin=1439 CharacterOffsetEnd=1440 PartOfSpeech=.]
Sentence #12 (12 tokens):
Where ever he's gone is complete speculation at this point.
[Text=Where CharacterOffsetBegin=1441 CharacterOffsetEnd=1446 PartOfSpeech=WRB]
[Text=ever CharacterOffsetBegin=1447 CharacterOffsetEnd=1451 PartOfSpeech=RB]
[Text=he CharacterOffsetBegin=1452 CharacterOffsetEnd=1454 PartOfSpeech=PRP]
[Text='s CharacterOffsetBegin=1454 CharacterOffsetEnd=1456 PartOfSpeech=VBZ]
[Text=gone CharacterOffsetBegin=1457 CharacterOffsetEnd=1461 PartOfSpeech=VBN]
[Text=is CharacterOffsetBegin=1462 CharacterOffsetEnd=1464 PartOfSpeech=VBZ]
[Text=complete CharacterOffsetBegin=1465 CharacterOffsetEnd=1473 PartOfSpeech=JJ]
[Text=speculation CharacterOffsetBegin=1474 CharacterOffsetEnd=1485 PartOfSpeech=NN]
[Text=at CharacterOffsetBegin=1486 CharacterOffsetEnd=1488 PartOfSpeech=IN]
[Text=this CharacterOffsetBegin=1489 CharacterOffsetEnd=1493 PartOfSpeech=DT]
[Text=point CharacterOffsetBegin=1494 CharacterOffsetEnd=1499 PartOfSpeech=NN]
[Text=. CharacterOffsetBegin=1499 CharacterOffsetEnd=1500 PartOfSpeech=.]
Sentence #13 (31 tokens):
But I think an interesting thing the show could do is find a way for Gendry to be legitimized as a Baratheon (possibly with help from Sir Davos).
[Text=But CharacterOffsetBegin=1502 CharacterOffsetEnd=1505 PartOfSpeech=CC]
[Text=I CharacterOffsetBegin=1506 CharacterOffsetEnd=1507 PartOfSpeech=PRP]
[Text=think CharacterOffsetBegin=1508 CharacterOffsetEnd=1513 PartOfSpeech=VBP]
[Text=an CharacterOffsetBegin=1514 CharacterOffsetEnd=1516 PartOfSpeech=DT]
[Text=interesting CharacterOffsetBegin=1517 CharacterOffsetEnd=1528 PartOfSpeech=JJ]
[Text=thing CharacterOffsetBegin=1529 CharacterOffsetEnd=1534 PartOfSpeech=NN]
[Text=the CharacterOffsetBegin=1535 CharacterOffsetEnd=1538 PartOfSpeech=DT]
[Text=show CharacterOffsetBegin=1539 CharacterOffsetEnd=1543 PartOfSpeech=NN]
[Text=could CharacterOffsetBegin=1544 CharacterOffsetEnd=1549 PartOfSpeech=MD]
[Text=do CharacterOffsetBegin=1550 CharacterOffsetEnd=1552 PartOfSpeech=VB]
[Text=is CharacterOffsetBegin=1553 CharacterOffsetEnd=1555 PartOfSpeech=VBZ]
[Text=find CharacterOffsetBegin=1556 CharacterOffsetEnd=1560 PartOfSpeech=VB]
[Text=a CharacterOffsetBegin=1561 CharacterOffsetEnd=1562 PartOfSpeech=DT]
[Text=way CharacterOffsetBegin=1563 CharacterOffsetEnd=1566 PartOfSpeech=NN]
[Text=for CharacterOffsetBegin=1567 CharacterOffsetEnd=1570 PartOfSpeech=IN]
[Text=Gendry CharacterOffsetBegin=1571 CharacterOffsetEnd=1577 PartOfSpeech=NNP]
[Text=to CharacterOffsetBegin=1578 CharacterOffsetEnd=1580 PartOfSpeech=TO]
[Text=be CharacterOffsetBegin=1581 CharacterOffsetEnd=1583 PartOfSpeech=VB]
[Text=legitimized CharacterOffsetBegin=1584 CharacterOffsetEnd=1595 PartOfSpeech=VBN]
[Text=as CharacterOffsetBegin=1596 CharacterOffsetEnd=1598 PartOfSpeech=IN]
[Text=a CharacterOffsetBegin=1599 CharacterOffsetEnd=1600 PartOfSpeech=DT]
[Text=Baratheon CharacterOffsetBegin=1601 CharacterOffsetEnd=1610 PartOfSpeech=NN]
[Text=-LRB- CharacterOffsetBegin=1611 CharacterOffsetEnd=1612 PartOfSpeech=-LRB-]
[Text=possibly CharacterOffsetBegin=1612 CharacterOffsetEnd=1620 PartOfSpeech=RB]
[Text=with CharacterOffsetBegin=1621 CharacterOffsetEnd=1625 PartOfSpeech=IN]
[Text=help CharacterOffsetBegin=1626 CharacterOffsetEnd=1630 PartOfSpeech=NN]
[Text=from CharacterOffsetBegin=1631 CharacterOffsetEnd=1635 PartOfSpeech=IN]
[Text=Sir CharacterOffsetBegin=1636 CharacterOffsetEnd=1639 PartOfSpeech=NNP]
[Text=Davos CharacterOffsetBegin=1640 CharacterOffsetEnd=1645 PartOfSpeech=NNP]
[Text=-RRB- CharacterOffsetBegin=1645 CharacterOffsetEnd=1646 PartOfSpeech=-RRB-]
[Text=. CharacterOffsetBegin=1646 CharacterOffsetEnd=1647 PartOfSpeech=.]
Sentence #14 (13 tokens):
After Stannis' death, there are no Baratheons whatsoever in existence.
[Text=After CharacterOffsetBegin=1648 CharacterOffsetEnd=1653 PartOfSpeech=IN]
[Text=Stannis CharacterOffsetBegin=1654 CharacterOffsetEnd=1661 PartOfSpeech=NNP]
[Text=' CharacterOffsetBegin=1661 CharacterOffsetEnd=1662 PartOfSpeech=POS]
[Text=death CharacterOffsetBegin=1663 CharacterOffsetEnd=1668 PartOfSpeech=NN]
[Text=, CharacterOffsetBegin=1668 CharacterOffsetEnd=1669 PartOfSpeech=,]
[Text=there CharacterOffsetBegin=1670 CharacterOffsetEnd=1675 PartOfSpeech=EX]
[Text=are CharacterOffsetBegin=1676 CharacterOffsetEnd=1679 PartOfSpeech=VBP]
[Text=no CharacterOffsetBegin=1680 CharacterOffsetEnd=1682 PartOfSpeech=DT]
[Text=Baratheons CharacterOffsetBegin=1683 CharacterOffsetEnd=1693 PartOfSpeech=NNPS]
[Text=whatsoever CharacterOffsetBegin=1694 CharacterOffsetEnd=1704 PartOfSpeech=RB]
[Text=in CharacterOffsetBegin=1705 CharacterOffsetEnd=1707 PartOfSpeech=IN]
[Text=existence CharacterOffsetBegin=1708 CharacterOffsetEnd=1717 PartOfSpeech=NN]
[Text=. CharacterOffsetBegin=1717 CharacterOffsetEnd=1718 PartOfSpeech=.]
Sentence #15 (5 tokens):
Their house is extinct.
[Text=Their CharacterOffsetBegin=1719 CharacterOffsetEnd=1724 PartOfSpeech=PRP$]
[Text=house CharacterOffsetBegin=1725 CharacterOffsetEnd=1730 PartOfSpeech=NN]
[Text=is CharacterOffsetBegin=1731 CharacterOffsetEnd=1733 PartOfSpeech=VBZ]
[Text=extinct CharacterOffsetBegin=1734 CharacterOffsetEnd=1741 PartOfSpeech=JJ]
[Text=. CharacterOffsetBegin=1741 CharacterOffsetEnd=1742 PartOfSpeech=.]
Sentence #16 (13 tokens):
The last bit of Baratheon blood in the world is Gendry's.
[Text=The CharacterOffsetBegin=1743 CharacterOffsetEnd=1746 PartOfSpeech=DT]
[Text=last CharacterOffsetBegin=1747 CharacterOffsetEnd=1751 PartOfSpeech=JJ]
[Text=bit CharacterOffsetBegin=1752 CharacterOffsetEnd=1755 PartOfSpeech=NN]
[Text=of CharacterOffsetBegin=1756 CharacterOffsetEnd=1758 PartOfSpeech=IN]
[Text=Baratheon CharacterOffsetBegin=1759 CharacterOffsetEnd=1768 PartOfSpeech=NN]
[Text=blood CharacterOffsetBegin=1769 CharacterOffsetEnd=1774 PartOfSpeech=NN]
[Text=in CharacterOffsetBegin=1775 CharacterOffsetEnd=1777 PartOfSpeech=IN]
[Text=the CharacterOffsetBegin=1778 CharacterOffsetEnd=1781 PartOfSpeech=DT]
[Text=world CharacterOffsetBegin=1782 CharacterOffsetEnd=1787 PartOfSpeech=NN]
[Text=is CharacterOffsetBegin=1788 CharacterOffsetEnd=1790 PartOfSpeech=VBZ]
[Text=Gendry CharacterOffsetBegin=1791 CharacterOffsetEnd=1797 PartOfSpeech=NNP]
[Text='s CharacterOffsetBegin=1797 CharacterOffsetEnd=1799 PartOfSpeech=POS]
[Text=. CharacterOffsetBegin=1799 CharacterOffsetEnd=1800 PartOfSpeech=.]
Sentence #17 (23 tokens):
If he were to be legitimized he could make a claim to Storm's End and all the Stormlands for that matter.
[Text=If CharacterOffsetBegin=1801 CharacterOffsetEnd=1803 PartOfSpeech=IN]
[Text=he CharacterOffsetBegin=1804 CharacterOffsetEnd=1806 PartOfSpeech=PRP]
[Text=were CharacterOffsetBegin=1807 CharacterOffsetEnd=1811 PartOfSpeech=VBD]
[Text=to CharacterOffsetBegin=1812 CharacterOffsetEnd=1814 PartOfSpeech=TO]
[Text=be CharacterOffsetBegin=1815 CharacterOffsetEnd=1817 PartOfSpeech=VB]
[Text=legitimized CharacterOffsetBegin=1818 CharacterOffsetEnd=1829 PartOfSpeech=VBN]
[Text=he CharacterOffsetBegin=1830 CharacterOffsetEnd=1832 PartOfSpeech=PRP]
[Text=could CharacterOffsetBegin=1833 CharacterOffsetEnd=1838 PartOfSpeech=MD]
[Text=make CharacterOffsetBegin=1839 CharacterOffsetEnd=1843 PartOfSpeech=VB]
[Text=a CharacterOffsetBegin=1844 CharacterOffsetEnd=1845 PartOfSpeech=DT]
[Text=claim CharacterOffsetBegin=1846 CharacterOffsetEnd=1851 PartOfSpeech=NN]
[Text=to CharacterOffsetBegin=1852 CharacterOffsetEnd=1854 PartOfSpeech=TO]
[Text=Storm CharacterOffsetBegin=1855 CharacterOffsetEnd=1860 PartOfSpeech=NN]
[Text='s CharacterOffsetBegin=1860 CharacterOffsetEnd=1862 PartOfSpeech=POS]
[Text=End CharacterOffsetBegin=1863 CharacterOffsetEnd=1866 PartOfSpeech=NN]
[Text=and CharacterOffsetBegin=1867 CharacterOffsetEnd=1870 PartOfSpeech=CC]
[Text=all CharacterOffsetBegin=1871 CharacterOffsetEnd=1874 PartOfSpeech=PDT]
[Text=the CharacterOffsetBegin=1875 CharacterOffsetEnd=1878 PartOfSpeech=DT]
[Text=Stormlands CharacterOffsetBegin=1879 CharacterOffsetEnd=1889 PartOfSpeech=NNPS]
[Text=for CharacterOffsetBegin=1890 CharacterOffsetEnd=1893 PartOfSpeech=IN]
[Text=that CharacterOffsetBegin=1894 CharacterOffsetEnd=1898 PartOfSpeech=DT]
[Text=matter CharacterOffsetBegin=1899 CharacterOffsetEnd=1905 PartOfSpeech=NN]
[Text=. CharacterOffsetBegin=1905 CharacterOffsetEnd=1906 PartOfSpeech=.]
Sentence #18 (47 tokens):
In all honesty I have no idea of the current state of that regions armies but I like to think all of Renley and Stannis' deserters returned to the Stormlands after their leaders' death and are just waiting for a new Lord to return.
[Text=In CharacterOffsetBegin=1907 CharacterOffsetEnd=1909 PartOfSpeech=IN]
[Text=all CharacterOffsetBegin=1910 CharacterOffsetEnd=1913 PartOfSpeech=DT]
[Text=honesty CharacterOffsetBegin=1914 CharacterOffsetEnd=1921 PartOfSpeech=NN]
[Text=I CharacterOffsetBegin=1922 CharacterOffsetEnd=1923 PartOfSpeech=PRP]
[Text=have CharacterOffsetBegin=1924 CharacterOffsetEnd=1928 PartOfSpeech=VBP]
[Text=no CharacterOffsetBegin=1929 CharacterOffsetEnd=1931 PartOfSpeech=DT]
[Text=idea CharacterOffsetBegin=1932 CharacterOffsetEnd=1936 PartOfSpeech=NN]
[Text=of CharacterOffsetBegin=1937 CharacterOffsetEnd=1939 PartOfSpeech=IN]
[Text=the CharacterOffsetBegin=1940 CharacterOffsetEnd=1943 PartOfSpeech=DT]
[Text=current CharacterOffsetBegin=1944 CharacterOffsetEnd=1951 PartOfSpeech=JJ]
[Text=state CharacterOffsetBegin=1952 CharacterOffsetEnd=1957 PartOfSpeech=NN]
[Text=of CharacterOffsetBegin=1958 CharacterOffsetEnd=1960 PartOfSpeech=IN]
[Text=that CharacterOffsetBegin=1961 CharacterOffsetEnd=1965 PartOfSpeech=DT]
[Text=regions CharacterOffsetBegin=1966 CharacterOffsetEnd=1973 PartOfSpeech=NNS]
[Text=armies CharacterOffsetBegin=1974 CharacterOffsetEnd=1980 PartOfSpeech=NNS]
[Text=but CharacterOffsetBegin=1981 CharacterOffsetEnd=1984 PartOfSpeech=CC]
[Text=I CharacterOffsetBegin=1985 CharacterOffsetEnd=1986 PartOfSpeech=PRP]
[Text=like CharacterOffsetBegin=1987 CharacterOffsetEnd=1991 PartOfSpeech=VBP]
[Text=to CharacterOffsetBegin=1992 CharacterOffsetEnd=1994 PartOfSpeech=TO]
[Text=think CharacterOffsetBegin=1995 CharacterOffsetEnd=2000 PartOfSpeech=VB]
[Text=all CharacterOffsetBegin=2001 CharacterOffsetEnd=2004 PartOfSpeech=DT]
[Text=of CharacterOffsetBegin=2005 CharacterOffsetEnd=2007 PartOfSpeech=IN]
[Text=Renley CharacterOffsetBegin=2008 CharacterOffsetEnd=2014 PartOfSpeech=NN]
[Text=and CharacterOffsetBegin=2015 CharacterOffsetEnd=2018 PartOfSpeech=CC]
[Text=Stannis CharacterOffsetBegin=2019 CharacterOffsetEnd=2026 PartOfSpeech=NN]
[Text=' CharacterOffsetBegin=2026 CharacterOffsetEnd=2027 PartOfSpeech='']
[Text=deserters CharacterOffsetBegin=2028 CharacterOffsetEnd=2037 PartOfSpeech=NNS]
[Text=returned CharacterOffsetBegin=2038 CharacterOffsetEnd=2046 PartOfSpeech=VBD]
[Text=to CharacterOffsetBegin=2047 CharacterOffsetEnd=2049 PartOfSpeech=TO]
[Text=the CharacterOffsetBegin=2050 CharacterOffsetEnd=2053 PartOfSpeech=DT]
[Text=Stormlands CharacterOffsetBegin=2054 CharacterOffsetEnd=2064 PartOfSpeech=NNPS]
[Text=after CharacterOffsetBegin=2065 CharacterOffsetEnd=2070 PartOfSpeech=IN]
[Text=their CharacterOffsetBegin=2071 CharacterOffsetEnd=2076 PartOfSpeech=PRP$]
[Text=leaders CharacterOffsetBegin=2077 CharacterOffsetEnd=2084 PartOfSpeech=NNS]
[Text=' CharacterOffsetBegin=2084 CharacterOffsetEnd=2085 PartOfSpeech=POS]
[Text=death CharacterOffsetBegin=2086 CharacterOffsetEnd=2091 PartOfSpeech=NN]
[Text=and CharacterOffsetBegin=2092 CharacterOffsetEnd=2095 PartOfSpeech=CC]
[Text=are CharacterOffsetBegin=2096 CharacterOffsetEnd=2099 PartOfSpeech=VBP]
[Text=just CharacterOffsetBegin=2100 CharacterOffsetEnd=2104 PartOfSpeech=RB]
[Text=waiting CharacterOffsetBegin=2105 CharacterOffsetEnd=2112 PartOfSpeech=VBG]
[Text=for CharacterOffsetBegin=2113 CharacterOffsetEnd=2116 PartOfSpeech=IN]
[Text=a CharacterOffsetBegin=2117 CharacterOffsetEnd=2118 PartOfSpeech=DT]
[Text=new CharacterOffsetBegin=2119 CharacterOffsetEnd=2122 PartOfSpeech=JJ]
[Text=Lord CharacterOffsetBegin=2123 CharacterOffsetEnd=2127 PartOfSpeech=NN]
[Text=to CharacterOffsetBegin=2128 CharacterOffsetEnd=2130 PartOfSpeech=TO]
[Text=return CharacterOffsetBegin=2131 CharacterOffsetEnd=2137 PartOfSpeech=VB]
[Text=. CharacterOffsetBegin=2137 CharacterOffsetEnd=2138 PartOfSpeech=.]
Sentence #19 (39 tokens):
If Gendry would become legitimized and inherit a large Baratheon army then I would think he would be to Jon Snow what Robert Baratheon was to Ned Stark and the two would combine to fight the white walkers.
[Text=If CharacterOffsetBegin=2140 CharacterOffsetEnd=2142 PartOfSpeech=IN]
[Text=Gendry CharacterOffsetBegin=2143 CharacterOffsetEnd=2149 PartOfSpeech=NNP]
[Text=would CharacterOffsetBegin=2150 CharacterOffsetEnd=2155 PartOfSpeech=MD]
[Text=become CharacterOffsetBegin=2156 CharacterOffsetEnd=2162 PartOfSpeech=VB]
[Text=legitimized CharacterOffsetBegin=2163 CharacterOffsetEnd=2174 PartOfSpeech=VBN]
[Text=and CharacterOffsetBegin=2175 CharacterOffsetEnd=2178 PartOfSpeech=CC]
[Text=inherit CharacterOffsetBegin=2179 CharacterOffsetEnd=2186 PartOfSpeech=VB]
[Text=a CharacterOffsetBegin=2187 CharacterOffsetEnd=2188 PartOfSpeech=DT]
[Text=large CharacterOffsetBegin=2189 CharacterOffsetEnd=2194 PartOfSpeech=JJ]
[Text=Baratheon CharacterOffsetBegin=2195 CharacterOffsetEnd=2204 PartOfSpeech=NNP]
[Text=army CharacterOffsetBegin=2205 CharacterOffsetEnd=2209 PartOfSpeech=NN]
[Text=then CharacterOffsetBegin=2210 CharacterOffsetEnd=2214 PartOfSpeech=RB]
[Text=I CharacterOffsetBegin=2215 CharacterOffsetEnd=2216 PartOfSpeech=PRP]
[Text=would CharacterOffsetBegin=2217 CharacterOffsetEnd=2222 PartOfSpeech=MD]
[Text=think CharacterOffsetBegin=2223 CharacterOffsetEnd=2228 PartOfSpeech=VB]
[Text=he CharacterOffsetBegin=2229 CharacterOffsetEnd=2231 PartOfSpeech=PRP]
[Text=would CharacterOffsetBegin=2232 CharacterOffsetEnd=2237 PartOfSpeech=MD]
[Text=be CharacterOffsetBegin=2238 CharacterOffsetEnd=2240 PartOfSpeech=VB]
[Text=to CharacterOffsetBegin=2241 CharacterOffsetEnd=2243 PartOfSpeech=TO]
[Text=Jon CharacterOffsetBegin=2244 CharacterOffsetEnd=2247 PartOfSpeech=NNP]
[Text=Snow CharacterOffsetBegin=2248 CharacterOffsetEnd=2252 PartOfSpeech=NNP]
[Text=what CharacterOffsetBegin=2253 CharacterOffsetEnd=2257 PartOfSpeech=WDT]
[Text=Robert CharacterOffsetBegin=2258 CharacterOffsetEnd=2264 PartOfSpeech=NNP]
[Text=Baratheon CharacterOffsetBegin=2265 CharacterOffsetEnd=2274 PartOfSpeech=NNP]
[Text=was CharacterOffsetBegin=2275 CharacterOffsetEnd=2278 PartOfSpeech=VBD]
[Text=to CharacterOffsetBegin=2279 CharacterOffsetEnd=2281 PartOfSpeech=TO]
[Text=Ned CharacterOffsetBegin=2282 CharacterOffsetEnd=2285 PartOfSpeech=NNP]
[Text=Stark CharacterOffsetBegin=2286 CharacterOffsetEnd=2291 PartOfSpeech=NNP]
[Text=and CharacterOffsetBegin=2292 CharacterOffsetEnd=2295 PartOfSpeech=CC]
[Text=the CharacterOffsetBegin=2296 CharacterOffsetEnd=2299 PartOfSpeech=DT]
[Text=two CharacterOffsetBegin=2300 CharacterOffsetEnd=2303 PartOfSpeech=CD]
[Text=would CharacterOffsetBegin=2304 CharacterOffsetEnd=2309 PartOfSpeech=MD]
[Text=combine CharacterOffsetBegin=2310 CharacterOffsetEnd=2317 PartOfSpeech=VB]
[Text=to CharacterOffsetBegin=2318 CharacterOffsetEnd=2320 PartOfSpeech=TO]
[Text=fight CharacterOffsetBegin=2321 CharacterOffsetEnd=2326 PartOfSpeech=VB]
[Text=the CharacterOffsetBegin=2327 CharacterOffsetEnd=2330 PartOfSpeech=DT]
[Text=white CharacterOffsetBegin=2331 CharacterOffsetEnd=2336 PartOfSpeech=JJ]
[Text=walkers CharacterOffsetBegin=2337 CharacterOffsetEnd=2344 PartOfSpeech=NNS]
[Text=. CharacterOffsetBegin=2344 CharacterOffsetEnd=2345 PartOfSpeech=.]
Sentence #20 (12 tokens):
However, in this world houses only combine through one thing.
[Text=However CharacterOffsetBegin=2346 CharacterOffsetEnd=2353 PartOfSpeech=RB]
[Text=, CharacterOffsetBegin=2353 CharacterOffsetEnd=2354 PartOfSpeech=,]
[Text=in CharacterOffsetBegin=2355 CharacterOffsetEnd=2357 PartOfSpeech=IN]
[Text=this CharacterOffsetBegin=2358 CharacterOffsetEnd=2362 PartOfSpeech=DT]
[Text=world CharacterOffsetBegin=2363 CharacterOffsetEnd=2368 PartOfSpeech=NN]
[Text=houses CharacterOffsetBegin=2369 CharacterOffsetEnd=2375 PartOfSpeech=NNS]
[Text=only CharacterOffsetBegin=2376 CharacterOffsetEnd=2380 PartOfSpeech=RB]
[Text=combine CharacterOffsetBegin=2381 CharacterOffsetEnd=2388 PartOfSpeech=VBP]
[Text=through CharacterOffsetBegin=2389 CharacterOffsetEnd=2396 PartOfSpeech=IN]
[Text=one CharacterOffsetBegin=2397 CharacterOffsetEnd=2400 PartOfSpeech=CD]
[Text=thing CharacterOffsetBegin=2401 CharacterOffsetEnd=2406 PartOfSpeech=NN]
[Text=. CharacterOffsetBegin=2406 CharacterOffsetEnd=2407 PartOfSpeech=.]
Sentence #21 (1 tokens):
.
[Text=. CharacterOffsetBegin=2407 CharacterOffsetEnd=2408 PartOfSpeech=.]
Sentence #22 (2 tokens):
marriage.
[Text=marriage CharacterOffsetBegin=2409 CharacterOffsetEnd=2417 PartOfSpeech=NN]
[Text=. CharacterOffsetBegin=2417 CharacterOffsetEnd=2418 PartOfSpeech=.]
Sentence #23 (44 tokens):
At some point in the seventh season Sansa Stark is going to have to be looking at possible suitors to strengthen house Stark and if my prediction comes to fruition who will be a better match than Gendry mother f**cking Baratheon.
[Text=At CharacterOffsetBegin=2419 CharacterOffsetEnd=2421 PartOfSpeech=IN]
[Text=some CharacterOffsetBegin=2422 CharacterOffsetEnd=2426 PartOfSpeech=DT]
[Text=point CharacterOffsetBegin=2427 CharacterOffsetEnd=2432 PartOfSpeech=NN]
[Text=in CharacterOffsetBegin=2433 CharacterOffsetEnd=2435 PartOfSpeech=IN]
[Text=the CharacterOffsetBegin=2436 CharacterOffsetEnd=2439 PartOfSpeech=DT]
[Text=seventh CharacterOffsetBegin=2440 CharacterOffsetEnd=2447 PartOfSpeech=JJ]
[Text=season CharacterOffsetBegin=2448 CharacterOffsetEnd=2454 PartOfSpeech=NN]
[Text=Sansa CharacterOffsetBegin=2455 CharacterOffsetEnd=2460 PartOfSpeech=NNP]
[Text=Stark CharacterOffsetBegin=2461 CharacterOffsetEnd=2466 PartOfSpeech=NNP]
[Text=is CharacterOffsetBegin=2467 CharacterOffsetEnd=2469 PartOfSpeech=VBZ]
[Text=going CharacterOffsetBegin=2470 CharacterOffsetEnd=2475 PartOfSpeech=VBG]
[Text=to CharacterOffsetBegin=2476 CharacterOffsetEnd=2478 PartOfSpeech=TO]
[Text=have CharacterOffsetBegin=2479 CharacterOffsetEnd=2483 PartOfSpeech=VB]
[Text=to CharacterOffsetBegin=2484 CharacterOffsetEnd=2486 PartOfSpeech=TO]
[Text=be CharacterOffsetBegin=2487 CharacterOffsetEnd=2489 PartOfSpeech=VB]
[Text=looking CharacterOffsetBegin=2490 CharacterOffsetEnd=2497 PartOfSpeech=VBG]
[Text=at CharacterOffsetBegin=2498 CharacterOffsetEnd=2500 PartOfSpeech=IN]
[Text=possible CharacterOffsetBegin=2501 CharacterOffsetEnd=2509 PartOfSpeech=JJ]
[Text=suitors CharacterOffsetBegin=2510 CharacterOffsetEnd=2517 PartOfSpeech=NNS]
[Text=to CharacterOffsetBegin=2518 CharacterOffsetEnd=2520 PartOfSpeech=TO]
[Text=strengthen CharacterOffsetBegin=2521 CharacterOffsetEnd=2531 PartOfSpeech=VB]
[Text=house CharacterOffsetBegin=2532 CharacterOffsetEnd=2537 PartOfSpeech=NN]
[Text=Stark CharacterOffsetBegin=2538 CharacterOffsetEnd=2543 PartOfSpeech=NNP]
[Text=and CharacterOffsetBegin=2544 CharacterOffsetEnd=2547 PartOfSpeech=CC]
[Text=if CharacterOffsetBegin=2548 CharacterOffsetEnd=2550 PartOfSpeech=IN]
[Text=my CharacterOffsetBegin=2551 CharacterOffsetEnd=2553 PartOfSpeech=PRP$]
[Text=prediction CharacterOffsetBegin=2554 CharacterOffsetEnd=2564 PartOfSpeech=NN]
[Text=comes CharacterOffsetBegin=2565 CharacterOffsetEnd=2570 PartOfSpeech=VBZ]
[Text=to CharacterOffsetBegin=2571 CharacterOffsetEnd=2573 PartOfSpeech=TO]
[Text=fruition CharacterOffsetBegin=2574 CharacterOffsetEnd=2582 PartOfSpeech=NN]
[Text=who CharacterOffsetBegin=2583 CharacterOffsetEnd=2586 PartOfSpeech=WP]
[Text=will CharacterOffsetBegin=2587 CharacterOffsetEnd=2591 PartOfSpeech=MD]
[Text=be CharacterOffsetBegin=2592 CharacterOffsetEnd=2594 PartOfSpeech=VB]
[Text=a CharacterOffsetBegin=2595 CharacterOffsetEnd=2596 PartOfSpeech=DT]
[Text=better CharacterOffsetBegin=2597 CharacterOffsetEnd=2603 PartOfSpeech=JJR]
[Text=match CharacterOffsetBegin=2604 CharacterOffsetEnd=2609 PartOfSpeech=NN]
[Text=than CharacterOffsetBegin=2610 CharacterOffsetEnd=2614 PartOfSpeech=IN]
[Text=Gendry CharacterOffsetBegin=2615 CharacterOffsetEnd=2621 PartOfSpeech=JJ]
[Text=mother CharacterOffsetBegin=2622 CharacterOffsetEnd=2628 PartOfSpeech=NN]
[Text=f CharacterOffsetBegin=2629 CharacterOffsetEnd=2630 PartOfSpeech=FW]
[Text=** CharacterOffsetBegin=2630 CharacterOffsetEnd=2632 PartOfSpeech=SYM]
[Text=cking CharacterOffsetBegin=2632 CharacterOffsetEnd=2637 PartOfSpeech=VBG]
[Text=Baratheon CharacterOffsetBegin=2638 CharacterOffsetEnd=2647 PartOfSpeech=NNP]
[Text=. CharacterOffsetBegin=2647 CharacterOffsetEnd=2648 PartOfSpeech=.]
