Sentence #1 (37 tokens):
Brienne will kill Melisandre

Back story: Once upon a season, King Robert Baratheon died and a secret was revealed by Ned Stark that none of his children had a claim to the iron throne.
[Text=Brienne CharacterOffsetBegin=0 CharacterOffsetEnd=7 PartOfSpeech=NNP]
[Text=will CharacterOffsetBegin=8 CharacterOffsetEnd=12 PartOfSpeech=MD]
[Text=kill CharacterOffsetBegin=13 CharacterOffsetEnd=17 PartOfSpeech=VB]
[Text=Melisandre CharacterOffsetBegin=18 CharacterOffsetEnd=28 PartOfSpeech=NNP]
[Text=Back CharacterOffsetBegin=30 CharacterOffsetEnd=34 PartOfSpeech=NNP]
[Text=story CharacterOffsetBegin=35 CharacterOffsetEnd=40 PartOfSpeech=NN]
[Text=: CharacterOffsetBegin=40 CharacterOffsetEnd=41 PartOfSpeech=:]
[Text=Once CharacterOffsetBegin=42 CharacterOffsetEnd=46 PartOfSpeech=RB]
[Text=upon CharacterOffsetBegin=47 CharacterOffsetEnd=51 PartOfSpeech=IN]
[Text=a CharacterOffsetBegin=52 CharacterOffsetEnd=53 PartOfSpeech=DT]
[Text=season CharacterOffsetBegin=54 CharacterOffsetEnd=60 PartOfSpeech=NN]
[Text=, CharacterOffsetBegin=60 CharacterOffsetEnd=61 PartOfSpeech=,]
[Text=King CharacterOffsetBegin=62 CharacterOffsetEnd=66 PartOfSpeech=NNP]
[Text=Robert CharacterOffsetBegin=67 CharacterOffsetEnd=73 PartOfSpeech=NNP]
[Text=Baratheon CharacterOffsetBegin=74 CharacterOffsetEnd=83 PartOfSpeech=NNP]
[Text=died CharacterOffsetBegin=84 CharacterOffsetEnd=88 PartOfSpeech=VBD]
[Text=and CharacterOffsetBegin=89 CharacterOffsetEnd=92 PartOfSpeech=CC]
[Text=a CharacterOffsetBegin=93 CharacterOffsetEnd=94 PartOfSpeech=DT]
[Text=secret CharacterOffsetBegin=95 CharacterOffsetEnd=101 PartOfSpeech=NN]
[Text=was CharacterOffsetBegin=102 CharacterOffsetEnd=105 PartOfSpeech=VBD]
[Text=revealed CharacterOffsetBegin=106 CharacterOffsetEnd=114 PartOfSpeech=VBN]
[Text=by CharacterOffsetBegin=115 CharacterOffsetEnd=117 PartOfSpeech=IN]
[Text=Ned CharacterOffsetBegin=118 CharacterOffsetEnd=121 PartOfSpeech=NNP]
[Text=Stark CharacterOffsetBegin=122 CharacterOffsetEnd=127 PartOfSpeech=NNP]
[Text=that CharacterOffsetBegin=128 CharacterOffsetEnd=132 PartOfSpeech=IN]
[Text=none CharacterOffsetBegin=133 CharacterOffsetEnd=137 PartOfSpeech=NN]
[Text=of CharacterOffsetBegin=138 CharacterOffsetEnd=140 PartOfSpeech=IN]
[Text=his CharacterOffsetBegin=141 CharacterOffsetEnd=144 PartOfSpeech=PRP$]
[Text=children CharacterOffsetBegin=145 CharacterOffsetEnd=153 PartOfSpeech=NNS]
[Text=had CharacterOffsetBegin=154 CharacterOffsetEnd=157 PartOfSpeech=VBD]
[Text=a CharacterOffsetBegin=158 CharacterOffsetEnd=159 PartOfSpeech=DT]
[Text=claim CharacterOffsetBegin=160 CharacterOffsetEnd=165 PartOfSpeech=NN]
[Text=to CharacterOffsetBegin=166 CharacterOffsetEnd=168 PartOfSpeech=TO]
[Text=the CharacterOffsetBegin=169 CharacterOffsetEnd=172 PartOfSpeech=DT]
[Text=iron CharacterOffsetBegin=173 CharacterOffsetEnd=177 PartOfSpeech=NN]
[Text=throne CharacterOffsetBegin=178 CharacterOffsetEnd=184 PartOfSpeech=NN]
[Text=. CharacterOffsetBegin=184 CharacterOffsetEnd=185 PartOfSpeech=.]
Sentence #2 (17 tokens):
This event led to Roberts brother Stannis believing he was the true heir to the throne.
[Text=This CharacterOffsetBegin=186 CharacterOffsetEnd=190 PartOfSpeech=DT]
[Text=event CharacterOffsetBegin=191 CharacterOffsetEnd=196 PartOfSpeech=NN]
[Text=led CharacterOffsetBegin=197 CharacterOffsetEnd=200 PartOfSpeech=VBD]
[Text=to CharacterOffsetBegin=201 CharacterOffsetEnd=203 PartOfSpeech=TO]
[Text=Roberts CharacterOffsetBegin=204 CharacterOffsetEnd=211 PartOfSpeech=NNP]
[Text=brother CharacterOffsetBegin=212 CharacterOffsetEnd=219 PartOfSpeech=NN]
[Text=Stannis CharacterOffsetBegin=220 CharacterOffsetEnd=227 PartOfSpeech=NNP]
[Text=believing CharacterOffsetBegin=228 CharacterOffsetEnd=237 PartOfSpeech=VBG]
[Text=he CharacterOffsetBegin=238 CharacterOffsetEnd=240 PartOfSpeech=PRP]
[Text=was CharacterOffsetBegin=241 CharacterOffsetEnd=244 PartOfSpeech=VBD]
[Text=the CharacterOffsetBegin=245 CharacterOffsetEnd=248 PartOfSpeech=DT]
[Text=true CharacterOffsetBegin=249 CharacterOffsetEnd=253 PartOfSpeech=JJ]
[Text=heir CharacterOffsetBegin=254 CharacterOffsetEnd=258 PartOfSpeech=NN]
[Text=to CharacterOffsetBegin=259 CharacterOffsetEnd=261 PartOfSpeech=TO]
[Text=the CharacterOffsetBegin=262 CharacterOffsetEnd=265 PartOfSpeech=DT]
[Text=throne CharacterOffsetBegin=266 CharacterOffsetEnd=272 PartOfSpeech=NN]
[Text=. CharacterOffsetBegin=272 CharacterOffsetEnd=273 PartOfSpeech=.]
Sentence #3 (41 tokens):
Unfortunately for Stannis, his younger brother, Renly Baratheon, felt he would make a better king than Stannis and gathers 100,000 men from Storm's End and the Reach with the purpose of taking the throne for himself.
[Text=Unfortunately CharacterOffsetBegin=274 CharacterOffsetEnd=287 PartOfSpeech=RB]
[Text=for CharacterOffsetBegin=288 CharacterOffsetEnd=291 PartOfSpeech=IN]
[Text=Stannis CharacterOffsetBegin=292 CharacterOffsetEnd=299 PartOfSpeech=NNP]
[Text=, CharacterOffsetBegin=299 CharacterOffsetEnd=300 PartOfSpeech=,]
[Text=his CharacterOffsetBegin=301 CharacterOffsetEnd=304 PartOfSpeech=PRP$]
[Text=younger CharacterOffsetBegin=305 CharacterOffsetEnd=312 PartOfSpeech=JJR]
[Text=brother CharacterOffsetBegin=313 CharacterOffsetEnd=320 PartOfSpeech=NN]
[Text=, CharacterOffsetBegin=320 CharacterOffsetEnd=321 PartOfSpeech=,]
[Text=Renly CharacterOffsetBegin=322 CharacterOffsetEnd=327 PartOfSpeech=NNP]
[Text=Baratheon CharacterOffsetBegin=328 CharacterOffsetEnd=337 PartOfSpeech=NNP]
[Text=, CharacterOffsetBegin=337 CharacterOffsetEnd=338 PartOfSpeech=,]
[Text=felt CharacterOffsetBegin=339 CharacterOffsetEnd=343 PartOfSpeech=VBD]
[Text=he CharacterOffsetBegin=344 CharacterOffsetEnd=346 PartOfSpeech=PRP]
[Text=would CharacterOffsetBegin=347 CharacterOffsetEnd=352 PartOfSpeech=MD]
[Text=make CharacterOffsetBegin=353 CharacterOffsetEnd=357 PartOfSpeech=VB]
[Text=a CharacterOffsetBegin=358 CharacterOffsetEnd=359 PartOfSpeech=DT]
[Text=better CharacterOffsetBegin=360 CharacterOffsetEnd=366 PartOfSpeech=JJR]
[Text=king CharacterOffsetBegin=367 CharacterOffsetEnd=371 PartOfSpeech=NN]
[Text=than CharacterOffsetBegin=372 CharacterOffsetEnd=376 PartOfSpeech=IN]
[Text=Stannis CharacterOffsetBegin=377 CharacterOffsetEnd=384 PartOfSpeech=NNP]
[Text=and CharacterOffsetBegin=385 CharacterOffsetEnd=388 PartOfSpeech=CC]
[Text=gathers CharacterOffsetBegin=389 CharacterOffsetEnd=396 PartOfSpeech=VBZ]
[Text=100,000 CharacterOffsetBegin=397 CharacterOffsetEnd=404 PartOfSpeech=CD]
[Text=men CharacterOffsetBegin=405 CharacterOffsetEnd=408 PartOfSpeech=NNS]
[Text=from CharacterOffsetBegin=409 CharacterOffsetEnd=413 PartOfSpeech=IN]
[Text=Storm CharacterOffsetBegin=414 CharacterOffsetEnd=419 PartOfSpeech=NN]
[Text='s CharacterOffsetBegin=419 CharacterOffsetEnd=421 PartOfSpeech=POS]
[Text=End CharacterOffsetBegin=422 CharacterOffsetEnd=425 PartOfSpeech=NN]
[Text=and CharacterOffsetBegin=426 CharacterOffsetEnd=429 PartOfSpeech=CC]
[Text=the CharacterOffsetBegin=430 CharacterOffsetEnd=433 PartOfSpeech=DT]
[Text=Reach CharacterOffsetBegin=434 CharacterOffsetEnd=439 PartOfSpeech=NN]
[Text=with CharacterOffsetBegin=440 CharacterOffsetEnd=444 PartOfSpeech=IN]
[Text=the CharacterOffsetBegin=445 CharacterOffsetEnd=448 PartOfSpeech=DT]
[Text=purpose CharacterOffsetBegin=449 CharacterOffsetEnd=456 PartOfSpeech=NN]
[Text=of CharacterOffsetBegin=457 CharacterOffsetEnd=459 PartOfSpeech=IN]
[Text=taking CharacterOffsetBegin=460 CharacterOffsetEnd=466 PartOfSpeech=VBG]
[Text=the CharacterOffsetBegin=467 CharacterOffsetEnd=470 PartOfSpeech=DT]
[Text=throne CharacterOffsetBegin=471 CharacterOffsetEnd=477 PartOfSpeech=NN]
[Text=for CharacterOffsetBegin=478 CharacterOffsetEnd=481 PartOfSpeech=IN]
[Text=himself CharacterOffsetBegin=482 CharacterOffsetEnd=489 PartOfSpeech=PRP]
[Text=. CharacterOffsetBegin=489 CharacterOffsetEnd=490 PartOfSpeech=.]
Sentence #4 (10 tokens):
Whilst amassing his forces Renly meets Brienne of Tarth.
[Text=Whilst CharacterOffsetBegin=491 CharacterOffsetEnd=497 PartOfSpeech=IN]
[Text=amassing CharacterOffsetBegin=498 CharacterOffsetEnd=506 PartOfSpeech=VBG]
[Text=his CharacterOffsetBegin=507 CharacterOffsetEnd=510 PartOfSpeech=PRP$]
[Text=forces CharacterOffsetBegin=511 CharacterOffsetEnd=517 PartOfSpeech=NNS]
[Text=Renly CharacterOffsetBegin=518 CharacterOffsetEnd=523 PartOfSpeech=NNP]
[Text=meets CharacterOffsetBegin=524 CharacterOffsetEnd=529 PartOfSpeech=VBZ]
[Text=Brienne CharacterOffsetBegin=530 CharacterOffsetEnd=537 PartOfSpeech=NNP]
[Text=of CharacterOffsetBegin=538 CharacterOffsetEnd=540 PartOfSpeech=IN]
[Text=Tarth CharacterOffsetBegin=541 CharacterOffsetEnd=546 PartOfSpeech=NNP]
[Text=. CharacterOffsetBegin=546 CharacterOffsetEnd=547 PartOfSpeech=.]
Sentence #5 (11 tokens):
A massive female swordsman who is a very skilled fighter.
[Text=A CharacterOffsetBegin=548 CharacterOffsetEnd=549 PartOfSpeech=DT]
[Text=massive CharacterOffsetBegin=550 CharacterOffsetEnd=557 PartOfSpeech=JJ]
[Text=female CharacterOffsetBegin=558 CharacterOffsetEnd=564 PartOfSpeech=JJ]
[Text=swordsman CharacterOffsetBegin=565 CharacterOffsetEnd=574 PartOfSpeech=NN]
[Text=who CharacterOffsetBegin=575 CharacterOffsetEnd=578 PartOfSpeech=WP]
[Text=is CharacterOffsetBegin=579 CharacterOffsetEnd=581 PartOfSpeech=VBZ]
[Text=a CharacterOffsetBegin=582 CharacterOffsetEnd=583 PartOfSpeech=DT]
[Text=very CharacterOffsetBegin=584 CharacterOffsetEnd=588 PartOfSpeech=RB]
[Text=skilled CharacterOffsetBegin=589 CharacterOffsetEnd=596 PartOfSpeech=JJ]
[Text=fighter CharacterOffsetBegin=597 CharacterOffsetEnd=604 PartOfSpeech=NN]
[Text=. CharacterOffsetBegin=604 CharacterOffsetEnd=605 PartOfSpeech=.]
Sentence #6 (12 tokens):
Brienne offers Renly her sword and loyalty and Renly happily agrees.
[Text=Brienne CharacterOffsetBegin=606 CharacterOffsetEnd=613 PartOfSpeech=NNP]
[Text=offers CharacterOffsetBegin=614 CharacterOffsetEnd=620 PartOfSpeech=VBZ]
[Text=Renly CharacterOffsetBegin=621 CharacterOffsetEnd=626 PartOfSpeech=NNP]
[Text=her CharacterOffsetBegin=627 CharacterOffsetEnd=630 PartOfSpeech=PRP$]
[Text=sword CharacterOffsetBegin=631 CharacterOffsetEnd=636 PartOfSpeech=NN]
[Text=and CharacterOffsetBegin=637 CharacterOffsetEnd=640 PartOfSpeech=CC]
[Text=loyalty CharacterOffsetBegin=641 CharacterOffsetEnd=648 PartOfSpeech=NN]
[Text=and CharacterOffsetBegin=649 CharacterOffsetEnd=652 PartOfSpeech=CC]
[Text=Renly CharacterOffsetBegin=653 CharacterOffsetEnd=658 PartOfSpeech=NNP]
[Text=happily CharacterOffsetBegin=659 CharacterOffsetEnd=666 PartOfSpeech=RB]
[Text=agrees CharacterOffsetBegin=667 CharacterOffsetEnd=673 PartOfSpeech=VBZ]
[Text=. CharacterOffsetBegin=673 CharacterOffsetEnd=674 PartOfSpeech=.]
Sentence #7 (28 tokens):
On the other side of the map, sometime around Roberts death Stannis has met a priestess, named Melisandre, who worships the Lord of Light.
[Text=On CharacterOffsetBegin=676 CharacterOffsetEnd=678 PartOfSpeech=IN]
[Text=the CharacterOffsetBegin=679 CharacterOffsetEnd=682 PartOfSpeech=DT]
[Text=other CharacterOffsetBegin=683 CharacterOffsetEnd=688 PartOfSpeech=JJ]
[Text=side CharacterOffsetBegin=689 CharacterOffsetEnd=693 PartOfSpeech=NN]
[Text=of CharacterOffsetBegin=694 CharacterOffsetEnd=696 PartOfSpeech=IN]
[Text=the CharacterOffsetBegin=697 CharacterOffsetEnd=700 PartOfSpeech=DT]
[Text=map CharacterOffsetBegin=701 CharacterOffsetEnd=704 PartOfSpeech=NN]
[Text=, CharacterOffsetBegin=704 CharacterOffsetEnd=705 PartOfSpeech=,]
[Text=sometime CharacterOffsetBegin=706 CharacterOffsetEnd=714 PartOfSpeech=RB]
[Text=around CharacterOffsetBegin=715 CharacterOffsetEnd=721 PartOfSpeech=IN]
[Text=Roberts CharacterOffsetBegin=722 CharacterOffsetEnd=729 PartOfSpeech=NNP]
[Text=death CharacterOffsetBegin=730 CharacterOffsetEnd=735 PartOfSpeech=NN]
[Text=Stannis CharacterOffsetBegin=736 CharacterOffsetEnd=743 PartOfSpeech=NNP]
[Text=has CharacterOffsetBegin=744 CharacterOffsetEnd=747 PartOfSpeech=VBZ]
[Text=met CharacterOffsetBegin=748 CharacterOffsetEnd=751 PartOfSpeech=VBN]
[Text=a CharacterOffsetBegin=752 CharacterOffsetEnd=753 PartOfSpeech=DT]
[Text=priestess CharacterOffsetBegin=754 CharacterOffsetEnd=763 PartOfSpeech=NN]
[Text=, CharacterOffsetBegin=763 CharacterOffsetEnd=764 PartOfSpeech=,]
[Text=named CharacterOffsetBegin=765 CharacterOffsetEnd=770 PartOfSpeech=VBN]
[Text=Melisandre CharacterOffsetBegin=771 CharacterOffsetEnd=781 PartOfSpeech=NNP]
[Text=, CharacterOffsetBegin=781 CharacterOffsetEnd=782 PartOfSpeech=,]
[Text=who CharacterOffsetBegin=783 CharacterOffsetEnd=786 PartOfSpeech=WP]
[Text=worships CharacterOffsetBegin=787 CharacterOffsetEnd=795 PartOfSpeech=VBZ]
[Text=the CharacterOffsetBegin=796 CharacterOffsetEnd=799 PartOfSpeech=DT]
[Text=Lord CharacterOffsetBegin=800 CharacterOffsetEnd=804 PartOfSpeech=NN]
[Text=of CharacterOffsetBegin=805 CharacterOffsetEnd=807 PartOfSpeech=IN]
[Text=Light CharacterOffsetBegin=808 CharacterOffsetEnd=813 PartOfSpeech=NN]
[Text=. CharacterOffsetBegin=813 CharacterOffsetEnd=814 PartOfSpeech=.]
Sentence #8 (28 tokens):
Melisandre manages to talk Stannis into burning all the statues of the Old Gods in a show of faith to his new God (the LoL).
[Text=Melisandre CharacterOffsetBegin=815 CharacterOffsetEnd=825 PartOfSpeech=NNP]
[Text=manages CharacterOffsetBegin=826 CharacterOffsetEnd=833 PartOfSpeech=VBZ]
[Text=to CharacterOffsetBegin=834 CharacterOffsetEnd=836 PartOfSpeech=TO]
[Text=talk CharacterOffsetBegin=837 CharacterOffsetEnd=841 PartOfSpeech=VB]
[Text=Stannis CharacterOffsetBegin=842 CharacterOffsetEnd=849 PartOfSpeech=NNP]
[Text=into CharacterOffsetBegin=850 CharacterOffsetEnd=854 PartOfSpeech=IN]
[Text=burning CharacterOffsetBegin=855 CharacterOffsetEnd=862 PartOfSpeech=VBG]
[Text=all CharacterOffsetBegin=863 CharacterOffsetEnd=866 PartOfSpeech=PDT]
[Text=the CharacterOffsetBegin=867 CharacterOffsetEnd=870 PartOfSpeech=DT]
[Text=statues CharacterOffsetBegin=871 CharacterOffsetEnd=878 PartOfSpeech=NNS]
[Text=of CharacterOffsetBegin=879 CharacterOffsetEnd=881 PartOfSpeech=IN]
[Text=the CharacterOffsetBegin=882 CharacterOffsetEnd=885 PartOfSpeech=DT]
[Text=Old CharacterOffsetBegin=886 CharacterOffsetEnd=889 PartOfSpeech=NNP]
[Text=Gods CharacterOffsetBegin=890 CharacterOffsetEnd=894 PartOfSpeech=NNS]
[Text=in CharacterOffsetBegin=895 CharacterOffsetEnd=897 PartOfSpeech=IN]
[Text=a CharacterOffsetBegin=898 CharacterOffsetEnd=899 PartOfSpeech=DT]
[Text=show CharacterOffsetBegin=900 CharacterOffsetEnd=904 PartOfSpeech=NN]
[Text=of CharacterOffsetBegin=905 CharacterOffsetEnd=907 PartOfSpeech=IN]
[Text=faith CharacterOffsetBegin=908 CharacterOffsetEnd=913 PartOfSpeech=NN]
[Text=to CharacterOffsetBegin=914 CharacterOffsetEnd=916 PartOfSpeech=TO]
[Text=his CharacterOffsetBegin=917 CharacterOffsetEnd=920 PartOfSpeech=PRP$]
[Text=new CharacterOffsetBegin=921 CharacterOffsetEnd=924 PartOfSpeech=JJ]
[Text=God CharacterOffsetBegin=925 CharacterOffsetEnd=928 PartOfSpeech=NNP]
[Text=-LRB- CharacterOffsetBegin=929 CharacterOffsetEnd=930 PartOfSpeech=-LRB-]
[Text=the CharacterOffsetBegin=930 CharacterOffsetEnd=933 PartOfSpeech=DT]
[Text=LoL CharacterOffsetBegin=934 CharacterOffsetEnd=937 PartOfSpeech=NN]
[Text=-RRB- CharacterOffsetBegin=937 CharacterOffsetEnd=938 PartOfSpeech=-RRB-]
[Text=. CharacterOffsetBegin=938 CharacterOffsetEnd=939 PartOfSpeech=.]
Sentence #9 (22 tokens):
Stannis and Renly meet after Roberts death and pretty much trade insults before agreeing to disagree and start a civil war.
[Text=Stannis CharacterOffsetBegin=940 CharacterOffsetEnd=947 PartOfSpeech=NNP]
[Text=and CharacterOffsetBegin=948 CharacterOffsetEnd=951 PartOfSpeech=CC]
[Text=Renly CharacterOffsetBegin=952 CharacterOffsetEnd=957 PartOfSpeech=NNP]
[Text=meet CharacterOffsetBegin=958 CharacterOffsetEnd=962 PartOfSpeech=VB]
[Text=after CharacterOffsetBegin=963 CharacterOffsetEnd=968 PartOfSpeech=IN]
[Text=Roberts CharacterOffsetBegin=969 CharacterOffsetEnd=976 PartOfSpeech=NNP]
[Text=death CharacterOffsetBegin=977 CharacterOffsetEnd=982 PartOfSpeech=NN]
[Text=and CharacterOffsetBegin=983 CharacterOffsetEnd=986 PartOfSpeech=CC]
[Text=pretty CharacterOffsetBegin=987 CharacterOffsetEnd=993 PartOfSpeech=RB]
[Text=much CharacterOffsetBegin=994 CharacterOffsetEnd=998 PartOfSpeech=JJ]
[Text=trade CharacterOffsetBegin=999 CharacterOffsetEnd=1004 PartOfSpeech=NN]
[Text=insults CharacterOffsetBegin=1005 CharacterOffsetEnd=1012 PartOfSpeech=NNS]
[Text=before CharacterOffsetBegin=1013 CharacterOffsetEnd=1019 PartOfSpeech=IN]
[Text=agreeing CharacterOffsetBegin=1020 CharacterOffsetEnd=1028 PartOfSpeech=VBG]
[Text=to CharacterOffsetBegin=1029 CharacterOffsetEnd=1031 PartOfSpeech=TO]
[Text=disagree CharacterOffsetBegin=1032 CharacterOffsetEnd=1040 PartOfSpeech=VB]
[Text=and CharacterOffsetBegin=1041 CharacterOffsetEnd=1044 PartOfSpeech=CC]
[Text=start CharacterOffsetBegin=1045 CharacterOffsetEnd=1050 PartOfSpeech=VB]
[Text=a CharacterOffsetBegin=1051 CharacterOffsetEnd=1052 PartOfSpeech=DT]
[Text=civil CharacterOffsetBegin=1053 CharacterOffsetEnd=1058 PartOfSpeech=JJ]
[Text=war CharacterOffsetBegin=1059 CharacterOffsetEnd=1062 PartOfSpeech=NN]
[Text=. CharacterOffsetBegin=1062 CharacterOffsetEnd=1063 PartOfSpeech=.]
Sentence #10 (9 tokens):
After this meeting Stannis and Melisandre have sex.
[Text=After CharacterOffsetBegin=1064 CharacterOffsetEnd=1069 PartOfSpeech=IN]
[Text=this CharacterOffsetBegin=1070 CharacterOffsetEnd=1074 PartOfSpeech=DT]
[Text=meeting CharacterOffsetBegin=1075 CharacterOffsetEnd=1082 PartOfSpeech=NN]
[Text=Stannis CharacterOffsetBegin=1083 CharacterOffsetEnd=1090 PartOfSpeech=NNP]
[Text=and CharacterOffsetBegin=1091 CharacterOffsetEnd=1094 PartOfSpeech=CC]
[Text=Melisandre CharacterOffsetBegin=1095 CharacterOffsetEnd=1105 PartOfSpeech=NNP]
[Text=have CharacterOffsetBegin=1106 CharacterOffsetEnd=1110 PartOfSpeech=VBP]
[Text=sex CharacterOffsetBegin=1111 CharacterOffsetEnd=1114 PartOfSpeech=NN]
[Text=. CharacterOffsetBegin=1114 CharacterOffsetEnd=1115 PartOfSpeech=.]
Sentence #11 (33 tokens):
That night The onion knight sir Davos (Stannis' advisor) takes Melisandre on a row boat to a cave where she gets naked and reveals she is extremely extremely pregnant.
[Text=That CharacterOffsetBegin=1116 CharacterOffsetEnd=1120 PartOfSpeech=DT]
[Text=night CharacterOffsetBegin=1121 CharacterOffsetEnd=1126 PartOfSpeech=NN]
[Text=The CharacterOffsetBegin=1127 CharacterOffsetEnd=1130 PartOfSpeech=DT]
[Text=onion CharacterOffsetBegin=1131 CharacterOffsetEnd=1136 PartOfSpeech=JJ]
[Text=knight CharacterOffsetBegin=1137 CharacterOffsetEnd=1143 PartOfSpeech=NN]
[Text=sir CharacterOffsetBegin=1144 CharacterOffsetEnd=1147 PartOfSpeech=NN]
[Text=Davos CharacterOffsetBegin=1148 CharacterOffsetEnd=1153 PartOfSpeech=NNP]
[Text=-LRB- CharacterOffsetBegin=1154 CharacterOffsetEnd=1155 PartOfSpeech=-LRB-]
[Text=Stannis CharacterOffsetBegin=1155 CharacterOffsetEnd=1162 PartOfSpeech=NNP]
[Text=' CharacterOffsetBegin=1162 CharacterOffsetEnd=1163 PartOfSpeech=POS]
[Text=advisor CharacterOffsetBegin=1164 CharacterOffsetEnd=1171 PartOfSpeech=NN]
[Text=-RRB- CharacterOffsetBegin=1171 CharacterOffsetEnd=1172 PartOfSpeech=-RRB-]
[Text=takes CharacterOffsetBegin=1173 CharacterOffsetEnd=1178 PartOfSpeech=VBZ]
[Text=Melisandre CharacterOffsetBegin=1179 CharacterOffsetEnd=1189 PartOfSpeech=NNP]
[Text=on CharacterOffsetBegin=1190 CharacterOffsetEnd=1192 PartOfSpeech=IN]
[Text=a CharacterOffsetBegin=1193 CharacterOffsetEnd=1194 PartOfSpeech=DT]
[Text=row CharacterOffsetBegin=1195 CharacterOffsetEnd=1198 PartOfSpeech=NN]
[Text=boat CharacterOffsetBegin=1199 CharacterOffsetEnd=1203 PartOfSpeech=NN]
[Text=to CharacterOffsetBegin=1204 CharacterOffsetEnd=1206 PartOfSpeech=TO]
[Text=a CharacterOffsetBegin=1207 CharacterOffsetEnd=1208 PartOfSpeech=DT]
[Text=cave CharacterOffsetBegin=1209 CharacterOffsetEnd=1213 PartOfSpeech=NN]
[Text=where CharacterOffsetBegin=1214 CharacterOffsetEnd=1219 PartOfSpeech=WRB]
[Text=she CharacterOffsetBegin=1220 CharacterOffsetEnd=1223 PartOfSpeech=PRP]
[Text=gets CharacterOffsetBegin=1224 CharacterOffsetEnd=1228 PartOfSpeech=VBZ]
[Text=naked CharacterOffsetBegin=1229 CharacterOffsetEnd=1234 PartOfSpeech=JJ]
[Text=and CharacterOffsetBegin=1235 CharacterOffsetEnd=1238 PartOfSpeech=CC]
[Text=reveals CharacterOffsetBegin=1239 CharacterOffsetEnd=1246 PartOfSpeech=VBZ]
[Text=she CharacterOffsetBegin=1247 CharacterOffsetEnd=1250 PartOfSpeech=PRP]
[Text=is CharacterOffsetBegin=1251 CharacterOffsetEnd=1253 PartOfSpeech=VBZ]
[Text=extremely CharacterOffsetBegin=1254 CharacterOffsetEnd=1263 PartOfSpeech=RB]
[Text=extremely CharacterOffsetBegin=1264 CharacterOffsetEnd=1273 PartOfSpeech=RB]
[Text=pregnant CharacterOffsetBegin=1274 CharacterOffsetEnd=1282 PartOfSpeech=JJ]
[Text=. CharacterOffsetBegin=1282 CharacterOffsetEnd=1283 PartOfSpeech=.]
Sentence #12 (23 tokens):
Davos then watches as Melisandre goes into labor on the ground and pushes out a shadowy demon looking thing that floats away.
[Text=Davos CharacterOffsetBegin=1284 CharacterOffsetEnd=1289 PartOfSpeech=NNP]
[Text=then CharacterOffsetBegin=1290 CharacterOffsetEnd=1294 PartOfSpeech=RB]
[Text=watches CharacterOffsetBegin=1295 CharacterOffsetEnd=1302 PartOfSpeech=VBZ]
[Text=as CharacterOffsetBegin=1303 CharacterOffsetEnd=1305 PartOfSpeech=IN]
[Text=Melisandre CharacterOffsetBegin=1306 CharacterOffsetEnd=1316 PartOfSpeech=NNP]
[Text=goes CharacterOffsetBegin=1317 CharacterOffsetEnd=1321 PartOfSpeech=VBZ]
[Text=into CharacterOffsetBegin=1322 CharacterOffsetEnd=1326 PartOfSpeech=IN]
[Text=labor CharacterOffsetBegin=1327 CharacterOffsetEnd=1332 PartOfSpeech=NN]
[Text=on CharacterOffsetBegin=1333 CharacterOffsetEnd=1335 PartOfSpeech=IN]
[Text=the CharacterOffsetBegin=1336 CharacterOffsetEnd=1339 PartOfSpeech=DT]
[Text=ground CharacterOffsetBegin=1340 CharacterOffsetEnd=1346 PartOfSpeech=NN]
[Text=and CharacterOffsetBegin=1347 CharacterOffsetEnd=1350 PartOfSpeech=CC]
[Text=pushes CharacterOffsetBegin=1351 CharacterOffsetEnd=1357 PartOfSpeech=VBZ]
[Text=out CharacterOffsetBegin=1358 CharacterOffsetEnd=1361 PartOfSpeech=RP]
[Text=a CharacterOffsetBegin=1362 CharacterOffsetEnd=1363 PartOfSpeech=DT]
[Text=shadowy CharacterOffsetBegin=1364 CharacterOffsetEnd=1371 PartOfSpeech=JJ]
[Text=demon CharacterOffsetBegin=1372 CharacterOffsetEnd=1377 PartOfSpeech=NN]
[Text=looking CharacterOffsetBegin=1378 CharacterOffsetEnd=1385 PartOfSpeech=VBG]
[Text=thing CharacterOffsetBegin=1386 CharacterOffsetEnd=1391 PartOfSpeech=NN]
[Text=that CharacterOffsetBegin=1392 CharacterOffsetEnd=1396 PartOfSpeech=WDT]
[Text=floats CharacterOffsetBegin=1397 CharacterOffsetEnd=1403 PartOfSpeech=VBZ]
[Text=away CharacterOffsetBegin=1404 CharacterOffsetEnd=1408 PartOfSpeech=RB]
[Text=. CharacterOffsetBegin=1408 CharacterOffsetEnd=1409 PartOfSpeech=.]
Sentence #13 (18 tokens):
Later this night we see Renly Baratheon stabbed to death by this shadow which now resembles Stannis.
[Text=Later CharacterOffsetBegin=1410 CharacterOffsetEnd=1415 PartOfSpeech=RB]
[Text=this CharacterOffsetBegin=1416 CharacterOffsetEnd=1420 PartOfSpeech=DT]
[Text=night CharacterOffsetBegin=1421 CharacterOffsetEnd=1426 PartOfSpeech=NN]
[Text=we CharacterOffsetBegin=1427 CharacterOffsetEnd=1429 PartOfSpeech=PRP]
[Text=see CharacterOffsetBegin=1430 CharacterOffsetEnd=1433 PartOfSpeech=VBP]
[Text=Renly CharacterOffsetBegin=1434 CharacterOffsetEnd=1439 PartOfSpeech=NNP]
[Text=Baratheon CharacterOffsetBegin=1440 CharacterOffsetEnd=1449 PartOfSpeech=NNP]
[Text=stabbed CharacterOffsetBegin=1450 CharacterOffsetEnd=1457 PartOfSpeech=VBD]
[Text=to CharacterOffsetBegin=1458 CharacterOffsetEnd=1460 PartOfSpeech=TO]
[Text=death CharacterOffsetBegin=1461 CharacterOffsetEnd=1466 PartOfSpeech=NN]
[Text=by CharacterOffsetBegin=1467 CharacterOffsetEnd=1469 PartOfSpeech=IN]
[Text=this CharacterOffsetBegin=1470 CharacterOffsetEnd=1474 PartOfSpeech=DT]
[Text=shadow CharacterOffsetBegin=1475 CharacterOffsetEnd=1481 PartOfSpeech=NN]
[Text=which CharacterOffsetBegin=1482 CharacterOffsetEnd=1487 PartOfSpeech=WDT]
[Text=now CharacterOffsetBegin=1488 CharacterOffsetEnd=1491 PartOfSpeech=RB]
[Text=resembles CharacterOffsetBegin=1492 CharacterOffsetEnd=1501 PartOfSpeech=VBZ]
[Text=Stannis CharacterOffsetBegin=1502 CharacterOffsetEnd=1509 PartOfSpeech=NNP]
[Text=. CharacterOffsetBegin=1509 CharacterOffsetEnd=1510 PartOfSpeech=.]
Sentence #14 (10 tokens):
The event is witnessed by Brienne and Catelyn Stark.
[Text=The CharacterOffsetBegin=1511 CharacterOffsetEnd=1514 PartOfSpeech=DT]
[Text=event CharacterOffsetBegin=1515 CharacterOffsetEnd=1520 PartOfSpeech=NN]
[Text=is CharacterOffsetBegin=1521 CharacterOffsetEnd=1523 PartOfSpeech=VBZ]
[Text=witnessed CharacterOffsetBegin=1524 CharacterOffsetEnd=1533 PartOfSpeech=VBN]
[Text=by CharacterOffsetBegin=1534 CharacterOffsetEnd=1536 PartOfSpeech=IN]
[Text=Brienne CharacterOffsetBegin=1537 CharacterOffsetEnd=1544 PartOfSpeech=NNP]
[Text=and CharacterOffsetBegin=1545 CharacterOffsetEnd=1548 PartOfSpeech=CC]
[Text=Catelyn CharacterOffsetBegin=1549 CharacterOffsetEnd=1556 PartOfSpeech=NNP]
[Text=Stark CharacterOffsetBegin=1557 CharacterOffsetEnd=1562 PartOfSpeech=NNP]
[Text=. CharacterOffsetBegin=1562 CharacterOffsetEnd=1563 PartOfSpeech=.]
Sentence #15 (14 tokens):
Sometime after this, Melisandre is searching for Robert Baratheons bastard, Gendry.
[Text=Sometime CharacterOffsetBegin=1565 CharacterOffsetEnd=1573 PartOfSpeech=RB]
[Text=after CharacterOffsetBegin=1574 CharacterOffsetEnd=1579 PartOfSpeech=IN]
[Text=this CharacterOffsetBegin=1580 CharacterOffsetEnd=1584 PartOfSpeech=DT]
[Text=, CharacterOffsetBegin=1584 CharacterOffsetEnd=1585 PartOfSpeech=,]
[Text=Melisandre CharacterOffsetBegin=1586 CharacterOffsetEnd=1596 PartOfSpeech=NNP]
[Text=is CharacterOffsetBegin=1597 CharacterOffsetEnd=1599 PartOfSpeech=VBZ]
[Text=searching CharacterOffsetBegin=1600 CharacterOffsetEnd=1609 PartOfSpeech=VBG]
[Text=for CharacterOffsetBegin=1610 CharacterOffsetEnd=1613 PartOfSpeech=IN]
[Text=Robert CharacterOffsetBegin=1614 CharacterOffsetEnd=1620 PartOfSpeech=NNP]
[Text=Baratheons CharacterOffsetBegin=1621 CharacterOffsetEnd=1631 PartOfSpeech=NNP]
[Text=bastard CharacterOffsetBegin=1632 CharacterOffsetEnd=1639 PartOfSpeech=NN]
[Text=, CharacterOffsetBegin=1639 CharacterOffsetEnd=1640 PartOfSpeech=,]
[Text=Gendry CharacterOffsetBegin=1641 CharacterOffsetEnd=1647 PartOfSpeech=NN]
[Text=. CharacterOffsetBegin=1647 CharacterOffsetEnd=1648 PartOfSpeech=.]
Sentence #16 (18 tokens):
She eventually finds him with the Brothers Without Banners and manages to trade him for some supplies.
[Text=She CharacterOffsetBegin=1649 CharacterOffsetEnd=1652 PartOfSpeech=PRP]
[Text=eventually CharacterOffsetBegin=1653 CharacterOffsetEnd=1663 PartOfSpeech=RB]
[Text=finds CharacterOffsetBegin=1664 CharacterOffsetEnd=1669 PartOfSpeech=VBZ]
[Text=him CharacterOffsetBegin=1670 CharacterOffsetEnd=1673 PartOfSpeech=PRP]
[Text=with CharacterOffsetBegin=1674 CharacterOffsetEnd=1678 PartOfSpeech=IN]
[Text=the CharacterOffsetBegin=1679 CharacterOffsetEnd=1682 PartOfSpeech=DT]
[Text=Brothers CharacterOffsetBegin=1683 CharacterOffsetEnd=1691 PartOfSpeech=NN]
[Text=Without CharacterOffsetBegin=1692 CharacterOffsetEnd=1699 PartOfSpeech=IN]
[Text=Banners CharacterOffsetBegin=1700 CharacterOffsetEnd=1707 PartOfSpeech=NNS]
[Text=and CharacterOffsetBegin=1708 CharacterOffsetEnd=1711 PartOfSpeech=CC]
[Text=manages CharacterOffsetBegin=1712 CharacterOffsetEnd=1719 PartOfSpeech=VBZ]
[Text=to CharacterOffsetBegin=1720 CharacterOffsetEnd=1722 PartOfSpeech=TO]
[Text=trade CharacterOffsetBegin=1723 CharacterOffsetEnd=1728 PartOfSpeech=VB]
[Text=him CharacterOffsetBegin=1729 CharacterOffsetEnd=1732 PartOfSpeech=PRP]
[Text=for CharacterOffsetBegin=1733 CharacterOffsetEnd=1736 PartOfSpeech=IN]
[Text=some CharacterOffsetBegin=1737 CharacterOffsetEnd=1741 PartOfSpeech=DT]
[Text=supplies CharacterOffsetBegin=1742 CharacterOffsetEnd=1750 PartOfSpeech=NNS]
[Text=. CharacterOffsetBegin=1750 CharacterOffsetEnd=1751 PartOfSpeech=.]
Sentence #17 (27 tokens):
Unfortunately for Melisandre Gendry has a small friend named Arya Stark, who Melisandre briefly speaks with before saying, "we will meet again".
[Text=Unfortunately CharacterOffsetBegin=1752 CharacterOffsetEnd=1765 PartOfSpeech=RB]
[Text=for CharacterOffsetBegin=1766 CharacterOffsetEnd=1769 PartOfSpeech=IN]
[Text=Melisandre CharacterOffsetBegin=1770 CharacterOffsetEnd=1780 PartOfSpeech=NNP]
[Text=Gendry CharacterOffsetBegin=1781 CharacterOffsetEnd=1787 PartOfSpeech=NNP]
[Text=has CharacterOffsetBegin=1788 CharacterOffsetEnd=1791 PartOfSpeech=VBZ]
[Text=a CharacterOffsetBegin=1792 CharacterOffsetEnd=1793 PartOfSpeech=DT]
[Text=small CharacterOffsetBegin=1794 CharacterOffsetEnd=1799 PartOfSpeech=JJ]
[Text=friend CharacterOffsetBegin=1800 CharacterOffsetEnd=1806 PartOfSpeech=NN]
[Text=named CharacterOffsetBegin=1807 CharacterOffsetEnd=1812 PartOfSpeech=VBN]
[Text=Arya CharacterOffsetBegin=1813 CharacterOffsetEnd=1817 PartOfSpeech=NNP]
[Text=Stark CharacterOffsetBegin=1818 CharacterOffsetEnd=1823 PartOfSpeech=NNP]
[Text=, CharacterOffsetBegin=1823 CharacterOffsetEnd=1824 PartOfSpeech=,]
[Text=who CharacterOffsetBegin=1825 CharacterOffsetEnd=1828 PartOfSpeech=WP]
[Text=Melisandre CharacterOffsetBegin=1829 CharacterOffsetEnd=1839 PartOfSpeech=NNP]
[Text=briefly CharacterOffsetBegin=1840 CharacterOffsetEnd=1847 PartOfSpeech=NN]
[Text=speaks CharacterOffsetBegin=1848 CharacterOffsetEnd=1854 PartOfSpeech=VBZ]
[Text=with CharacterOffsetBegin=1855 CharacterOffsetEnd=1859 PartOfSpeech=IN]
[Text=before CharacterOffsetBegin=1860 CharacterOffsetEnd=1866 PartOfSpeech=IN]
[Text=saying CharacterOffsetBegin=1867 CharacterOffsetEnd=1873 PartOfSpeech=VBG]
[Text=, CharacterOffsetBegin=1873 CharacterOffsetEnd=1874 PartOfSpeech=,]
[Text=`` CharacterOffsetBegin=1875 CharacterOffsetEnd=1876 PartOfSpeech=``]
[Text=we CharacterOffsetBegin=1876 CharacterOffsetEnd=1878 PartOfSpeech=PRP]
[Text=will CharacterOffsetBegin=1879 CharacterOffsetEnd=1883 PartOfSpeech=MD]
[Text=meet CharacterOffsetBegin=1884 CharacterOffsetEnd=1888 PartOfSpeech=VB]
[Text=again CharacterOffsetBegin=1889 CharacterOffsetEnd=1894 PartOfSpeech=RB]
[Text='' CharacterOffsetBegin=1894 CharacterOffsetEnd=1895 PartOfSpeech='']
[Text=. CharacterOffsetBegin=1895 CharacterOffsetEnd=1896 PartOfSpeech=.]
Sentence #18 (3 tokens):
The end.
[Text=The CharacterOffsetBegin=1897 CharacterOffsetEnd=1900 PartOfSpeech=DT]
[Text=end CharacterOffsetBegin=1901 CharacterOffsetEnd=1904 PartOfSpeech=NN]
[Text=. CharacterOffsetBegin=1904 CharacterOffsetEnd=1905 PartOfSpeech=.]
Sentence #19 (56 tokens):
Evidence for the theory: At the end of season six Brienne is in the Riverlands after failing to recruit the Blackfish for Jon's battle against Ramsey and Melisandre has just been banished from the North by Jon and told to go South and never return for burning Stannis' daughter at the stake.
[Text=Evidence CharacterOffsetBegin=1907 CharacterOffsetEnd=1915 PartOfSpeech=NN]
[Text=for CharacterOffsetBegin=1916 CharacterOffsetEnd=1919 PartOfSpeech=IN]
[Text=the CharacterOffsetBegin=1920 CharacterOffsetEnd=1923 PartOfSpeech=DT]
[Text=theory CharacterOffsetBegin=1924 CharacterOffsetEnd=1930 PartOfSpeech=NN]
[Text=: CharacterOffsetBegin=1930 CharacterOffsetEnd=1931 PartOfSpeech=:]
[Text=At CharacterOffsetBegin=1932 CharacterOffsetEnd=1934 PartOfSpeech=IN]
[Text=the CharacterOffsetBegin=1935 CharacterOffsetEnd=1938 PartOfSpeech=DT]
[Text=end CharacterOffsetBegin=1939 CharacterOffsetEnd=1942 PartOfSpeech=NN]
[Text=of CharacterOffsetBegin=1943 CharacterOffsetEnd=1945 PartOfSpeech=IN]
[Text=season CharacterOffsetBegin=1946 CharacterOffsetEnd=1952 PartOfSpeech=NN]
[Text=six CharacterOffsetBegin=1953 CharacterOffsetEnd=1956 PartOfSpeech=CD]
[Text=Brienne CharacterOffsetBegin=1957 CharacterOffsetEnd=1964 PartOfSpeech=NNP]
[Text=is CharacterOffsetBegin=1965 CharacterOffsetEnd=1967 PartOfSpeech=VBZ]
[Text=in CharacterOffsetBegin=1968 CharacterOffsetEnd=1970 PartOfSpeech=IN]
[Text=the CharacterOffsetBegin=1971 CharacterOffsetEnd=1974 PartOfSpeech=DT]
[Text=Riverlands CharacterOffsetBegin=1975 CharacterOffsetEnd=1985 PartOfSpeech=NNPS]
[Text=after CharacterOffsetBegin=1986 CharacterOffsetEnd=1991 PartOfSpeech=IN]
[Text=failing CharacterOffsetBegin=1992 CharacterOffsetEnd=1999 PartOfSpeech=VBG]
[Text=to CharacterOffsetBegin=2000 CharacterOffsetEnd=2002 PartOfSpeech=TO]
[Text=recruit CharacterOffsetBegin=2003 CharacterOffsetEnd=2010 PartOfSpeech=VB]
[Text=the CharacterOffsetBegin=2011 CharacterOffsetEnd=2014 PartOfSpeech=DT]
[Text=Blackfish CharacterOffsetBegin=2015 CharacterOffsetEnd=2024 PartOfSpeech=NNP]
[Text=for CharacterOffsetBegin=2025 CharacterOffsetEnd=2028 PartOfSpeech=IN]
[Text=Jon CharacterOffsetBegin=2029 CharacterOffsetEnd=2032 PartOfSpeech=NNP]
[Text='s CharacterOffsetBegin=2032 CharacterOffsetEnd=2034 PartOfSpeech=POS]
[Text=battle CharacterOffsetBegin=2035 CharacterOffsetEnd=2041 PartOfSpeech=NN]
[Text=against CharacterOffsetBegin=2042 CharacterOffsetEnd=2049 PartOfSpeech=IN]
[Text=Ramsey CharacterOffsetBegin=2050 CharacterOffsetEnd=2056 PartOfSpeech=NNP]
[Text=and CharacterOffsetBegin=2057 CharacterOffsetEnd=2060 PartOfSpeech=CC]
[Text=Melisandre CharacterOffsetBegin=2061 CharacterOffsetEnd=2071 PartOfSpeech=NNP]
[Text=has CharacterOffsetBegin=2072 CharacterOffsetEnd=2075 PartOfSpeech=VBZ]
[Text=just CharacterOffsetBegin=2076 CharacterOffsetEnd=2080 PartOfSpeech=RB]
[Text=been CharacterOffsetBegin=2081 CharacterOffsetEnd=2085 PartOfSpeech=VBN]
[Text=banished CharacterOffsetBegin=2086 CharacterOffsetEnd=2094 PartOfSpeech=VBN]
[Text=from CharacterOffsetBegin=2095 CharacterOffsetEnd=2099 PartOfSpeech=IN]
[Text=the CharacterOffsetBegin=2100 CharacterOffsetEnd=2103 PartOfSpeech=DT]
[Text=North CharacterOffsetBegin=2104 CharacterOffsetEnd=2109 PartOfSpeech=NNP]
[Text=by CharacterOffsetBegin=2110 CharacterOffsetEnd=2112 PartOfSpeech=IN]
[Text=Jon CharacterOffsetBegin=2113 CharacterOffsetEnd=2116 PartOfSpeech=NNP]
[Text=and CharacterOffsetBegin=2117 CharacterOffsetEnd=2120 PartOfSpeech=CC]
[Text=told CharacterOffsetBegin=2121 CharacterOffsetEnd=2125 PartOfSpeech=VBD]
[Text=to CharacterOffsetBegin=2126 CharacterOffsetEnd=2128 PartOfSpeech=TO]
[Text=go CharacterOffsetBegin=2129 CharacterOffsetEnd=2131 PartOfSpeech=VB]
[Text=South CharacterOffsetBegin=2132 CharacterOffsetEnd=2137 PartOfSpeech=NNP]
[Text=and CharacterOffsetBegin=2138 CharacterOffsetEnd=2141 PartOfSpeech=CC]
[Text=never CharacterOffsetBegin=2142 CharacterOffsetEnd=2147 PartOfSpeech=RB]
[Text=return CharacterOffsetBegin=2148 CharacterOffsetEnd=2154 PartOfSpeech=VB]
[Text=for CharacterOffsetBegin=2155 CharacterOffsetEnd=2158 PartOfSpeech=IN]
[Text=burning CharacterOffsetBegin=2159 CharacterOffsetEnd=2166 PartOfSpeech=VBG]
[Text=Stannis CharacterOffsetBegin=2167 CharacterOffsetEnd=2174 PartOfSpeech=NNP]
[Text=' CharacterOffsetBegin=2174 CharacterOffsetEnd=2175 PartOfSpeech=POS]
[Text=daughter CharacterOffsetBegin=2176 CharacterOffsetEnd=2184 PartOfSpeech=NN]
[Text=at CharacterOffsetBegin=2185 CharacterOffsetEnd=2187 PartOfSpeech=IN]
[Text=the CharacterOffsetBegin=2188 CharacterOffsetEnd=2191 PartOfSpeech=DT]
[Text=stake CharacterOffsetBegin=2192 CharacterOffsetEnd=2197 PartOfSpeech=NN]
[Text=. CharacterOffsetBegin=2197 CharacterOffsetEnd=2198 PartOfSpeech=.]
Sentence #20 (37 tokens):
I believe Brienne and Melisandre already met at the Wall, though there wasn't any precedence to it at the time I believe a certain little girl near the Riverlands could stir some shit up.
[Text=I CharacterOffsetBegin=2199 CharacterOffsetEnd=2200 PartOfSpeech=PRP]
[Text=believe CharacterOffsetBegin=2201 CharacterOffsetEnd=2208 PartOfSpeech=VBP]
[Text=Brienne CharacterOffsetBegin=2209 CharacterOffsetEnd=2216 PartOfSpeech=NNP]
[Text=and CharacterOffsetBegin=2217 CharacterOffsetEnd=2220 PartOfSpeech=CC]
[Text=Melisandre CharacterOffsetBegin=2221 CharacterOffsetEnd=2231 PartOfSpeech=NNP]
[Text=already CharacterOffsetBegin=2232 CharacterOffsetEnd=2239 PartOfSpeech=RB]
[Text=met CharacterOffsetBegin=2240 CharacterOffsetEnd=2243 PartOfSpeech=VBD]
[Text=at CharacterOffsetBegin=2244 CharacterOffsetEnd=2246 PartOfSpeech=IN]
[Text=the CharacterOffsetBegin=2247 CharacterOffsetEnd=2250 PartOfSpeech=DT]
[Text=Wall CharacterOffsetBegin=2251 CharacterOffsetEnd=2255 PartOfSpeech=NNP]
[Text=, CharacterOffsetBegin=2255 CharacterOffsetEnd=2256 PartOfSpeech=,]
[Text=though CharacterOffsetBegin=2257 CharacterOffsetEnd=2263 PartOfSpeech=IN]
[Text=there CharacterOffsetBegin=2264 CharacterOffsetEnd=2269 PartOfSpeech=EX]
[Text=was CharacterOffsetBegin=2270 CharacterOffsetEnd=2273 PartOfSpeech=VBD]
[Text=n't CharacterOffsetBegin=2273 CharacterOffsetEnd=2276 PartOfSpeech=RB]
[Text=any CharacterOffsetBegin=2277 CharacterOffsetEnd=2280 PartOfSpeech=DT]
[Text=precedence CharacterOffsetBegin=2281 CharacterOffsetEnd=2291 PartOfSpeech=NN]
[Text=to CharacterOffsetBegin=2292 CharacterOffsetEnd=2294 PartOfSpeech=TO]
[Text=it CharacterOffsetBegin=2295 CharacterOffsetEnd=2297 PartOfSpeech=PRP]
[Text=at CharacterOffsetBegin=2298 CharacterOffsetEnd=2300 PartOfSpeech=IN]
[Text=the CharacterOffsetBegin=2301 CharacterOffsetEnd=2304 PartOfSpeech=DT]
[Text=time CharacterOffsetBegin=2305 CharacterOffsetEnd=2309 PartOfSpeech=NN]
[Text=I CharacterOffsetBegin=2310 CharacterOffsetEnd=2311 PartOfSpeech=PRP]
[Text=believe CharacterOffsetBegin=2312 CharacterOffsetEnd=2319 PartOfSpeech=VBP]
[Text=a CharacterOffsetBegin=2320 CharacterOffsetEnd=2321 PartOfSpeech=DT]
[Text=certain CharacterOffsetBegin=2322 CharacterOffsetEnd=2329 PartOfSpeech=JJ]
[Text=little CharacterOffsetBegin=2330 CharacterOffsetEnd=2336 PartOfSpeech=JJ]
[Text=girl CharacterOffsetBegin=2337 CharacterOffsetEnd=2341 PartOfSpeech=NN]
[Text=near CharacterOffsetBegin=2342 CharacterOffsetEnd=2346 PartOfSpeech=IN]
[Text=the CharacterOffsetBegin=2347 CharacterOffsetEnd=2350 PartOfSpeech=DT]
[Text=Riverlands CharacterOffsetBegin=2351 CharacterOffsetEnd=2361 PartOfSpeech=NNPS]
[Text=could CharacterOffsetBegin=2362 CharacterOffsetEnd=2367 PartOfSpeech=MD]
[Text=stir CharacterOffsetBegin=2368 CharacterOffsetEnd=2372 PartOfSpeech=VB]
[Text=some CharacterOffsetBegin=2373 CharacterOffsetEnd=2377 PartOfSpeech=DT]
[Text=shit CharacterOffsetBegin=2378 CharacterOffsetEnd=2382 PartOfSpeech=NN]
[Text=up CharacterOffsetBegin=2383 CharacterOffsetEnd=2385 PartOfSpeech=RP]
[Text=. CharacterOffsetBegin=2385 CharacterOffsetEnd=2386 PartOfSpeech=.]
Sentence #21 (39 tokens):
Arya Stark was murdering Frey's like they were hot cakes at the Towers the last time we saw her and I think it's very likely the three women could cross paths at some point next season.
[Text=Arya CharacterOffsetBegin=2387 CharacterOffsetEnd=2391 PartOfSpeech=NNP]
[Text=Stark CharacterOffsetBegin=2392 CharacterOffsetEnd=2397 PartOfSpeech=NNP]
[Text=was CharacterOffsetBegin=2398 CharacterOffsetEnd=2401 PartOfSpeech=VBD]
[Text=murdering CharacterOffsetBegin=2402 CharacterOffsetEnd=2411 PartOfSpeech=VBG]
[Text=Frey CharacterOffsetBegin=2412 CharacterOffsetEnd=2416 PartOfSpeech=NNP]
[Text='s CharacterOffsetBegin=2416 CharacterOffsetEnd=2418 PartOfSpeech=POS]
[Text=like CharacterOffsetBegin=2419 CharacterOffsetEnd=2423 PartOfSpeech=IN]
[Text=they CharacterOffsetBegin=2424 CharacterOffsetEnd=2428 PartOfSpeech=PRP]
[Text=were CharacterOffsetBegin=2429 CharacterOffsetEnd=2433 PartOfSpeech=VBD]
[Text=hot CharacterOffsetBegin=2434 CharacterOffsetEnd=2437 PartOfSpeech=JJ]
[Text=cakes CharacterOffsetBegin=2438 CharacterOffsetEnd=2443 PartOfSpeech=NNS]
[Text=at CharacterOffsetBegin=2444 CharacterOffsetEnd=2446 PartOfSpeech=IN]
[Text=the CharacterOffsetBegin=2447 CharacterOffsetEnd=2450 PartOfSpeech=DT]
[Text=Towers CharacterOffsetBegin=2451 CharacterOffsetEnd=2457 PartOfSpeech=NNP]
[Text=the CharacterOffsetBegin=2458 CharacterOffsetEnd=2461 PartOfSpeech=DT]
[Text=last CharacterOffsetBegin=2462 CharacterOffsetEnd=2466 PartOfSpeech=JJ]
[Text=time CharacterOffsetBegin=2467 CharacterOffsetEnd=2471 PartOfSpeech=NN]
[Text=we CharacterOffsetBegin=2472 CharacterOffsetEnd=2474 PartOfSpeech=PRP]
[Text=saw CharacterOffsetBegin=2475 CharacterOffsetEnd=2478 PartOfSpeech=VBD]
[Text=her CharacterOffsetBegin=2479 CharacterOffsetEnd=2482 PartOfSpeech=PRP]
[Text=and CharacterOffsetBegin=2483 CharacterOffsetEnd=2486 PartOfSpeech=CC]
[Text=I CharacterOffsetBegin=2487 CharacterOffsetEnd=2488 PartOfSpeech=PRP]
[Text=think CharacterOffsetBegin=2489 CharacterOffsetEnd=2494 PartOfSpeech=VBP]
[Text=it CharacterOffsetBegin=2495 CharacterOffsetEnd=2497 PartOfSpeech=PRP]
[Text='s CharacterOffsetBegin=2497 CharacterOffsetEnd=2499 PartOfSpeech=VBZ]
[Text=very CharacterOffsetBegin=2500 CharacterOffsetEnd=2504 PartOfSpeech=RB]
[Text=likely CharacterOffsetBegin=2505 CharacterOffsetEnd=2511 PartOfSpeech=JJ]
[Text=the CharacterOffsetBegin=2512 CharacterOffsetEnd=2515 PartOfSpeech=DT]
[Text=three CharacterOffsetBegin=2516 CharacterOffsetEnd=2521 PartOfSpeech=CD]
[Text=women CharacterOffsetBegin=2522 CharacterOffsetEnd=2527 PartOfSpeech=NNS]
[Text=could CharacterOffsetBegin=2528 CharacterOffsetEnd=2533 PartOfSpeech=MD]
[Text=cross CharacterOffsetBegin=2534 CharacterOffsetEnd=2539 PartOfSpeech=VB]
[Text=paths CharacterOffsetBegin=2540 CharacterOffsetEnd=2545 PartOfSpeech=NNS]
[Text=at CharacterOffsetBegin=2546 CharacterOffsetEnd=2548 PartOfSpeech=IN]
[Text=some CharacterOffsetBegin=2549 CharacterOffsetEnd=2553 PartOfSpeech=DT]
[Text=point CharacterOffsetBegin=2554 CharacterOffsetEnd=2559 PartOfSpeech=NN]
[Text=next CharacterOffsetBegin=2560 CharacterOffsetEnd=2564 PartOfSpeech=JJ]
[Text=season CharacterOffsetBegin=2565 CharacterOffsetEnd=2571 PartOfSpeech=NN]
[Text=. CharacterOffsetBegin=2571 CharacterOffsetEnd=2572 PartOfSpeech=.]
Sentence #22 (54 tokens):
I picture Brienne of Tarth running into Arya Stark, and then the two run into the Melisandre and Arya says something like, "Stannis Baratheons Red Witch" and Brienne connects some dots and goes, "I think she killed Renly" and then proceeds to cut Melisandre in half.
[Text=I CharacterOffsetBegin=2573 CharacterOffsetEnd=2574 PartOfSpeech=PRP]
[Text=picture CharacterOffsetBegin=2575 CharacterOffsetEnd=2582 PartOfSpeech=VBP]
[Text=Brienne CharacterOffsetBegin=2583 CharacterOffsetEnd=2590 PartOfSpeech=NNP]
[Text=of CharacterOffsetBegin=2591 CharacterOffsetEnd=2593 PartOfSpeech=IN]
[Text=Tarth CharacterOffsetBegin=2594 CharacterOffsetEnd=2599 PartOfSpeech=NNP]
[Text=running CharacterOffsetBegin=2600 CharacterOffsetEnd=2607 PartOfSpeech=VBG]
[Text=into CharacterOffsetBegin=2608 CharacterOffsetEnd=2612 PartOfSpeech=IN]
[Text=Arya CharacterOffsetBegin=2613 CharacterOffsetEnd=2617 PartOfSpeech=NNP]
[Text=Stark CharacterOffsetBegin=2618 CharacterOffsetEnd=2623 PartOfSpeech=NNP]
[Text=, CharacterOffsetBegin=2623 CharacterOffsetEnd=2624 PartOfSpeech=,]
[Text=and CharacterOffsetBegin=2625 CharacterOffsetEnd=2628 PartOfSpeech=CC]
[Text=then CharacterOffsetBegin=2629 CharacterOffsetEnd=2633 PartOfSpeech=RB]
[Text=the CharacterOffsetBegin=2634 CharacterOffsetEnd=2637 PartOfSpeech=DT]
[Text=two CharacterOffsetBegin=2638 CharacterOffsetEnd=2641 PartOfSpeech=CD]
[Text=run CharacterOffsetBegin=2642 CharacterOffsetEnd=2645 PartOfSpeech=VBP]
[Text=into CharacterOffsetBegin=2646 CharacterOffsetEnd=2650 PartOfSpeech=IN]
[Text=the CharacterOffsetBegin=2651 CharacterOffsetEnd=2654 PartOfSpeech=DT]
[Text=Melisandre CharacterOffsetBegin=2655 CharacterOffsetEnd=2665 PartOfSpeech=NNP]
[Text=and CharacterOffsetBegin=2666 CharacterOffsetEnd=2669 PartOfSpeech=CC]
[Text=Arya CharacterOffsetBegin=2670 CharacterOffsetEnd=2674 PartOfSpeech=NNP]
[Text=says CharacterOffsetBegin=2675 CharacterOffsetEnd=2679 PartOfSpeech=VBZ]
[Text=something CharacterOffsetBegin=2680 CharacterOffsetEnd=2689 PartOfSpeech=NN]
[Text=like CharacterOffsetBegin=2690 CharacterOffsetEnd=2694 PartOfSpeech=IN]
[Text=, CharacterOffsetBegin=2694 CharacterOffsetEnd=2695 PartOfSpeech=,]
[Text=`` CharacterOffsetBegin=2696 CharacterOffsetEnd=2697 PartOfSpeech=``]
[Text=Stannis CharacterOffsetBegin=2697 CharacterOffsetEnd=2704 PartOfSpeech=FW]
[Text=Baratheons CharacterOffsetBegin=2705 CharacterOffsetEnd=2715 PartOfSpeech=FW]
[Text=Red CharacterOffsetBegin=2716 CharacterOffsetEnd=2719 PartOfSpeech=JJ]
[Text=Witch CharacterOffsetBegin=2720 CharacterOffsetEnd=2725 PartOfSpeech=NN]
[Text='' CharacterOffsetBegin=2725 CharacterOffsetEnd=2726 PartOfSpeech='']
[Text=and CharacterOffsetBegin=2727 CharacterOffsetEnd=2730 PartOfSpeech=CC]
[Text=Brienne CharacterOffsetBegin=2731 CharacterOffsetEnd=2738 PartOfSpeech=NNP]
[Text=connects CharacterOffsetBegin=2739 CharacterOffsetEnd=2747 PartOfSpeech=VBZ]
[Text=some CharacterOffsetBegin=2748 CharacterOffsetEnd=2752 PartOfSpeech=DT]
[Text=dots CharacterOffsetBegin=2753 CharacterOffsetEnd=2757 PartOfSpeech=NNS]
[Text=and CharacterOffsetBegin=2758 CharacterOffsetEnd=2761 PartOfSpeech=CC]
[Text=goes CharacterOffsetBegin=2762 CharacterOffsetEnd=2766 PartOfSpeech=VBZ]
[Text=, CharacterOffsetBegin=2766 CharacterOffsetEnd=2767 PartOfSpeech=,]
[Text=`` CharacterOffsetBegin=2768 CharacterOffsetEnd=2769 PartOfSpeech=``]
[Text=I CharacterOffsetBegin=2769 CharacterOffsetEnd=2770 PartOfSpeech=PRP]
[Text=think CharacterOffsetBegin=2771 CharacterOffsetEnd=2776 PartOfSpeech=VBP]
[Text=she CharacterOffsetBegin=2777 CharacterOffsetEnd=2780 PartOfSpeech=PRP]
[Text=killed CharacterOffsetBegin=2781 CharacterOffsetEnd=2787 PartOfSpeech=VBD]
[Text=Renly CharacterOffsetBegin=2788 CharacterOffsetEnd=2793 PartOfSpeech=NNP]
[Text='' CharacterOffsetBegin=2793 CharacterOffsetEnd=2794 PartOfSpeech='']
[Text=and CharacterOffsetBegin=2795 CharacterOffsetEnd=2798 PartOfSpeech=CC]
[Text=then CharacterOffsetBegin=2799 CharacterOffsetEnd=2803 PartOfSpeech=RB]
[Text=proceeds CharacterOffsetBegin=2804 CharacterOffsetEnd=2812 PartOfSpeech=VBZ]
[Text=to CharacterOffsetBegin=2813 CharacterOffsetEnd=2815 PartOfSpeech=TO]
[Text=cut CharacterOffsetBegin=2816 CharacterOffsetEnd=2819 PartOfSpeech=VB]
[Text=Melisandre CharacterOffsetBegin=2820 CharacterOffsetEnd=2830 PartOfSpeech=NNP]
[Text=in CharacterOffsetBegin=2831 CharacterOffsetEnd=2833 PartOfSpeech=IN]
[Text=half CharacterOffsetBegin=2834 CharacterOffsetEnd=2838 PartOfSpeech=NN]
[Text=. CharacterOffsetBegin=2838 CharacterOffsetEnd=2839 PartOfSpeech=.]
Sentence #23 (21 tokens):
There's so many different ways this can happen but I think it'll be some variation of this theory.
[Text=There CharacterOffsetBegin=2840 CharacterOffsetEnd=2845 PartOfSpeech=EX]
[Text='s CharacterOffsetBegin=2845 CharacterOffsetEnd=2847 PartOfSpeech=VBZ]
[Text=so CharacterOffsetBegin=2848 CharacterOffsetEnd=2850 PartOfSpeech=RB]
[Text=many CharacterOffsetBegin=2851 CharacterOffsetEnd=2855 PartOfSpeech=JJ]
[Text=different CharacterOffsetBegin=2856 CharacterOffsetEnd=2865 PartOfSpeech=JJ]
[Text=ways CharacterOffsetBegin=2866 CharacterOffsetEnd=2870 PartOfSpeech=NNS]
[Text=this CharacterOffsetBegin=2871 CharacterOffsetEnd=2875 PartOfSpeech=DT]
[Text=can CharacterOffsetBegin=2876 CharacterOffsetEnd=2879 PartOfSpeech=MD]
[Text=happen CharacterOffsetBegin=2880 CharacterOffsetEnd=2886 PartOfSpeech=VB]
[Text=but CharacterOffsetBegin=2887 CharacterOffsetEnd=2890 PartOfSpeech=CC]
[Text=I CharacterOffsetBegin=2891 CharacterOffsetEnd=2892 PartOfSpeech=PRP]
[Text=think CharacterOffsetBegin=2893 CharacterOffsetEnd=2898 PartOfSpeech=VBP]
[Text=it CharacterOffsetBegin=2899 CharacterOffsetEnd=2901 PartOfSpeech=PRP]
[Text='ll CharacterOffsetBegin=2901 CharacterOffsetEnd=2904 PartOfSpeech=MD]
[Text=be CharacterOffsetBegin=2905 CharacterOffsetEnd=2907 PartOfSpeech=VB]
[Text=some CharacterOffsetBegin=2908 CharacterOffsetEnd=2912 PartOfSpeech=DT]
[Text=variation CharacterOffsetBegin=2913 CharacterOffsetEnd=2922 PartOfSpeech=NN]
[Text=of CharacterOffsetBegin=2923 CharacterOffsetEnd=2925 PartOfSpeech=IN]
[Text=this CharacterOffsetBegin=2926 CharacterOffsetEnd=2930 PartOfSpeech=DT]
[Text=theory CharacterOffsetBegin=2931 CharacterOffsetEnd=2937 PartOfSpeech=NN]
[Text=. CharacterOffsetBegin=2937 CharacterOffsetEnd=2938 PartOfSpeech=.]
Sentence #24 (33 tokens):
There's a far off chance that Brienne might manage to forgive Melisandre, given all the time that's past and her having already killed Stannis but I really doubt it.
[Text=There CharacterOffsetBegin=2940 CharacterOffsetEnd=2945 PartOfSpeech=EX]
[Text='s CharacterOffsetBegin=2945 CharacterOffsetEnd=2947 PartOfSpeech=VBZ]
[Text=a CharacterOffsetBegin=2948 CharacterOffsetEnd=2949 PartOfSpeech=DT]
[Text=far CharacterOffsetBegin=2950 CharacterOffsetEnd=2953 PartOfSpeech=RB]
[Text=off CharacterOffsetBegin=2954 CharacterOffsetEnd=2957 PartOfSpeech=IN]
[Text=chance CharacterOffsetBegin=2958 CharacterOffsetEnd=2964 PartOfSpeech=NN]
[Text=that CharacterOffsetBegin=2965 CharacterOffsetEnd=2969 PartOfSpeech=WDT]
[Text=Brienne CharacterOffsetBegin=2970 CharacterOffsetEnd=2977 PartOfSpeech=NNP]
[Text=might CharacterOffsetBegin=2978 CharacterOffsetEnd=2983 PartOfSpeech=MD]
[Text=manage CharacterOffsetBegin=2984 CharacterOffsetEnd=2990 PartOfSpeech=VB]
[Text=to CharacterOffsetBegin=2991 CharacterOffsetEnd=2993 PartOfSpeech=TO]
[Text=forgive CharacterOffsetBegin=2994 CharacterOffsetEnd=3001 PartOfSpeech=VB]
[Text=Melisandre CharacterOffsetBegin=3002 CharacterOffsetEnd=3012 PartOfSpeech=NNP]
[Text=, CharacterOffsetBegin=3012 CharacterOffsetEnd=3013 PartOfSpeech=,]
[Text=given CharacterOffsetBegin=3014 CharacterOffsetEnd=3019 PartOfSpeech=VBN]
[Text=all CharacterOffsetBegin=3020 CharacterOffsetEnd=3023 PartOfSpeech=PDT]
[Text=the CharacterOffsetBegin=3024 CharacterOffsetEnd=3027 PartOfSpeech=DT]
[Text=time CharacterOffsetBegin=3028 CharacterOffsetEnd=3032 PartOfSpeech=NN]
[Text=that CharacterOffsetBegin=3033 CharacterOffsetEnd=3037 PartOfSpeech=WDT]
[Text='s CharacterOffsetBegin=3037 CharacterOffsetEnd=3039 PartOfSpeech=VBZ]
[Text=past CharacterOffsetBegin=3040 CharacterOffsetEnd=3044 PartOfSpeech=JJ]
[Text=and CharacterOffsetBegin=3045 CharacterOffsetEnd=3048 PartOfSpeech=CC]
[Text=her CharacterOffsetBegin=3049 CharacterOffsetEnd=3052 PartOfSpeech=PRP$]
[Text=having CharacterOffsetBegin=3053 CharacterOffsetEnd=3059 PartOfSpeech=VBG]
[Text=already CharacterOffsetBegin=3060 CharacterOffsetEnd=3067 PartOfSpeech=RB]
[Text=killed CharacterOffsetBegin=3068 CharacterOffsetEnd=3074 PartOfSpeech=VBN]
[Text=Stannis CharacterOffsetBegin=3075 CharacterOffsetEnd=3082 PartOfSpeech=NNP]
[Text=but CharacterOffsetBegin=3083 CharacterOffsetEnd=3086 PartOfSpeech=CC]
[Text=I CharacterOffsetBegin=3087 CharacterOffsetEnd=3088 PartOfSpeech=PRP]
[Text=really CharacterOffsetBegin=3089 CharacterOffsetEnd=3095 PartOfSpeech=RB]
[Text=doubt CharacterOffsetBegin=3096 CharacterOffsetEnd=3101 PartOfSpeech=VBP]
[Text=it CharacterOffsetBegin=3102 CharacterOffsetEnd=3104 PartOfSpeech=PRP]
[Text=. CharacterOffsetBegin=3104 CharacterOffsetEnd=3105 PartOfSpeech=.]
Sentence #25 (24 tokens):
If she does manage to forgive Melisandre and joins up with the BWB and goes back North I think Davos will kill her.
[Text=If CharacterOffsetBegin=3106 CharacterOffsetEnd=3108 PartOfSpeech=IN]
[Text=she CharacterOffsetBegin=3109 CharacterOffsetEnd=3112 PartOfSpeech=PRP]
[Text=does CharacterOffsetBegin=3113 CharacterOffsetEnd=3117 PartOfSpeech=VBZ]
[Text=manage CharacterOffsetBegin=3118 CharacterOffsetEnd=3124 PartOfSpeech=VB]
[Text=to CharacterOffsetBegin=3125 CharacterOffsetEnd=3127 PartOfSpeech=TO]
[Text=forgive CharacterOffsetBegin=3128 CharacterOffsetEnd=3135 PartOfSpeech=VB]
[Text=Melisandre CharacterOffsetBegin=3136 CharacterOffsetEnd=3146 PartOfSpeech=NNP]
[Text=and CharacterOffsetBegin=3147 CharacterOffsetEnd=3150 PartOfSpeech=CC]
[Text=joins CharacterOffsetBegin=3151 CharacterOffsetEnd=3156 PartOfSpeech=VBZ]
[Text=up CharacterOffsetBegin=3157 CharacterOffsetEnd=3159 PartOfSpeech=RP]
[Text=with CharacterOffsetBegin=3160 CharacterOffsetEnd=3164 PartOfSpeech=IN]
[Text=the CharacterOffsetBegin=3165 CharacterOffsetEnd=3168 PartOfSpeech=DT]
[Text=BWB CharacterOffsetBegin=3169 CharacterOffsetEnd=3172 PartOfSpeech=NN]
[Text=and CharacterOffsetBegin=3173 CharacterOffsetEnd=3176 PartOfSpeech=CC]
[Text=goes CharacterOffsetBegin=3177 CharacterOffsetEnd=3181 PartOfSpeech=VBZ]
[Text=back CharacterOffsetBegin=3182 CharacterOffsetEnd=3186 PartOfSpeech=RB]
[Text=North CharacterOffsetBegin=3187 CharacterOffsetEnd=3192 PartOfSpeech=JJ]
[Text=I CharacterOffsetBegin=3193 CharacterOffsetEnd=3194 PartOfSpeech=PRP]
[Text=think CharacterOffsetBegin=3195 CharacterOffsetEnd=3200 PartOfSpeech=VBP]
[Text=Davos CharacterOffsetBegin=3201 CharacterOffsetEnd=3206 PartOfSpeech=NNP]
[Text=will CharacterOffsetBegin=3207 CharacterOffsetEnd=3211 PartOfSpeech=MD]
[Text=kill CharacterOffsetBegin=3212 CharacterOffsetEnd=3216 PartOfSpeech=VB]
[Text=her CharacterOffsetBegin=3217 CharacterOffsetEnd=3220 PartOfSpeech=PRP]
[Text=. CharacterOffsetBegin=3220 CharacterOffsetEnd=3221 PartOfSpeech=.]
Sentence #26 (21 tokens):
I think the future is very bleak for the Red Lady and serious karma for Stannis' daughter is inevitable.
[Text=I CharacterOffsetBegin=3222 CharacterOffsetEnd=3223 PartOfSpeech=PRP]
[Text=think CharacterOffsetBegin=3224 CharacterOffsetEnd=3229 PartOfSpeech=VBP]
[Text=the CharacterOffsetBegin=3230 CharacterOffsetEnd=3233 PartOfSpeech=DT]
[Text=future CharacterOffsetBegin=3234 CharacterOffsetEnd=3240 PartOfSpeech=NN]
[Text=is CharacterOffsetBegin=3241 CharacterOffsetEnd=3243 PartOfSpeech=VBZ]
[Text=very CharacterOffsetBegin=3244 CharacterOffsetEnd=3248 PartOfSpeech=RB]
[Text=bleak CharacterOffsetBegin=3249 CharacterOffsetEnd=3254 PartOfSpeech=JJ]
[Text=for CharacterOffsetBegin=3255 CharacterOffsetEnd=3258 PartOfSpeech=IN]
[Text=the CharacterOffsetBegin=3259 CharacterOffsetEnd=3262 PartOfSpeech=DT]
[Text=Red CharacterOffsetBegin=3263 CharacterOffsetEnd=3266 PartOfSpeech=NNP]
[Text=Lady CharacterOffsetBegin=3267 CharacterOffsetEnd=3271 PartOfSpeech=NNP]
[Text=and CharacterOffsetBegin=3272 CharacterOffsetEnd=3275 PartOfSpeech=CC]
[Text=serious CharacterOffsetBegin=3276 CharacterOffsetEnd=3283 PartOfSpeech=JJ]
[Text=karma CharacterOffsetBegin=3284 CharacterOffsetEnd=3289 PartOfSpeech=NN]
[Text=for CharacterOffsetBegin=3290 CharacterOffsetEnd=3293 PartOfSpeech=IN]
[Text=Stannis CharacterOffsetBegin=3294 CharacterOffsetEnd=3301 PartOfSpeech=NNP]
[Text=' CharacterOffsetBegin=3301 CharacterOffsetEnd=3302 PartOfSpeech=POS]
[Text=daughter CharacterOffsetBegin=3303 CharacterOffsetEnd=3311 PartOfSpeech=NN]
[Text=is CharacterOffsetBegin=3312 CharacterOffsetEnd=3314 PartOfSpeech=VBZ]
[Text=inevitable CharacterOffsetBegin=3315 CharacterOffsetEnd=3325 PartOfSpeech=JJ]
[Text=. CharacterOffsetBegin=3325 CharacterOffsetEnd=3326 PartOfSpeech=.]
