Sentence #1 (43 tokens):
The Hound Will Lead The Brothers Without Banners To Kings Landing

A short history lesson: Once upon a time Ned Stark discovered the Lannister conspiracy which involved none of Cersei Lannister's children having any legitimate claim to the iron throne.
[Text=The CharacterOffsetBegin=0 CharacterOffsetEnd=3 PartOfSpeech=DT]
[Text=Hound CharacterOffsetBegin=4 CharacterOffsetEnd=9 PartOfSpeech=NNP]
[Text=Will CharacterOffsetBegin=10 CharacterOffsetEnd=14 PartOfSpeech=NNP]
[Text=Lead CharacterOffsetBegin=15 CharacterOffsetEnd=19 PartOfSpeech=JJ]
[Text=The CharacterOffsetBegin=20 CharacterOffsetEnd=23 PartOfSpeech=DT]
[Text=Brothers CharacterOffsetBegin=24 CharacterOffsetEnd=32 PartOfSpeech=NN]
[Text=Without CharacterOffsetBegin=33 CharacterOffsetEnd=40 PartOfSpeech=IN]
[Text=Banners CharacterOffsetBegin=41 CharacterOffsetEnd=48 PartOfSpeech=NNS]
[Text=To CharacterOffsetBegin=49 CharacterOffsetEnd=51 PartOfSpeech=TO]
[Text=Kings CharacterOffsetBegin=52 CharacterOffsetEnd=57 PartOfSpeech=NNPS]
[Text=Landing CharacterOffsetBegin=58 CharacterOffsetEnd=65 PartOfSpeech=NN]
[Text=A CharacterOffsetBegin=67 CharacterOffsetEnd=68 PartOfSpeech=DT]
[Text=short CharacterOffsetBegin=69 CharacterOffsetEnd=74 PartOfSpeech=JJ]
[Text=history CharacterOffsetBegin=75 CharacterOffsetEnd=82 PartOfSpeech=NN]
[Text=lesson CharacterOffsetBegin=83 CharacterOffsetEnd=89 PartOfSpeech=NN]
[Text=: CharacterOffsetBegin=89 CharacterOffsetEnd=90 PartOfSpeech=:]
[Text=Once CharacterOffsetBegin=91 CharacterOffsetEnd=95 PartOfSpeech=RB]
[Text=upon CharacterOffsetBegin=96 CharacterOffsetEnd=100 PartOfSpeech=IN]
[Text=a CharacterOffsetBegin=101 CharacterOffsetEnd=102 PartOfSpeech=DT]
[Text=time CharacterOffsetBegin=103 CharacterOffsetEnd=107 PartOfSpeech=NN]
[Text=Ned CharacterOffsetBegin=108 CharacterOffsetEnd=111 PartOfSpeech=NNP]
[Text=Stark CharacterOffsetBegin=112 CharacterOffsetEnd=117 PartOfSpeech=NNP]
[Text=discovered CharacterOffsetBegin=118 CharacterOffsetEnd=128 PartOfSpeech=VBD]
[Text=the CharacterOffsetBegin=129 CharacterOffsetEnd=132 PartOfSpeech=DT]
[Text=Lannister CharacterOffsetBegin=133 CharacterOffsetEnd=142 PartOfSpeech=NNP]
[Text=conspiracy CharacterOffsetBegin=143 CharacterOffsetEnd=153 PartOfSpeech=NN]
[Text=which CharacterOffsetBegin=154 CharacterOffsetEnd=159 PartOfSpeech=WDT]
[Text=involved CharacterOffsetBegin=160 CharacterOffsetEnd=168 PartOfSpeech=VBD]
[Text=none CharacterOffsetBegin=169 CharacterOffsetEnd=173 PartOfSpeech=NN]
[Text=of CharacterOffsetBegin=174 CharacterOffsetEnd=176 PartOfSpeech=IN]
[Text=Cersei CharacterOffsetBegin=177 CharacterOffsetEnd=183 PartOfSpeech=NNP]
[Text=Lannister CharacterOffsetBegin=184 CharacterOffsetEnd=193 PartOfSpeech=NNP]
[Text='s CharacterOffsetBegin=193 CharacterOffsetEnd=195 PartOfSpeech=POS]
[Text=children CharacterOffsetBegin=196 CharacterOffsetEnd=204 PartOfSpeech=NNS]
[Text=having CharacterOffsetBegin=205 CharacterOffsetEnd=211 PartOfSpeech=VBG]
[Text=any CharacterOffsetBegin=212 CharacterOffsetEnd=215 PartOfSpeech=DT]
[Text=legitimate CharacterOffsetBegin=216 CharacterOffsetEnd=226 PartOfSpeech=JJ]
[Text=claim CharacterOffsetBegin=227 CharacterOffsetEnd=232 PartOfSpeech=NN]
[Text=to CharacterOffsetBegin=233 CharacterOffsetEnd=235 PartOfSpeech=TO]
[Text=the CharacterOffsetBegin=236 CharacterOffsetEnd=239 PartOfSpeech=DT]
[Text=iron CharacterOffsetBegin=240 CharacterOffsetEnd=244 PartOfSpeech=NN]
[Text=throne CharacterOffsetBegin=245 CharacterOffsetEnd=251 PartOfSpeech=NN]
[Text=. CharacterOffsetBegin=251 CharacterOffsetEnd=252 PartOfSpeech=.]
Sentence #2 (32 tokens):
A short time after this Ned Stark was put in charge of the Seven Kingdoms while King Robert was either out hunting or gravely injured (can't remember specifically).
[Text=A CharacterOffsetBegin=253 CharacterOffsetEnd=254 PartOfSpeech=DT]
[Text=short CharacterOffsetBegin=255 CharacterOffsetEnd=260 PartOfSpeech=JJ]
[Text=time CharacterOffsetBegin=261 CharacterOffsetEnd=265 PartOfSpeech=NN]
[Text=after CharacterOffsetBegin=266 CharacterOffsetEnd=271 PartOfSpeech=IN]
[Text=this CharacterOffsetBegin=272 CharacterOffsetEnd=276 PartOfSpeech=DT]
[Text=Ned CharacterOffsetBegin=277 CharacterOffsetEnd=280 PartOfSpeech=NNP]
[Text=Stark CharacterOffsetBegin=281 CharacterOffsetEnd=286 PartOfSpeech=NNP]
[Text=was CharacterOffsetBegin=287 CharacterOffsetEnd=290 PartOfSpeech=VBD]
[Text=put CharacterOffsetBegin=291 CharacterOffsetEnd=294 PartOfSpeech=VBN]
[Text=in CharacterOffsetBegin=295 CharacterOffsetEnd=297 PartOfSpeech=IN]
[Text=charge CharacterOffsetBegin=298 CharacterOffsetEnd=304 PartOfSpeech=NN]
[Text=of CharacterOffsetBegin=305 CharacterOffsetEnd=307 PartOfSpeech=IN]
[Text=the CharacterOffsetBegin=308 CharacterOffsetEnd=311 PartOfSpeech=DT]
[Text=Seven CharacterOffsetBegin=312 CharacterOffsetEnd=317 PartOfSpeech=CD]
[Text=Kingdoms CharacterOffsetBegin=318 CharacterOffsetEnd=326 PartOfSpeech=NNS]
[Text=while CharacterOffsetBegin=327 CharacterOffsetEnd=332 PartOfSpeech=IN]
[Text=King CharacterOffsetBegin=333 CharacterOffsetEnd=337 PartOfSpeech=NNP]
[Text=Robert CharacterOffsetBegin=338 CharacterOffsetEnd=344 PartOfSpeech=NNP]
[Text=was CharacterOffsetBegin=345 CharacterOffsetEnd=348 PartOfSpeech=VBD]
[Text=either CharacterOffsetBegin=349 CharacterOffsetEnd=355 PartOfSpeech=CC]
[Text=out CharacterOffsetBegin=356 CharacterOffsetEnd=359 PartOfSpeech=IN]
[Text=hunting CharacterOffsetBegin=360 CharacterOffsetEnd=367 PartOfSpeech=NN]
[Text=or CharacterOffsetBegin=368 CharacterOffsetEnd=370 PartOfSpeech=CC]
[Text=gravely CharacterOffsetBegin=371 CharacterOffsetEnd=378 PartOfSpeech=RB]
[Text=injured CharacterOffsetBegin=379 CharacterOffsetEnd=386 PartOfSpeech=VBN]
[Text=-LRB- CharacterOffsetBegin=387 CharacterOffsetEnd=388 PartOfSpeech=-LRB-]
[Text=ca CharacterOffsetBegin=388 CharacterOffsetEnd=390 PartOfSpeech=MD]
[Text=n't CharacterOffsetBegin=390 CharacterOffsetEnd=393 PartOfSpeech=RB]
[Text=remember CharacterOffsetBegin=394 CharacterOffsetEnd=402 PartOfSpeech=VB]
[Text=specifically CharacterOffsetBegin=403 CharacterOffsetEnd=415 PartOfSpeech=RB]
[Text=-RRB- CharacterOffsetBegin=415 CharacterOffsetEnd=416 PartOfSpeech=-RRB-]
[Text=. CharacterOffsetBegin=416 CharacterOffsetEnd=417 PartOfSpeech=.]
Sentence #3 (26 tokens):
But while listening to troubles of the people, Ned Stark learned of Sir Gregor "The Mountain" Clegane raiding and burning a village.
[Text=But CharacterOffsetBegin=418 CharacterOffsetEnd=421 PartOfSpeech=CC]
[Text=while CharacterOffsetBegin=422 CharacterOffsetEnd=427 PartOfSpeech=IN]
[Text=listening CharacterOffsetBegin=428 CharacterOffsetEnd=437 PartOfSpeech=VBG]
[Text=to CharacterOffsetBegin=438 CharacterOffsetEnd=440 PartOfSpeech=TO]
[Text=troubles CharacterOffsetBegin=441 CharacterOffsetEnd=449 PartOfSpeech=NNS]
[Text=of CharacterOffsetBegin=450 CharacterOffsetEnd=452 PartOfSpeech=IN]
[Text=the CharacterOffsetBegin=453 CharacterOffsetEnd=456 PartOfSpeech=DT]
[Text=people CharacterOffsetBegin=457 CharacterOffsetEnd=463 PartOfSpeech=NNS]
[Text=, CharacterOffsetBegin=463 CharacterOffsetEnd=464 PartOfSpeech=,]
[Text=Ned CharacterOffsetBegin=465 CharacterOffsetEnd=468 PartOfSpeech=NNP]
[Text=Stark CharacterOffsetBegin=469 CharacterOffsetEnd=474 PartOfSpeech=NNP]
[Text=learned CharacterOffsetBegin=475 CharacterOffsetEnd=482 PartOfSpeech=VBD]
[Text=of CharacterOffsetBegin=483 CharacterOffsetEnd=485 PartOfSpeech=IN]
[Text=Sir CharacterOffsetBegin=486 CharacterOffsetEnd=489 PartOfSpeech=NNP]
[Text=Gregor CharacterOffsetBegin=490 CharacterOffsetEnd=496 PartOfSpeech=NNP]
[Text=`` CharacterOffsetBegin=497 CharacterOffsetEnd=498 PartOfSpeech=``]
[Text=The CharacterOffsetBegin=498 CharacterOffsetEnd=501 PartOfSpeech=DT]
[Text=Mountain CharacterOffsetBegin=502 CharacterOffsetEnd=510 PartOfSpeech=NNP]
[Text='' CharacterOffsetBegin=510 CharacterOffsetEnd=511 PartOfSpeech='']
[Text=Clegane CharacterOffsetBegin=512 CharacterOffsetEnd=519 PartOfSpeech=NNP]
[Text=raiding CharacterOffsetBegin=520 CharacterOffsetEnd=527 PartOfSpeech=NN]
[Text=and CharacterOffsetBegin=528 CharacterOffsetEnd=531 PartOfSpeech=CC]
[Text=burning CharacterOffsetBegin=532 CharacterOffsetEnd=539 PartOfSpeech=VBG]
[Text=a CharacterOffsetBegin=540 CharacterOffsetEnd=541 PartOfSpeech=DT]
[Text=village CharacterOffsetBegin=542 CharacterOffsetEnd=549 PartOfSpeech=NN]
[Text=. CharacterOffsetBegin=549 CharacterOffsetEnd=550 PartOfSpeech=.]
Sentence #4 (31 tokens):
The Mountain was Tywin Lannister's personal bodyguard so Ned felt the need to strike swiftly and retract all The Mountains titles, property, and would demand his arrest.
[Text=The CharacterOffsetBegin=551 CharacterOffsetEnd=554 PartOfSpeech=DT]
[Text=Mountain CharacterOffsetBegin=555 CharacterOffsetEnd=563 PartOfSpeech=NNP]
[Text=was CharacterOffsetBegin=564 CharacterOffsetEnd=567 PartOfSpeech=VBD]
[Text=Tywin CharacterOffsetBegin=568 CharacterOffsetEnd=573 PartOfSpeech=NNP]
[Text=Lannister CharacterOffsetBegin=574 CharacterOffsetEnd=583 PartOfSpeech=NNP]
[Text='s CharacterOffsetBegin=583 CharacterOffsetEnd=585 PartOfSpeech=POS]
[Text=personal CharacterOffsetBegin=586 CharacterOffsetEnd=594 PartOfSpeech=JJ]
[Text=bodyguard CharacterOffsetBegin=595 CharacterOffsetEnd=604 PartOfSpeech=NN]
[Text=so CharacterOffsetBegin=605 CharacterOffsetEnd=607 PartOfSpeech=RB]
[Text=Ned CharacterOffsetBegin=608 CharacterOffsetEnd=611 PartOfSpeech=NNP]
[Text=felt CharacterOffsetBegin=612 CharacterOffsetEnd=616 PartOfSpeech=VBD]
[Text=the CharacterOffsetBegin=617 CharacterOffsetEnd=620 PartOfSpeech=DT]
[Text=need CharacterOffsetBegin=621 CharacterOffsetEnd=625 PartOfSpeech=NN]
[Text=to CharacterOffsetBegin=626 CharacterOffsetEnd=628 PartOfSpeech=TO]
[Text=strike CharacterOffsetBegin=629 CharacterOffsetEnd=635 PartOfSpeech=VB]
[Text=swiftly CharacterOffsetBegin=636 CharacterOffsetEnd=643 PartOfSpeech=RB]
[Text=and CharacterOffsetBegin=644 CharacterOffsetEnd=647 PartOfSpeech=CC]
[Text=retract CharacterOffsetBegin=648 CharacterOffsetEnd=655 PartOfSpeech=VB]
[Text=all CharacterOffsetBegin=656 CharacterOffsetEnd=659 PartOfSpeech=DT]
[Text=The CharacterOffsetBegin=660 CharacterOffsetEnd=663 PartOfSpeech=DT]
[Text=Mountains CharacterOffsetBegin=664 CharacterOffsetEnd=673 PartOfSpeech=NNS]
[Text=titles CharacterOffsetBegin=674 CharacterOffsetEnd=680 PartOfSpeech=NNS]
[Text=, CharacterOffsetBegin=680 CharacterOffsetEnd=681 PartOfSpeech=,]
[Text=property CharacterOffsetBegin=682 CharacterOffsetEnd=690 PartOfSpeech=NN]
[Text=, CharacterOffsetBegin=690 CharacterOffsetEnd=691 PartOfSpeech=,]
[Text=and CharacterOffsetBegin=692 CharacterOffsetEnd=695 PartOfSpeech=CC]
[Text=would CharacterOffsetBegin=696 CharacterOffsetEnd=701 PartOfSpeech=MD]
[Text=demand CharacterOffsetBegin=702 CharacterOffsetEnd=708 PartOfSpeech=VB]
[Text=his CharacterOffsetBegin=709 CharacterOffsetEnd=712 PartOfSpeech=PRP$]
[Text=arrest CharacterOffsetBegin=713 CharacterOffsetEnd=719 PartOfSpeech=NN]
[Text=. CharacterOffsetBegin=719 CharacterOffsetEnd=720 PartOfSpeech=.]
Sentence #5 (2 tokens):
Well.
[Text=Well CharacterOffsetBegin=721 CharacterOffsetEnd=725 PartOfSpeech=UH]
[Text=. CharacterOffsetBegin=725 CharacterOffsetEnd=726 PartOfSpeech=.]
Sentence #6 (1 tokens):
.
[Text=. CharacterOffsetBegin=726 CharacterOffsetEnd=727 PartOfSpeech=.]
Sentence #7 (42 tokens):
the group of knights who Ned had sent to arrest The Mountain would be decimated by Sir Gregor and they decided to say "fuck it" and became the Brothers Without Banners and would proceed to fight for no one.
[Text=the CharacterOffsetBegin=728 CharacterOffsetEnd=731 PartOfSpeech=DT]
[Text=group CharacterOffsetBegin=732 CharacterOffsetEnd=737 PartOfSpeech=NN]
[Text=of CharacterOffsetBegin=738 CharacterOffsetEnd=740 PartOfSpeech=IN]
[Text=knights CharacterOffsetBegin=741 CharacterOffsetEnd=748 PartOfSpeech=NNS]
[Text=who CharacterOffsetBegin=749 CharacterOffsetEnd=752 PartOfSpeech=WP]
[Text=Ned CharacterOffsetBegin=753 CharacterOffsetEnd=756 PartOfSpeech=NNP]
[Text=had CharacterOffsetBegin=757 CharacterOffsetEnd=760 PartOfSpeech=VBD]
[Text=sent CharacterOffsetBegin=761 CharacterOffsetEnd=765 PartOfSpeech=VBN]
[Text=to CharacterOffsetBegin=766 CharacterOffsetEnd=768 PartOfSpeech=TO]
[Text=arrest CharacterOffsetBegin=769 CharacterOffsetEnd=775 PartOfSpeech=VB]
[Text=The CharacterOffsetBegin=776 CharacterOffsetEnd=779 PartOfSpeech=DT]
[Text=Mountain CharacterOffsetBegin=780 CharacterOffsetEnd=788 PartOfSpeech=NNP]
[Text=would CharacterOffsetBegin=789 CharacterOffsetEnd=794 PartOfSpeech=MD]
[Text=be CharacterOffsetBegin=795 CharacterOffsetEnd=797 PartOfSpeech=VB]
[Text=decimated CharacterOffsetBegin=798 CharacterOffsetEnd=807 PartOfSpeech=VBN]
[Text=by CharacterOffsetBegin=808 CharacterOffsetEnd=810 PartOfSpeech=IN]
[Text=Sir CharacterOffsetBegin=811 CharacterOffsetEnd=814 PartOfSpeech=NNP]
[Text=Gregor CharacterOffsetBegin=815 CharacterOffsetEnd=821 PartOfSpeech=NNP]
[Text=and CharacterOffsetBegin=822 CharacterOffsetEnd=825 PartOfSpeech=CC]
[Text=they CharacterOffsetBegin=826 CharacterOffsetEnd=830 PartOfSpeech=PRP]
[Text=decided CharacterOffsetBegin=831 CharacterOffsetEnd=838 PartOfSpeech=VBD]
[Text=to CharacterOffsetBegin=839 CharacterOffsetEnd=841 PartOfSpeech=TO]
[Text=say CharacterOffsetBegin=842 CharacterOffsetEnd=845 PartOfSpeech=VB]
[Text=`` CharacterOffsetBegin=846 CharacterOffsetEnd=847 PartOfSpeech=``]
[Text=fuck CharacterOffsetBegin=847 CharacterOffsetEnd=851 PartOfSpeech=VB]
[Text=it CharacterOffsetBegin=852 CharacterOffsetEnd=854 PartOfSpeech=PRP]
[Text='' CharacterOffsetBegin=854 CharacterOffsetEnd=855 PartOfSpeech='']
[Text=and CharacterOffsetBegin=856 CharacterOffsetEnd=859 PartOfSpeech=CC]
[Text=became CharacterOffsetBegin=860 CharacterOffsetEnd=866 PartOfSpeech=VBD]
[Text=the CharacterOffsetBegin=867 CharacterOffsetEnd=870 PartOfSpeech=DT]
[Text=Brothers CharacterOffsetBegin=871 CharacterOffsetEnd=879 PartOfSpeech=NN]
[Text=Without CharacterOffsetBegin=880 CharacterOffsetEnd=887 PartOfSpeech=IN]
[Text=Banners CharacterOffsetBegin=888 CharacterOffsetEnd=895 PartOfSpeech=NNS]
[Text=and CharacterOffsetBegin=896 CharacterOffsetEnd=899 PartOfSpeech=CC]
[Text=would CharacterOffsetBegin=900 CharacterOffsetEnd=905 PartOfSpeech=MD]
[Text=proceed CharacterOffsetBegin=906 CharacterOffsetEnd=913 PartOfSpeech=VB]
[Text=to CharacterOffsetBegin=914 CharacterOffsetEnd=916 PartOfSpeech=TO]
[Text=fight CharacterOffsetBegin=917 CharacterOffsetEnd=922 PartOfSpeech=VB]
[Text=for CharacterOffsetBegin=923 CharacterOffsetEnd=926 PartOfSpeech=IN]
[Text=no CharacterOffsetBegin=927 CharacterOffsetEnd=929 PartOfSpeech=DT]
[Text=one CharacterOffsetBegin=930 CharacterOffsetEnd=933 PartOfSpeech=NN]
[Text=. CharacterOffsetBegin=933 CharacterOffsetEnd=934 PartOfSpeech=.]
Sentence #8 (3 tokens):
The end.
[Text=The CharacterOffsetBegin=935 CharacterOffsetEnd=938 PartOfSpeech=DT]
[Text=end CharacterOffsetBegin=939 CharacterOffsetEnd=942 PartOfSpeech=NN]
[Text=. CharacterOffsetBegin=942 CharacterOffsetEnd=943 PartOfSpeech=.]
Sentence #9 (22 tokens):
Now fast forward 6 seasons and Sandor "The Hound" Clegane is in the Riverlands with the Brothers Without Banners.
[Text=Now CharacterOffsetBegin=945 CharacterOffsetEnd=948 PartOfSpeech=RB]
[Text=fast CharacterOffsetBegin=949 CharacterOffsetEnd=953 PartOfSpeech=RB]
[Text=forward CharacterOffsetBegin=954 CharacterOffsetEnd=961 PartOfSpeech=RB]
[Text=6 CharacterOffsetBegin=962 CharacterOffsetEnd=963 PartOfSpeech=CD]
[Text=seasons CharacterOffsetBegin=964 CharacterOffsetEnd=971 PartOfSpeech=NNS]
[Text=and CharacterOffsetBegin=972 CharacterOffsetEnd=975 PartOfSpeech=CC]
[Text=Sandor CharacterOffsetBegin=976 CharacterOffsetEnd=982 PartOfSpeech=NNP]
[Text=`` CharacterOffsetBegin=983 CharacterOffsetEnd=984 PartOfSpeech=``]
[Text=The CharacterOffsetBegin=984 CharacterOffsetEnd=987 PartOfSpeech=DT]
[Text=Hound CharacterOffsetBegin=988 CharacterOffsetEnd=993 PartOfSpeech=NNP]
[Text='' CharacterOffsetBegin=993 CharacterOffsetEnd=994 PartOfSpeech='']
[Text=Clegane CharacterOffsetBegin=995 CharacterOffsetEnd=1002 PartOfSpeech=NNP]
[Text=is CharacterOffsetBegin=1003 CharacterOffsetEnd=1005 PartOfSpeech=VBZ]
[Text=in CharacterOffsetBegin=1006 CharacterOffsetEnd=1008 PartOfSpeech=IN]
[Text=the CharacterOffsetBegin=1009 CharacterOffsetEnd=1012 PartOfSpeech=DT]
[Text=Riverlands CharacterOffsetBegin=1013 CharacterOffsetEnd=1023 PartOfSpeech=NNPS]
[Text=with CharacterOffsetBegin=1024 CharacterOffsetEnd=1028 PartOfSpeech=IN]
[Text=the CharacterOffsetBegin=1029 CharacterOffsetEnd=1032 PartOfSpeech=DT]
[Text=Brothers CharacterOffsetBegin=1033 CharacterOffsetEnd=1041 PartOfSpeech=NN]
[Text=Without CharacterOffsetBegin=1042 CharacterOffsetEnd=1049 PartOfSpeech=IN]
[Text=Banners CharacterOffsetBegin=1050 CharacterOffsetEnd=1057 PartOfSpeech=NNS]
[Text=. CharacterOffsetBegin=1057 CharacterOffsetEnd=1058 PartOfSpeech=.]
Sentence #10 (30 tokens):
Last we see of the Hound he is being offered a chance to travel with the BWB to the far as hell North to fight the "Darkness".
[Text=Last CharacterOffsetBegin=1059 CharacterOffsetEnd=1063 PartOfSpeech=JJ]
[Text=we CharacterOffsetBegin=1064 CharacterOffsetEnd=1066 PartOfSpeech=PRP]
[Text=see CharacterOffsetBegin=1067 CharacterOffsetEnd=1070 PartOfSpeech=VBP]
[Text=of CharacterOffsetBegin=1071 CharacterOffsetEnd=1073 PartOfSpeech=IN]
[Text=the CharacterOffsetBegin=1074 CharacterOffsetEnd=1077 PartOfSpeech=DT]
[Text=Hound CharacterOffsetBegin=1078 CharacterOffsetEnd=1083 PartOfSpeech=NNP]
[Text=he CharacterOffsetBegin=1084 CharacterOffsetEnd=1086 PartOfSpeech=PRP]
[Text=is CharacterOffsetBegin=1087 CharacterOffsetEnd=1089 PartOfSpeech=VBZ]
[Text=being CharacterOffsetBegin=1090 CharacterOffsetEnd=1095 PartOfSpeech=VBG]
[Text=offered CharacterOffsetBegin=1096 CharacterOffsetEnd=1103 PartOfSpeech=VBN]
[Text=a CharacterOffsetBegin=1104 CharacterOffsetEnd=1105 PartOfSpeech=DT]
[Text=chance CharacterOffsetBegin=1106 CharacterOffsetEnd=1112 PartOfSpeech=NN]
[Text=to CharacterOffsetBegin=1113 CharacterOffsetEnd=1115 PartOfSpeech=TO]
[Text=travel CharacterOffsetBegin=1116 CharacterOffsetEnd=1122 PartOfSpeech=VB]
[Text=with CharacterOffsetBegin=1123 CharacterOffsetEnd=1127 PartOfSpeech=IN]
[Text=the CharacterOffsetBegin=1128 CharacterOffsetEnd=1131 PartOfSpeech=DT]
[Text=BWB CharacterOffsetBegin=1132 CharacterOffsetEnd=1135 PartOfSpeech=NN]
[Text=to CharacterOffsetBegin=1136 CharacterOffsetEnd=1138 PartOfSpeech=TO]
[Text=the CharacterOffsetBegin=1139 CharacterOffsetEnd=1142 PartOfSpeech=DT]
[Text=far CharacterOffsetBegin=1143 CharacterOffsetEnd=1146 PartOfSpeech=RB]
[Text=as CharacterOffsetBegin=1147 CharacterOffsetEnd=1149 PartOfSpeech=IN]
[Text=hell CharacterOffsetBegin=1150 CharacterOffsetEnd=1154 PartOfSpeech=NN]
[Text=North CharacterOffsetBegin=1155 CharacterOffsetEnd=1160 PartOfSpeech=NN]
[Text=to CharacterOffsetBegin=1161 CharacterOffsetEnd=1163 PartOfSpeech=TO]
[Text=fight CharacterOffsetBegin=1164 CharacterOffsetEnd=1169 PartOfSpeech=VB]
[Text=the CharacterOffsetBegin=1170 CharacterOffsetEnd=1173 PartOfSpeech=DT]
[Text=`` CharacterOffsetBegin=1174 CharacterOffsetEnd=1175 PartOfSpeech=``]
[Text=Darkness CharacterOffsetBegin=1175 CharacterOffsetEnd=1183 PartOfSpeech=NN]
[Text='' CharacterOffsetBegin=1183 CharacterOffsetEnd=1184 PartOfSpeech='']
[Text=. CharacterOffsetBegin=1184 CharacterOffsetEnd=1185 PartOfSpeech=.]
Sentence #11 (36 tokens):
We never see his reply so its possible he says fuck all that and this theory is killed immediately, but if he does decide to join the BWB this theory does gain slight momentum.
[Text=We CharacterOffsetBegin=1186 CharacterOffsetEnd=1188 PartOfSpeech=PRP]
[Text=never CharacterOffsetBegin=1189 CharacterOffsetEnd=1194 PartOfSpeech=RB]
[Text=see CharacterOffsetBegin=1195 CharacterOffsetEnd=1198 PartOfSpeech=VBP]
[Text=his CharacterOffsetBegin=1199 CharacterOffsetEnd=1202 PartOfSpeech=PRP$]
[Text=reply CharacterOffsetBegin=1203 CharacterOffsetEnd=1208 PartOfSpeech=NN]
[Text=so CharacterOffsetBegin=1209 CharacterOffsetEnd=1211 PartOfSpeech=IN]
[Text=its CharacterOffsetBegin=1212 CharacterOffsetEnd=1215 PartOfSpeech=PRP$]
[Text=possible CharacterOffsetBegin=1216 CharacterOffsetEnd=1224 PartOfSpeech=JJ]
[Text=he CharacterOffsetBegin=1225 CharacterOffsetEnd=1227 PartOfSpeech=PRP]
[Text=says CharacterOffsetBegin=1228 CharacterOffsetEnd=1232 PartOfSpeech=VBZ]
[Text=fuck CharacterOffsetBegin=1233 CharacterOffsetEnd=1237 PartOfSpeech=VB]
[Text=all CharacterOffsetBegin=1238 CharacterOffsetEnd=1241 PartOfSpeech=DT]
[Text=that CharacterOffsetBegin=1242 CharacterOffsetEnd=1246 PartOfSpeech=DT]
[Text=and CharacterOffsetBegin=1247 CharacterOffsetEnd=1250 PartOfSpeech=CC]
[Text=this CharacterOffsetBegin=1251 CharacterOffsetEnd=1255 PartOfSpeech=DT]
[Text=theory CharacterOffsetBegin=1256 CharacterOffsetEnd=1262 PartOfSpeech=NN]
[Text=is CharacterOffsetBegin=1263 CharacterOffsetEnd=1265 PartOfSpeech=VBZ]
[Text=killed CharacterOffsetBegin=1266 CharacterOffsetEnd=1272 PartOfSpeech=VBN]
[Text=immediately CharacterOffsetBegin=1273 CharacterOffsetEnd=1284 PartOfSpeech=RB]
[Text=, CharacterOffsetBegin=1284 CharacterOffsetEnd=1285 PartOfSpeech=,]
[Text=but CharacterOffsetBegin=1286 CharacterOffsetEnd=1289 PartOfSpeech=CC]
[Text=if CharacterOffsetBegin=1290 CharacterOffsetEnd=1292 PartOfSpeech=IN]
[Text=he CharacterOffsetBegin=1293 CharacterOffsetEnd=1295 PartOfSpeech=PRP]
[Text=does CharacterOffsetBegin=1296 CharacterOffsetEnd=1300 PartOfSpeech=VBZ]
[Text=decide CharacterOffsetBegin=1301 CharacterOffsetEnd=1307 PartOfSpeech=VB]
[Text=to CharacterOffsetBegin=1308 CharacterOffsetEnd=1310 PartOfSpeech=TO]
[Text=join CharacterOffsetBegin=1311 CharacterOffsetEnd=1315 PartOfSpeech=VB]
[Text=the CharacterOffsetBegin=1316 CharacterOffsetEnd=1319 PartOfSpeech=DT]
[Text=BWB CharacterOffsetBegin=1320 CharacterOffsetEnd=1323 PartOfSpeech=NN]
[Text=this CharacterOffsetBegin=1324 CharacterOffsetEnd=1328 PartOfSpeech=DT]
[Text=theory CharacterOffsetBegin=1329 CharacterOffsetEnd=1335 PartOfSpeech=NN]
[Text=does CharacterOffsetBegin=1336 CharacterOffsetEnd=1340 PartOfSpeech=VBZ]
[Text=gain CharacterOffsetBegin=1341 CharacterOffsetEnd=1345 PartOfSpeech=VB]
[Text=slight CharacterOffsetBegin=1346 CharacterOffsetEnd=1352 PartOfSpeech=JJ]
[Text=momentum CharacterOffsetBegin=1353 CharacterOffsetEnd=1361 PartOfSpeech=NN]
[Text=. CharacterOffsetBegin=1361 CharacterOffsetEnd=1362 PartOfSpeech=.]
Sentence #12 (27 tokens):
This all depends also on a little catalyst named Arya Stark also being at least near the Riverlands having just killed Waldur Frey at the towers.
[Text=This CharacterOffsetBegin=1363 CharacterOffsetEnd=1367 PartOfSpeech=DT]
[Text=all CharacterOffsetBegin=1368 CharacterOffsetEnd=1371 PartOfSpeech=DT]
[Text=depends CharacterOffsetBegin=1372 CharacterOffsetEnd=1379 PartOfSpeech=VBZ]
[Text=also CharacterOffsetBegin=1380 CharacterOffsetEnd=1384 PartOfSpeech=RB]
[Text=on CharacterOffsetBegin=1385 CharacterOffsetEnd=1387 PartOfSpeech=IN]
[Text=a CharacterOffsetBegin=1388 CharacterOffsetEnd=1389 PartOfSpeech=DT]
[Text=little CharacterOffsetBegin=1390 CharacterOffsetEnd=1396 PartOfSpeech=JJ]
[Text=catalyst CharacterOffsetBegin=1397 CharacterOffsetEnd=1405 PartOfSpeech=NN]
[Text=named CharacterOffsetBegin=1406 CharacterOffsetEnd=1411 PartOfSpeech=VBN]
[Text=Arya CharacterOffsetBegin=1412 CharacterOffsetEnd=1416 PartOfSpeech=NNP]
[Text=Stark CharacterOffsetBegin=1417 CharacterOffsetEnd=1422 PartOfSpeech=NNP]
[Text=also CharacterOffsetBegin=1423 CharacterOffsetEnd=1427 PartOfSpeech=RB]
[Text=being CharacterOffsetBegin=1428 CharacterOffsetEnd=1433 PartOfSpeech=VBG]
[Text=at CharacterOffsetBegin=1434 CharacterOffsetEnd=1436 PartOfSpeech=IN]
[Text=least CharacterOffsetBegin=1437 CharacterOffsetEnd=1442 PartOfSpeech=JJS]
[Text=near CharacterOffsetBegin=1443 CharacterOffsetEnd=1447 PartOfSpeech=IN]
[Text=the CharacterOffsetBegin=1448 CharacterOffsetEnd=1451 PartOfSpeech=DT]
[Text=Riverlands CharacterOffsetBegin=1452 CharacterOffsetEnd=1462 PartOfSpeech=NNPS]
[Text=having CharacterOffsetBegin=1463 CharacterOffsetEnd=1469 PartOfSpeech=VBG]
[Text=just CharacterOffsetBegin=1470 CharacterOffsetEnd=1474 PartOfSpeech=RB]
[Text=killed CharacterOffsetBegin=1475 CharacterOffsetEnd=1481 PartOfSpeech=VBN]
[Text=Waldur CharacterOffsetBegin=1482 CharacterOffsetEnd=1488 PartOfSpeech=NNP]
[Text=Frey CharacterOffsetBegin=1489 CharacterOffsetEnd=1493 PartOfSpeech=NNP]
[Text=at CharacterOffsetBegin=1494 CharacterOffsetEnd=1496 PartOfSpeech=IN]
[Text=the CharacterOffsetBegin=1497 CharacterOffsetEnd=1500 PartOfSpeech=DT]
[Text=towers CharacterOffsetBegin=1501 CharacterOffsetEnd=1507 PartOfSpeech=NNS]
[Text=. CharacterOffsetBegin=1507 CharacterOffsetEnd=1508 PartOfSpeech=.]
Sentence #13 (34 tokens):
Having just crossed a name off her list, it's not outrageous to assume Arya would try to kill the two leaders of the BWB if she were to come upon them.
[Text=Having CharacterOffsetBegin=1509 CharacterOffsetEnd=1515 PartOfSpeech=VBG]
[Text=just CharacterOffsetBegin=1516 CharacterOffsetEnd=1520 PartOfSpeech=RB]
[Text=crossed CharacterOffsetBegin=1521 CharacterOffsetEnd=1528 PartOfSpeech=VBD]
[Text=a CharacterOffsetBegin=1529 CharacterOffsetEnd=1530 PartOfSpeech=DT]
[Text=name CharacterOffsetBegin=1531 CharacterOffsetEnd=1535 PartOfSpeech=NN]
[Text=off CharacterOffsetBegin=1536 CharacterOffsetEnd=1539 PartOfSpeech=IN]
[Text=her CharacterOffsetBegin=1540 CharacterOffsetEnd=1543 PartOfSpeech=PRP$]
[Text=list CharacterOffsetBegin=1544 CharacterOffsetEnd=1548 PartOfSpeech=NN]
[Text=, CharacterOffsetBegin=1548 CharacterOffsetEnd=1549 PartOfSpeech=,]
[Text=it CharacterOffsetBegin=1550 CharacterOffsetEnd=1552 PartOfSpeech=PRP]
[Text='s CharacterOffsetBegin=1552 CharacterOffsetEnd=1554 PartOfSpeech=VBZ]
[Text=not CharacterOffsetBegin=1555 CharacterOffsetEnd=1558 PartOfSpeech=RB]
[Text=outrageous CharacterOffsetBegin=1559 CharacterOffsetEnd=1569 PartOfSpeech=JJ]
[Text=to CharacterOffsetBegin=1570 CharacterOffsetEnd=1572 PartOfSpeech=TO]
[Text=assume CharacterOffsetBegin=1573 CharacterOffsetEnd=1579 PartOfSpeech=VB]
[Text=Arya CharacterOffsetBegin=1580 CharacterOffsetEnd=1584 PartOfSpeech=NNP]
[Text=would CharacterOffsetBegin=1585 CharacterOffsetEnd=1590 PartOfSpeech=MD]
[Text=try CharacterOffsetBegin=1591 CharacterOffsetEnd=1594 PartOfSpeech=VB]
[Text=to CharacterOffsetBegin=1595 CharacterOffsetEnd=1597 PartOfSpeech=TO]
[Text=kill CharacterOffsetBegin=1598 CharacterOffsetEnd=1602 PartOfSpeech=VB]
[Text=the CharacterOffsetBegin=1603 CharacterOffsetEnd=1606 PartOfSpeech=DT]
[Text=two CharacterOffsetBegin=1607 CharacterOffsetEnd=1610 PartOfSpeech=CD]
[Text=leaders CharacterOffsetBegin=1611 CharacterOffsetEnd=1618 PartOfSpeech=NNS]
[Text=of CharacterOffsetBegin=1619 CharacterOffsetEnd=1621 PartOfSpeech=IN]
[Text=the CharacterOffsetBegin=1622 CharacterOffsetEnd=1625 PartOfSpeech=DT]
[Text=BWB CharacterOffsetBegin=1626 CharacterOffsetEnd=1629 PartOfSpeech=NNP]
[Text=if CharacterOffsetBegin=1630 CharacterOffsetEnd=1632 PartOfSpeech=IN]
[Text=she CharacterOffsetBegin=1633 CharacterOffsetEnd=1636 PartOfSpeech=PRP]
[Text=were CharacterOffsetBegin=1637 CharacterOffsetEnd=1641 PartOfSpeech=VBD]
[Text=to CharacterOffsetBegin=1642 CharacterOffsetEnd=1644 PartOfSpeech=TO]
[Text=come CharacterOffsetBegin=1645 CharacterOffsetEnd=1649 PartOfSpeech=VB]
[Text=upon CharacterOffsetBegin=1650 CharacterOffsetEnd=1654 PartOfSpeech=IN]
[Text=them CharacterOffsetBegin=1655 CharacterOffsetEnd=1659 PartOfSpeech=PRP]
[Text=. CharacterOffsetBegin=1659 CharacterOffsetEnd=1660 PartOfSpeech=.]
Sentence #14 (36 tokens):
The priest and their Immortal leader found themselves on Arya's shit list for selling out Arya's friend and King Robert's bastard, Gendry, to Melisandre back in season 2 for supplies.
[Text=The CharacterOffsetBegin=1661 CharacterOffsetEnd=1664 PartOfSpeech=DT]
[Text=priest CharacterOffsetBegin=1665 CharacterOffsetEnd=1671 PartOfSpeech=NN]
[Text=and CharacterOffsetBegin=1672 CharacterOffsetEnd=1675 PartOfSpeech=CC]
[Text=their CharacterOffsetBegin=1676 CharacterOffsetEnd=1681 PartOfSpeech=PRP$]
[Text=Immortal CharacterOffsetBegin=1682 CharacterOffsetEnd=1690 PartOfSpeech=JJ]
[Text=leader CharacterOffsetBegin=1691 CharacterOffsetEnd=1697 PartOfSpeech=NN]
[Text=found CharacterOffsetBegin=1698 CharacterOffsetEnd=1703 PartOfSpeech=VBN]
[Text=themselves CharacterOffsetBegin=1704 CharacterOffsetEnd=1714 PartOfSpeech=PRP]
[Text=on CharacterOffsetBegin=1715 CharacterOffsetEnd=1717 PartOfSpeech=IN]
[Text=Arya CharacterOffsetBegin=1718 CharacterOffsetEnd=1722 PartOfSpeech=NNP]
[Text='s CharacterOffsetBegin=1722 CharacterOffsetEnd=1724 PartOfSpeech=POS]
[Text=shit CharacterOffsetBegin=1725 CharacterOffsetEnd=1729 PartOfSpeech=NN]
[Text=list CharacterOffsetBegin=1730 CharacterOffsetEnd=1734 PartOfSpeech=NN]
[Text=for CharacterOffsetBegin=1735 CharacterOffsetEnd=1738 PartOfSpeech=IN]
[Text=selling CharacterOffsetBegin=1739 CharacterOffsetEnd=1746 PartOfSpeech=VBG]
[Text=out CharacterOffsetBegin=1747 CharacterOffsetEnd=1750 PartOfSpeech=RP]
[Text=Arya CharacterOffsetBegin=1751 CharacterOffsetEnd=1755 PartOfSpeech=NNP]
[Text='s CharacterOffsetBegin=1755 CharacterOffsetEnd=1757 PartOfSpeech=POS]
[Text=friend CharacterOffsetBegin=1758 CharacterOffsetEnd=1764 PartOfSpeech=NN]
[Text=and CharacterOffsetBegin=1765 CharacterOffsetEnd=1768 PartOfSpeech=CC]
[Text=King CharacterOffsetBegin=1769 CharacterOffsetEnd=1773 PartOfSpeech=NNP]
[Text=Robert CharacterOffsetBegin=1774 CharacterOffsetEnd=1780 PartOfSpeech=NNP]
[Text='s CharacterOffsetBegin=1780 CharacterOffsetEnd=1782 PartOfSpeech=POS]
[Text=bastard CharacterOffsetBegin=1783 CharacterOffsetEnd=1790 PartOfSpeech=NN]
[Text=, CharacterOffsetBegin=1790 CharacterOffsetEnd=1791 PartOfSpeech=,]
[Text=Gendry CharacterOffsetBegin=1792 CharacterOffsetEnd=1798 PartOfSpeech=NN]
[Text=, CharacterOffsetBegin=1798 CharacterOffsetEnd=1799 PartOfSpeech=,]
[Text=to CharacterOffsetBegin=1800 CharacterOffsetEnd=1802 PartOfSpeech=TO]
[Text=Melisandre CharacterOffsetBegin=1803 CharacterOffsetEnd=1813 PartOfSpeech=NNP]
[Text=back CharacterOffsetBegin=1814 CharacterOffsetEnd=1818 PartOfSpeech=RB]
[Text=in CharacterOffsetBegin=1819 CharacterOffsetEnd=1821 PartOfSpeech=IN]
[Text=season CharacterOffsetBegin=1822 CharacterOffsetEnd=1828 PartOfSpeech=NN]
[Text=2 CharacterOffsetBegin=1829 CharacterOffsetEnd=1830 PartOfSpeech=CD]
[Text=for CharacterOffsetBegin=1831 CharacterOffsetEnd=1834 PartOfSpeech=IN]
[Text=supplies CharacterOffsetBegin=1835 CharacterOffsetEnd=1843 PartOfSpeech=NNS]
[Text=. CharacterOffsetBegin=1843 CharacterOffsetEnd=1844 PartOfSpeech=.]
Sentence #15 (38 tokens):
The Hound is also on Arya's list for killing the butchers boy in season 1 but I like to think she'll have some type of feelings for the Hound after she left him to die.
[Text=The CharacterOffsetBegin=1845 CharacterOffsetEnd=1848 PartOfSpeech=DT]
[Text=Hound CharacterOffsetBegin=1849 CharacterOffsetEnd=1854 PartOfSpeech=NNP]
[Text=is CharacterOffsetBegin=1855 CharacterOffsetEnd=1857 PartOfSpeech=VBZ]
[Text=also CharacterOffsetBegin=1858 CharacterOffsetEnd=1862 PartOfSpeech=RB]
[Text=on CharacterOffsetBegin=1863 CharacterOffsetEnd=1865 PartOfSpeech=IN]
[Text=Arya CharacterOffsetBegin=1866 CharacterOffsetEnd=1870 PartOfSpeech=NNP]
[Text='s CharacterOffsetBegin=1870 CharacterOffsetEnd=1872 PartOfSpeech=POS]
[Text=list CharacterOffsetBegin=1873 CharacterOffsetEnd=1877 PartOfSpeech=NN]
[Text=for CharacterOffsetBegin=1878 CharacterOffsetEnd=1881 PartOfSpeech=IN]
[Text=killing CharacterOffsetBegin=1882 CharacterOffsetEnd=1889 PartOfSpeech=VBG]
[Text=the CharacterOffsetBegin=1890 CharacterOffsetEnd=1893 PartOfSpeech=DT]
[Text=butchers CharacterOffsetBegin=1894 CharacterOffsetEnd=1902 PartOfSpeech=NNS]
[Text=boy CharacterOffsetBegin=1903 CharacterOffsetEnd=1906 PartOfSpeech=NN]
[Text=in CharacterOffsetBegin=1907 CharacterOffsetEnd=1909 PartOfSpeech=IN]
[Text=season CharacterOffsetBegin=1910 CharacterOffsetEnd=1916 PartOfSpeech=NN]
[Text=1 CharacterOffsetBegin=1917 CharacterOffsetEnd=1918 PartOfSpeech=CD]
[Text=but CharacterOffsetBegin=1919 CharacterOffsetEnd=1922 PartOfSpeech=CC]
[Text=I CharacterOffsetBegin=1923 CharacterOffsetEnd=1924 PartOfSpeech=PRP]
[Text=like CharacterOffsetBegin=1925 CharacterOffsetEnd=1929 PartOfSpeech=VBP]
[Text=to CharacterOffsetBegin=1930 CharacterOffsetEnd=1932 PartOfSpeech=TO]
[Text=think CharacterOffsetBegin=1933 CharacterOffsetEnd=1938 PartOfSpeech=VB]
[Text=she CharacterOffsetBegin=1939 CharacterOffsetEnd=1942 PartOfSpeech=PRP]
[Text='ll CharacterOffsetBegin=1942 CharacterOffsetEnd=1945 PartOfSpeech=MD]
[Text=have CharacterOffsetBegin=1946 CharacterOffsetEnd=1950 PartOfSpeech=VB]
[Text=some CharacterOffsetBegin=1951 CharacterOffsetEnd=1955 PartOfSpeech=DT]
[Text=type CharacterOffsetBegin=1956 CharacterOffsetEnd=1960 PartOfSpeech=NN]
[Text=of CharacterOffsetBegin=1961 CharacterOffsetEnd=1963 PartOfSpeech=IN]
[Text=feelings CharacterOffsetBegin=1964 CharacterOffsetEnd=1972 PartOfSpeech=NNS]
[Text=for CharacterOffsetBegin=1973 CharacterOffsetEnd=1976 PartOfSpeech=IN]
[Text=the CharacterOffsetBegin=1977 CharacterOffsetEnd=1980 PartOfSpeech=DT]
[Text=Hound CharacterOffsetBegin=1981 CharacterOffsetEnd=1986 PartOfSpeech=NNP]
[Text=after CharacterOffsetBegin=1987 CharacterOffsetEnd=1992 PartOfSpeech=IN]
[Text=she CharacterOffsetBegin=1993 CharacterOffsetEnd=1996 PartOfSpeech=PRP]
[Text=left CharacterOffsetBegin=1997 CharacterOffsetEnd=2001 PartOfSpeech=VBD]
[Text=him CharacterOffsetBegin=2002 CharacterOffsetEnd=2005 PartOfSpeech=PRP]
[Text=to CharacterOffsetBegin=2006 CharacterOffsetEnd=2008 PartOfSpeech=TO]
[Text=die CharacterOffsetBegin=2009 CharacterOffsetEnd=2012 PartOfSpeech=VB]
[Text=. CharacterOffsetBegin=2012 CharacterOffsetEnd=2013 PartOfSpeech=.]
Sentence #16 (38 tokens):
I believe that the priest and the immortal knight could either live or die but once Arya shows up the Hound will take leadership of the BWB after she convinces him to help her kill Queen Cersei.
[Text=I CharacterOffsetBegin=2015 CharacterOffsetEnd=2016 PartOfSpeech=PRP]
[Text=believe CharacterOffsetBegin=2017 CharacterOffsetEnd=2024 PartOfSpeech=VBP]
[Text=that CharacterOffsetBegin=2025 CharacterOffsetEnd=2029 PartOfSpeech=IN]
[Text=the CharacterOffsetBegin=2030 CharacterOffsetEnd=2033 PartOfSpeech=DT]
[Text=priest CharacterOffsetBegin=2034 CharacterOffsetEnd=2040 PartOfSpeech=NN]
[Text=and CharacterOffsetBegin=2041 CharacterOffsetEnd=2044 PartOfSpeech=CC]
[Text=the CharacterOffsetBegin=2045 CharacterOffsetEnd=2048 PartOfSpeech=DT]
[Text=immortal CharacterOffsetBegin=2049 CharacterOffsetEnd=2057 PartOfSpeech=JJ]
[Text=knight CharacterOffsetBegin=2058 CharacterOffsetEnd=2064 PartOfSpeech=NN]
[Text=could CharacterOffsetBegin=2065 CharacterOffsetEnd=2070 PartOfSpeech=MD]
[Text=either CharacterOffsetBegin=2071 CharacterOffsetEnd=2077 PartOfSpeech=RB]
[Text=live CharacterOffsetBegin=2078 CharacterOffsetEnd=2082 PartOfSpeech=VB]
[Text=or CharacterOffsetBegin=2083 CharacterOffsetEnd=2085 PartOfSpeech=CC]
[Text=die CharacterOffsetBegin=2086 CharacterOffsetEnd=2089 PartOfSpeech=VB]
[Text=but CharacterOffsetBegin=2090 CharacterOffsetEnd=2093 PartOfSpeech=CC]
[Text=once CharacterOffsetBegin=2094 CharacterOffsetEnd=2098 PartOfSpeech=RB]
[Text=Arya CharacterOffsetBegin=2099 CharacterOffsetEnd=2103 PartOfSpeech=NNP]
[Text=shows CharacterOffsetBegin=2104 CharacterOffsetEnd=2109 PartOfSpeech=VBZ]
[Text=up CharacterOffsetBegin=2110 CharacterOffsetEnd=2112 PartOfSpeech=RP]
[Text=the CharacterOffsetBegin=2113 CharacterOffsetEnd=2116 PartOfSpeech=DT]
[Text=Hound CharacterOffsetBegin=2117 CharacterOffsetEnd=2122 PartOfSpeech=NNP]
[Text=will CharacterOffsetBegin=2123 CharacterOffsetEnd=2127 PartOfSpeech=MD]
[Text=take CharacterOffsetBegin=2128 CharacterOffsetEnd=2132 PartOfSpeech=VB]
[Text=leadership CharacterOffsetBegin=2133 CharacterOffsetEnd=2143 PartOfSpeech=NN]
[Text=of CharacterOffsetBegin=2144 CharacterOffsetEnd=2146 PartOfSpeech=IN]
[Text=the CharacterOffsetBegin=2147 CharacterOffsetEnd=2150 PartOfSpeech=DT]
[Text=BWB CharacterOffsetBegin=2151 CharacterOffsetEnd=2154 PartOfSpeech=NN]
[Text=after CharacterOffsetBegin=2155 CharacterOffsetEnd=2160 PartOfSpeech=IN]
[Text=she CharacterOffsetBegin=2161 CharacterOffsetEnd=2164 PartOfSpeech=PRP]
[Text=convinces CharacterOffsetBegin=2165 CharacterOffsetEnd=2174 PartOfSpeech=VBZ]
[Text=him CharacterOffsetBegin=2175 CharacterOffsetEnd=2178 PartOfSpeech=PRP]
[Text=to CharacterOffsetBegin=2179 CharacterOffsetEnd=2181 PartOfSpeech=TO]
[Text=help CharacterOffsetBegin=2182 CharacterOffsetEnd=2186 PartOfSpeech=VB]
[Text=her CharacterOffsetBegin=2187 CharacterOffsetEnd=2190 PartOfSpeech=PRP$]
[Text=kill CharacterOffsetBegin=2191 CharacterOffsetEnd=2195 PartOfSpeech=NN]
[Text=Queen CharacterOffsetBegin=2196 CharacterOffsetEnd=2201 PartOfSpeech=NNP]
[Text=Cersei CharacterOffsetBegin=2202 CharacterOffsetEnd=2208 PartOfSpeech=NNP]
[Text=. CharacterOffsetBegin=2208 CharacterOffsetEnd=2209 PartOfSpeech=.]
Sentence #17 (51 tokens):
Either he'll help Arya kill the leaders or he'll give the BWB a speech about how they can all redeem themselves by returning to Kings Landing to kill The Mountain and fulfill their mission that Ned Stark had initially set them out to do in the first place.
[Text=Either CharacterOffsetBegin=2210 CharacterOffsetEnd=2216 PartOfSpeech=CC]
[Text=he CharacterOffsetBegin=2217 CharacterOffsetEnd=2219 PartOfSpeech=PRP]
[Text='ll CharacterOffsetBegin=2219 CharacterOffsetEnd=2222 PartOfSpeech=MD]
[Text=help CharacterOffsetBegin=2223 CharacterOffsetEnd=2227 PartOfSpeech=VB]
[Text=Arya CharacterOffsetBegin=2228 CharacterOffsetEnd=2232 PartOfSpeech=NNP]
[Text=kill CharacterOffsetBegin=2233 CharacterOffsetEnd=2237 PartOfSpeech=VB]
[Text=the CharacterOffsetBegin=2238 CharacterOffsetEnd=2241 PartOfSpeech=DT]
[Text=leaders CharacterOffsetBegin=2242 CharacterOffsetEnd=2249 PartOfSpeech=NNS]
[Text=or CharacterOffsetBegin=2250 CharacterOffsetEnd=2252 PartOfSpeech=CC]
[Text=he CharacterOffsetBegin=2253 CharacterOffsetEnd=2255 PartOfSpeech=PRP]
[Text='ll CharacterOffsetBegin=2255 CharacterOffsetEnd=2258 PartOfSpeech=MD]
[Text=give CharacterOffsetBegin=2259 CharacterOffsetEnd=2263 PartOfSpeech=VB]
[Text=the CharacterOffsetBegin=2264 CharacterOffsetEnd=2267 PartOfSpeech=DT]
[Text=BWB CharacterOffsetBegin=2268 CharacterOffsetEnd=2271 PartOfSpeech=NNP]
[Text=a CharacterOffsetBegin=2272 CharacterOffsetEnd=2273 PartOfSpeech=DT]
[Text=speech CharacterOffsetBegin=2274 CharacterOffsetEnd=2280 PartOfSpeech=NN]
[Text=about CharacterOffsetBegin=2281 CharacterOffsetEnd=2286 PartOfSpeech=IN]
[Text=how CharacterOffsetBegin=2287 CharacterOffsetEnd=2290 PartOfSpeech=WRB]
[Text=they CharacterOffsetBegin=2291 CharacterOffsetEnd=2295 PartOfSpeech=PRP]
[Text=can CharacterOffsetBegin=2296 CharacterOffsetEnd=2299 PartOfSpeech=MD]
[Text=all CharacterOffsetBegin=2300 CharacterOffsetEnd=2303 PartOfSpeech=DT]
[Text=redeem CharacterOffsetBegin=2304 CharacterOffsetEnd=2310 PartOfSpeech=VB]
[Text=themselves CharacterOffsetBegin=2311 CharacterOffsetEnd=2321 PartOfSpeech=PRP]
[Text=by CharacterOffsetBegin=2322 CharacterOffsetEnd=2324 PartOfSpeech=IN]
[Text=returning CharacterOffsetBegin=2325 CharacterOffsetEnd=2334 PartOfSpeech=VBG]
[Text=to CharacterOffsetBegin=2335 CharacterOffsetEnd=2337 PartOfSpeech=TO]
[Text=Kings CharacterOffsetBegin=2338 CharacterOffsetEnd=2343 PartOfSpeech=NNPS]
[Text=Landing CharacterOffsetBegin=2344 CharacterOffsetEnd=2351 PartOfSpeech=NN]
[Text=to CharacterOffsetBegin=2352 CharacterOffsetEnd=2354 PartOfSpeech=TO]
[Text=kill CharacterOffsetBegin=2355 CharacterOffsetEnd=2359 PartOfSpeech=VB]
[Text=The CharacterOffsetBegin=2360 CharacterOffsetEnd=2363 PartOfSpeech=DT]
[Text=Mountain CharacterOffsetBegin=2364 CharacterOffsetEnd=2372 PartOfSpeech=NNP]
[Text=and CharacterOffsetBegin=2373 CharacterOffsetEnd=2376 PartOfSpeech=CC]
[Text=fulfill CharacterOffsetBegin=2377 CharacterOffsetEnd=2384 PartOfSpeech=VB]
[Text=their CharacterOffsetBegin=2385 CharacterOffsetEnd=2390 PartOfSpeech=PRP$]
[Text=mission CharacterOffsetBegin=2391 CharacterOffsetEnd=2398 PartOfSpeech=NN]
[Text=that CharacterOffsetBegin=2399 CharacterOffsetEnd=2403 PartOfSpeech=IN]
[Text=Ned CharacterOffsetBegin=2404 CharacterOffsetEnd=2407 PartOfSpeech=NNP]
[Text=Stark CharacterOffsetBegin=2408 CharacterOffsetEnd=2413 PartOfSpeech=NNP]
[Text=had CharacterOffsetBegin=2414 CharacterOffsetEnd=2417 PartOfSpeech=VBD]
[Text=initially CharacterOffsetBegin=2418 CharacterOffsetEnd=2427 PartOfSpeech=RB]
[Text=set CharacterOffsetBegin=2428 CharacterOffsetEnd=2431 PartOfSpeech=VBN]
[Text=them CharacterOffsetBegin=2432 CharacterOffsetEnd=2436 PartOfSpeech=PRP]
[Text=out CharacterOffsetBegin=2437 CharacterOffsetEnd=2440 PartOfSpeech=RP]
[Text=to CharacterOffsetBegin=2441 CharacterOffsetEnd=2443 PartOfSpeech=TO]
[Text=do CharacterOffsetBegin=2444 CharacterOffsetEnd=2446 PartOfSpeech=VB]
[Text=in CharacterOffsetBegin=2447 CharacterOffsetEnd=2449 PartOfSpeech=IN]
[Text=the CharacterOffsetBegin=2450 CharacterOffsetEnd=2453 PartOfSpeech=DT]
[Text=first CharacterOffsetBegin=2454 CharacterOffsetEnd=2459 PartOfSpeech=JJ]
[Text=place CharacterOffsetBegin=2460 CharacterOffsetEnd=2465 PartOfSpeech=NN]
[Text=. CharacterOffsetBegin=2465 CharacterOffsetEnd=2466 PartOfSpeech=.]
Sentence #18 (32 tokens):
I believe this is the best way to set up a Clegane Bowl in which the Hound will finally be able to take vengeance on his older brother for his disfigurement.
[Text=I CharacterOffsetBegin=2467 CharacterOffsetEnd=2468 PartOfSpeech=PRP]
[Text=believe CharacterOffsetBegin=2469 CharacterOffsetEnd=2476 PartOfSpeech=VBP]
[Text=this CharacterOffsetBegin=2477 CharacterOffsetEnd=2481 PartOfSpeech=DT]
[Text=is CharacterOffsetBegin=2482 CharacterOffsetEnd=2484 PartOfSpeech=VBZ]
[Text=the CharacterOffsetBegin=2485 CharacterOffsetEnd=2488 PartOfSpeech=DT]
[Text=best CharacterOffsetBegin=2489 CharacterOffsetEnd=2493 PartOfSpeech=JJS]
[Text=way CharacterOffsetBegin=2494 CharacterOffsetEnd=2497 PartOfSpeech=NN]
[Text=to CharacterOffsetBegin=2498 CharacterOffsetEnd=2500 PartOfSpeech=TO]
[Text=set CharacterOffsetBegin=2501 CharacterOffsetEnd=2504 PartOfSpeech=VB]
[Text=up CharacterOffsetBegin=2505 CharacterOffsetEnd=2507 PartOfSpeech=RP]
[Text=a CharacterOffsetBegin=2508 CharacterOffsetEnd=2509 PartOfSpeech=DT]
[Text=Clegane CharacterOffsetBegin=2510 CharacterOffsetEnd=2517 PartOfSpeech=NNP]
[Text=Bowl CharacterOffsetBegin=2518 CharacterOffsetEnd=2522 PartOfSpeech=NNP]
[Text=in CharacterOffsetBegin=2523 CharacterOffsetEnd=2525 PartOfSpeech=IN]
[Text=which CharacterOffsetBegin=2526 CharacterOffsetEnd=2531 PartOfSpeech=WDT]
[Text=the CharacterOffsetBegin=2532 CharacterOffsetEnd=2535 PartOfSpeech=DT]
[Text=Hound CharacterOffsetBegin=2536 CharacterOffsetEnd=2541 PartOfSpeech=NNP]
[Text=will CharacterOffsetBegin=2542 CharacterOffsetEnd=2546 PartOfSpeech=MD]
[Text=finally CharacterOffsetBegin=2547 CharacterOffsetEnd=2554 PartOfSpeech=RB]
[Text=be CharacterOffsetBegin=2555 CharacterOffsetEnd=2557 PartOfSpeech=VB]
[Text=able CharacterOffsetBegin=2558 CharacterOffsetEnd=2562 PartOfSpeech=JJ]
[Text=to CharacterOffsetBegin=2563 CharacterOffsetEnd=2565 PartOfSpeech=TO]
[Text=take CharacterOffsetBegin=2566 CharacterOffsetEnd=2570 PartOfSpeech=VB]
[Text=vengeance CharacterOffsetBegin=2571 CharacterOffsetEnd=2580 PartOfSpeech=NN]
[Text=on CharacterOffsetBegin=2581 CharacterOffsetEnd=2583 PartOfSpeech=IN]
[Text=his CharacterOffsetBegin=2584 CharacterOffsetEnd=2587 PartOfSpeech=PRP$]
[Text=older CharacterOffsetBegin=2588 CharacterOffsetEnd=2593 PartOfSpeech=JJR]
[Text=brother CharacterOffsetBegin=2594 CharacterOffsetEnd=2601 PartOfSpeech=NN]
[Text=for CharacterOffsetBegin=2602 CharacterOffsetEnd=2605 PartOfSpeech=IN]
[Text=his CharacterOffsetBegin=2606 CharacterOffsetEnd=2609 PartOfSpeech=PRP$]
[Text=disfigurement CharacterOffsetBegin=2610 CharacterOffsetEnd=2623 PartOfSpeech=NN]
[Text=. CharacterOffsetBegin=2623 CharacterOffsetEnd=2624 PartOfSpeech=.]
Sentence #19 (30 tokens):
I don't think him and Arya alone would go to Kings Landing on a suicide mission I believe they'd have to have a small army with them.
[Text=I CharacterOffsetBegin=2625 CharacterOffsetEnd=2626 PartOfSpeech=PRP]
[Text=do CharacterOffsetBegin=2627 CharacterOffsetEnd=2629 PartOfSpeech=VBP]
[Text=n't CharacterOffsetBegin=2629 CharacterOffsetEnd=2632 PartOfSpeech=RB]
[Text=think CharacterOffsetBegin=2633 CharacterOffsetEnd=2638 PartOfSpeech=VB]
[Text=him CharacterOffsetBegin=2639 CharacterOffsetEnd=2642 PartOfSpeech=PRP]
[Text=and CharacterOffsetBegin=2643 CharacterOffsetEnd=2646 PartOfSpeech=CC]
[Text=Arya CharacterOffsetBegin=2647 CharacterOffsetEnd=2651 PartOfSpeech=NNP]
[Text=alone CharacterOffsetBegin=2652 CharacterOffsetEnd=2657 PartOfSpeech=RB]
[Text=would CharacterOffsetBegin=2658 CharacterOffsetEnd=2663 PartOfSpeech=MD]
[Text=go CharacterOffsetBegin=2664 CharacterOffsetEnd=2666 PartOfSpeech=VB]
[Text=to CharacterOffsetBegin=2667 CharacterOffsetEnd=2669 PartOfSpeech=TO]
[Text=Kings CharacterOffsetBegin=2670 CharacterOffsetEnd=2675 PartOfSpeech=NNPS]
[Text=Landing CharacterOffsetBegin=2676 CharacterOffsetEnd=2683 PartOfSpeech=NN]
[Text=on CharacterOffsetBegin=2684 CharacterOffsetEnd=2686 PartOfSpeech=IN]
[Text=a CharacterOffsetBegin=2687 CharacterOffsetEnd=2688 PartOfSpeech=DT]
[Text=suicide CharacterOffsetBegin=2689 CharacterOffsetEnd=2696 PartOfSpeech=NN]
[Text=mission CharacterOffsetBegin=2697 CharacterOffsetEnd=2704 PartOfSpeech=NN]
[Text=I CharacterOffsetBegin=2705 CharacterOffsetEnd=2706 PartOfSpeech=PRP]
[Text=believe CharacterOffsetBegin=2707 CharacterOffsetEnd=2714 PartOfSpeech=VBP]
[Text=they CharacterOffsetBegin=2715 CharacterOffsetEnd=2719 PartOfSpeech=PRP]
[Text='d CharacterOffsetBegin=2719 CharacterOffsetEnd=2721 PartOfSpeech=MD]
[Text=have CharacterOffsetBegin=2722 CharacterOffsetEnd=2726 PartOfSpeech=VB]
[Text=to CharacterOffsetBegin=2727 CharacterOffsetEnd=2729 PartOfSpeech=TO]
[Text=have CharacterOffsetBegin=2730 CharacterOffsetEnd=2734 PartOfSpeech=VB]
[Text=a CharacterOffsetBegin=2735 CharacterOffsetEnd=2736 PartOfSpeech=DT]
[Text=small CharacterOffsetBegin=2737 CharacterOffsetEnd=2742 PartOfSpeech=JJ]
[Text=army CharacterOffsetBegin=2743 CharacterOffsetEnd=2747 PartOfSpeech=NN]
[Text=with CharacterOffsetBegin=2748 CharacterOffsetEnd=2752 PartOfSpeech=IN]
[Text=them CharacterOffsetBegin=2753 CharacterOffsetEnd=2757 PartOfSpeech=PRP]
[Text=. CharacterOffsetBegin=2757 CharacterOffsetEnd=2758 PartOfSpeech=.]
Sentence #20 (31 tokens):
They might possibly arrive while Daeneryus is invading and most of Cersei's forces are distracted to add more convenience but I think that'd be a really big reach.
[Text=They CharacterOffsetBegin=2759 CharacterOffsetEnd=2763 PartOfSpeech=PRP]
[Text=might CharacterOffsetBegin=2764 CharacterOffsetEnd=2769 PartOfSpeech=MD]
[Text=possibly CharacterOffsetBegin=2770 CharacterOffsetEnd=2778 PartOfSpeech=RB]
[Text=arrive CharacterOffsetBegin=2779 CharacterOffsetEnd=2785 PartOfSpeech=VB]
[Text=while CharacterOffsetBegin=2786 CharacterOffsetEnd=2791 PartOfSpeech=IN]
[Text=Daeneryus CharacterOffsetBegin=2792 CharacterOffsetEnd=2801 PartOfSpeech=NNP]
[Text=is CharacterOffsetBegin=2802 CharacterOffsetEnd=2804 PartOfSpeech=VBZ]
[Text=invading CharacterOffsetBegin=2805 CharacterOffsetEnd=2813 PartOfSpeech=VBG]
[Text=and CharacterOffsetBegin=2814 CharacterOffsetEnd=2817 PartOfSpeech=CC]
[Text=most CharacterOffsetBegin=2818 CharacterOffsetEnd=2822 PartOfSpeech=JJS]
[Text=of CharacterOffsetBegin=2823 CharacterOffsetEnd=2825 PartOfSpeech=IN]
[Text=Cersei CharacterOffsetBegin=2826 CharacterOffsetEnd=2832 PartOfSpeech=NNP]
[Text='s CharacterOffsetBegin=2832 CharacterOffsetEnd=2834 PartOfSpeech=POS]
[Text=forces CharacterOffsetBegin=2835 CharacterOffsetEnd=2841 PartOfSpeech=NNS]
[Text=are CharacterOffsetBegin=2842 CharacterOffsetEnd=2845 PartOfSpeech=VBP]
[Text=distracted CharacterOffsetBegin=2846 CharacterOffsetEnd=2856 PartOfSpeech=VBN]
[Text=to CharacterOffsetBegin=2857 CharacterOffsetEnd=2859 PartOfSpeech=TO]
[Text=add CharacterOffsetBegin=2860 CharacterOffsetEnd=2863 PartOfSpeech=VB]
[Text=more CharacterOffsetBegin=2864 CharacterOffsetEnd=2868 PartOfSpeech=JJR]
[Text=convenience CharacterOffsetBegin=2869 CharacterOffsetEnd=2880 PartOfSpeech=NN]
[Text=but CharacterOffsetBegin=2881 CharacterOffsetEnd=2884 PartOfSpeech=CC]
[Text=I CharacterOffsetBegin=2885 CharacterOffsetEnd=2886 PartOfSpeech=PRP]
[Text=think CharacterOffsetBegin=2887 CharacterOffsetEnd=2892 PartOfSpeech=VBP]
[Text=that CharacterOffsetBegin=2893 CharacterOffsetEnd=2897 PartOfSpeech=IN]
[Text='d CharacterOffsetBegin=2897 CharacterOffsetEnd=2899 PartOfSpeech=MD]
[Text=be CharacterOffsetBegin=2900 CharacterOffsetEnd=2902 PartOfSpeech=VB]
[Text=a CharacterOffsetBegin=2903 CharacterOffsetEnd=2904 PartOfSpeech=DT]
[Text=really CharacterOffsetBegin=2905 CharacterOffsetEnd=2911 PartOfSpeech=RB]
[Text=big CharacterOffsetBegin=2912 CharacterOffsetEnd=2915 PartOfSpeech=JJ]
[Text=reach CharacterOffsetBegin=2916 CharacterOffsetEnd=2921 PartOfSpeech=NN]
[Text=. CharacterOffsetBegin=2921 CharacterOffsetEnd=2922 PartOfSpeech=.]
Sentence #21 (29 tokens):
But anyways I think this is a plausible theory as to how the Hound would take over the BWB and lead them to Kings Landing alongside Arya Stark.
[Text=But CharacterOffsetBegin=2923 CharacterOffsetEnd=2926 PartOfSpeech=CC]
[Text=anyways CharacterOffsetBegin=2927 CharacterOffsetEnd=2934 PartOfSpeech=NNS]
[Text=I CharacterOffsetBegin=2935 CharacterOffsetEnd=2936 PartOfSpeech=PRP]
[Text=think CharacterOffsetBegin=2937 CharacterOffsetEnd=2942 PartOfSpeech=VBP]
[Text=this CharacterOffsetBegin=2943 CharacterOffsetEnd=2947 PartOfSpeech=DT]
[Text=is CharacterOffsetBegin=2948 CharacterOffsetEnd=2950 PartOfSpeech=VBZ]
[Text=a CharacterOffsetBegin=2951 CharacterOffsetEnd=2952 PartOfSpeech=DT]
[Text=plausible CharacterOffsetBegin=2953 CharacterOffsetEnd=2962 PartOfSpeech=JJ]
[Text=theory CharacterOffsetBegin=2963 CharacterOffsetEnd=2969 PartOfSpeech=NN]
[Text=as CharacterOffsetBegin=2970 CharacterOffsetEnd=2972 PartOfSpeech=IN]
[Text=to CharacterOffsetBegin=2973 CharacterOffsetEnd=2975 PartOfSpeech=TO]
[Text=how CharacterOffsetBegin=2976 CharacterOffsetEnd=2979 PartOfSpeech=WRB]
[Text=the CharacterOffsetBegin=2980 CharacterOffsetEnd=2983 PartOfSpeech=DT]
[Text=Hound CharacterOffsetBegin=2984 CharacterOffsetEnd=2989 PartOfSpeech=NNP]
[Text=would CharacterOffsetBegin=2990 CharacterOffsetEnd=2995 PartOfSpeech=MD]
[Text=take CharacterOffsetBegin=2996 CharacterOffsetEnd=3000 PartOfSpeech=VB]
[Text=over CharacterOffsetBegin=3001 CharacterOffsetEnd=3005 PartOfSpeech=RP]
[Text=the CharacterOffsetBegin=3006 CharacterOffsetEnd=3009 PartOfSpeech=DT]
[Text=BWB CharacterOffsetBegin=3010 CharacterOffsetEnd=3013 PartOfSpeech=NN]
[Text=and CharacterOffsetBegin=3014 CharacterOffsetEnd=3017 PartOfSpeech=CC]
[Text=lead CharacterOffsetBegin=3018 CharacterOffsetEnd=3022 PartOfSpeech=VB]
[Text=them CharacterOffsetBegin=3023 CharacterOffsetEnd=3027 PartOfSpeech=PRP]
[Text=to CharacterOffsetBegin=3028 CharacterOffsetEnd=3030 PartOfSpeech=TO]
[Text=Kings CharacterOffsetBegin=3031 CharacterOffsetEnd=3036 PartOfSpeech=NNPS]
[Text=Landing CharacterOffsetBegin=3037 CharacterOffsetEnd=3044 PartOfSpeech=NN]
[Text=alongside CharacterOffsetBegin=3045 CharacterOffsetEnd=3054 PartOfSpeech=IN]
[Text=Arya CharacterOffsetBegin=3055 CharacterOffsetEnd=3059 PartOfSpeech=NNP]
[Text=Stark CharacterOffsetBegin=3060 CharacterOffsetEnd=3065 PartOfSpeech=NNP]
[Text=. CharacterOffsetBegin=3065 CharacterOffsetEnd=3066 PartOfSpeech=.]
Sentence #22 (34 tokens):
In my dream world Brienne of Tarth would also be apart of this rag tag group of rebels and her and the Hound would team up to defeat the Mountain (doubtful).
[Text=In CharacterOffsetBegin=3068 CharacterOffsetEnd=3070 PartOfSpeech=IN]
[Text=my CharacterOffsetBegin=3071 CharacterOffsetEnd=3073 PartOfSpeech=PRP$]
[Text=dream CharacterOffsetBegin=3074 CharacterOffsetEnd=3079 PartOfSpeech=NN]
[Text=world CharacterOffsetBegin=3080 CharacterOffsetEnd=3085 PartOfSpeech=NN]
[Text=Brienne CharacterOffsetBegin=3086 CharacterOffsetEnd=3093 PartOfSpeech=NNP]
[Text=of CharacterOffsetBegin=3094 CharacterOffsetEnd=3096 PartOfSpeech=IN]
[Text=Tarth CharacterOffsetBegin=3097 CharacterOffsetEnd=3102 PartOfSpeech=NNP]
[Text=would CharacterOffsetBegin=3103 CharacterOffsetEnd=3108 PartOfSpeech=MD]
[Text=also CharacterOffsetBegin=3109 CharacterOffsetEnd=3113 PartOfSpeech=RB]
[Text=be CharacterOffsetBegin=3114 CharacterOffsetEnd=3116 PartOfSpeech=VB]
[Text=apart CharacterOffsetBegin=3117 CharacterOffsetEnd=3122 PartOfSpeech=RB]
[Text=of CharacterOffsetBegin=3123 CharacterOffsetEnd=3125 PartOfSpeech=IN]
[Text=this CharacterOffsetBegin=3126 CharacterOffsetEnd=3130 PartOfSpeech=DT]
[Text=rag CharacterOffsetBegin=3131 CharacterOffsetEnd=3134 PartOfSpeech=NN]
[Text=tag CharacterOffsetBegin=3135 CharacterOffsetEnd=3138 PartOfSpeech=NN]
[Text=group CharacterOffsetBegin=3139 CharacterOffsetEnd=3144 PartOfSpeech=NN]
[Text=of CharacterOffsetBegin=3145 CharacterOffsetEnd=3147 PartOfSpeech=IN]
[Text=rebels CharacterOffsetBegin=3148 CharacterOffsetEnd=3154 PartOfSpeech=NNS]
[Text=and CharacterOffsetBegin=3155 CharacterOffsetEnd=3158 PartOfSpeech=CC]
[Text=her CharacterOffsetBegin=3159 CharacterOffsetEnd=3162 PartOfSpeech=PRP$]
[Text=and CharacterOffsetBegin=3163 CharacterOffsetEnd=3166 PartOfSpeech=CC]
[Text=the CharacterOffsetBegin=3167 CharacterOffsetEnd=3170 PartOfSpeech=DT]
[Text=Hound CharacterOffsetBegin=3171 CharacterOffsetEnd=3176 PartOfSpeech=NNP]
[Text=would CharacterOffsetBegin=3177 CharacterOffsetEnd=3182 PartOfSpeech=MD]
[Text=team CharacterOffsetBegin=3183 CharacterOffsetEnd=3187 PartOfSpeech=VB]
[Text=up CharacterOffsetBegin=3188 CharacterOffsetEnd=3190 PartOfSpeech=RB]
[Text=to CharacterOffsetBegin=3191 CharacterOffsetEnd=3193 PartOfSpeech=TO]
[Text=defeat CharacterOffsetBegin=3194 CharacterOffsetEnd=3200 PartOfSpeech=VB]
[Text=the CharacterOffsetBegin=3201 CharacterOffsetEnd=3204 PartOfSpeech=DT]
[Text=Mountain CharacterOffsetBegin=3205 CharacterOffsetEnd=3213 PartOfSpeech=NNP]
[Text=-LRB- CharacterOffsetBegin=3214 CharacterOffsetEnd=3215 PartOfSpeech=-LRB-]
[Text=doubtful CharacterOffsetBegin=3215 CharacterOffsetEnd=3223 PartOfSpeech=JJ]
[Text=-RRB- CharacterOffsetBegin=3223 CharacterOffsetEnd=3224 PartOfSpeech=-RRB-]
[Text=. CharacterOffsetBegin=3224 CharacterOffsetEnd=3225 PartOfSpeech=.]
Sentence #23 (39 tokens):
Also another dream scenario would be that the Hound would talk Arya out of killing Cersei and they'd all join Jon in Winterfell to prepare for the big war still to come (also very doubtful).
[Text=Also CharacterOffsetBegin=3226 CharacterOffsetEnd=3230 PartOfSpeech=RB]
[Text=another CharacterOffsetBegin=3231 CharacterOffsetEnd=3238 PartOfSpeech=DT]
[Text=dream CharacterOffsetBegin=3239 CharacterOffsetEnd=3244 PartOfSpeech=NN]
[Text=scenario CharacterOffsetBegin=3245 CharacterOffsetEnd=3253 PartOfSpeech=NN]
[Text=would CharacterOffsetBegin=3254 CharacterOffsetEnd=3259 PartOfSpeech=MD]
[Text=be CharacterOffsetBegin=3260 CharacterOffsetEnd=3262 PartOfSpeech=VB]
[Text=that CharacterOffsetBegin=3263 CharacterOffsetEnd=3267 PartOfSpeech=IN]
[Text=the CharacterOffsetBegin=3268 CharacterOffsetEnd=3271 PartOfSpeech=DT]
[Text=Hound CharacterOffsetBegin=3272 CharacterOffsetEnd=3277 PartOfSpeech=NNP]
[Text=would CharacterOffsetBegin=3278 CharacterOffsetEnd=3283 PartOfSpeech=MD]
[Text=talk CharacterOffsetBegin=3284 CharacterOffsetEnd=3288 PartOfSpeech=VB]
[Text=Arya CharacterOffsetBegin=3289 CharacterOffsetEnd=3293 PartOfSpeech=NNP]
[Text=out CharacterOffsetBegin=3294 CharacterOffsetEnd=3297 PartOfSpeech=IN]
[Text=of CharacterOffsetBegin=3298 CharacterOffsetEnd=3300 PartOfSpeech=IN]
[Text=killing CharacterOffsetBegin=3301 CharacterOffsetEnd=3308 PartOfSpeech=VBG]
[Text=Cersei CharacterOffsetBegin=3309 CharacterOffsetEnd=3315 PartOfSpeech=NNP]
[Text=and CharacterOffsetBegin=3316 CharacterOffsetEnd=3319 PartOfSpeech=CC]
[Text=they CharacterOffsetBegin=3320 CharacterOffsetEnd=3324 PartOfSpeech=PRP]
[Text='d CharacterOffsetBegin=3324 CharacterOffsetEnd=3326 PartOfSpeech=MD]
[Text=all CharacterOffsetBegin=3327 CharacterOffsetEnd=3330 PartOfSpeech=DT]
[Text=join CharacterOffsetBegin=3331 CharacterOffsetEnd=3335 PartOfSpeech=VB]
[Text=Jon CharacterOffsetBegin=3336 CharacterOffsetEnd=3339 PartOfSpeech=NNP]
[Text=in CharacterOffsetBegin=3340 CharacterOffsetEnd=3342 PartOfSpeech=IN]
[Text=Winterfell CharacterOffsetBegin=3343 CharacterOffsetEnd=3353 PartOfSpeech=NNP]
[Text=to CharacterOffsetBegin=3354 CharacterOffsetEnd=3356 PartOfSpeech=TO]
[Text=prepare CharacterOffsetBegin=3357 CharacterOffsetEnd=3364 PartOfSpeech=VB]
[Text=for CharacterOffsetBegin=3365 CharacterOffsetEnd=3368 PartOfSpeech=IN]
[Text=the CharacterOffsetBegin=3369 CharacterOffsetEnd=3372 PartOfSpeech=DT]
[Text=big CharacterOffsetBegin=3373 CharacterOffsetEnd=3376 PartOfSpeech=JJ]
[Text=war CharacterOffsetBegin=3377 CharacterOffsetEnd=3380 PartOfSpeech=NN]
[Text=still CharacterOffsetBegin=3381 CharacterOffsetEnd=3386 PartOfSpeech=RB]
[Text=to CharacterOffsetBegin=3387 CharacterOffsetEnd=3389 PartOfSpeech=TO]
[Text=come CharacterOffsetBegin=3390 CharacterOffsetEnd=3394 PartOfSpeech=VB]
[Text=-LRB- CharacterOffsetBegin=3395 CharacterOffsetEnd=3396 PartOfSpeech=-LRB-]
[Text=also CharacterOffsetBegin=3396 CharacterOffsetEnd=3400 PartOfSpeech=RB]
[Text=very CharacterOffsetBegin=3401 CharacterOffsetEnd=3405 PartOfSpeech=RB]
[Text=doubtful CharacterOffsetBegin=3406 CharacterOffsetEnd=3414 PartOfSpeech=JJ]
[Text=-RRB- CharacterOffsetBegin=3414 CharacterOffsetEnd=3415 PartOfSpeech=-RRB-]
[Text=. CharacterOffsetBegin=3415 CharacterOffsetEnd=3416 PartOfSpeech=.]
