Sentence #1 (8 tokens):
Ned Stark and His One Big Secret.
[Text=Ned CharacterOffsetBegin=0 CharacterOffsetEnd=3 PartOfSpeech=NNP Lemma=Ned NamedEntityTag=PERSON]
[Text=Stark CharacterOffsetBegin=4 CharacterOffsetEnd=9 PartOfSpeech=NNP Lemma=Stark NamedEntityTag=PERSON]
[Text=and CharacterOffsetBegin=10 CharacterOffsetEnd=13 PartOfSpeech=CC Lemma=and NamedEntityTag=O]
[Text=His CharacterOffsetBegin=14 CharacterOffsetEnd=17 PartOfSpeech=PRP$ Lemma=he NamedEntityTag=O]
[Text=One CharacterOffsetBegin=18 CharacterOffsetEnd=21 PartOfSpeech=CD Lemma=one NamedEntityTag=NUMBER NormalizedNamedEntityTag=1.0]
[Text=Big CharacterOffsetBegin=22 CharacterOffsetEnd=25 PartOfSpeech=JJ Lemma=big NamedEntityTag=O]
[Text=Secret CharacterOffsetBegin=26 CharacterOffsetEnd=32 PartOfSpeech=JJ Lemma=secret NamedEntityTag=O]
[Text=. CharacterOffsetBegin=32 CharacterOffsetEnd=33 PartOfSpeech=. Lemma=. NamedEntityTag=O]
(ROOT
  (NP
    (NP
      (NP (NNP Ned) (NNP Stark))
      (CC and)
      (NP (PRP$ His)
        (NP
          (ADJP
            (NP (CD One))
            (JJ Big))
          (JJ Secret))))
    (. .)))

root(ROOT-0, Stark-2)
compound(Stark-2, Ned-1)
cc(Stark-2, and-3)
nmod:poss(Secret-7, His-4)
nmod:npmod(Big-6, One-5)
amod(Secret-7, Big-6)
conj:and(Stark-2, Secret-7)
punct(Stark-2, .-8)

Sentence #2 (22 tokens):
Here is a case where “fan theory” and “obvious text of the story” start to blend together.
[Text=Here CharacterOffsetBegin=34 CharacterOffsetEnd=38 PartOfSpeech=RB Lemma=here NamedEntityTag=O]
[Text=is CharacterOffsetBegin=39 CharacterOffsetEnd=41 PartOfSpeech=VBZ Lemma=be NamedEntityTag=O]
[Text=a CharacterOffsetBegin=42 CharacterOffsetEnd=43 PartOfSpeech=DT Lemma=a NamedEntityTag=O]
[Text=case CharacterOffsetBegin=44 CharacterOffsetEnd=48 PartOfSpeech=NN Lemma=case NamedEntityTag=O]
[Text=where CharacterOffsetBegin=49 CharacterOffsetEnd=54 PartOfSpeech=WRB Lemma=where NamedEntityTag=O]
[Text=`` CharacterOffsetBegin=55 CharacterOffsetEnd=56 PartOfSpeech=`` Lemma=`` NamedEntityTag=O]
[Text=fan CharacterOffsetBegin=56 CharacterOffsetEnd=59 PartOfSpeech=NN Lemma=fan NamedEntityTag=O]
[Text=theory CharacterOffsetBegin=60 CharacterOffsetEnd=66 PartOfSpeech=NN Lemma=theory NamedEntityTag=O]
[Text='' CharacterOffsetBegin=66 CharacterOffsetEnd=67 PartOfSpeech='' Lemma='' NamedEntityTag=O]
[Text=and CharacterOffsetBegin=68 CharacterOffsetEnd=71 PartOfSpeech=CC Lemma=and NamedEntityTag=O]
[Text=`` CharacterOffsetBegin=72 CharacterOffsetEnd=73 PartOfSpeech=`` Lemma=`` NamedEntityTag=O]
[Text=obvious CharacterOffsetBegin=73 CharacterOffsetEnd=80 PartOfSpeech=JJ Lemma=obvious NamedEntityTag=O]
[Text=text CharacterOffsetBegin=81 CharacterOffsetEnd=85 PartOfSpeech=NN Lemma=text NamedEntityTag=O]
[Text=of CharacterOffsetBegin=86 CharacterOffsetEnd=88 PartOfSpeech=IN Lemma=of NamedEntityTag=O]
[Text=the CharacterOffsetBegin=89 CharacterOffsetEnd=92 PartOfSpeech=DT Lemma=the NamedEntityTag=O]
[Text=story CharacterOffsetBegin=93 CharacterOffsetEnd=98 PartOfSpeech=NN Lemma=story NamedEntityTag=O]
[Text='' CharacterOffsetBegin=98 CharacterOffsetEnd=99 PartOfSpeech='' Lemma='' NamedEntityTag=O]
[Text=start CharacterOffsetBegin=100 CharacterOffsetEnd=105 PartOfSpeech=VB Lemma=start NamedEntityTag=O]
[Text=to CharacterOffsetBegin=106 CharacterOffsetEnd=108 PartOfSpeech=TO Lemma=to NamedEntityTag=O]
[Text=blend CharacterOffsetBegin=109 CharacterOffsetEnd=114 PartOfSpeech=VB Lemma=blend NamedEntityTag=O]
[Text=together CharacterOffsetBegin=115 CharacterOffsetEnd=123 PartOfSpeech=RB Lemma=together NamedEntityTag=O]
[Text=. CharacterOffsetBegin=123 CharacterOffsetEnd=124 PartOfSpeech=. Lemma=. NamedEntityTag=O]
(ROOT
  (S
    (NP (RB Here))
    (VP (VBZ is)
      (NP
        (NP (DT a) (NN case))
        (SBAR
          (WHADVP (WRB where))
          (S
            (NP
              (NP (`` ``) (NN fan) (NN theory) ('' ''))
              (CC and)
              (NP (`` ``)
                (NP (JJ obvious) (NN text))
                (PP (IN of)
                  (NP (DT the) (NN story)))
                ('' '')))
            (VP (VB start)
              (S
                (VP (TO to)
                  (VP (VB blend)
                    (ADVP (RB together))))))))))
    (. .)))

root(ROOT-0, case-4)
nsubj(case-4, Here-1)
cop(case-4, is-2)
det(case-4, a-3)
advmod(start-18, where-5)
punct(theory-8, ``-6)
compound(theory-8, fan-7)
nsubj(start-18, theory-8)
nsubj:xsubj(blend-20, theory-8)
punct(theory-8, ''-9)
cc(theory-8, and-10)
punct(text-13, ``-11)
amod(text-13, obvious-12)
conj:and(theory-8, text-13)
nsubj(start-18, text-13)
nsubj:xsubj(blend-20, text-13)
case(story-16, of-14)
det(story-16, the-15)
nmod:of(text-13, story-16)
punct(text-13, ''-17)
acl:relcl(case-4, start-18)
mark(blend-20, to-19)
xcomp(start-18, blend-20)
advmod(blend-20, together-21)
punct(case-4, .-22)

Sentence #3 (46 tokens):
The season six finale of Game of Thrones, titled “The Winds of Winter,” finally confirmed a long-held theory: Jon Snow is not the bastard son of the late Eddard Stark, but the offspring of Lyanna Stark and Rhaegar Targaryen.
[Text=The CharacterOffsetBegin=125 CharacterOffsetEnd=128 PartOfSpeech=DT Lemma=the NamedEntityTag=O]
[Text=season CharacterOffsetBegin=129 CharacterOffsetEnd=135 PartOfSpeech=NN Lemma=season NamedEntityTag=O]
[Text=six CharacterOffsetBegin=136 CharacterOffsetEnd=139 PartOfSpeech=CD Lemma=six NamedEntityTag=NUMBER NormalizedNamedEntityTag=6.0]
[Text=finale CharacterOffsetBegin=140 CharacterOffsetEnd=146 PartOfSpeech=NN Lemma=finale NamedEntityTag=O]
[Text=of CharacterOffsetBegin=147 CharacterOffsetEnd=149 PartOfSpeech=IN Lemma=of NamedEntityTag=O]
[Text=Game CharacterOffsetBegin=150 CharacterOffsetEnd=154 PartOfSpeech=NN Lemma=game NamedEntityTag=O]
[Text=of CharacterOffsetBegin=155 CharacterOffsetEnd=157 PartOfSpeech=IN Lemma=of NamedEntityTag=O]
[Text=Thrones CharacterOffsetBegin=158 CharacterOffsetEnd=165 PartOfSpeech=NNPS Lemma=Thrones NamedEntityTag=O]
[Text=, CharacterOffsetBegin=165 CharacterOffsetEnd=166 PartOfSpeech=, Lemma=, NamedEntityTag=O]
[Text=titled CharacterOffsetBegin=167 CharacterOffsetEnd=173 PartOfSpeech=VBN Lemma=title NamedEntityTag=O]
[Text=`` CharacterOffsetBegin=174 CharacterOffsetEnd=175 PartOfSpeech=`` Lemma=`` NamedEntityTag=O]
[Text=The CharacterOffsetBegin=175 CharacterOffsetEnd=178 PartOfSpeech=DT Lemma=the NamedEntityTag=O]
[Text=Winds CharacterOffsetBegin=179 CharacterOffsetEnd=184 PartOfSpeech=NNS Lemma=wind NamedEntityTag=O]
[Text=of CharacterOffsetBegin=185 CharacterOffsetEnd=187 PartOfSpeech=IN Lemma=of NamedEntityTag=O]
[Text=Winter CharacterOffsetBegin=188 CharacterOffsetEnd=194 PartOfSpeech=NNP Lemma=Winter NamedEntityTag=DATE NormalizedNamedEntityTag=XXXX-WI Timex=<TIMEX3 tid="t1" type="DATE" value="XXXX-WI">Winter</TIMEX3>]
[Text=, CharacterOffsetBegin=194 CharacterOffsetEnd=195 PartOfSpeech=, Lemma=, NamedEntityTag=O]
[Text='' CharacterOffsetBegin=195 CharacterOffsetEnd=196 PartOfSpeech='' Lemma='' NamedEntityTag=O]
[Text=finally CharacterOffsetBegin=197 CharacterOffsetEnd=204 PartOfSpeech=RB Lemma=finally NamedEntityTag=O]
[Text=confirmed CharacterOffsetBegin=205 CharacterOffsetEnd=214 PartOfSpeech=VBD Lemma=confirm NamedEntityTag=O]
[Text=a CharacterOffsetBegin=215 CharacterOffsetEnd=216 PartOfSpeech=DT Lemma=a NamedEntityTag=O]
[Text=long-held CharacterOffsetBegin=217 CharacterOffsetEnd=226 PartOfSpeech=JJ Lemma=long-held NamedEntityTag=O]
[Text=theory CharacterOffsetBegin=227 CharacterOffsetEnd=233 PartOfSpeech=NN Lemma=theory NamedEntityTag=O]
[Text=: CharacterOffsetBegin=233 CharacterOffsetEnd=234 PartOfSpeech=: Lemma=: NamedEntityTag=O]
[Text=Jon CharacterOffsetBegin=235 CharacterOffsetEnd=238 PartOfSpeech=NNP Lemma=Jon NamedEntityTag=PERSON]
[Text=Snow CharacterOffsetBegin=239 CharacterOffsetEnd=243 PartOfSpeech=NNP Lemma=Snow NamedEntityTag=PERSON]
[Text=is CharacterOffsetBegin=244 CharacterOffsetEnd=246 PartOfSpeech=VBZ Lemma=be NamedEntityTag=O]
[Text=not CharacterOffsetBegin=247 CharacterOffsetEnd=250 PartOfSpeech=RB Lemma=not NamedEntityTag=O]
[Text=the CharacterOffsetBegin=251 CharacterOffsetEnd=254 PartOfSpeech=DT Lemma=the NamedEntityTag=O]
[Text=bastard CharacterOffsetBegin=255 CharacterOffsetEnd=262 PartOfSpeech=NN Lemma=bastard NamedEntityTag=O]
[Text=son CharacterOffsetBegin=263 CharacterOffsetEnd=266 PartOfSpeech=NN Lemma=son NamedEntityTag=O]
[Text=of CharacterOffsetBegin=267 CharacterOffsetEnd=269 PartOfSpeech=IN Lemma=of NamedEntityTag=O]
[Text=the CharacterOffsetBegin=270 CharacterOffsetEnd=273 PartOfSpeech=DT Lemma=the NamedEntityTag=O]
[Text=late CharacterOffsetBegin=274 CharacterOffsetEnd=278 PartOfSpeech=JJ Lemma=late NamedEntityTag=O]
[Text=Eddard CharacterOffsetBegin=279 CharacterOffsetEnd=285 PartOfSpeech=NNP Lemma=Eddard NamedEntityTag=O]
[Text=Stark CharacterOffsetBegin=286 CharacterOffsetEnd=291 PartOfSpeech=NNP Lemma=Stark NamedEntityTag=O]
[Text=, CharacterOffsetBegin=291 CharacterOffsetEnd=292 PartOfSpeech=, Lemma=, NamedEntityTag=O]
[Text=but CharacterOffsetBegin=293 CharacterOffsetEnd=296 PartOfSpeech=CC Lemma=but NamedEntityTag=O]
[Text=the CharacterOffsetBegin=297 CharacterOffsetEnd=300 PartOfSpeech=DT Lemma=the NamedEntityTag=O]
[Text=offspring CharacterOffsetBegin=301 CharacterOffsetEnd=310 PartOfSpeech=NN Lemma=offspring NamedEntityTag=O]
[Text=of CharacterOffsetBegin=311 CharacterOffsetEnd=313 PartOfSpeech=IN Lemma=of NamedEntityTag=O]
[Text=Lyanna CharacterOffsetBegin=314 CharacterOffsetEnd=320 PartOfSpeech=NNP Lemma=Lyanna NamedEntityTag=PERSON]
[Text=Stark CharacterOffsetBegin=321 CharacterOffsetEnd=326 PartOfSpeech=NNP Lemma=Stark NamedEntityTag=PERSON]
[Text=and CharacterOffsetBegin=327 CharacterOffsetEnd=330 PartOfSpeech=CC Lemma=and NamedEntityTag=O]
[Text=Rhaegar CharacterOffsetBegin=331 CharacterOffsetEnd=338 PartOfSpeech=NNP Lemma=Rhaegar NamedEntityTag=PERSON]
[Text=Targaryen CharacterOffsetBegin=339 CharacterOffsetEnd=348 PartOfSpeech=NNP Lemma=Targaryen NamedEntityTag=PERSON]
[Text=. CharacterOffsetBegin=348 CharacterOffsetEnd=349 PartOfSpeech=. Lemma=. NamedEntityTag=O]
(ROOT
  (S
    (S
      (NP
        (NP (DT The) (NN season) (CD six) (NN finale))
        (PP (IN of)
          (NP
            (NP (NN Game))
            (PP (IN of)
              (NP (NNPS Thrones)))
            (, ,)
            (VP (VBN titled)
              (S (`` ``)
                (NP
                  (NP (DT The) (NNS Winds))
                  (PP (IN of)
                    (NP (NNP Winter))))
                (, ,) ('' ''))))))
      (ADVP (RB finally))
      (VP (VBD confirmed)
        (NP (DT a) (JJ long-held) (NN theory))))
    (: :)
    (S
      (NP (NNP Jon) (NNP Snow))
      (VP (VBZ is) (RB not)
        (NP
          (NP
            (NP (DT the) (NN bastard) (NN son))
            (PP (IN of)
              (NP (DT the) (JJ late) (NNP Eddard) (NNP Stark))))
          (, ,)
          (CC but)
          (NP
            (NP (DT the) (NN offspring))
            (PP (IN of)
              (NP
                (NP (NNP Lyanna) (NNP Stark))
                (CC and)
                (NP (NNP Rhaegar) (NNP Targaryen))))))))
    (. .)))

root(ROOT-0, confirmed-19)
det(finale-4, The-1)
compound(finale-4, season-2)
nummod(finale-4, six-3)
nsubj(confirmed-19, finale-4)
case(Game-6, of-5)
nmod:of(finale-4, Game-6)
case(Thrones-8, of-7)
nmod:of(Game-6, Thrones-8)
punct(Game-6, ,-9)
acl(Game-6, titled-10)
punct(Winds-13, ``-11)
det(Winds-13, The-12)
xcomp(titled-10, Winds-13)
case(Winter-15, of-14)
nmod:of(Winds-13, Winter-15)
punct(Winds-13, ,-16)
punct(Winds-13, ''-17)
advmod(confirmed-19, finally-18)
det(theory-22, a-20)
amod(theory-22, long-held-21)
dobj(confirmed-19, theory-22)
punct(confirmed-19, :-23)
compound(Snow-25, Jon-24)
nsubj(son-30, Snow-25)
cop(son-30, is-26)
neg(son-30, not-27)
det(son-30, the-28)
compound(son-30, bastard-29)
parataxis(confirmed-19, son-30)
case(Stark-35, of-31)
det(Stark-35, the-32)
amod(Stark-35, late-33)
compound(Stark-35, Eddard-34)
nmod:of(son-30, Stark-35)
punct(son-30, ,-36)
cc(son-30, but-37)
det(offspring-39, the-38)
parataxis(confirmed-19, offspring-39)
conj:but(son-30, offspring-39)
case(Stark-42, of-40)
compound(Stark-42, Lyanna-41)
nmod:of(offspring-39, Stark-42)
cc(Stark-42, and-43)
compound(Targaryen-45, Rhaegar-44)
nmod:of(offspring-39, Targaryen-45)
conj:and(Stark-42, Targaryen-45)
punct(confirmed-19, .-46)

Coreference set:
	(2,4,[3,22]) -> (2,1,[1,2]), that is: "a case where `` fan theory '' and `` obvious text of the story '' start to blend together" -> "Here"
Coreference set:
	(3,30,[28,36]) -> (3,25,[24,26]), that is: "the bastard son of the late Eddard Stark" -> "Jon Snow"
