Sentence #1 (36 tokens):
Arya Is the New Lady Stoneheart

Even Game of Thrones watchers who haven’t read George R.R. Martin’s novels have heard the name Lady Stoneheart, because book-readers won’t shut up about her.
[Text=Arya CharacterOffsetBegin=0 CharacterOffsetEnd=4 PartOfSpeech=NNP]
[Text=Is CharacterOffsetBegin=5 CharacterOffsetEnd=7 PartOfSpeech=VBZ]
[Text=the CharacterOffsetBegin=8 CharacterOffsetEnd=11 PartOfSpeech=DT]
[Text=New CharacterOffsetBegin=12 CharacterOffsetEnd=15 PartOfSpeech=NNP]
[Text=Lady CharacterOffsetBegin=16 CharacterOffsetEnd=20 PartOfSpeech=NNP]
[Text=Stoneheart CharacterOffsetBegin=21 CharacterOffsetEnd=31 PartOfSpeech=NNP]
[Text=Even CharacterOffsetBegin=33 CharacterOffsetEnd=37 PartOfSpeech=RB]
[Text=Game CharacterOffsetBegin=38 CharacterOffsetEnd=42 PartOfSpeech=NN]
[Text=of CharacterOffsetBegin=43 CharacterOffsetEnd=45 PartOfSpeech=IN]
[Text=Thrones CharacterOffsetBegin=46 CharacterOffsetEnd=53 PartOfSpeech=NNP]
[Text=watchers CharacterOffsetBegin=54 CharacterOffsetEnd=62 PartOfSpeech=NNS]
[Text=who CharacterOffsetBegin=63 CharacterOffsetEnd=66 PartOfSpeech=WP]
[Text=have CharacterOffsetBegin=67 CharacterOffsetEnd=71 PartOfSpeech=VBP]
[Text=n't CharacterOffsetBegin=71 CharacterOffsetEnd=74 PartOfSpeech=RB]
[Text=read CharacterOffsetBegin=75 CharacterOffsetEnd=79 PartOfSpeech=VB]
[Text=George CharacterOffsetBegin=80 CharacterOffsetEnd=86 PartOfSpeech=NNP]
[Text=R.R. CharacterOffsetBegin=87 CharacterOffsetEnd=91 PartOfSpeech=NNP]
[Text=Martin CharacterOffsetBegin=92 CharacterOffsetEnd=98 PartOfSpeech=NNP]
[Text='s CharacterOffsetBegin=98 CharacterOffsetEnd=100 PartOfSpeech=POS]
[Text=novels CharacterOffsetBegin=101 CharacterOffsetEnd=107 PartOfSpeech=NNS]
[Text=have CharacterOffsetBegin=108 CharacterOffsetEnd=112 PartOfSpeech=VBP]
[Text=heard CharacterOffsetBegin=113 CharacterOffsetEnd=118 PartOfSpeech=VBN]
[Text=the CharacterOffsetBegin=119 CharacterOffsetEnd=122 PartOfSpeech=DT]
[Text=name CharacterOffsetBegin=123 CharacterOffsetEnd=127 PartOfSpeech=NN]
[Text=Lady CharacterOffsetBegin=128 CharacterOffsetEnd=132 PartOfSpeech=NN]
[Text=Stoneheart CharacterOffsetBegin=133 CharacterOffsetEnd=143 PartOfSpeech=NNP]
[Text=, CharacterOffsetBegin=143 CharacterOffsetEnd=144 PartOfSpeech=,]
[Text=because CharacterOffsetBegin=145 CharacterOffsetEnd=152 PartOfSpeech=IN]
[Text=book-readers CharacterOffsetBegin=153 CharacterOffsetEnd=165 PartOfSpeech=NNS]
[Text=wo CharacterOffsetBegin=166 CharacterOffsetEnd=168 PartOfSpeech=MD]
[Text=n't CharacterOffsetBegin=168 CharacterOffsetEnd=171 PartOfSpeech=RB]
[Text=shut CharacterOffsetBegin=172 CharacterOffsetEnd=176 PartOfSpeech=VB]
[Text=up CharacterOffsetBegin=177 CharacterOffsetEnd=179 PartOfSpeech=RP]
[Text=about CharacterOffsetBegin=180 CharacterOffsetEnd=185 PartOfSpeech=IN]
[Text=her CharacterOffsetBegin=186 CharacterOffsetEnd=189 PartOfSpeech=PRP]
[Text=. CharacterOffsetBegin=189 CharacterOffsetEnd=190 PartOfSpeech=.]
Sentence #2 (37 tokens):
In the original books, this figure runs the Brotherhood Without Banners and has been systematically hunting down and murdering members of House Frey and, as her name implies, she does so without mercy.
[Text=In CharacterOffsetBegin=191 CharacterOffsetEnd=193 PartOfSpeech=IN]
[Text=the CharacterOffsetBegin=194 CharacterOffsetEnd=197 PartOfSpeech=DT]
[Text=original CharacterOffsetBegin=198 CharacterOffsetEnd=206 PartOfSpeech=JJ]
[Text=books CharacterOffsetBegin=207 CharacterOffsetEnd=212 PartOfSpeech=NNS]
[Text=, CharacterOffsetBegin=212 CharacterOffsetEnd=213 PartOfSpeech=,]
[Text=this CharacterOffsetBegin=214 CharacterOffsetEnd=218 PartOfSpeech=DT]
[Text=figure CharacterOffsetBegin=219 CharacterOffsetEnd=225 PartOfSpeech=NN]
[Text=runs CharacterOffsetBegin=226 CharacterOffsetEnd=230 PartOfSpeech=VBZ]
[Text=the CharacterOffsetBegin=231 CharacterOffsetEnd=234 PartOfSpeech=DT]
[Text=Brotherhood CharacterOffsetBegin=235 CharacterOffsetEnd=246 PartOfSpeech=NNP]
[Text=Without CharacterOffsetBegin=247 CharacterOffsetEnd=254 PartOfSpeech=IN]
[Text=Banners CharacterOffsetBegin=255 CharacterOffsetEnd=262 PartOfSpeech=NNP]
[Text=and CharacterOffsetBegin=263 CharacterOffsetEnd=266 PartOfSpeech=CC]
[Text=has CharacterOffsetBegin=267 CharacterOffsetEnd=270 PartOfSpeech=VBZ]
[Text=been CharacterOffsetBegin=271 CharacterOffsetEnd=275 PartOfSpeech=VBN]
[Text=systematically CharacterOffsetBegin=276 CharacterOffsetEnd=290 PartOfSpeech=RB]
[Text=hunting CharacterOffsetBegin=291 CharacterOffsetEnd=298 PartOfSpeech=NN]
[Text=down CharacterOffsetBegin=299 CharacterOffsetEnd=303 PartOfSpeech=RP]
[Text=and CharacterOffsetBegin=304 CharacterOffsetEnd=307 PartOfSpeech=CC]
[Text=murdering CharacterOffsetBegin=308 CharacterOffsetEnd=317 PartOfSpeech=VBG]
[Text=members CharacterOffsetBegin=318 CharacterOffsetEnd=325 PartOfSpeech=NNS]
[Text=of CharacterOffsetBegin=326 CharacterOffsetEnd=328 PartOfSpeech=IN]
[Text=House CharacterOffsetBegin=329 CharacterOffsetEnd=334 PartOfSpeech=NNP]
[Text=Frey CharacterOffsetBegin=335 CharacterOffsetEnd=339 PartOfSpeech=NNP]
[Text=and CharacterOffsetBegin=340 CharacterOffsetEnd=343 PartOfSpeech=CC]
[Text=, CharacterOffsetBegin=343 CharacterOffsetEnd=344 PartOfSpeech=,]
[Text=as CharacterOffsetBegin=345 CharacterOffsetEnd=347 PartOfSpeech=IN]
[Text=her CharacterOffsetBegin=348 CharacterOffsetEnd=351 PartOfSpeech=PRP$]
[Text=name CharacterOffsetBegin=352 CharacterOffsetEnd=356 PartOfSpeech=NN]
[Text=implies CharacterOffsetBegin=357 CharacterOffsetEnd=364 PartOfSpeech=VBZ]
[Text=, CharacterOffsetBegin=364 CharacterOffsetEnd=365 PartOfSpeech=,]
[Text=she CharacterOffsetBegin=366 CharacterOffsetEnd=369 PartOfSpeech=PRP]
[Text=does CharacterOffsetBegin=370 CharacterOffsetEnd=374 PartOfSpeech=VBZ]
[Text=so CharacterOffsetBegin=375 CharacterOffsetEnd=377 PartOfSpeech=RB]
[Text=without CharacterOffsetBegin=378 CharacterOffsetEnd=385 PartOfSpeech=IN]
[Text=mercy CharacterOffsetBegin=386 CharacterOffsetEnd=391 PartOfSpeech=NN]
[Text=. CharacterOffsetBegin=391 CharacterOffsetEnd=392 PartOfSpeech=.]
Sentence #3 (46 tokens):
We quickly learn that this is none other than Catelyn Stark, who was resurrected after the events of the Red Wedding by Thoros of Myr, a process that required Beric Dondarrion (the leader of the Brotherhood) to give up his life.
[Text=We CharacterOffsetBegin=393 CharacterOffsetEnd=395 PartOfSpeech=PRP]
[Text=quickly CharacterOffsetBegin=396 CharacterOffsetEnd=403 PartOfSpeech=RB]
[Text=learn CharacterOffsetBegin=404 CharacterOffsetEnd=409 PartOfSpeech=VBP]
[Text=that CharacterOffsetBegin=410 CharacterOffsetEnd=414 PartOfSpeech=IN]
[Text=this CharacterOffsetBegin=415 CharacterOffsetEnd=419 PartOfSpeech=DT]
[Text=is CharacterOffsetBegin=420 CharacterOffsetEnd=422 PartOfSpeech=VBZ]
[Text=none CharacterOffsetBegin=423 CharacterOffsetEnd=427 PartOfSpeech=NN]
[Text=other CharacterOffsetBegin=428 CharacterOffsetEnd=433 PartOfSpeech=JJ]
[Text=than CharacterOffsetBegin=434 CharacterOffsetEnd=438 PartOfSpeech=IN]
[Text=Catelyn CharacterOffsetBegin=439 CharacterOffsetEnd=446 PartOfSpeech=NNP]
[Text=Stark CharacterOffsetBegin=447 CharacterOffsetEnd=452 PartOfSpeech=NNP]
[Text=, CharacterOffsetBegin=452 CharacterOffsetEnd=453 PartOfSpeech=,]
[Text=who CharacterOffsetBegin=454 CharacterOffsetEnd=457 PartOfSpeech=WP]
[Text=was CharacterOffsetBegin=458 CharacterOffsetEnd=461 PartOfSpeech=VBD]
[Text=resurrected CharacterOffsetBegin=462 CharacterOffsetEnd=473 PartOfSpeech=VBN]
[Text=after CharacterOffsetBegin=474 CharacterOffsetEnd=479 PartOfSpeech=IN]
[Text=the CharacterOffsetBegin=480 CharacterOffsetEnd=483 PartOfSpeech=DT]
[Text=events CharacterOffsetBegin=484 CharacterOffsetEnd=490 PartOfSpeech=NNS]
[Text=of CharacterOffsetBegin=491 CharacterOffsetEnd=493 PartOfSpeech=IN]
[Text=the CharacterOffsetBegin=494 CharacterOffsetEnd=497 PartOfSpeech=DT]
[Text=Red CharacterOffsetBegin=498 CharacterOffsetEnd=501 PartOfSpeech=NNP]
[Text=Wedding CharacterOffsetBegin=502 CharacterOffsetEnd=509 PartOfSpeech=NN]
[Text=by CharacterOffsetBegin=510 CharacterOffsetEnd=512 PartOfSpeech=IN]
[Text=Thoros CharacterOffsetBegin=513 CharacterOffsetEnd=519 PartOfSpeech=NNP]
[Text=of CharacterOffsetBegin=520 CharacterOffsetEnd=522 PartOfSpeech=IN]
[Text=Myr CharacterOffsetBegin=523 CharacterOffsetEnd=526 PartOfSpeech=NNP]
[Text=, CharacterOffsetBegin=526 CharacterOffsetEnd=527 PartOfSpeech=,]
[Text=a CharacterOffsetBegin=528 CharacterOffsetEnd=529 PartOfSpeech=DT]
[Text=process CharacterOffsetBegin=530 CharacterOffsetEnd=537 PartOfSpeech=NN]
[Text=that CharacterOffsetBegin=538 CharacterOffsetEnd=542 PartOfSpeech=WDT]
[Text=required CharacterOffsetBegin=543 CharacterOffsetEnd=551 PartOfSpeech=VBD]
[Text=Beric CharacterOffsetBegin=552 CharacterOffsetEnd=557 PartOfSpeech=NNP]
[Text=Dondarrion CharacterOffsetBegin=558 CharacterOffsetEnd=568 PartOfSpeech=NNP]
[Text=-LRB- CharacterOffsetBegin=569 CharacterOffsetEnd=570 PartOfSpeech=-LRB-]
[Text=the CharacterOffsetBegin=570 CharacterOffsetEnd=573 PartOfSpeech=DT]
[Text=leader CharacterOffsetBegin=574 CharacterOffsetEnd=580 PartOfSpeech=NN]
[Text=of CharacterOffsetBegin=581 CharacterOffsetEnd=583 PartOfSpeech=IN]
[Text=the CharacterOffsetBegin=584 CharacterOffsetEnd=587 PartOfSpeech=DT]
[Text=Brotherhood CharacterOffsetBegin=588 CharacterOffsetEnd=599 PartOfSpeech=NNP]
[Text=-RRB- CharacterOffsetBegin=599 CharacterOffsetEnd=600 PartOfSpeech=-RRB-]
[Text=to CharacterOffsetBegin=601 CharacterOffsetEnd=603 PartOfSpeech=TO]
[Text=give CharacterOffsetBegin=604 CharacterOffsetEnd=608 PartOfSpeech=VB]
[Text=up CharacterOffsetBegin=609 CharacterOffsetEnd=611 PartOfSpeech=RP]
[Text=his CharacterOffsetBegin=612 CharacterOffsetEnd=615 PartOfSpeech=PRP$]
[Text=life CharacterOffsetBegin=616 CharacterOffsetEnd=620 PartOfSpeech=NN]
[Text=. CharacterOffsetBegin=620 CharacterOffsetEnd=621 PartOfSpeech=.]
Sentence #4 (18 tokens):
Catelyn then took Beric’s place and shifted the group toward being her own personal vengeance brigade.
[Text=Catelyn CharacterOffsetBegin=622 CharacterOffsetEnd=629 PartOfSpeech=NNP]
[Text=then CharacterOffsetBegin=630 CharacterOffsetEnd=634 PartOfSpeech=RB]
[Text=took CharacterOffsetBegin=635 CharacterOffsetEnd=639 PartOfSpeech=VBD]
[Text=Beric CharacterOffsetBegin=640 CharacterOffsetEnd=645 PartOfSpeech=NNP]
[Text='s CharacterOffsetBegin=645 CharacterOffsetEnd=647 PartOfSpeech=POS]
[Text=place CharacterOffsetBegin=648 CharacterOffsetEnd=653 PartOfSpeech=NN]
[Text=and CharacterOffsetBegin=654 CharacterOffsetEnd=657 PartOfSpeech=CC]
[Text=shifted CharacterOffsetBegin=658 CharacterOffsetEnd=665 PartOfSpeech=VBD]
[Text=the CharacterOffsetBegin=666 CharacterOffsetEnd=669 PartOfSpeech=DT]
[Text=group CharacterOffsetBegin=670 CharacterOffsetEnd=675 PartOfSpeech=NN]
[Text=toward CharacterOffsetBegin=676 CharacterOffsetEnd=682 PartOfSpeech=IN]
[Text=being CharacterOffsetBegin=683 CharacterOffsetEnd=688 PartOfSpeech=VBG]
[Text=her CharacterOffsetBegin=689 CharacterOffsetEnd=692 PartOfSpeech=PRP$]
[Text=own CharacterOffsetBegin=693 CharacterOffsetEnd=696 PartOfSpeech=JJ]
[Text=personal CharacterOffsetBegin=697 CharacterOffsetEnd=705 PartOfSpeech=JJ]
[Text=vengeance CharacterOffsetBegin=706 CharacterOffsetEnd=715 PartOfSpeech=NN]
[Text=brigade CharacterOffsetBegin=716 CharacterOffsetEnd=723 PartOfSpeech=NN]
[Text=. CharacterOffsetBegin=723 CharacterOffsetEnd=724 PartOfSpeech=.]
Sentence #5 (48 tokens):
Lady Stoneheart was cut from the show for reasons that have yet to be explained (possibly because the writers didn’t want to tip their hand for Jon Snow’s inevitable resurrection) and the characters involved in her storyline have been given entirely new business.
[Text=Lady CharacterOffsetBegin=726 CharacterOffsetEnd=730 PartOfSpeech=NN]
[Text=Stoneheart CharacterOffsetBegin=731 CharacterOffsetEnd=741 PartOfSpeech=NNP]
[Text=was CharacterOffsetBegin=742 CharacterOffsetEnd=745 PartOfSpeech=VBD]
[Text=cut CharacterOffsetBegin=746 CharacterOffsetEnd=749 PartOfSpeech=VBN]
[Text=from CharacterOffsetBegin=750 CharacterOffsetEnd=754 PartOfSpeech=IN]
[Text=the CharacterOffsetBegin=755 CharacterOffsetEnd=758 PartOfSpeech=DT]
[Text=show CharacterOffsetBegin=759 CharacterOffsetEnd=763 PartOfSpeech=NN]
[Text=for CharacterOffsetBegin=764 CharacterOffsetEnd=767 PartOfSpeech=IN]
[Text=reasons CharacterOffsetBegin=768 CharacterOffsetEnd=775 PartOfSpeech=NNS]
[Text=that CharacterOffsetBegin=776 CharacterOffsetEnd=780 PartOfSpeech=WDT]
[Text=have CharacterOffsetBegin=781 CharacterOffsetEnd=785 PartOfSpeech=VBP]
[Text=yet CharacterOffsetBegin=786 CharacterOffsetEnd=789 PartOfSpeech=RB]
[Text=to CharacterOffsetBegin=790 CharacterOffsetEnd=792 PartOfSpeech=TO]
[Text=be CharacterOffsetBegin=793 CharacterOffsetEnd=795 PartOfSpeech=VB]
[Text=explained CharacterOffsetBegin=796 CharacterOffsetEnd=805 PartOfSpeech=VBN]
[Text=-LRB- CharacterOffsetBegin=806 CharacterOffsetEnd=807 PartOfSpeech=-LRB-]
[Text=possibly CharacterOffsetBegin=807 CharacterOffsetEnd=815 PartOfSpeech=RB]
[Text=because CharacterOffsetBegin=816 CharacterOffsetEnd=823 PartOfSpeech=IN]
[Text=the CharacterOffsetBegin=824 CharacterOffsetEnd=827 PartOfSpeech=DT]
[Text=writers CharacterOffsetBegin=828 CharacterOffsetEnd=835 PartOfSpeech=NNS]
[Text=did CharacterOffsetBegin=836 CharacterOffsetEnd=839 PartOfSpeech=VBD]
[Text=n't CharacterOffsetBegin=839 CharacterOffsetEnd=842 PartOfSpeech=RB]
[Text=want CharacterOffsetBegin=843 CharacterOffsetEnd=847 PartOfSpeech=VB]
[Text=to CharacterOffsetBegin=848 CharacterOffsetEnd=850 PartOfSpeech=TO]
[Text=tip CharacterOffsetBegin=851 CharacterOffsetEnd=854 PartOfSpeech=VB]
[Text=their CharacterOffsetBegin=855 CharacterOffsetEnd=860 PartOfSpeech=PRP$]
[Text=hand CharacterOffsetBegin=861 CharacterOffsetEnd=865 PartOfSpeech=NN]
[Text=for CharacterOffsetBegin=866 CharacterOffsetEnd=869 PartOfSpeech=IN]
[Text=Jon CharacterOffsetBegin=870 CharacterOffsetEnd=873 PartOfSpeech=NNP]
[Text=Snow CharacterOffsetBegin=874 CharacterOffsetEnd=878 PartOfSpeech=NNP]
[Text='s CharacterOffsetBegin=878 CharacterOffsetEnd=880 PartOfSpeech=POS]
[Text=inevitable CharacterOffsetBegin=881 CharacterOffsetEnd=891 PartOfSpeech=JJ]
[Text=resurrection CharacterOffsetBegin=892 CharacterOffsetEnd=904 PartOfSpeech=NN]
[Text=-RRB- CharacterOffsetBegin=904 CharacterOffsetEnd=905 PartOfSpeech=-RRB-]
[Text=and CharacterOffsetBegin=906 CharacterOffsetEnd=909 PartOfSpeech=CC]
[Text=the CharacterOffsetBegin=910 CharacterOffsetEnd=913 PartOfSpeech=DT]
[Text=characters CharacterOffsetBegin=914 CharacterOffsetEnd=924 PartOfSpeech=NNS]
[Text=involved CharacterOffsetBegin=925 CharacterOffsetEnd=933 PartOfSpeech=VBN]
[Text=in CharacterOffsetBegin=934 CharacterOffsetEnd=936 PartOfSpeech=IN]
[Text=her CharacterOffsetBegin=937 CharacterOffsetEnd=940 PartOfSpeech=PRP$]
[Text=storyline CharacterOffsetBegin=941 CharacterOffsetEnd=950 PartOfSpeech=NN]
[Text=have CharacterOffsetBegin=951 CharacterOffsetEnd=955 PartOfSpeech=VBP]
[Text=been CharacterOffsetBegin=956 CharacterOffsetEnd=960 PartOfSpeech=VBN]
[Text=given CharacterOffsetBegin=961 CharacterOffsetEnd=966 PartOfSpeech=VBN]
[Text=entirely CharacterOffsetBegin=967 CharacterOffsetEnd=975 PartOfSpeech=RB]
[Text=new CharacterOffsetBegin=976 CharacterOffsetEnd=979 PartOfSpeech=JJ]
[Text=business CharacterOffsetBegin=980 CharacterOffsetEnd=988 PartOfSpeech=NN]
[Text=. CharacterOffsetBegin=988 CharacterOffsetEnd=989 PartOfSpeech=.]
Sentence #6 (51 tokens):
However, since Arya arrived back in Westeros in “The Winds of Winter” and slit Walder Frey’s throat, some fans are speculating that the youngest Stark girl will take on the role that belonged to her mother in the books and become the new Lady Stoneheart.
[Text=However CharacterOffsetBegin=990 CharacterOffsetEnd=997 PartOfSpeech=RB]
[Text=, CharacterOffsetBegin=997 CharacterOffsetEnd=998 PartOfSpeech=,]
[Text=since CharacterOffsetBegin=999 CharacterOffsetEnd=1004 PartOfSpeech=IN]
[Text=Arya CharacterOffsetBegin=1005 CharacterOffsetEnd=1009 PartOfSpeech=NNP]
[Text=arrived CharacterOffsetBegin=1010 CharacterOffsetEnd=1017 PartOfSpeech=VBD]
[Text=back CharacterOffsetBegin=1018 CharacterOffsetEnd=1022 PartOfSpeech=RB]
[Text=in CharacterOffsetBegin=1023 CharacterOffsetEnd=1025 PartOfSpeech=IN]
[Text=Westeros CharacterOffsetBegin=1026 CharacterOffsetEnd=1034 PartOfSpeech=NNP]
[Text=in CharacterOffsetBegin=1035 CharacterOffsetEnd=1037 PartOfSpeech=IN]
[Text=`` CharacterOffsetBegin=1038 CharacterOffsetEnd=1039 PartOfSpeech=``]
[Text=The CharacterOffsetBegin=1039 CharacterOffsetEnd=1042 PartOfSpeech=DT]
[Text=Winds CharacterOffsetBegin=1043 CharacterOffsetEnd=1048 PartOfSpeech=NNS]
[Text=of CharacterOffsetBegin=1049 CharacterOffsetEnd=1051 PartOfSpeech=IN]
[Text=Winter CharacterOffsetBegin=1052 CharacterOffsetEnd=1058 PartOfSpeech=NNP]
[Text='' CharacterOffsetBegin=1058 CharacterOffsetEnd=1059 PartOfSpeech='']
[Text=and CharacterOffsetBegin=1060 CharacterOffsetEnd=1063 PartOfSpeech=CC]
[Text=slit CharacterOffsetBegin=1064 CharacterOffsetEnd=1068 PartOfSpeech=VB]
[Text=Walder CharacterOffsetBegin=1069 CharacterOffsetEnd=1075 PartOfSpeech=NNP]
[Text=Frey CharacterOffsetBegin=1076 CharacterOffsetEnd=1080 PartOfSpeech=NNP]
[Text='s CharacterOffsetBegin=1080 CharacterOffsetEnd=1082 PartOfSpeech=POS]
[Text=throat CharacterOffsetBegin=1083 CharacterOffsetEnd=1089 PartOfSpeech=NN]
[Text=, CharacterOffsetBegin=1089 CharacterOffsetEnd=1090 PartOfSpeech=,]
[Text=some CharacterOffsetBegin=1091 CharacterOffsetEnd=1095 PartOfSpeech=DT]
[Text=fans CharacterOffsetBegin=1096 CharacterOffsetEnd=1100 PartOfSpeech=NNS]
[Text=are CharacterOffsetBegin=1101 CharacterOffsetEnd=1104 PartOfSpeech=VBP]
[Text=speculating CharacterOffsetBegin=1105 CharacterOffsetEnd=1116 PartOfSpeech=VBG]
[Text=that CharacterOffsetBegin=1117 CharacterOffsetEnd=1121 PartOfSpeech=IN]
[Text=the CharacterOffsetBegin=1122 CharacterOffsetEnd=1125 PartOfSpeech=DT]
[Text=youngest CharacterOffsetBegin=1126 CharacterOffsetEnd=1134 PartOfSpeech=JJS]
[Text=Stark CharacterOffsetBegin=1135 CharacterOffsetEnd=1140 PartOfSpeech=NNP]
[Text=girl CharacterOffsetBegin=1141 CharacterOffsetEnd=1145 PartOfSpeech=NN]
[Text=will CharacterOffsetBegin=1146 CharacterOffsetEnd=1150 PartOfSpeech=MD]
[Text=take CharacterOffsetBegin=1151 CharacterOffsetEnd=1155 PartOfSpeech=VB]
[Text=on CharacterOffsetBegin=1156 CharacterOffsetEnd=1158 PartOfSpeech=RP]
[Text=the CharacterOffsetBegin=1159 CharacterOffsetEnd=1162 PartOfSpeech=DT]
[Text=role CharacterOffsetBegin=1163 CharacterOffsetEnd=1167 PartOfSpeech=NN]
[Text=that CharacterOffsetBegin=1168 CharacterOffsetEnd=1172 PartOfSpeech=WDT]
[Text=belonged CharacterOffsetBegin=1173 CharacterOffsetEnd=1181 PartOfSpeech=VBD]
[Text=to CharacterOffsetBegin=1182 CharacterOffsetEnd=1184 PartOfSpeech=TO]
[Text=her CharacterOffsetBegin=1185 CharacterOffsetEnd=1188 PartOfSpeech=PRP$]
[Text=mother CharacterOffsetBegin=1189 CharacterOffsetEnd=1195 PartOfSpeech=NN]
[Text=in CharacterOffsetBegin=1196 CharacterOffsetEnd=1198 PartOfSpeech=IN]
[Text=the CharacterOffsetBegin=1199 CharacterOffsetEnd=1202 PartOfSpeech=DT]
[Text=books CharacterOffsetBegin=1203 CharacterOffsetEnd=1208 PartOfSpeech=NNS]
[Text=and CharacterOffsetBegin=1209 CharacterOffsetEnd=1212 PartOfSpeech=CC]
[Text=become CharacterOffsetBegin=1213 CharacterOffsetEnd=1219 PartOfSpeech=VB]
[Text=the CharacterOffsetBegin=1220 CharacterOffsetEnd=1223 PartOfSpeech=DT]
[Text=new CharacterOffsetBegin=1224 CharacterOffsetEnd=1227 PartOfSpeech=JJ]
[Text=Lady CharacterOffsetBegin=1228 CharacterOffsetEnd=1232 PartOfSpeech=NNP]
[Text=Stoneheart CharacterOffsetBegin=1233 CharacterOffsetEnd=1243 PartOfSpeech=NNP]
[Text=. CharacterOffsetBegin=1243 CharacterOffsetEnd=1244 PartOfSpeech=.]
Sentence #7 (33 tokens):
Maybe she’ll even meet up with the Brotherhood (whom she declared an enemy when they sold Gendry to Melisandre in season three) and take the reins of the organization.
[Text=Maybe CharacterOffsetBegin=1245 CharacterOffsetEnd=1250 PartOfSpeech=RB]
[Text=she CharacterOffsetBegin=1251 CharacterOffsetEnd=1254 PartOfSpeech=PRP]
[Text='ll CharacterOffsetBegin=1254 CharacterOffsetEnd=1257 PartOfSpeech=MD]
[Text=even CharacterOffsetBegin=1258 CharacterOffsetEnd=1262 PartOfSpeech=RB]
[Text=meet CharacterOffsetBegin=1263 CharacterOffsetEnd=1267 PartOfSpeech=VB]
[Text=up CharacterOffsetBegin=1268 CharacterOffsetEnd=1270 PartOfSpeech=RP]
[Text=with CharacterOffsetBegin=1271 CharacterOffsetEnd=1275 PartOfSpeech=IN]
[Text=the CharacterOffsetBegin=1276 CharacterOffsetEnd=1279 PartOfSpeech=DT]
[Text=Brotherhood CharacterOffsetBegin=1280 CharacterOffsetEnd=1291 PartOfSpeech=NNP]
[Text=-LRB- CharacterOffsetBegin=1292 CharacterOffsetEnd=1293 PartOfSpeech=-LRB-]
[Text=whom CharacterOffsetBegin=1293 CharacterOffsetEnd=1297 PartOfSpeech=WP]
[Text=she CharacterOffsetBegin=1298 CharacterOffsetEnd=1301 PartOfSpeech=PRP]
[Text=declared CharacterOffsetBegin=1302 CharacterOffsetEnd=1310 PartOfSpeech=VBD]
[Text=an CharacterOffsetBegin=1311 CharacterOffsetEnd=1313 PartOfSpeech=DT]
[Text=enemy CharacterOffsetBegin=1314 CharacterOffsetEnd=1319 PartOfSpeech=NN]
[Text=when CharacterOffsetBegin=1320 CharacterOffsetEnd=1324 PartOfSpeech=WRB]
[Text=they CharacterOffsetBegin=1325 CharacterOffsetEnd=1329 PartOfSpeech=PRP]
[Text=sold CharacterOffsetBegin=1330 CharacterOffsetEnd=1334 PartOfSpeech=VBD]
[Text=Gendry CharacterOffsetBegin=1335 CharacterOffsetEnd=1341 PartOfSpeech=NNP]
[Text=to CharacterOffsetBegin=1342 CharacterOffsetEnd=1344 PartOfSpeech=TO]
[Text=Melisandre CharacterOffsetBegin=1345 CharacterOffsetEnd=1355 PartOfSpeech=NNP]
[Text=in CharacterOffsetBegin=1356 CharacterOffsetEnd=1358 PartOfSpeech=IN]
[Text=season CharacterOffsetBegin=1359 CharacterOffsetEnd=1365 PartOfSpeech=NN]
[Text=three CharacterOffsetBegin=1366 CharacterOffsetEnd=1371 PartOfSpeech=CD]
[Text=-RRB- CharacterOffsetBegin=1371 CharacterOffsetEnd=1372 PartOfSpeech=-RRB-]
[Text=and CharacterOffsetBegin=1373 CharacterOffsetEnd=1376 PartOfSpeech=CC]
[Text=take CharacterOffsetBegin=1377 CharacterOffsetEnd=1381 PartOfSpeech=VB]
[Text=the CharacterOffsetBegin=1382 CharacterOffsetEnd=1385 PartOfSpeech=DT]
[Text=reins CharacterOffsetBegin=1386 CharacterOffsetEnd=1391 PartOfSpeech=NNS]
[Text=of CharacterOffsetBegin=1392 CharacterOffsetEnd=1394 PartOfSpeech=IN]
[Text=the CharacterOffsetBegin=1395 CharacterOffsetEnd=1398 PartOfSpeech=DT]
[Text=organization CharacterOffsetBegin=1399 CharacterOffsetEnd=1411 PartOfSpeech=NN]
[Text=. CharacterOffsetBegin=1411 CharacterOffsetEnd=1412 PartOfSpeech=.]
Sentence #8 (30 tokens):
This is all plausible enough, especially since it will allow Arya and Sandor Clegane to reunite after their brutal parting of ways at the end of season four.
[Text=This CharacterOffsetBegin=1414 CharacterOffsetEnd=1418 PartOfSpeech=DT]
[Text=is CharacterOffsetBegin=1419 CharacterOffsetEnd=1421 PartOfSpeech=VBZ]
[Text=all CharacterOffsetBegin=1422 CharacterOffsetEnd=1425 PartOfSpeech=DT]
[Text=plausible CharacterOffsetBegin=1426 CharacterOffsetEnd=1435 PartOfSpeech=JJ]
[Text=enough CharacterOffsetBegin=1436 CharacterOffsetEnd=1442 PartOfSpeech=RB]
[Text=, CharacterOffsetBegin=1442 CharacterOffsetEnd=1443 PartOfSpeech=,]
[Text=especially CharacterOffsetBegin=1444 CharacterOffsetEnd=1454 PartOfSpeech=RB]
[Text=since CharacterOffsetBegin=1455 CharacterOffsetEnd=1460 PartOfSpeech=IN]
[Text=it CharacterOffsetBegin=1461 CharacterOffsetEnd=1463 PartOfSpeech=PRP]
[Text=will CharacterOffsetBegin=1464 CharacterOffsetEnd=1468 PartOfSpeech=MD]
[Text=allow CharacterOffsetBegin=1469 CharacterOffsetEnd=1474 PartOfSpeech=VB]
[Text=Arya CharacterOffsetBegin=1475 CharacterOffsetEnd=1479 PartOfSpeech=NNP]
[Text=and CharacterOffsetBegin=1480 CharacterOffsetEnd=1483 PartOfSpeech=CC]
[Text=Sandor CharacterOffsetBegin=1484 CharacterOffsetEnd=1490 PartOfSpeech=NNP]
[Text=Clegane CharacterOffsetBegin=1491 CharacterOffsetEnd=1498 PartOfSpeech=NNP]
[Text=to CharacterOffsetBegin=1499 CharacterOffsetEnd=1501 PartOfSpeech=TO]
[Text=reunite CharacterOffsetBegin=1502 CharacterOffsetEnd=1509 PartOfSpeech=VB]
[Text=after CharacterOffsetBegin=1510 CharacterOffsetEnd=1515 PartOfSpeech=IN]
[Text=their CharacterOffsetBegin=1516 CharacterOffsetEnd=1521 PartOfSpeech=PRP$]
[Text=brutal CharacterOffsetBegin=1522 CharacterOffsetEnd=1528 PartOfSpeech=JJ]
[Text=parting CharacterOffsetBegin=1529 CharacterOffsetEnd=1536 PartOfSpeech=NN]
[Text=of CharacterOffsetBegin=1537 CharacterOffsetEnd=1539 PartOfSpeech=IN]
[Text=ways CharacterOffsetBegin=1540 CharacterOffsetEnd=1544 PartOfSpeech=NNS]
[Text=at CharacterOffsetBegin=1545 CharacterOffsetEnd=1547 PartOfSpeech=IN]
[Text=the CharacterOffsetBegin=1548 CharacterOffsetEnd=1551 PartOfSpeech=DT]
[Text=end CharacterOffsetBegin=1552 CharacterOffsetEnd=1555 PartOfSpeech=NN]
[Text=of CharacterOffsetBegin=1556 CharacterOffsetEnd=1558 PartOfSpeech=IN]
[Text=season CharacterOffsetBegin=1559 CharacterOffsetEnd=1565 PartOfSpeech=NN]
[Text=four CharacterOffsetBegin=1566 CharacterOffsetEnd=1570 PartOfSpeech=CD]
[Text=. CharacterOffsetBegin=1570 CharacterOffsetEnd=1571 PartOfSpeech=.]
Sentence #9 (40 tokens):
However, it seems unlikely that Arya will take on a new name and even more unlikely that she’ll do what her mother did in the books and focus her wrath strictly on her foes in the Riverlands.
[Text=However CharacterOffsetBegin=1572 CharacterOffsetEnd=1579 PartOfSpeech=RB]
[Text=, CharacterOffsetBegin=1579 CharacterOffsetEnd=1580 PartOfSpeech=,]
[Text=it CharacterOffsetBegin=1581 CharacterOffsetEnd=1583 PartOfSpeech=PRP]
[Text=seems CharacterOffsetBegin=1584 CharacterOffsetEnd=1589 PartOfSpeech=VBZ]
[Text=unlikely CharacterOffsetBegin=1590 CharacterOffsetEnd=1598 PartOfSpeech=JJ]
[Text=that CharacterOffsetBegin=1599 CharacterOffsetEnd=1603 PartOfSpeech=IN]
[Text=Arya CharacterOffsetBegin=1604 CharacterOffsetEnd=1608 PartOfSpeech=NNP]
[Text=will CharacterOffsetBegin=1609 CharacterOffsetEnd=1613 PartOfSpeech=MD]
[Text=take CharacterOffsetBegin=1614 CharacterOffsetEnd=1618 PartOfSpeech=VB]
[Text=on CharacterOffsetBegin=1619 CharacterOffsetEnd=1621 PartOfSpeech=RP]
[Text=a CharacterOffsetBegin=1622 CharacterOffsetEnd=1623 PartOfSpeech=DT]
[Text=new CharacterOffsetBegin=1624 CharacterOffsetEnd=1627 PartOfSpeech=JJ]
[Text=name CharacterOffsetBegin=1628 CharacterOffsetEnd=1632 PartOfSpeech=NN]
[Text=and CharacterOffsetBegin=1633 CharacterOffsetEnd=1636 PartOfSpeech=CC]
[Text=even CharacterOffsetBegin=1637 CharacterOffsetEnd=1641 PartOfSpeech=RB]
[Text=more CharacterOffsetBegin=1642 CharacterOffsetEnd=1646 PartOfSpeech=RBR]
[Text=unlikely CharacterOffsetBegin=1647 CharacterOffsetEnd=1655 PartOfSpeech=JJ]
[Text=that CharacterOffsetBegin=1656 CharacterOffsetEnd=1660 PartOfSpeech=IN]
[Text=she CharacterOffsetBegin=1661 CharacterOffsetEnd=1664 PartOfSpeech=PRP]
[Text='ll CharacterOffsetBegin=1664 CharacterOffsetEnd=1667 PartOfSpeech=MD]
[Text=do CharacterOffsetBegin=1668 CharacterOffsetEnd=1670 PartOfSpeech=VB]
[Text=what CharacterOffsetBegin=1671 CharacterOffsetEnd=1675 PartOfSpeech=WP]
[Text=her CharacterOffsetBegin=1676 CharacterOffsetEnd=1679 PartOfSpeech=PRP$]
[Text=mother CharacterOffsetBegin=1680 CharacterOffsetEnd=1686 PartOfSpeech=NN]
[Text=did CharacterOffsetBegin=1687 CharacterOffsetEnd=1690 PartOfSpeech=VBD]
[Text=in CharacterOffsetBegin=1691 CharacterOffsetEnd=1693 PartOfSpeech=IN]
[Text=the CharacterOffsetBegin=1694 CharacterOffsetEnd=1697 PartOfSpeech=DT]
[Text=books CharacterOffsetBegin=1698 CharacterOffsetEnd=1703 PartOfSpeech=NNS]
[Text=and CharacterOffsetBegin=1704 CharacterOffsetEnd=1707 PartOfSpeech=CC]
[Text=focus CharacterOffsetBegin=1708 CharacterOffsetEnd=1713 PartOfSpeech=VB]
[Text=her CharacterOffsetBegin=1714 CharacterOffsetEnd=1717 PartOfSpeech=PRP$]
[Text=wrath CharacterOffsetBegin=1718 CharacterOffsetEnd=1723 PartOfSpeech=NN]
[Text=strictly CharacterOffsetBegin=1724 CharacterOffsetEnd=1732 PartOfSpeech=RB]
[Text=on CharacterOffsetBegin=1733 CharacterOffsetEnd=1735 PartOfSpeech=IN]
[Text=her CharacterOffsetBegin=1736 CharacterOffsetEnd=1739 PartOfSpeech=PRP$]
[Text=foes CharacterOffsetBegin=1740 CharacterOffsetEnd=1744 PartOfSpeech=NNS]
[Text=in CharacterOffsetBegin=1745 CharacterOffsetEnd=1747 PartOfSpeech=IN]
[Text=the CharacterOffsetBegin=1748 CharacterOffsetEnd=1751 PartOfSpeech=DT]
[Text=Riverlands CharacterOffsetBegin=1752 CharacterOffsetEnd=1762 PartOfSpeech=NNPS]
[Text=. CharacterOffsetBegin=1762 CharacterOffsetEnd=1763 PartOfSpeech=.]
Sentence #10 (34 tokens):
Arya’s revenge list has names scattered all across the Seven Kingdoms, so even if she does meet up with the Brotherhood, her basic needs will take her beyond their jurisdiction.
[Text=Arya CharacterOffsetBegin=1764 CharacterOffsetEnd=1768 PartOfSpeech=NNP]
[Text='s CharacterOffsetBegin=1768 CharacterOffsetEnd=1770 PartOfSpeech=POS]
[Text=revenge CharacterOffsetBegin=1771 CharacterOffsetEnd=1778 PartOfSpeech=NN]
[Text=list CharacterOffsetBegin=1779 CharacterOffsetEnd=1783 PartOfSpeech=NN]
[Text=has CharacterOffsetBegin=1784 CharacterOffsetEnd=1787 PartOfSpeech=VBZ]
[Text=names CharacterOffsetBegin=1788 CharacterOffsetEnd=1793 PartOfSpeech=NNS]
[Text=scattered CharacterOffsetBegin=1794 CharacterOffsetEnd=1803 PartOfSpeech=VBN]
[Text=all CharacterOffsetBegin=1804 CharacterOffsetEnd=1807 PartOfSpeech=DT]
[Text=across CharacterOffsetBegin=1808 CharacterOffsetEnd=1814 PartOfSpeech=IN]
[Text=the CharacterOffsetBegin=1815 CharacterOffsetEnd=1818 PartOfSpeech=DT]
[Text=Seven CharacterOffsetBegin=1819 CharacterOffsetEnd=1824 PartOfSpeech=CD]
[Text=Kingdoms CharacterOffsetBegin=1825 CharacterOffsetEnd=1833 PartOfSpeech=NNS]
[Text=, CharacterOffsetBegin=1833 CharacterOffsetEnd=1834 PartOfSpeech=,]
[Text=so CharacterOffsetBegin=1835 CharacterOffsetEnd=1837 PartOfSpeech=RB]
[Text=even CharacterOffsetBegin=1838 CharacterOffsetEnd=1842 PartOfSpeech=RB]
[Text=if CharacterOffsetBegin=1843 CharacterOffsetEnd=1845 PartOfSpeech=IN]
[Text=she CharacterOffsetBegin=1846 CharacterOffsetEnd=1849 PartOfSpeech=PRP]
[Text=does CharacterOffsetBegin=1850 CharacterOffsetEnd=1854 PartOfSpeech=VBZ]
[Text=meet CharacterOffsetBegin=1855 CharacterOffsetEnd=1859 PartOfSpeech=VB]
[Text=up CharacterOffsetBegin=1860 CharacterOffsetEnd=1862 PartOfSpeech=RP]
[Text=with CharacterOffsetBegin=1863 CharacterOffsetEnd=1867 PartOfSpeech=IN]
[Text=the CharacterOffsetBegin=1868 CharacterOffsetEnd=1871 PartOfSpeech=DT]
[Text=Brotherhood CharacterOffsetBegin=1872 CharacterOffsetEnd=1883 PartOfSpeech=NNP]
[Text=, CharacterOffsetBegin=1883 CharacterOffsetEnd=1884 PartOfSpeech=,]
[Text=her CharacterOffsetBegin=1885 CharacterOffsetEnd=1888 PartOfSpeech=PRP$]
[Text=basic CharacterOffsetBegin=1889 CharacterOffsetEnd=1894 PartOfSpeech=JJ]
[Text=needs CharacterOffsetBegin=1895 CharacterOffsetEnd=1900 PartOfSpeech=NNS]
[Text=will CharacterOffsetBegin=1901 CharacterOffsetEnd=1905 PartOfSpeech=MD]
[Text=take CharacterOffsetBegin=1906 CharacterOffsetEnd=1910 PartOfSpeech=VB]
[Text=her CharacterOffsetBegin=1911 CharacterOffsetEnd=1914 PartOfSpeech=PRP$]
[Text=beyond CharacterOffsetBegin=1915 CharacterOffsetEnd=1921 PartOfSpeech=IN]
[Text=their CharacterOffsetBegin=1922 CharacterOffsetEnd=1927 PartOfSpeech=PRP$]
[Text=jurisdiction CharacterOffsetBegin=1928 CharacterOffsetEnd=1940 PartOfSpeech=NN]
[Text=. CharacterOffsetBegin=1940 CharacterOffsetEnd=1941 PartOfSpeech=.]
Sentence #11 (46 tokens):
Yes, Arya has become an instrument of cruel revenge and she is not above feeding a man his own sons before cutting his throat, but her path is too different, her motivations too wide-ranging, for this to be a clean adaptation.
[Text=Yes CharacterOffsetBegin=1942 CharacterOffsetEnd=1945 PartOfSpeech=UH]
[Text=, CharacterOffsetBegin=1945 CharacterOffsetEnd=1946 PartOfSpeech=,]
[Text=Arya CharacterOffsetBegin=1947 CharacterOffsetEnd=1951 PartOfSpeech=NNP]
[Text=has CharacterOffsetBegin=1952 CharacterOffsetEnd=1955 PartOfSpeech=VBZ]
[Text=become CharacterOffsetBegin=1956 CharacterOffsetEnd=1962 PartOfSpeech=VBN]
[Text=an CharacterOffsetBegin=1963 CharacterOffsetEnd=1965 PartOfSpeech=DT]
[Text=instrument CharacterOffsetBegin=1966 CharacterOffsetEnd=1976 PartOfSpeech=NN]
[Text=of CharacterOffsetBegin=1977 CharacterOffsetEnd=1979 PartOfSpeech=IN]
[Text=cruel CharacterOffsetBegin=1980 CharacterOffsetEnd=1985 PartOfSpeech=JJ]
[Text=revenge CharacterOffsetBegin=1986 CharacterOffsetEnd=1993 PartOfSpeech=NN]
[Text=and CharacterOffsetBegin=1994 CharacterOffsetEnd=1997 PartOfSpeech=CC]
[Text=she CharacterOffsetBegin=1998 CharacterOffsetEnd=2001 PartOfSpeech=PRP]
[Text=is CharacterOffsetBegin=2002 CharacterOffsetEnd=2004 PartOfSpeech=VBZ]
[Text=not CharacterOffsetBegin=2005 CharacterOffsetEnd=2008 PartOfSpeech=RB]
[Text=above CharacterOffsetBegin=2009 CharacterOffsetEnd=2014 PartOfSpeech=IN]
[Text=feeding CharacterOffsetBegin=2015 CharacterOffsetEnd=2022 PartOfSpeech=VBG]
[Text=a CharacterOffsetBegin=2023 CharacterOffsetEnd=2024 PartOfSpeech=DT]
[Text=man CharacterOffsetBegin=2025 CharacterOffsetEnd=2028 PartOfSpeech=NN]
[Text=his CharacterOffsetBegin=2029 CharacterOffsetEnd=2032 PartOfSpeech=PRP$]
[Text=own CharacterOffsetBegin=2033 CharacterOffsetEnd=2036 PartOfSpeech=JJ]
[Text=sons CharacterOffsetBegin=2037 CharacterOffsetEnd=2041 PartOfSpeech=NNS]
[Text=before CharacterOffsetBegin=2042 CharacterOffsetEnd=2048 PartOfSpeech=IN]
[Text=cutting CharacterOffsetBegin=2049 CharacterOffsetEnd=2056 PartOfSpeech=VBG]
[Text=his CharacterOffsetBegin=2057 CharacterOffsetEnd=2060 PartOfSpeech=PRP$]
[Text=throat CharacterOffsetBegin=2061 CharacterOffsetEnd=2067 PartOfSpeech=NN]
[Text=, CharacterOffsetBegin=2067 CharacterOffsetEnd=2068 PartOfSpeech=,]
[Text=but CharacterOffsetBegin=2069 CharacterOffsetEnd=2072 PartOfSpeech=CC]
[Text=her CharacterOffsetBegin=2073 CharacterOffsetEnd=2076 PartOfSpeech=PRP$]
[Text=path CharacterOffsetBegin=2077 CharacterOffsetEnd=2081 PartOfSpeech=NN]
[Text=is CharacterOffsetBegin=2082 CharacterOffsetEnd=2084 PartOfSpeech=VBZ]
[Text=too CharacterOffsetBegin=2085 CharacterOffsetEnd=2088 PartOfSpeech=RB]
[Text=different CharacterOffsetBegin=2089 CharacterOffsetEnd=2098 PartOfSpeech=JJ]
[Text=, CharacterOffsetBegin=2098 CharacterOffsetEnd=2099 PartOfSpeech=,]
[Text=her CharacterOffsetBegin=2100 CharacterOffsetEnd=2103 PartOfSpeech=PRP$]
[Text=motivations CharacterOffsetBegin=2104 CharacterOffsetEnd=2115 PartOfSpeech=NNS]
[Text=too CharacterOffsetBegin=2116 CharacterOffsetEnd=2119 PartOfSpeech=RB]
[Text=wide-ranging CharacterOffsetBegin=2120 CharacterOffsetEnd=2132 PartOfSpeech=JJ]
[Text=, CharacterOffsetBegin=2132 CharacterOffsetEnd=2133 PartOfSpeech=,]
[Text=for CharacterOffsetBegin=2134 CharacterOffsetEnd=2137 PartOfSpeech=IN]
[Text=this CharacterOffsetBegin=2138 CharacterOffsetEnd=2142 PartOfSpeech=DT]
[Text=to CharacterOffsetBegin=2143 CharacterOffsetEnd=2145 PartOfSpeech=TO]
[Text=be CharacterOffsetBegin=2146 CharacterOffsetEnd=2148 PartOfSpeech=VB]
[Text=a CharacterOffsetBegin=2149 CharacterOffsetEnd=2150 PartOfSpeech=DT]
[Text=clean CharacterOffsetBegin=2151 CharacterOffsetEnd=2156 PartOfSpeech=JJ]
[Text=adaptation CharacterOffsetBegin=2157 CharacterOffsetEnd=2167 PartOfSpeech=NN]
[Text=. CharacterOffsetBegin=2167 CharacterOffsetEnd=2168 PartOfSpeech=.]
Sentence #12 (7 tokens):
So it could be partially true!
[Text=So CharacterOffsetBegin=2169 CharacterOffsetEnd=2171 PartOfSpeech=IN]
[Text=it CharacterOffsetBegin=2172 CharacterOffsetEnd=2174 PartOfSpeech=PRP]
[Text=could CharacterOffsetBegin=2175 CharacterOffsetEnd=2180 PartOfSpeech=MD]
[Text=be CharacterOffsetBegin=2181 CharacterOffsetEnd=2183 PartOfSpeech=VB]
[Text=partially CharacterOffsetBegin=2184 CharacterOffsetEnd=2193 PartOfSpeech=RB]
[Text=true CharacterOffsetBegin=2194 CharacterOffsetEnd=2198 PartOfSpeech=JJ]
[Text=! CharacterOffsetBegin=2198 CharacterOffsetEnd=2199 PartOfSpeech=.]
Sentence #13 (12 tokens):
Just don’t expect her to go by that new name.
[Text=Just CharacterOffsetBegin=2200 CharacterOffsetEnd=2204 PartOfSpeech=RB]
[Text=do CharacterOffsetBegin=2205 CharacterOffsetEnd=2207 PartOfSpeech=VBP]
[Text=n't CharacterOffsetBegin=2207 CharacterOffsetEnd=2210 PartOfSpeech=RB]
[Text=expect CharacterOffsetBegin=2211 CharacterOffsetEnd=2217 PartOfSpeech=VB]
[Text=her CharacterOffsetBegin=2218 CharacterOffsetEnd=2221 PartOfSpeech=PRP]
[Text=to CharacterOffsetBegin=2222 CharacterOffsetEnd=2224 PartOfSpeech=TO]
[Text=go CharacterOffsetBegin=2225 CharacterOffsetEnd=2227 PartOfSpeech=VB]
[Text=by CharacterOffsetBegin=2228 CharacterOffsetEnd=2230 PartOfSpeech=IN]
[Text=that CharacterOffsetBegin=2231 CharacterOffsetEnd=2235 PartOfSpeech=IN]
[Text=new CharacterOffsetBegin=2236 CharacterOffsetEnd=2239 PartOfSpeech=JJ]
[Text=name CharacterOffsetBegin=2240 CharacterOffsetEnd=2244 PartOfSpeech=NN]
[Text=. CharacterOffsetBegin=2244 CharacterOffsetEnd=2245 PartOfSpeech=.]
