Sentence #1 (5 tokens):
Jaime will kill Cersei.
[Text=Jaime CharacterOffsetBegin=0 CharacterOffsetEnd=5 PartOfSpeech=NNP Lemma=Jaime NamedEntityTag=PERSON]
[Text=will CharacterOffsetBegin=6 CharacterOffsetEnd=10 PartOfSpeech=MD Lemma=will NamedEntityTag=O]
[Text=kill CharacterOffsetBegin=11 CharacterOffsetEnd=15 PartOfSpeech=VB Lemma=kill NamedEntityTag=O]
[Text=Cersei CharacterOffsetBegin=16 CharacterOffsetEnd=22 PartOfSpeech=NNP Lemma=Cersei NamedEntityTag=PERSON]
[Text=. CharacterOffsetBegin=22 CharacterOffsetEnd=23 PartOfSpeech=. Lemma=. NamedEntityTag=O]
(ROOT
  (S
    (NP (NNP Jaime))
    (VP (MD will)
      (VP (VB kill)
        (NP (NNP Cersei))))
    (. .)))

root(ROOT-0, kill-3)
nsubj(kill-3, Jaime-1)
aux(kill-3, will-2)
dobj(kill-3, Cersei-4)
punct(kill-3, .-5)

Sentence #2 (43 tokens):
Earlier this season, fans theorised that Jaime Lannister will be forced to kill his sister/lover to stop her from unleashing a load of wildfire in King's Landing, much like he did with the Mad King before the show began.
[Text=Earlier CharacterOffsetBegin=25 CharacterOffsetEnd=32 PartOfSpeech=RBR Lemma=earlier NamedEntityTag=O]
[Text=this CharacterOffsetBegin=33 CharacterOffsetEnd=37 PartOfSpeech=DT Lemma=this NamedEntityTag=O]
[Text=season CharacterOffsetBegin=38 CharacterOffsetEnd=44 PartOfSpeech=NN Lemma=season NamedEntityTag=O]
[Text=, CharacterOffsetBegin=44 CharacterOffsetEnd=45 PartOfSpeech=, Lemma=, NamedEntityTag=O]
[Text=fans CharacterOffsetBegin=46 CharacterOffsetEnd=50 PartOfSpeech=NNS Lemma=fan NamedEntityTag=O]
[Text=theorised CharacterOffsetBegin=51 CharacterOffsetEnd=60 PartOfSpeech=VBD Lemma=theorise NamedEntityTag=O]
[Text=that CharacterOffsetBegin=61 CharacterOffsetEnd=65 PartOfSpeech=IN Lemma=that NamedEntityTag=O]
[Text=Jaime CharacterOffsetBegin=66 CharacterOffsetEnd=71 PartOfSpeech=NNP Lemma=Jaime NamedEntityTag=PERSON]
[Text=Lannister CharacterOffsetBegin=72 CharacterOffsetEnd=81 PartOfSpeech=NNP Lemma=Lannister NamedEntityTag=PERSON]
[Text=will CharacterOffsetBegin=82 CharacterOffsetEnd=86 PartOfSpeech=MD Lemma=will NamedEntityTag=O]
[Text=be CharacterOffsetBegin=87 CharacterOffsetEnd=89 PartOfSpeech=VB Lemma=be NamedEntityTag=O]
[Text=forced CharacterOffsetBegin=90 CharacterOffsetEnd=96 PartOfSpeech=VBN Lemma=force NamedEntityTag=O]
[Text=to CharacterOffsetBegin=97 CharacterOffsetEnd=99 PartOfSpeech=TO Lemma=to NamedEntityTag=O]
[Text=kill CharacterOffsetBegin=100 CharacterOffsetEnd=104 PartOfSpeech=VB Lemma=kill NamedEntityTag=O]
[Text=his CharacterOffsetBegin=105 CharacterOffsetEnd=108 PartOfSpeech=PRP$ Lemma=he NamedEntityTag=O]
[Text=sister/lover CharacterOffsetBegin=109 CharacterOffsetEnd=121 PartOfSpeech=NN Lemma=sister/lover NamedEntityTag=O]
[Text=to CharacterOffsetBegin=122 CharacterOffsetEnd=124 PartOfSpeech=TO Lemma=to NamedEntityTag=O]
[Text=stop CharacterOffsetBegin=125 CharacterOffsetEnd=129 PartOfSpeech=VB Lemma=stop NamedEntityTag=O]
[Text=her CharacterOffsetBegin=130 CharacterOffsetEnd=133 PartOfSpeech=PRP$ Lemma=she NamedEntityTag=O]
[Text=from CharacterOffsetBegin=134 CharacterOffsetEnd=138 PartOfSpeech=IN Lemma=from NamedEntityTag=O]
[Text=unleashing CharacterOffsetBegin=139 CharacterOffsetEnd=149 PartOfSpeech=VBG Lemma=unleash NamedEntityTag=O]
[Text=a CharacterOffsetBegin=150 CharacterOffsetEnd=151 PartOfSpeech=DT Lemma=a NamedEntityTag=O]
[Text=load CharacterOffsetBegin=152 CharacterOffsetEnd=156 PartOfSpeech=NN Lemma=load NamedEntityTag=O]
[Text=of CharacterOffsetBegin=157 CharacterOffsetEnd=159 PartOfSpeech=IN Lemma=of NamedEntityTag=O]
[Text=wildfire CharacterOffsetBegin=160 CharacterOffsetEnd=168 PartOfSpeech=NN Lemma=wildfire NamedEntityTag=O]
[Text=in CharacterOffsetBegin=169 CharacterOffsetEnd=171 PartOfSpeech=IN Lemma=in NamedEntityTag=O]
[Text=King CharacterOffsetBegin=172 CharacterOffsetEnd=176 PartOfSpeech=NNP Lemma=King NamedEntityTag=ORGANIZATION]
[Text='s CharacterOffsetBegin=176 CharacterOffsetEnd=178 PartOfSpeech=POS Lemma='s NamedEntityTag=O]
[Text=Landing CharacterOffsetBegin=179 CharacterOffsetEnd=186 PartOfSpeech=NN Lemma=landing NamedEntityTag=O]
[Text=, CharacterOffsetBegin=186 CharacterOffsetEnd=187 PartOfSpeech=, Lemma=, NamedEntityTag=O]
[Text=much CharacterOffsetBegin=188 CharacterOffsetEnd=192 PartOfSpeech=RB Lemma=much NamedEntityTag=O]
[Text=like CharacterOffsetBegin=193 CharacterOffsetEnd=197 PartOfSpeech=IN Lemma=like NamedEntityTag=O]
[Text=he CharacterOffsetBegin=198 CharacterOffsetEnd=200 PartOfSpeech=PRP Lemma=he NamedEntityTag=O]
[Text=did CharacterOffsetBegin=201 CharacterOffsetEnd=204 PartOfSpeech=VBD Lemma=do NamedEntityTag=O]
[Text=with CharacterOffsetBegin=205 CharacterOffsetEnd=209 PartOfSpeech=IN Lemma=with NamedEntityTag=O]
[Text=the CharacterOffsetBegin=210 CharacterOffsetEnd=213 PartOfSpeech=DT Lemma=the NamedEntityTag=O]
[Text=Mad CharacterOffsetBegin=214 CharacterOffsetEnd=217 PartOfSpeech=NNP Lemma=Mad NamedEntityTag=O]
[Text=King CharacterOffsetBegin=218 CharacterOffsetEnd=222 PartOfSpeech=NNP Lemma=King NamedEntityTag=O]
[Text=before CharacterOffsetBegin=223 CharacterOffsetEnd=229 PartOfSpeech=IN Lemma=before NamedEntityTag=O]
[Text=the CharacterOffsetBegin=230 CharacterOffsetEnd=233 PartOfSpeech=DT Lemma=the NamedEntityTag=O]
[Text=show CharacterOffsetBegin=234 CharacterOffsetEnd=238 PartOfSpeech=NN Lemma=show NamedEntityTag=O]
[Text=began CharacterOffsetBegin=239 CharacterOffsetEnd=244 PartOfSpeech=VBD Lemma=begin NamedEntityTag=O]
[Text=. CharacterOffsetBegin=244 CharacterOffsetEnd=245 PartOfSpeech=. Lemma=. NamedEntityTag=O]
(ROOT
  (S
    (NP-TMP (RBR Earlier) (DT this) (NN season))
    (, ,)
    (NP (NNS fans))
    (VP (VBD theorised)
      (SBAR (IN that)
        (S
          (NP (NNP Jaime) (NNP Lannister))
          (VP (MD will)
            (VP (VB be)
              (VP (VBN forced)
                (S
                  (VP (TO to)
                    (VP (VB kill)
                      (NP (PRP$ his) (NN sister/lover)
                        (S
                          (VP (TO to)
                            (VP (VB stop)
                              (NP (PRP$ her))
                              (PP (IN from)
                                (S
                                  (VP (VBG unleashing)
                                    (NP
                                      (NP (DT a) (NN load))
                                      (PP (IN of)
                                        (NP (NN wildfire))))
                                    (PP (IN in)
                                      (NP
                                        (NP (NNP King) (POS 's))
                                        (NN Landing)))))))))))))
                (, ,)
                (SBAR (RB much) (IN like)
                  (S
                    (NP (PRP he))
                    (VP (VBD did)
                      (PP (IN with)
                        (NP (DT the) (NNP Mad) (NNP King)))
                      (SBAR (IN before)
                        (S
                          (NP (DT the) (NN show))
                          (VP (VBD began)))))))))))))
    (. .)))

root(ROOT-0, theorised-6)
advmod(season-3, Earlier-1)
det(season-3, this-2)
nmod:tmod(theorised-6, season-3)
punct(theorised-6, ,-4)
nsubj(theorised-6, fans-5)
mark(forced-12, that-7)
compound(Lannister-9, Jaime-8)
nsubjpass(forced-12, Lannister-9)
nsubj:xsubj(kill-14, Lannister-9)
aux(forced-12, will-10)
auxpass(forced-12, be-11)
ccomp(theorised-6, forced-12)
mark(kill-14, to-13)
xcomp(forced-12, kill-14)
nmod:poss(sister/lover-16, his-15)
dobj(kill-14, sister/lover-16)
mark(stop-18, to-17)
acl:to(sister/lover-16, stop-18)
dobj(stop-18, her-19)
mark(unleashing-21, from-20)
advcl:from(stop-18, unleashing-21)
det(load-23, a-22)
dobj(unleashing-21, load-23)
case(wildfire-25, of-24)
nmod:of(load-23, wildfire-25)
case(Landing-29, in-26)
nmod:poss(Landing-29, King-27)
case(King-27, 's-28)
nmod:in(unleashing-21, Landing-29)
punct(forced-12, ,-30)
advmod(did-34, much-31)
mark(did-34, like-32)
nsubj(did-34, he-33)
advcl:like(forced-12, did-34)
case(King-38, with-35)
det(King-38, the-36)
compound(King-38, Mad-37)
nmod:with(did-34, King-38)
mark(began-42, before-39)
det(show-41, the-40)
nsubj(began-42, show-41)
advcl:before(did-34, began-42)
punct(theorised-6, .-43)

Sentence #3 (31 tokens):
As we now know, Cersei carried out her plan without being halted by anyone, but tore down the Great Sept of Baelor rather than the whole damned place.
[Text=As CharacterOffsetBegin=246 CharacterOffsetEnd=248 PartOfSpeech=IN Lemma=as NamedEntityTag=O]
[Text=we CharacterOffsetBegin=249 CharacterOffsetEnd=251 PartOfSpeech=PRP Lemma=we NamedEntityTag=O]
[Text=now CharacterOffsetBegin=252 CharacterOffsetEnd=255 PartOfSpeech=RB Lemma=now NamedEntityTag=DATE NormalizedNamedEntityTag=PRESENT_REF Timex=<TIMEX3 tid="t1" type="DATE" value="PRESENT_REF">now</TIMEX3>]
[Text=know CharacterOffsetBegin=256 CharacterOffsetEnd=260 PartOfSpeech=VBP Lemma=know NamedEntityTag=O]
[Text=, CharacterOffsetBegin=260 CharacterOffsetEnd=261 PartOfSpeech=, Lemma=, NamedEntityTag=O]
[Text=Cersei CharacterOffsetBegin=262 CharacterOffsetEnd=268 PartOfSpeech=NNP Lemma=Cersei NamedEntityTag=PERSON]
[Text=carried CharacterOffsetBegin=269 CharacterOffsetEnd=276 PartOfSpeech=VBD Lemma=carry NamedEntityTag=O]
[Text=out CharacterOffsetBegin=277 CharacterOffsetEnd=280 PartOfSpeech=RP Lemma=out NamedEntityTag=O]
[Text=her CharacterOffsetBegin=281 CharacterOffsetEnd=284 PartOfSpeech=PRP$ Lemma=she NamedEntityTag=O]
[Text=plan CharacterOffsetBegin=285 CharacterOffsetEnd=289 PartOfSpeech=NN Lemma=plan NamedEntityTag=O]
[Text=without CharacterOffsetBegin=290 CharacterOffsetEnd=297 PartOfSpeech=IN Lemma=without NamedEntityTag=O]
[Text=being CharacterOffsetBegin=298 CharacterOffsetEnd=303 PartOfSpeech=VBG Lemma=be NamedEntityTag=O]
[Text=halted CharacterOffsetBegin=304 CharacterOffsetEnd=310 PartOfSpeech=VBN Lemma=halt NamedEntityTag=O]
[Text=by CharacterOffsetBegin=311 CharacterOffsetEnd=313 PartOfSpeech=IN Lemma=by NamedEntityTag=O]
[Text=anyone CharacterOffsetBegin=314 CharacterOffsetEnd=320 PartOfSpeech=NN Lemma=anyone NamedEntityTag=O]
[Text=, CharacterOffsetBegin=320 CharacterOffsetEnd=321 PartOfSpeech=, Lemma=, NamedEntityTag=O]
[Text=but CharacterOffsetBegin=322 CharacterOffsetEnd=325 PartOfSpeech=CC Lemma=but NamedEntityTag=O]
[Text=tore CharacterOffsetBegin=326 CharacterOffsetEnd=330 PartOfSpeech=VBD Lemma=tear NamedEntityTag=O]
[Text=down CharacterOffsetBegin=331 CharacterOffsetEnd=335 PartOfSpeech=RP Lemma=down NamedEntityTag=O]
[Text=the CharacterOffsetBegin=336 CharacterOffsetEnd=339 PartOfSpeech=DT Lemma=the NamedEntityTag=O]
[Text=Great CharacterOffsetBegin=340 CharacterOffsetEnd=345 PartOfSpeech=JJ Lemma=great NamedEntityTag=O]
[Text=Sept CharacterOffsetBegin=346 CharacterOffsetEnd=350 PartOfSpeech=NNP Lemma=Sept NamedEntityTag=DATE NormalizedNamedEntityTag=XXXX-09 Timex=<TIMEX3 tid="t2" type="DATE" value="XXXX-09">Sept</TIMEX3>]
[Text=of CharacterOffsetBegin=351 CharacterOffsetEnd=353 PartOfSpeech=IN Lemma=of NamedEntityTag=O]
[Text=Baelor CharacterOffsetBegin=354 CharacterOffsetEnd=360 PartOfSpeech=NNP Lemma=Baelor NamedEntityTag=LOCATION]
[Text=rather CharacterOffsetBegin=361 CharacterOffsetEnd=367 PartOfSpeech=RB Lemma=rather NamedEntityTag=O]
[Text=than CharacterOffsetBegin=368 CharacterOffsetEnd=372 PartOfSpeech=IN Lemma=than NamedEntityTag=O]
[Text=the CharacterOffsetBegin=373 CharacterOffsetEnd=376 PartOfSpeech=DT Lemma=the NamedEntityTag=O]
[Text=whole CharacterOffsetBegin=377 CharacterOffsetEnd=382 PartOfSpeech=JJ Lemma=whole NamedEntityTag=O]
[Text=damned CharacterOffsetBegin=383 CharacterOffsetEnd=389 PartOfSpeech=RB Lemma=damned NamedEntityTag=O]
[Text=place CharacterOffsetBegin=390 CharacterOffsetEnd=395 PartOfSpeech=NN Lemma=place NamedEntityTag=O]
[Text=. CharacterOffsetBegin=395 CharacterOffsetEnd=396 PartOfSpeech=. Lemma=. NamedEntityTag=O]
(ROOT
  (S
    (SBAR (IN As)
      (S
        (NP (PRP we))
        (ADVP (RB now))
        (VP (VBP know))))
    (, ,)
    (NP (NNP Cersei))
    (VP (VBD carried)
      (PRT (RP out))
      (NP (PRP$ her) (NN plan))
      (PP (IN without)
        (S
          (VP (VBG being)
            (VP
              (VP (VBN halted)
                (PP (IN by)
                  (NP (NN anyone))))
              (, ,)
              (CC but)
              (VP (VBD tore)
                (PRT (RP down))
                (NP-TMP (DT the) (JJ Great) (NNP Sept))
                (PP
                  (PP (IN of)
                    (NP (NNP Baelor)))
                  (PP (RB rather) (IN than)
                    (NP (DT the)
                      (ADJP (JJ whole) (RB damned))
                      (NN place))))))))))
    (. .)))

root(ROOT-0, carried-7)
mark(know-4, As-1)
nsubj(know-4, we-2)
advmod(know-4, now-3)
advcl:as(carried-7, know-4)
punct(carried-7, ,-5)
nsubj(carried-7, Cersei-6)
compound:prt(carried-7, out-8)
nmod:poss(plan-10, her-9)
dobj(carried-7, plan-10)
mark(halted-13, without-11)
auxpass(halted-13, being-12)
advcl:without(carried-7, halted-13)
case(anyone-15, by-14)
nmod:agent(halted-13, anyone-15)
punct(halted-13, ,-16)
cc(halted-13, but-17)
advcl:without(carried-7, tore-18)
conj:but(halted-13, tore-18)
compound:prt(tore-18, down-19)
det(Sept-22, the-20)
amod(Sept-22, Great-21)
nmod:tmod(tore-18, Sept-22)
case(Baelor-24, of-23)
nmod:of(tore-18, Baelor-24)
case(place-30, rather-25)
mwe(rather-25, than-26)
det(place-30, the-27)
amod(place-30, whole-28)
advmod(whole-28, damned-29)
nmod:rather_than(Baelor-24, place-30)
punct(carried-7, .-31)

Sentence #4 (38 tokens):
However, Jaime returned and looked on in horror at what she had done, at how it had led to the death of their last child Tommen and how it elevated her to the Iron Throne.
[Text=However CharacterOffsetBegin=397 CharacterOffsetEnd=404 PartOfSpeech=RB Lemma=however NamedEntityTag=O]
[Text=, CharacterOffsetBegin=404 CharacterOffsetEnd=405 PartOfSpeech=, Lemma=, NamedEntityTag=O]
[Text=Jaime CharacterOffsetBegin=406 CharacterOffsetEnd=411 PartOfSpeech=NNP Lemma=Jaime NamedEntityTag=PERSON]
[Text=returned CharacterOffsetBegin=412 CharacterOffsetEnd=420 PartOfSpeech=VBD Lemma=return NamedEntityTag=O]
[Text=and CharacterOffsetBegin=421 CharacterOffsetEnd=424 PartOfSpeech=CC Lemma=and NamedEntityTag=O]
[Text=looked CharacterOffsetBegin=425 CharacterOffsetEnd=431 PartOfSpeech=VBD Lemma=look NamedEntityTag=O]
[Text=on CharacterOffsetBegin=432 CharacterOffsetEnd=434 PartOfSpeech=IN Lemma=on NamedEntityTag=O]
[Text=in CharacterOffsetBegin=435 CharacterOffsetEnd=437 PartOfSpeech=IN Lemma=in NamedEntityTag=O]
[Text=horror CharacterOffsetBegin=438 CharacterOffsetEnd=444 PartOfSpeech=NN Lemma=horror NamedEntityTag=O]
[Text=at CharacterOffsetBegin=445 CharacterOffsetEnd=447 PartOfSpeech=IN Lemma=at NamedEntityTag=O]
[Text=what CharacterOffsetBegin=448 CharacterOffsetEnd=452 PartOfSpeech=WP Lemma=what NamedEntityTag=O]
[Text=she CharacterOffsetBegin=453 CharacterOffsetEnd=456 PartOfSpeech=PRP Lemma=she NamedEntityTag=O]
[Text=had CharacterOffsetBegin=457 CharacterOffsetEnd=460 PartOfSpeech=VBD Lemma=have NamedEntityTag=O]
[Text=done CharacterOffsetBegin=461 CharacterOffsetEnd=465 PartOfSpeech=VBN Lemma=do NamedEntityTag=O]
[Text=, CharacterOffsetBegin=465 CharacterOffsetEnd=466 PartOfSpeech=, Lemma=, NamedEntityTag=O]
[Text=at CharacterOffsetBegin=467 CharacterOffsetEnd=469 PartOfSpeech=IN Lemma=at NamedEntityTag=O]
[Text=how CharacterOffsetBegin=470 CharacterOffsetEnd=473 PartOfSpeech=WRB Lemma=how NamedEntityTag=O]
[Text=it CharacterOffsetBegin=474 CharacterOffsetEnd=476 PartOfSpeech=PRP Lemma=it NamedEntityTag=O]
[Text=had CharacterOffsetBegin=477 CharacterOffsetEnd=480 PartOfSpeech=VBD Lemma=have NamedEntityTag=O]
[Text=led CharacterOffsetBegin=481 CharacterOffsetEnd=484 PartOfSpeech=VBN Lemma=lead NamedEntityTag=O]
[Text=to CharacterOffsetBegin=485 CharacterOffsetEnd=487 PartOfSpeech=TO Lemma=to NamedEntityTag=O]
[Text=the CharacterOffsetBegin=488 CharacterOffsetEnd=491 PartOfSpeech=DT Lemma=the NamedEntityTag=O]
[Text=death CharacterOffsetBegin=492 CharacterOffsetEnd=497 PartOfSpeech=NN Lemma=death NamedEntityTag=O]
[Text=of CharacterOffsetBegin=498 CharacterOffsetEnd=500 PartOfSpeech=IN Lemma=of NamedEntityTag=O]
[Text=their CharacterOffsetBegin=501 CharacterOffsetEnd=506 PartOfSpeech=PRP$ Lemma=they NamedEntityTag=O]
[Text=last CharacterOffsetBegin=507 CharacterOffsetEnd=511 PartOfSpeech=JJ Lemma=last NamedEntityTag=O]
[Text=child CharacterOffsetBegin=512 CharacterOffsetEnd=517 PartOfSpeech=NN Lemma=child NamedEntityTag=O]
[Text=Tommen CharacterOffsetBegin=518 CharacterOffsetEnd=524 PartOfSpeech=NNP Lemma=Tommen NamedEntityTag=PERSON]
[Text=and CharacterOffsetBegin=525 CharacterOffsetEnd=528 PartOfSpeech=CC Lemma=and NamedEntityTag=O]
[Text=how CharacterOffsetBegin=529 CharacterOffsetEnd=532 PartOfSpeech=WRB Lemma=how NamedEntityTag=O]
[Text=it CharacterOffsetBegin=533 CharacterOffsetEnd=535 PartOfSpeech=PRP Lemma=it NamedEntityTag=O]
[Text=elevated CharacterOffsetBegin=536 CharacterOffsetEnd=544 PartOfSpeech=VBD Lemma=elevate NamedEntityTag=O]
[Text=her CharacterOffsetBegin=545 CharacterOffsetEnd=548 PartOfSpeech=PRP Lemma=she NamedEntityTag=O]
[Text=to CharacterOffsetBegin=549 CharacterOffsetEnd=551 PartOfSpeech=TO Lemma=to NamedEntityTag=O]
[Text=the CharacterOffsetBegin=552 CharacterOffsetEnd=555 PartOfSpeech=DT Lemma=the NamedEntityTag=O]
[Text=Iron CharacterOffsetBegin=556 CharacterOffsetEnd=560 PartOfSpeech=NNP Lemma=Iron NamedEntityTag=O]
[Text=Throne CharacterOffsetBegin=561 CharacterOffsetEnd=567 PartOfSpeech=NNP Lemma=Throne NamedEntityTag=O]
[Text=. CharacterOffsetBegin=567 CharacterOffsetEnd=568 PartOfSpeech=. Lemma=. NamedEntityTag=O]
(ROOT
  (S
    (ADVP (RB However))
    (, ,)
    (NP (NNP Jaime))
    (VP (VBD returned)
      (CC and)
      (VBD looked)
      (PP (IN on) (IN in)
        (NP
          (NP (NN horror))
          (SBAR
            (WHPP (IN at)
              (WHNP (WP what)))
            (S
              (NP (PRP she))
              (VP (VBD had)
                (VP (VBN done) (, ,)
                  (PP (IN at)
                    (SBAR
                      (SBAR
                        (WHADVP (WRB how))
                        (S
                          (NP (PRP it))
                          (VP (VBD had)
                            (VP (VBN led)
                              (PP (TO to)
                                (NP
                                  (NP (DT the) (NN death))
                                  (PP (IN of)
                                    (NP (PRP$ their) (JJ last) (NN child) (NNP Tommen)))))))))
                      (CC and)
                      (SBAR
                        (WHADVP (WRB how))
                        (S
                          (NP (PRP it))
                          (VP (VBD elevated)
                            (NP (PRP her))
                            (PP (TO to)
                              (NP (DT the) (NNP Iron) (NNP Throne)))))))))))))))
    (. .)))

root(ROOT-0, returned-4)
advmod(returned-4, However-1)
punct(returned-4, ,-2)
nsubj(returned-4, Jaime-3)
nsubj(looked-6, Jaime-3)
cc(returned-4, and-5)
conj:and(returned-4, looked-6)
case(horror-9, on-7)
case(horror-9, in-8)
nmod:in(returned-4, horror-9)
nmod:at(done-14, horror-9)
case(what-11, at-10)
ref(horror-9, what-11)
nsubj(done-14, she-12)
aux(done-14, had-13)
acl:relcl(horror-9, done-14)
punct(done-14, ,-15)
mark(led-20, at-16)
advmod(led-20, how-17)
nsubj(led-20, it-18)
aux(led-20, had-19)
advcl:at(done-14, led-20)
case(death-23, to-21)
det(death-23, the-22)
nmod:to(led-20, death-23)
case(Tommen-28, of-24)
nmod:poss(Tommen-28, their-25)
amod(Tommen-28, last-26)
compound(Tommen-28, child-27)
nmod:of(death-23, Tommen-28)
cc(led-20, and-29)
advmod(elevated-32, how-30)
nsubj(elevated-32, it-31)
advcl:at(done-14, elevated-32)
conj:and(led-20, elevated-32)
dobj(elevated-32, her-33)
case(Throne-37, to-34)
det(Throne-37, the-35)
compound(Throne-37, Iron-36)
nmod:to(elevated-32, Throne-37)
punct(returned-4, .-38)

Sentence #5 (51 tokens):
In both the show and the books, Cersei was told in flashback by a woman named Maggy the Frog (just go with it) that she would have three children, and that after seeing them crowned she would watch all of them die one after the other.
[Text=In CharacterOffsetBegin=570 CharacterOffsetEnd=572 PartOfSpeech=IN Lemma=in NamedEntityTag=O]
[Text=both CharacterOffsetBegin=573 CharacterOffsetEnd=577 PartOfSpeech=CC Lemma=both NamedEntityTag=O]
[Text=the CharacterOffsetBegin=578 CharacterOffsetEnd=581 PartOfSpeech=DT Lemma=the NamedEntityTag=O]
[Text=show CharacterOffsetBegin=582 CharacterOffsetEnd=586 PartOfSpeech=NN Lemma=show NamedEntityTag=O]
[Text=and CharacterOffsetBegin=587 CharacterOffsetEnd=590 PartOfSpeech=CC Lemma=and NamedEntityTag=O]
[Text=the CharacterOffsetBegin=591 CharacterOffsetEnd=594 PartOfSpeech=DT Lemma=the NamedEntityTag=O]
[Text=books CharacterOffsetBegin=595 CharacterOffsetEnd=600 PartOfSpeech=NNS Lemma=book NamedEntityTag=O]
[Text=, CharacterOffsetBegin=600 CharacterOffsetEnd=601 PartOfSpeech=, Lemma=, NamedEntityTag=O]
[Text=Cersei CharacterOffsetBegin=602 CharacterOffsetEnd=608 PartOfSpeech=NNP Lemma=Cersei NamedEntityTag=PERSON]
[Text=was CharacterOffsetBegin=609 CharacterOffsetEnd=612 PartOfSpeech=VBD Lemma=be NamedEntityTag=O]
[Text=told CharacterOffsetBegin=613 CharacterOffsetEnd=617 PartOfSpeech=VBN Lemma=tell NamedEntityTag=O]
[Text=in CharacterOffsetBegin=618 CharacterOffsetEnd=620 PartOfSpeech=IN Lemma=in NamedEntityTag=O]
[Text=flashback CharacterOffsetBegin=621 CharacterOffsetEnd=630 PartOfSpeech=NN Lemma=flashback NamedEntityTag=O]
[Text=by CharacterOffsetBegin=631 CharacterOffsetEnd=633 PartOfSpeech=IN Lemma=by NamedEntityTag=O]
[Text=a CharacterOffsetBegin=634 CharacterOffsetEnd=635 PartOfSpeech=DT Lemma=a NamedEntityTag=O]
[Text=woman CharacterOffsetBegin=636 CharacterOffsetEnd=641 PartOfSpeech=NN Lemma=woman NamedEntityTag=O]
[Text=named CharacterOffsetBegin=642 CharacterOffsetEnd=647 PartOfSpeech=VBN Lemma=name NamedEntityTag=O]
[Text=Maggy CharacterOffsetBegin=648 CharacterOffsetEnd=653 PartOfSpeech=NNP Lemma=Maggy NamedEntityTag=PERSON]
[Text=the CharacterOffsetBegin=654 CharacterOffsetEnd=657 PartOfSpeech=DT Lemma=the NamedEntityTag=O]
[Text=Frog CharacterOffsetBegin=658 CharacterOffsetEnd=662 PartOfSpeech=NN Lemma=frog NamedEntityTag=O]
[Text=-LRB- CharacterOffsetBegin=663 CharacterOffsetEnd=664 PartOfSpeech=-LRB- Lemma=-lrb- NamedEntityTag=O]
[Text=just CharacterOffsetBegin=664 CharacterOffsetEnd=668 PartOfSpeech=RB Lemma=just NamedEntityTag=O]
[Text=go CharacterOffsetBegin=669 CharacterOffsetEnd=671 PartOfSpeech=VB Lemma=go NamedEntityTag=O]
[Text=with CharacterOffsetBegin=672 CharacterOffsetEnd=676 PartOfSpeech=IN Lemma=with NamedEntityTag=O]
[Text=it CharacterOffsetBegin=677 CharacterOffsetEnd=679 PartOfSpeech=PRP Lemma=it NamedEntityTag=O]
[Text=-RRB- CharacterOffsetBegin=679 CharacterOffsetEnd=680 PartOfSpeech=-RRB- Lemma=-rrb- NamedEntityTag=O]
[Text=that CharacterOffsetBegin=681 CharacterOffsetEnd=685 PartOfSpeech=IN Lemma=that NamedEntityTag=O]
[Text=she CharacterOffsetBegin=686 CharacterOffsetEnd=689 PartOfSpeech=PRP Lemma=she NamedEntityTag=O]
[Text=would CharacterOffsetBegin=690 CharacterOffsetEnd=695 PartOfSpeech=MD Lemma=would NamedEntityTag=O]
[Text=have CharacterOffsetBegin=696 CharacterOffsetEnd=700 PartOfSpeech=VB Lemma=have NamedEntityTag=O]
[Text=three CharacterOffsetBegin=701 CharacterOffsetEnd=706 PartOfSpeech=CD Lemma=three NamedEntityTag=NUMBER NormalizedNamedEntityTag=3.0]
[Text=children CharacterOffsetBegin=707 CharacterOffsetEnd=715 PartOfSpeech=NNS Lemma=child NamedEntityTag=O]
[Text=, CharacterOffsetBegin=715 CharacterOffsetEnd=716 PartOfSpeech=, Lemma=, NamedEntityTag=O]
[Text=and CharacterOffsetBegin=717 CharacterOffsetEnd=720 PartOfSpeech=CC Lemma=and NamedEntityTag=O]
[Text=that CharacterOffsetBegin=721 CharacterOffsetEnd=725 PartOfSpeech=IN Lemma=that NamedEntityTag=O]
[Text=after CharacterOffsetBegin=726 CharacterOffsetEnd=731 PartOfSpeech=IN Lemma=after NamedEntityTag=O]
[Text=seeing CharacterOffsetBegin=732 CharacterOffsetEnd=738 PartOfSpeech=VBG Lemma=see NamedEntityTag=O]
[Text=them CharacterOffsetBegin=739 CharacterOffsetEnd=743 PartOfSpeech=PRP Lemma=they NamedEntityTag=O]
[Text=crowned CharacterOffsetBegin=744 CharacterOffsetEnd=751 PartOfSpeech=VBD Lemma=crown NamedEntityTag=O]
[Text=she CharacterOffsetBegin=752 CharacterOffsetEnd=755 PartOfSpeech=PRP Lemma=she NamedEntityTag=O]
[Text=would CharacterOffsetBegin=756 CharacterOffsetEnd=761 PartOfSpeech=MD Lemma=would NamedEntityTag=O]
[Text=watch CharacterOffsetBegin=762 CharacterOffsetEnd=767 PartOfSpeech=VB Lemma=watch NamedEntityTag=O]
[Text=all CharacterOffsetBegin=768 CharacterOffsetEnd=771 PartOfSpeech=DT Lemma=all NamedEntityTag=O]
[Text=of CharacterOffsetBegin=772 CharacterOffsetEnd=774 PartOfSpeech=IN Lemma=of NamedEntityTag=O]
[Text=them CharacterOffsetBegin=775 CharacterOffsetEnd=779 PartOfSpeech=PRP Lemma=they NamedEntityTag=O]
[Text=die CharacterOffsetBegin=780 CharacterOffsetEnd=783 PartOfSpeech=VB Lemma=die NamedEntityTag=O]
[Text=one CharacterOffsetBegin=784 CharacterOffsetEnd=787 PartOfSpeech=CD Lemma=one NamedEntityTag=NUMBER NormalizedNamedEntityTag=1.0]
[Text=after CharacterOffsetBegin=788 CharacterOffsetEnd=793 PartOfSpeech=IN Lemma=after NamedEntityTag=O]
[Text=the CharacterOffsetBegin=794 CharacterOffsetEnd=797 PartOfSpeech=DT Lemma=the NamedEntityTag=O]
[Text=other CharacterOffsetBegin=798 CharacterOffsetEnd=803 PartOfSpeech=JJ Lemma=other NamedEntityTag=O]
[Text=. CharacterOffsetBegin=803 CharacterOffsetEnd=804 PartOfSpeech=. Lemma=. NamedEntityTag=O]
(ROOT
  (S
    (PP (IN In)
      (NP (CC both)
        (NP (DT the) (NN show))
        (CC and)
        (NP (DT the) (NNS books))))
    (, ,)
    (NP (NNP Cersei))
    (VP (VBD was)
      (VP (VBN told)
        (PP (IN in)
          (NP (NN flashback)))
        (PP (IN by)
          (NP
            (NP (DT a) (NN woman))
            (VP (VBN named)
              (NP (NNP Maggy) (DT the) (NN Frog))
              (PRN (-LRB- -LRB-)
                (S
                  (VP
                    (ADVP (RB just))
                    (VB go)
                    (PP (IN with)
                      (NP (PRP it)))))
                (-RRB- -RRB-))
              (SBAR
                (SBAR (IN that)
                  (S
                    (NP (PRP she))
                    (VP (MD would)
                      (VP (VB have)
                        (NP (CD three) (NNS children))))))
                (, ,)
                (CC and)
                (SBAR (IN that)
                  (S
                    (PP (IN after)
                      (S
                        (VP (VBG seeing))))
                    (NP (PRP them))
                    (VP (VBD crowned)
                      (SBAR
                        (S
                          (NP (PRP she))
                          (VP (MD would)
                            (VP (VB watch)
                              (S
                                (NP
                                  (NP (DT all))
                                  (PP (IN of)
                                    (NP (PRP them))))
                                (VP (VB die)
                                  (NP (CD one))
                                  (PP (IN after)
                                    (NP (DT the) (JJ other))))))))))))))))))
    (. .)))

root(ROOT-0, told-11)
case(show-4, In-1)
cc:preconj(show-4, both-2)
det(show-4, the-3)
nmod:in(told-11, show-4)
cc(show-4, and-5)
det(books-7, the-6)
conj:and(show-4, books-7)
nmod:in(told-11, books-7)
punct(told-11, ,-8)
nsubjpass(told-11, Cersei-9)
auxpass(told-11, was-10)
case(flashback-13, in-12)
nmod:in(told-11, flashback-13)
case(woman-16, by-14)
det(woman-16, a-15)
nmod:agent(told-11, woman-16)
acl(woman-16, named-17)
compound(Frog-20, Maggy-18)
det(Frog-20, the-19)
dobj(named-17, Frog-20)
punct(go-23, -LRB--21)
advmod(go-23, just-22)
parataxis(named-17, go-23)
case(it-25, with-24)
nmod:with(go-23, it-25)
punct(go-23, -RRB--26)
mark(have-30, that-27)
nsubj(have-30, she-28)
aux(have-30, would-29)
ccomp(named-17, have-30)
nummod(children-32, three-31)
dobj(have-30, children-32)
punct(have-30, ,-33)
cc(have-30, and-34)
mark(crowned-39, that-35)
mark(seeing-37, after-36)
advcl:after(crowned-39, seeing-37)
nsubj(crowned-39, them-38)
ccomp(named-17, crowned-39)
conj:and(have-30, crowned-39)
nsubj(watch-42, she-40)
aux(watch-42, would-41)
ccomp(crowned-39, watch-42)
det:qmod(them-45, all-43)
mwe(all-43, of-44)
nsubj(die-46, them-45)
ccomp(watch-42, die-46)
dobj(die-46, one-47)
case(other-50, after-48)
det(other-50, the-49)
nmod:after(die-46, other-50)
punct(told-11, .-51)

Sentence #6 (34 tokens):
Now that we've said goodbye to all three kids, the next bit of the prophecy states that Cersei will be strangled to death by someone known as "the Valonqar".
[Text=Now CharacterOffsetBegin=806 CharacterOffsetEnd=809 PartOfSpeech=RB Lemma=now NamedEntityTag=DATE NormalizedNamedEntityTag=PRESENT_REF Timex=<TIMEX3 tid="t3" type="DATE" value="PRESENT_REF">Now</TIMEX3>]
[Text=that CharacterOffsetBegin=810 CharacterOffsetEnd=814 PartOfSpeech=IN Lemma=that NamedEntityTag=O]
[Text=we CharacterOffsetBegin=815 CharacterOffsetEnd=817 PartOfSpeech=PRP Lemma=we NamedEntityTag=O]
[Text='ve CharacterOffsetBegin=817 CharacterOffsetEnd=820 PartOfSpeech=VBP Lemma=have NamedEntityTag=O]
[Text=said CharacterOffsetBegin=821 CharacterOffsetEnd=825 PartOfSpeech=VBD Lemma=say NamedEntityTag=O]
[Text=goodbye CharacterOffsetBegin=826 CharacterOffsetEnd=833 PartOfSpeech=NN Lemma=goodbye NamedEntityTag=O]
[Text=to CharacterOffsetBegin=834 CharacterOffsetEnd=836 PartOfSpeech=TO Lemma=to NamedEntityTag=O]
[Text=all CharacterOffsetBegin=837 CharacterOffsetEnd=840 PartOfSpeech=DT Lemma=all NamedEntityTag=O]
[Text=three CharacterOffsetBegin=841 CharacterOffsetEnd=846 PartOfSpeech=CD Lemma=three NamedEntityTag=NUMBER NormalizedNamedEntityTag=3.0]
[Text=kids CharacterOffsetBegin=847 CharacterOffsetEnd=851 PartOfSpeech=NNS Lemma=kid NamedEntityTag=O]
[Text=, CharacterOffsetBegin=851 CharacterOffsetEnd=852 PartOfSpeech=, Lemma=, NamedEntityTag=O]
[Text=the CharacterOffsetBegin=853 CharacterOffsetEnd=856 PartOfSpeech=DT Lemma=the NamedEntityTag=O]
[Text=next CharacterOffsetBegin=857 CharacterOffsetEnd=861 PartOfSpeech=JJ Lemma=next NamedEntityTag=O]
[Text=bit CharacterOffsetBegin=862 CharacterOffsetEnd=865 PartOfSpeech=NN Lemma=bit NamedEntityTag=O]
[Text=of CharacterOffsetBegin=866 CharacterOffsetEnd=868 PartOfSpeech=IN Lemma=of NamedEntityTag=O]
[Text=the CharacterOffsetBegin=869 CharacterOffsetEnd=872 PartOfSpeech=DT Lemma=the NamedEntityTag=O]
[Text=prophecy CharacterOffsetBegin=873 CharacterOffsetEnd=881 PartOfSpeech=NN Lemma=prophecy NamedEntityTag=O]
[Text=states CharacterOffsetBegin=882 CharacterOffsetEnd=888 PartOfSpeech=VBZ Lemma=state NamedEntityTag=O]
[Text=that CharacterOffsetBegin=889 CharacterOffsetEnd=893 PartOfSpeech=IN Lemma=that NamedEntityTag=O]
[Text=Cersei CharacterOffsetBegin=894 CharacterOffsetEnd=900 PartOfSpeech=NNP Lemma=Cersei NamedEntityTag=PERSON]
[Text=will CharacterOffsetBegin=901 CharacterOffsetEnd=905 PartOfSpeech=MD Lemma=will NamedEntityTag=O]
[Text=be CharacterOffsetBegin=906 CharacterOffsetEnd=908 PartOfSpeech=VB Lemma=be NamedEntityTag=O]
[Text=strangled CharacterOffsetBegin=909 CharacterOffsetEnd=918 PartOfSpeech=VBN Lemma=strangle NamedEntityTag=O]
[Text=to CharacterOffsetBegin=919 CharacterOffsetEnd=921 PartOfSpeech=TO Lemma=to NamedEntityTag=O]
[Text=death CharacterOffsetBegin=922 CharacterOffsetEnd=927 PartOfSpeech=NN Lemma=death NamedEntityTag=O]
[Text=by CharacterOffsetBegin=928 CharacterOffsetEnd=930 PartOfSpeech=IN Lemma=by NamedEntityTag=O]
[Text=someone CharacterOffsetBegin=931 CharacterOffsetEnd=938 PartOfSpeech=NN Lemma=someone NamedEntityTag=O]
[Text=known CharacterOffsetBegin=939 CharacterOffsetEnd=944 PartOfSpeech=VBN Lemma=know NamedEntityTag=O]
[Text=as CharacterOffsetBegin=945 CharacterOffsetEnd=947 PartOfSpeech=IN Lemma=as NamedEntityTag=O]
[Text=`` CharacterOffsetBegin=948 CharacterOffsetEnd=949 PartOfSpeech=`` Lemma=`` NamedEntityTag=O]
[Text=the CharacterOffsetBegin=949 CharacterOffsetEnd=952 PartOfSpeech=DT Lemma=the NamedEntityTag=O]
[Text=Valonqar CharacterOffsetBegin=953 CharacterOffsetEnd=961 PartOfSpeech=NNP Lemma=Valonqar NamedEntityTag=O]
[Text='' CharacterOffsetBegin=961 CharacterOffsetEnd=962 PartOfSpeech='' Lemma='' NamedEntityTag=O]
[Text=. CharacterOffsetBegin=962 CharacterOffsetEnd=963 PartOfSpeech=. Lemma=. NamedEntityTag=O]
(ROOT
  (S
    (SBAR (RB Now) (IN that)
      (S
        (NP (PRP we))
        (VP (VBP 've)
          (VP (VBD said)
            (NP (NN goodbye))
            (PP (TO to)
              (NP (DT all) (CD three) (NNS kids)))))))
    (, ,)
    (NP
      (NP (DT the) (JJ next) (NN bit))
      (PP (IN of)
        (NP (DT the) (NN prophecy))))
    (VP (VBZ states)
      (SBAR (IN that)
        (S
          (NP (NNP Cersei))
          (VP (MD will)
            (VP (VB be)
              (VP (VBN strangled)
                (PP (TO to)
                  (NP (NN death)))
                (PP (IN by)
                  (NP
                    (NP (NN someone))
                    (VP (VBN known)
                      (PP (IN as) (`` ``)
                        (NP (DT the) (NNP Valonqar))
                        ('' '')))))))))))
    (. .)))

root(ROOT-0, states-18)
advmod(said-5, Now-1)
mark(said-5, that-2)
nsubj(said-5, we-3)
aux(said-5, 've-4)
advcl:that(states-18, said-5)
dobj(said-5, goodbye-6)
case(kids-10, to-7)
det(kids-10, all-8)
nummod(kids-10, three-9)
nmod:to(said-5, kids-10)
punct(states-18, ,-11)
det(bit-14, the-12)
amod(bit-14, next-13)
nsubj(states-18, bit-14)
case(prophecy-17, of-15)
det(prophecy-17, the-16)
nmod:of(bit-14, prophecy-17)
mark(strangled-23, that-19)
nsubjpass(strangled-23, Cersei-20)
aux(strangled-23, will-21)
auxpass(strangled-23, be-22)
ccomp(states-18, strangled-23)
case(death-25, to-24)
nmod:to(strangled-23, death-25)
case(someone-27, by-26)
nmod:agent(strangled-23, someone-27)
acl(someone-27, known-28)
case(Valonqar-32, as-29)
punct(Valonqar-32, ``-30)
det(Valonqar-32, the-31)
nmod:as(known-28, Valonqar-32)
punct(Valonqar-32, ''-33)
punct(states-18, .-34)

Sentence #7 (16 tokens):
In Valyrian, this translates as "little brother" or "younger sibling".
[Text=In CharacterOffsetBegin=964 CharacterOffsetEnd=966 PartOfSpeech=IN Lemma=in NamedEntityTag=O]
[Text=Valyrian CharacterOffsetBegin=967 CharacterOffsetEnd=975 PartOfSpeech=NNP Lemma=Valyrian NamedEntityTag=O]
[Text=, CharacterOffsetBegin=975 CharacterOffsetEnd=976 PartOfSpeech=, Lemma=, NamedEntityTag=O]
[Text=this CharacterOffsetBegin=977 CharacterOffsetEnd=981 PartOfSpeech=DT Lemma=this NamedEntityTag=O]
[Text=translates CharacterOffsetBegin=982 CharacterOffsetEnd=992 PartOfSpeech=VBZ Lemma=translate NamedEntityTag=O]
[Text=as CharacterOffsetBegin=993 CharacterOffsetEnd=995 PartOfSpeech=IN Lemma=as NamedEntityTag=O]
[Text=`` CharacterOffsetBegin=996 CharacterOffsetEnd=997 PartOfSpeech=`` Lemma=`` NamedEntityTag=O]
[Text=little CharacterOffsetBegin=997 CharacterOffsetEnd=1003 PartOfSpeech=JJ Lemma=little NamedEntityTag=O]
[Text=brother CharacterOffsetBegin=1004 CharacterOffsetEnd=1011 PartOfSpeech=NN Lemma=brother NamedEntityTag=O]
[Text='' CharacterOffsetBegin=1011 CharacterOffsetEnd=1012 PartOfSpeech='' Lemma='' NamedEntityTag=O]
[Text=or CharacterOffsetBegin=1013 CharacterOffsetEnd=1015 PartOfSpeech=CC Lemma=or NamedEntityTag=O]
[Text=`` CharacterOffsetBegin=1016 CharacterOffsetEnd=1017 PartOfSpeech=`` Lemma=`` NamedEntityTag=O]
[Text=younger CharacterOffsetBegin=1017 CharacterOffsetEnd=1024 PartOfSpeech=JJR Lemma=younger NamedEntityTag=O]
[Text=sibling CharacterOffsetBegin=1025 CharacterOffsetEnd=1032 PartOfSpeech=NN Lemma=sibling NamedEntityTag=O]
[Text='' CharacterOffsetBegin=1032 CharacterOffsetEnd=1033 PartOfSpeech='' Lemma='' NamedEntityTag=O]
[Text=. CharacterOffsetBegin=1033 CharacterOffsetEnd=1034 PartOfSpeech=. Lemma=. NamedEntityTag=O]
(ROOT
  (S
    (PP (IN In)
      (NP (NNP Valyrian)))
    (, ,)
    (NP (DT this))
    (VP (VBZ translates)
      (PP (IN as) (`` ``)
        (NP
          (NP (JJ little) (NN brother))
          ('' '')
          (CC or)
          (`` ``)
          (NP (JJR younger) (NN sibling)))
        ('' '')))
    (. .)))

root(ROOT-0, translates-5)
case(Valyrian-2, In-1)
nmod:in(translates-5, Valyrian-2)
punct(translates-5, ,-3)
nsubj(translates-5, this-4)
case(brother-9, as-6)
punct(brother-9, ``-7)
amod(brother-9, little-8)
nmod:as(translates-5, brother-9)
punct(brother-9, ''-10)
cc(brother-9, or-11)
punct(brother-9, ``-12)
amod(sibling-14, younger-13)
nmod:as(translates-5, sibling-14)
conj:or(brother-9, sibling-14)
punct(brother-9, ''-15)
punct(translates-5, .-16)

Sentence #8 (34 tokens):
While you (and she) might assume this was her hated younger brother, the dwarf Tyrion, it could actually mean Jaime, who was born just after his twin sister.
[Text=While CharacterOffsetBegin=1035 CharacterOffsetEnd=1040 PartOfSpeech=IN Lemma=while NamedEntityTag=O]
[Text=you CharacterOffsetBegin=1041 CharacterOffsetEnd=1044 PartOfSpeech=PRP Lemma=you NamedEntityTag=O]
[Text=-LRB- CharacterOffsetBegin=1045 CharacterOffsetEnd=1046 PartOfSpeech=-LRB- Lemma=-lrb- NamedEntityTag=O]
[Text=and CharacterOffsetBegin=1046 CharacterOffsetEnd=1049 PartOfSpeech=CC Lemma=and NamedEntityTag=O]
[Text=she CharacterOffsetBegin=1050 CharacterOffsetEnd=1053 PartOfSpeech=PRP Lemma=she NamedEntityTag=O]
[Text=-RRB- CharacterOffsetBegin=1053 CharacterOffsetEnd=1054 PartOfSpeech=-RRB- Lemma=-rrb- NamedEntityTag=O]
[Text=might CharacterOffsetBegin=1055 CharacterOffsetEnd=1060 PartOfSpeech=MD Lemma=might NamedEntityTag=O]
[Text=assume CharacterOffsetBegin=1061 CharacterOffsetEnd=1067 PartOfSpeech=VB Lemma=assume NamedEntityTag=O]
[Text=this CharacterOffsetBegin=1068 CharacterOffsetEnd=1072 PartOfSpeech=DT Lemma=this NamedEntityTag=O]
[Text=was CharacterOffsetBegin=1073 CharacterOffsetEnd=1076 PartOfSpeech=VBD Lemma=be NamedEntityTag=O]
[Text=her CharacterOffsetBegin=1077 CharacterOffsetEnd=1080 PartOfSpeech=PRP$ Lemma=she NamedEntityTag=O]
[Text=hated CharacterOffsetBegin=1081 CharacterOffsetEnd=1086 PartOfSpeech=VBN Lemma=hate NamedEntityTag=O]
[Text=younger CharacterOffsetBegin=1087 CharacterOffsetEnd=1094 PartOfSpeech=JJR Lemma=younger NamedEntityTag=O]
[Text=brother CharacterOffsetBegin=1095 CharacterOffsetEnd=1102 PartOfSpeech=NN Lemma=brother NamedEntityTag=O]
[Text=, CharacterOffsetBegin=1102 CharacterOffsetEnd=1103 PartOfSpeech=, Lemma=, NamedEntityTag=O]
[Text=the CharacterOffsetBegin=1104 CharacterOffsetEnd=1107 PartOfSpeech=DT Lemma=the NamedEntityTag=O]
[Text=dwarf CharacterOffsetBegin=1108 CharacterOffsetEnd=1113 PartOfSpeech=NN Lemma=dwarf NamedEntityTag=O]
[Text=Tyrion CharacterOffsetBegin=1114 CharacterOffsetEnd=1120 PartOfSpeech=NNP Lemma=Tyrion NamedEntityTag=O]
[Text=, CharacterOffsetBegin=1120 CharacterOffsetEnd=1121 PartOfSpeech=, Lemma=, NamedEntityTag=O]
[Text=it CharacterOffsetBegin=1122 CharacterOffsetEnd=1124 PartOfSpeech=PRP Lemma=it NamedEntityTag=O]
[Text=could CharacterOffsetBegin=1125 CharacterOffsetEnd=1130 PartOfSpeech=MD Lemma=could NamedEntityTag=O]
[Text=actually CharacterOffsetBegin=1131 CharacterOffsetEnd=1139 PartOfSpeech=RB Lemma=actually NamedEntityTag=O]
[Text=mean CharacterOffsetBegin=1140 CharacterOffsetEnd=1144 PartOfSpeech=VB Lemma=mean NamedEntityTag=O]
[Text=Jaime CharacterOffsetBegin=1145 CharacterOffsetEnd=1150 PartOfSpeech=NNP Lemma=Jaime NamedEntityTag=PERSON]
[Text=, CharacterOffsetBegin=1150 CharacterOffsetEnd=1151 PartOfSpeech=, Lemma=, NamedEntityTag=O]
[Text=who CharacterOffsetBegin=1152 CharacterOffsetEnd=1155 PartOfSpeech=WP Lemma=who NamedEntityTag=O]
[Text=was CharacterOffsetBegin=1156 CharacterOffsetEnd=1159 PartOfSpeech=VBD Lemma=be NamedEntityTag=O]
[Text=born CharacterOffsetBegin=1160 CharacterOffsetEnd=1164 PartOfSpeech=VBN Lemma=bear NamedEntityTag=O]
[Text=just CharacterOffsetBegin=1165 CharacterOffsetEnd=1169 PartOfSpeech=RB Lemma=just NamedEntityTag=O]
[Text=after CharacterOffsetBegin=1170 CharacterOffsetEnd=1175 PartOfSpeech=IN Lemma=after NamedEntityTag=O]
[Text=his CharacterOffsetBegin=1176 CharacterOffsetEnd=1179 PartOfSpeech=PRP$ Lemma=he NamedEntityTag=O]
[Text=twin CharacterOffsetBegin=1180 CharacterOffsetEnd=1184 PartOfSpeech=JJ Lemma=twin NamedEntityTag=O]
[Text=sister CharacterOffsetBegin=1185 CharacterOffsetEnd=1191 PartOfSpeech=NN Lemma=sister NamedEntityTag=O]
[Text=. CharacterOffsetBegin=1191 CharacterOffsetEnd=1192 PartOfSpeech=. Lemma=. NamedEntityTag=O]
(ROOT
  (S
    (SBAR (IN While)
      (S
        (NP
          (NP (PRP you))
          (-LRB- -LRB-)
          (CC and)
          (NP (PRP she))
          (-RRB- -RRB-))
        (VP (MD might)
          (VP (VB assume)
            (NP (DT this))))))
    (VP (VBD was)
      (NP
        (NP (PRP$ her)
          (ADJP (VBN hated))
          (JJR younger) (NN brother))
        (, ,)
        (NP
          (NP
            (NP (DT the) (NN dwarf))
            (PRN
              (NP (NNP Tyrion)))
            (PRN (, ,)
              (S
                (NP (PRP it))
                (VP (MD could)
                  (ADVP (RB actually))
                  (VP (VB mean)
                    (NP (NNP Jaime)))))
              (, ,)))
          (SBAR
            (WHNP (WP who))
            (S
              (VP (VBD was)
                (VP (VBN born)
                  (ADVP (RB just))
                  (PP (IN after)
                    (NP (PRP$ his) (JJ twin) (NN sister))))))))))
    (. .)))

root(ROOT-0, brother-14)
mark(assume-8, While-1)
nsubj(assume-8, you-2)
punct(you-2, -LRB--3)
cc(you-2, and-4)
conj:and(you-2, she-5)
nsubj(assume-8, she-5)
punct(you-2, -RRB--6)
aux(assume-8, might-7)
csubj(brother-14, assume-8)
dobj(assume-8, this-9)
cop(brother-14, was-10)
nmod:poss(brother-14, her-11)
amod(brother-14, hated-12)
amod(brother-14, younger-13)
punct(brother-14, ,-15)
det(dwarf-17, the-16)
appos(brother-14, dwarf-17)
nsubjpass(born-28, dwarf-17)
dep(dwarf-17, Tyrion-18)
punct(mean-23, ,-19)
nsubj(mean-23, it-20)
aux(mean-23, could-21)
advmod(mean-23, actually-22)
dep(dwarf-17, mean-23)
dobj(mean-23, Jaime-24)
punct(mean-23, ,-25)
ref(dwarf-17, who-26)
auxpass(born-28, was-27)
acl:relcl(dwarf-17, born-28)
advmod(born-28, just-29)
case(sister-33, after-30)
nmod:poss(sister-33, his-31)
amod(sister-33, twin-32)
nmod:after(born-28, sister-33)
punct(brother-14, .-34)

Sentence #9 (16 tokens):
Maybe Jaime will finally see sense and realise he's meant to be with Brienne?
[Text=Maybe CharacterOffsetBegin=1194 CharacterOffsetEnd=1199 PartOfSpeech=RB Lemma=maybe NamedEntityTag=O]
[Text=Jaime CharacterOffsetBegin=1200 CharacterOffsetEnd=1205 PartOfSpeech=NNP Lemma=Jaime NamedEntityTag=PERSON]
[Text=will CharacterOffsetBegin=1206 CharacterOffsetEnd=1210 PartOfSpeech=MD Lemma=will NamedEntityTag=O]
[Text=finally CharacterOffsetBegin=1211 CharacterOffsetEnd=1218 PartOfSpeech=RB Lemma=finally NamedEntityTag=O]
[Text=see CharacterOffsetBegin=1219 CharacterOffsetEnd=1222 PartOfSpeech=VB Lemma=see NamedEntityTag=O]
[Text=sense CharacterOffsetBegin=1223 CharacterOffsetEnd=1228 PartOfSpeech=NN Lemma=sense NamedEntityTag=O]
[Text=and CharacterOffsetBegin=1229 CharacterOffsetEnd=1232 PartOfSpeech=CC Lemma=and NamedEntityTag=O]
[Text=realise CharacterOffsetBegin=1233 CharacterOffsetEnd=1240 PartOfSpeech=VBP Lemma=realise NamedEntityTag=O]
[Text=he CharacterOffsetBegin=1241 CharacterOffsetEnd=1243 PartOfSpeech=PRP Lemma=he NamedEntityTag=O]
[Text='s CharacterOffsetBegin=1243 CharacterOffsetEnd=1245 PartOfSpeech=VBZ Lemma=be NamedEntityTag=O]
[Text=meant CharacterOffsetBegin=1246 CharacterOffsetEnd=1251 PartOfSpeech=VBN Lemma=mean NamedEntityTag=O]
[Text=to CharacterOffsetBegin=1252 CharacterOffsetEnd=1254 PartOfSpeech=TO Lemma=to NamedEntityTag=O]
[Text=be CharacterOffsetBegin=1255 CharacterOffsetEnd=1257 PartOfSpeech=VB Lemma=be NamedEntityTag=O]
[Text=with CharacterOffsetBegin=1258 CharacterOffsetEnd=1262 PartOfSpeech=IN Lemma=with NamedEntityTag=O]
[Text=Brienne CharacterOffsetBegin=1263 CharacterOffsetEnd=1270 PartOfSpeech=NNP Lemma=Brienne NamedEntityTag=PERSON]
[Text=? CharacterOffsetBegin=1270 CharacterOffsetEnd=1271 PartOfSpeech=. Lemma=? NamedEntityTag=O]
(ROOT
  (S
    (ADVP (RB Maybe))
    (NP (NNP Jaime))
    (VP
      (VP (MD will)
        (ADVP (RB finally))
        (VP (VB see)
          (NP (NN sense))))
      (CC and)
      (VP (VBP realise)
        (SBAR
          (S
            (NP (PRP he))
            (VP (VBZ 's)
              (VP (VBN meant)
                (S
                  (VP (TO to)
                    (VP (VB be)
                      (PP (IN with)
                        (NP (NNP Brienne))))))))))))
    (. ?)))

root(ROOT-0, see-5)
advmod(see-5, Maybe-1)
nsubj(see-5, Jaime-2)
nsubj(realise-8, Jaime-2)
aux(see-5, will-3)
advmod(see-5, finally-4)
dobj(see-5, sense-6)
cc(see-5, and-7)
conj:and(see-5, realise-8)
nsubjpass(meant-11, he-9)
nsubj:xsubj(Brienne-15, he-9)
auxpass(meant-11, 's-10)
ccomp(realise-8, meant-11)
mark(Brienne-15, to-12)
cop(Brienne-15, be-13)
case(Brienne-15, with-14)
xcomp(meant-11, Brienne-15)
punct(see-5, ?-16)

Sentence #10 (7 tokens):
Or are we shipping too hard?
[Text=Or CharacterOffsetBegin=1272 CharacterOffsetEnd=1274 PartOfSpeech=CC Lemma=or NamedEntityTag=O]
[Text=are CharacterOffsetBegin=1275 CharacterOffsetEnd=1278 PartOfSpeech=VBP Lemma=be NamedEntityTag=O]
[Text=we CharacterOffsetBegin=1279 CharacterOffsetEnd=1281 PartOfSpeech=PRP Lemma=we NamedEntityTag=O]
[Text=shipping CharacterOffsetBegin=1282 CharacterOffsetEnd=1290 PartOfSpeech=VBG Lemma=ship NamedEntityTag=O]
[Text=too CharacterOffsetBegin=1291 CharacterOffsetEnd=1294 PartOfSpeech=RB Lemma=too NamedEntityTag=O]
[Text=hard CharacterOffsetBegin=1295 CharacterOffsetEnd=1299 PartOfSpeech=JJ Lemma=hard NamedEntityTag=O]
[Text=? CharacterOffsetBegin=1299 CharacterOffsetEnd=1300 PartOfSpeech=. Lemma=? NamedEntityTag=O]
(ROOT
  (S (CC Or)
    (VP (VBP are)
      (NP
        (NP (PRP we))
        (VP (VBG shipping)
          (ADJP (RB too) (JJ hard)))))
    (. ?)))

root(ROOT-0, we-3)
cc(we-3, Or-1)
cop(we-3, are-2)
acl(we-3, shipping-4)
advmod(hard-6, too-5)
xcomp(shipping-4, hard-6)
punct(we-3, ?-7)

Coreference set:
	(1,1,[1,2]) -> (2,9,[8,10]), that is: "Jaime" -> "Jaime Lannister"
	(2,15,[15,16]) -> (2,9,[8,10]), that is: "his" -> "Jaime Lannister"
	(2,33,[33,34]) -> (2,9,[8,10]), that is: "he" -> "Jaime Lannister"
	(4,3,[3,4]) -> (2,9,[8,10]), that is: "Jaime" -> "Jaime Lannister"
	(8,24,[24,25]) -> (2,9,[8,10]), that is: "Jaime" -> "Jaime Lannister"
	(9,2,[2,3]) -> (2,9,[8,10]), that is: "Jaime" -> "Jaime Lannister"
	(9,9,[9,10]) -> (2,9,[8,10]), that is: "he" -> "Jaime Lannister"
Coreference set:
	(2,19,[19,20]) -> (1,4,[4,5]), that is: "her" -> "Cersei"
	(3,6,[6,7]) -> (1,4,[4,5]), that is: "Cersei" -> "Cersei"
	(3,9,[9,10]) -> (1,4,[4,5]), that is: "her" -> "Cersei"
	(4,12,[12,13]) -> (1,4,[4,5]), that is: "she" -> "Cersei"
	(5,9,[9,10]) -> (1,4,[4,5]), that is: "Cersei" -> "Cersei"
	(5,28,[28,29]) -> (1,4,[4,5]), that is: "she" -> "Cersei"
	(5,40,[40,41]) -> (1,4,[4,5]), that is: "she" -> "Cersei"
	(6,20,[20,21]) -> (1,4,[4,5]), that is: "Cersei" -> "Cersei"
Coreference set:
	(4,25,[25,26]) -> (2,5,[5,6]), that is: "their" -> "fans"
Coreference set:
	(5,4,[3,5]) -> (2,41,[40,42]), that is: "the show" -> "the show"
	(5,25,[25,26]) -> (2,41,[40,42]), that is: "it" -> "the show"
Coreference set:
	(6,3,[3,4]) -> (3,2,[2,3]), that is: "we" -> "we"
Coreference set:
	(4,18,[18,19]) -> (3,10,[9,11]), that is: "it" -> "her plan"
	(4,31,[31,32]) -> (3,10,[9,11]), that is: "it" -> "her plan"
Coreference set:
	(4,33,[33,34]) -> (4,28,[28,29]), that is: "her" -> "Tommen"
Coreference set:
	(6,9,[9,10]) -> (5,31,[31,32]), that is: "three" -> "three"
Coreference set:
	(5,38,[38,39]) -> (5,32,[31,33]), that is: "them" -> "three children"
Coreference set:
	(8,5,[5,6]) -> (7,2,[2,3]), that is: "she" -> "Valyrian"
	(8,11,[11,12]) -> (7,2,[2,3]), that is: "her" -> "Valyrian"
Coreference set:
	(8,9,[9,10]) -> (7,4,[4,5]), that is: "this" -> "this"
	(8,20,[20,21]) -> (7,4,[4,5]), that is: "it" -> "this"
Coreference set:
	(10,3,[3,7]) -> (8,2,[2,7]), that is: "we shipping too hard" -> "you -LRB- and she -RRB-"
Coreference set:
	(8,17,[16,34]) -> (8,14,[11,15]), that is: "the dwarf Tyrion , it could actually mean Jaime , who was born just after his twin sister" -> "her hated younger brother"
	(8,17,[16,25]) -> (8,14,[11,15]), that is: "the dwarf Tyrion , it could actually mean Jaime" -> "her hated younger brother"
	(8,31,[31,32]) -> (8,14,[11,15]), that is: "his" -> "her hated younger brother"
