Sentence #1 (6 tokens):
Arya will become Lady Stoneheart.
[Text=Arya CharacterOffsetBegin=0 CharacterOffsetEnd=4 PartOfSpeech=NNP Lemma=Arya NamedEntityTag=PERSON]
[Text=will CharacterOffsetBegin=5 CharacterOffsetEnd=9 PartOfSpeech=MD Lemma=will NamedEntityTag=O]
[Text=become CharacterOffsetBegin=10 CharacterOffsetEnd=16 PartOfSpeech=VB Lemma=become NamedEntityTag=O]
[Text=Lady CharacterOffsetBegin=17 CharacterOffsetEnd=21 PartOfSpeech=NN Lemma=lady NamedEntityTag=PERSON]
[Text=Stoneheart CharacterOffsetBegin=22 CharacterOffsetEnd=32 PartOfSpeech=NNP Lemma=Stoneheart NamedEntityTag=PERSON]
[Text=. CharacterOffsetBegin=32 CharacterOffsetEnd=33 PartOfSpeech=. Lemma=. NamedEntityTag=O]
(ROOT
  (S
    (NP (NNP Arya))
    (VP (MD will)
      (VP (VB become)
        (NP (NN Lady) (NNP Stoneheart))))
    (. .)))

root(ROOT-0, become-3)
nsubj(become-3, Arya-1)
aux(become-3, will-2)
compound(Stoneheart-5, Lady-4)
xcomp(become-3, Stoneheart-5)
punct(become-3, .-6)

Sentence #2 (34 tokens):
It's safe to assume that book fans' hopes of Catelyn Stark being revived from the grave as the rampaging zombie Lady Stoneheart isn't going to happen in the TV show.
[Text=It CharacterOffsetBegin=34 CharacterOffsetEnd=36 PartOfSpeech=PRP Lemma=it NamedEntityTag=O]
[Text='s CharacterOffsetBegin=36 CharacterOffsetEnd=38 PartOfSpeech=VBZ Lemma=be NamedEntityTag=O]
[Text=safe CharacterOffsetBegin=39 CharacterOffsetEnd=43 PartOfSpeech=JJ Lemma=safe NamedEntityTag=O]
[Text=to CharacterOffsetBegin=44 CharacterOffsetEnd=46 PartOfSpeech=TO Lemma=to NamedEntityTag=O]
[Text=assume CharacterOffsetBegin=47 CharacterOffsetEnd=53 PartOfSpeech=VB Lemma=assume NamedEntityTag=O]
[Text=that CharacterOffsetBegin=54 CharacterOffsetEnd=58 PartOfSpeech=IN Lemma=that NamedEntityTag=O]
[Text=book CharacterOffsetBegin=59 CharacterOffsetEnd=63 PartOfSpeech=NN Lemma=book NamedEntityTag=O]
[Text=fans CharacterOffsetBegin=64 CharacterOffsetEnd=68 PartOfSpeech=NNS Lemma=fan NamedEntityTag=O]
[Text=' CharacterOffsetBegin=68 CharacterOffsetEnd=69 PartOfSpeech=POS Lemma=' NamedEntityTag=O]
[Text=hopes CharacterOffsetBegin=70 CharacterOffsetEnd=75 PartOfSpeech=NNS Lemma=hope NamedEntityTag=O]
[Text=of CharacterOffsetBegin=76 CharacterOffsetEnd=78 PartOfSpeech=IN Lemma=of NamedEntityTag=O]
[Text=Catelyn CharacterOffsetBegin=79 CharacterOffsetEnd=86 PartOfSpeech=NNP Lemma=Catelyn NamedEntityTag=O]
[Text=Stark CharacterOffsetBegin=87 CharacterOffsetEnd=92 PartOfSpeech=NNP Lemma=Stark NamedEntityTag=O]
[Text=being CharacterOffsetBegin=93 CharacterOffsetEnd=98 PartOfSpeech=VBG Lemma=be NamedEntityTag=O]
[Text=revived CharacterOffsetBegin=99 CharacterOffsetEnd=106 PartOfSpeech=VBN Lemma=revive NamedEntityTag=O]
[Text=from CharacterOffsetBegin=107 CharacterOffsetEnd=111 PartOfSpeech=IN Lemma=from NamedEntityTag=O]
[Text=the CharacterOffsetBegin=112 CharacterOffsetEnd=115 PartOfSpeech=DT Lemma=the NamedEntityTag=O]
[Text=grave CharacterOffsetBegin=116 CharacterOffsetEnd=121 PartOfSpeech=NN Lemma=grave NamedEntityTag=O]
[Text=as CharacterOffsetBegin=122 CharacterOffsetEnd=124 PartOfSpeech=IN Lemma=as NamedEntityTag=O]
[Text=the CharacterOffsetBegin=125 CharacterOffsetEnd=128 PartOfSpeech=DT Lemma=the NamedEntityTag=O]
[Text=rampaging CharacterOffsetBegin=129 CharacterOffsetEnd=138 PartOfSpeech=JJ Lemma=rampaging NamedEntityTag=O]
[Text=zombie CharacterOffsetBegin=139 CharacterOffsetEnd=145 PartOfSpeech=NN Lemma=zombie NamedEntityTag=O]
[Text=Lady CharacterOffsetBegin=146 CharacterOffsetEnd=150 PartOfSpeech=NN Lemma=lady NamedEntityTag=O]
[Text=Stoneheart CharacterOffsetBegin=151 CharacterOffsetEnd=161 PartOfSpeech=NNP Lemma=Stoneheart NamedEntityTag=O]
[Text=is CharacterOffsetBegin=162 CharacterOffsetEnd=164 PartOfSpeech=VBZ Lemma=be NamedEntityTag=O]
[Text=n't CharacterOffsetBegin=164 CharacterOffsetEnd=167 PartOfSpeech=RB Lemma=not NamedEntityTag=O]
[Text=going CharacterOffsetBegin=168 CharacterOffsetEnd=173 PartOfSpeech=VBG Lemma=go NamedEntityTag=O]
[Text=to CharacterOffsetBegin=174 CharacterOffsetEnd=176 PartOfSpeech=TO Lemma=to NamedEntityTag=O]
[Text=happen CharacterOffsetBegin=177 CharacterOffsetEnd=183 PartOfSpeech=VB Lemma=happen NamedEntityTag=O]
[Text=in CharacterOffsetBegin=184 CharacterOffsetEnd=186 PartOfSpeech=IN Lemma=in NamedEntityTag=O]
[Text=the CharacterOffsetBegin=187 CharacterOffsetEnd=190 PartOfSpeech=DT Lemma=the NamedEntityTag=O]
[Text=TV CharacterOffsetBegin=191 CharacterOffsetEnd=193 PartOfSpeech=NN Lemma=tv NamedEntityTag=O]
[Text=show CharacterOffsetBegin=194 CharacterOffsetEnd=198 PartOfSpeech=NN Lemma=show NamedEntityTag=O]
[Text=. CharacterOffsetBegin=198 CharacterOffsetEnd=199 PartOfSpeech=. Lemma=. NamedEntityTag=O]
(ROOT
  (S
    (NP (PRP It))
    (VP (VBZ 's)
      (ADJP (JJ safe)
        (S
          (VP (TO to)
            (VP (VB assume)
              (SBAR (IN that)
                (S
                  (NP
                    (NP
                      (NP (NN book) (NNS fans) (POS '))
                      (NNS hopes))
                    (PP (IN of)
                      (NP
                        (NP (NNP Catelyn) (NNP Stark))
                        (VP (VBG being)
                          (VP (VBN revived)
                            (PP (IN from)
                              (NP
                                (NP (DT the) (NN grave))
                                (PP (IN as)
                                  (NP (DT the) (JJ rampaging) (NN zombie) (NN Lady) (NNP Stoneheart))))))))))
                  (VP (VBZ is) (RB n't)
                    (VP (VBG going)
                      (S
                        (VP (TO to)
                          (VP (VB happen)
                            (PP (IN in)
                              (NP (DT the) (NN TV) (NN show)))))))))))))))
    (. .)))

root(ROOT-0, safe-3)
nsubj(safe-3, It-1)
nsubj:xsubj(assume-5, It-1)
cop(safe-3, 's-2)
mark(assume-5, to-4)
xcomp(safe-3, assume-5)
mark(going-27, that-6)
compound(fans-8, book-7)
nmod:poss(hopes-10, fans-8)
case(fans-8, '-9)
nsubj(going-27, hopes-10)
nsubj:xsubj(happen-29, hopes-10)
case(Stark-13, of-11)
compound(Stark-13, Catelyn-12)
nmod:of(hopes-10, Stark-13)
auxpass(revived-15, being-14)
acl(Stark-13, revived-15)
case(grave-18, from-16)
det(grave-18, the-17)
nmod:from(revived-15, grave-18)
case(Stoneheart-24, as-19)
det(Stoneheart-24, the-20)
amod(Stoneheart-24, rampaging-21)
compound(Stoneheart-24, zombie-22)
compound(Stoneheart-24, Lady-23)
nmod:as(grave-18, Stoneheart-24)
aux(going-27, is-25)
neg(going-27, n't-26)
ccomp(assume-5, going-27)
mark(happen-29, to-28)
xcomp(going-27, happen-29)
case(show-33, in-30)
det(show-33, the-31)
compound(show-33, TV-32)
nmod:in(happen-29, show-33)
punct(safe-3, .-34)

Sentence #3 (12 tokens):
Dragons, White Walkers, giants, time travel: fine.
[Text=Dragons CharacterOffsetBegin=200 CharacterOffsetEnd=207 PartOfSpeech=NNS Lemma=dragon NamedEntityTag=O]
[Text=, CharacterOffsetBegin=207 CharacterOffsetEnd=208 PartOfSpeech=, Lemma=, NamedEntityTag=O]
[Text=White CharacterOffsetBegin=209 CharacterOffsetEnd=214 PartOfSpeech=NNP Lemma=White NamedEntityTag=O]
[Text=Walkers CharacterOffsetBegin=215 CharacterOffsetEnd=222 PartOfSpeech=NNPS Lemma=Walkers NamedEntityTag=O]
[Text=, CharacterOffsetBegin=222 CharacterOffsetEnd=223 PartOfSpeech=, Lemma=, NamedEntityTag=O]
[Text=giants CharacterOffsetBegin=224 CharacterOffsetEnd=230 PartOfSpeech=NNS Lemma=giant NamedEntityTag=O]
[Text=, CharacterOffsetBegin=230 CharacterOffsetEnd=231 PartOfSpeech=, Lemma=, NamedEntityTag=O]
[Text=time CharacterOffsetBegin=232 CharacterOffsetEnd=236 PartOfSpeech=NN Lemma=time NamedEntityTag=O]
[Text=travel CharacterOffsetBegin=237 CharacterOffsetEnd=243 PartOfSpeech=NN Lemma=travel NamedEntityTag=O]
[Text=: CharacterOffsetBegin=243 CharacterOffsetEnd=244 PartOfSpeech=: Lemma=: NamedEntityTag=O]
[Text=fine CharacterOffsetBegin=245 CharacterOffsetEnd=249 PartOfSpeech=NN Lemma=fine NamedEntityTag=O]
[Text=. CharacterOffsetBegin=249 CharacterOffsetEnd=250 PartOfSpeech=. Lemma=. NamedEntityTag=O]
(ROOT
  (FRAG
    (NP
      (NP (NNS Dragons))
      (, ,)
      (NP (NNP White) (NNPS Walkers))
      (, ,)
      (NP (NNS giants))
      (, ,)
      (NP (NN time) (NN travel))
      (: :)
      (NP (NN fine)))
    (. .)))

root(ROOT-0, Dragons-1)
punct(Dragons-1, ,-2)
compound(Walkers-4, White-3)
appos(Dragons-1, Walkers-4)
punct(Dragons-1, ,-5)
appos(Dragons-1, giants-6)
punct(Dragons-1, ,-7)
compound(travel-9, time-8)
appos(Dragons-1, travel-9)
punct(Dragons-1, :-10)
dep(Dragons-1, fine-11)
punct(Dragons-1, .-12)

Sentence #4 (4 tokens):
Undead Michelle Fairley?
[Text=Undead CharacterOffsetBegin=251 CharacterOffsetEnd=257 PartOfSpeech=NN Lemma=undead NamedEntityTag=O]
[Text=Michelle CharacterOffsetBegin=258 CharacterOffsetEnd=266 PartOfSpeech=NNP Lemma=Michelle NamedEntityTag=PERSON]
[Text=Fairley CharacterOffsetBegin=267 CharacterOffsetEnd=274 PartOfSpeech=NNP Lemma=Fairley NamedEntityTag=PERSON]
[Text=? CharacterOffsetBegin=274 CharacterOffsetEnd=275 PartOfSpeech=. Lemma=? NamedEntityTag=O]
(ROOT
  (NP
    (NP (NN Undead))
    (NP (NNP Michelle) (NNP Fairley))
    (. ?)))

root(ROOT-0, Undead-1)
compound(Fairley-3, Michelle-2)
dep(Undead-1, Fairley-3)
punct(Undead-1, ?-4)

Sentence #5 (5 tokens):
Don't be absurd.
[Text=Do CharacterOffsetBegin=276 CharacterOffsetEnd=278 PartOfSpeech=VBP Lemma=do NamedEntityTag=O]
[Text=n't CharacterOffsetBegin=278 CharacterOffsetEnd=281 PartOfSpeech=RB Lemma=not NamedEntityTag=O]
[Text=be CharacterOffsetBegin=282 CharacterOffsetEnd=284 PartOfSpeech=VB Lemma=be NamedEntityTag=O]
[Text=absurd CharacterOffsetBegin=285 CharacterOffsetEnd=291 PartOfSpeech=JJ Lemma=absurd NamedEntityTag=O]
[Text=. CharacterOffsetBegin=291 CharacterOffsetEnd=292 PartOfSpeech=. Lemma=. NamedEntityTag=O]
(ROOT
  (S
    (VP (VBP Do) (RB n't)
      (VP (VB be)
        (ADJP (JJ absurd))))
    (. .)))

root(ROOT-0, absurd-4)
aux(absurd-4, Do-1)
neg(absurd-4, n't-2)
cop(absurd-4, be-3)
punct(absurd-4, .-5)

Sentence #6 (45 tokens):
During season 6, fans began pondering whether the character of Lady Stoneheart could be morphed into Sansa Stark instead, as she may go on a vengeance tour now that she's finally free and "safe" with Jon Snow and friends.
[Text=During CharacterOffsetBegin=293 CharacterOffsetEnd=299 PartOfSpeech=IN Lemma=during NamedEntityTag=O]
[Text=season CharacterOffsetBegin=300 CharacterOffsetEnd=306 PartOfSpeech=NN Lemma=season NamedEntityTag=O]
[Text=6 CharacterOffsetBegin=307 CharacterOffsetEnd=308 PartOfSpeech=CD Lemma=6 NamedEntityTag=NUMBER NormalizedNamedEntityTag=6.0]
[Text=, CharacterOffsetBegin=308 CharacterOffsetEnd=309 PartOfSpeech=, Lemma=, NamedEntityTag=O]
[Text=fans CharacterOffsetBegin=310 CharacterOffsetEnd=314 PartOfSpeech=NNS Lemma=fan NamedEntityTag=O]
[Text=began CharacterOffsetBegin=315 CharacterOffsetEnd=320 PartOfSpeech=VBD Lemma=begin NamedEntityTag=O]
[Text=pondering CharacterOffsetBegin=321 CharacterOffsetEnd=330 PartOfSpeech=VBG Lemma=ponder NamedEntityTag=O]
[Text=whether CharacterOffsetBegin=331 CharacterOffsetEnd=338 PartOfSpeech=IN Lemma=whether NamedEntityTag=O]
[Text=the CharacterOffsetBegin=339 CharacterOffsetEnd=342 PartOfSpeech=DT Lemma=the NamedEntityTag=O]
[Text=character CharacterOffsetBegin=343 CharacterOffsetEnd=352 PartOfSpeech=NN Lemma=character NamedEntityTag=O]
[Text=of CharacterOffsetBegin=353 CharacterOffsetEnd=355 PartOfSpeech=IN Lemma=of NamedEntityTag=O]
[Text=Lady CharacterOffsetBegin=356 CharacterOffsetEnd=360 PartOfSpeech=NNP Lemma=Lady NamedEntityTag=PERSON]
[Text=Stoneheart CharacterOffsetBegin=361 CharacterOffsetEnd=371 PartOfSpeech=NNP Lemma=Stoneheart NamedEntityTag=PERSON]
[Text=could CharacterOffsetBegin=372 CharacterOffsetEnd=377 PartOfSpeech=MD Lemma=could NamedEntityTag=O]
[Text=be CharacterOffsetBegin=378 CharacterOffsetEnd=380 PartOfSpeech=VB Lemma=be NamedEntityTag=O]
[Text=morphed CharacterOffsetBegin=381 CharacterOffsetEnd=388 PartOfSpeech=VBN Lemma=morph NamedEntityTag=O]
[Text=into CharacterOffsetBegin=389 CharacterOffsetEnd=393 PartOfSpeech=IN Lemma=into NamedEntityTag=O]
[Text=Sansa CharacterOffsetBegin=394 CharacterOffsetEnd=399 PartOfSpeech=NNP Lemma=Sansa NamedEntityTag=PERSON]
[Text=Stark CharacterOffsetBegin=400 CharacterOffsetEnd=405 PartOfSpeech=NNP Lemma=Stark NamedEntityTag=PERSON]
[Text=instead CharacterOffsetBegin=406 CharacterOffsetEnd=413 PartOfSpeech=RB Lemma=instead NamedEntityTag=O]
[Text=, CharacterOffsetBegin=413 CharacterOffsetEnd=414 PartOfSpeech=, Lemma=, NamedEntityTag=O]
[Text=as CharacterOffsetBegin=415 CharacterOffsetEnd=417 PartOfSpeech=IN Lemma=as NamedEntityTag=O]
[Text=she CharacterOffsetBegin=418 CharacterOffsetEnd=421 PartOfSpeech=PRP Lemma=she NamedEntityTag=O]
[Text=may CharacterOffsetBegin=422 CharacterOffsetEnd=425 PartOfSpeech=MD Lemma=may NamedEntityTag=O]
[Text=go CharacterOffsetBegin=426 CharacterOffsetEnd=428 PartOfSpeech=VB Lemma=go NamedEntityTag=O]
[Text=on CharacterOffsetBegin=429 CharacterOffsetEnd=431 PartOfSpeech=IN Lemma=on NamedEntityTag=O]
[Text=a CharacterOffsetBegin=432 CharacterOffsetEnd=433 PartOfSpeech=DT Lemma=a NamedEntityTag=O]
[Text=vengeance CharacterOffsetBegin=434 CharacterOffsetEnd=443 PartOfSpeech=NN Lemma=vengeance NamedEntityTag=O]
[Text=tour CharacterOffsetBegin=444 CharacterOffsetEnd=448 PartOfSpeech=NN Lemma=tour NamedEntityTag=O]
[Text=now CharacterOffsetBegin=449 CharacterOffsetEnd=452 PartOfSpeech=RB Lemma=now NamedEntityTag=DATE NormalizedNamedEntityTag=PRESENT_REF Timex=<TIMEX3 tid="t1" type="DATE" value="PRESENT_REF">now</TIMEX3>]
[Text=that CharacterOffsetBegin=453 CharacterOffsetEnd=457 PartOfSpeech=IN Lemma=that NamedEntityTag=O]
[Text=she CharacterOffsetBegin=458 CharacterOffsetEnd=461 PartOfSpeech=PRP Lemma=she NamedEntityTag=O]
[Text='s CharacterOffsetBegin=461 CharacterOffsetEnd=463 PartOfSpeech=VBZ Lemma=be NamedEntityTag=O]
[Text=finally CharacterOffsetBegin=464 CharacterOffsetEnd=471 PartOfSpeech=RB Lemma=finally NamedEntityTag=O]
[Text=free CharacterOffsetBegin=472 CharacterOffsetEnd=476 PartOfSpeech=JJ Lemma=free NamedEntityTag=O]
[Text=and CharacterOffsetBegin=477 CharacterOffsetEnd=480 PartOfSpeech=CC Lemma=and NamedEntityTag=O]
[Text=`` CharacterOffsetBegin=481 CharacterOffsetEnd=482 PartOfSpeech=`` Lemma=`` NamedEntityTag=O]
[Text=safe CharacterOffsetBegin=482 CharacterOffsetEnd=486 PartOfSpeech=JJ Lemma=safe NamedEntityTag=O]
[Text='' CharacterOffsetBegin=486 CharacterOffsetEnd=487 PartOfSpeech='' Lemma='' NamedEntityTag=O]
[Text=with CharacterOffsetBegin=488 CharacterOffsetEnd=492 PartOfSpeech=IN Lemma=with NamedEntityTag=O]
[Text=Jon CharacterOffsetBegin=493 CharacterOffsetEnd=496 PartOfSpeech=NNP Lemma=Jon NamedEntityTag=PERSON]
[Text=Snow CharacterOffsetBegin=497 CharacterOffsetEnd=501 PartOfSpeech=NNP Lemma=Snow NamedEntityTag=PERSON]
[Text=and CharacterOffsetBegin=502 CharacterOffsetEnd=505 PartOfSpeech=CC Lemma=and NamedEntityTag=O]
[Text=friends CharacterOffsetBegin=506 CharacterOffsetEnd=513 PartOfSpeech=NNS Lemma=friend NamedEntityTag=O]
[Text=. CharacterOffsetBegin=513 CharacterOffsetEnd=514 PartOfSpeech=. Lemma=. NamedEntityTag=O]
(ROOT
  (S
    (PP (IN During)
      (NP (NN season) (CD 6)))
    (, ,)
    (NP (NNS fans))
    (VP (VBD began)
      (S
        (VP (VBG pondering)
          (SBAR (IN whether)
            (S
              (NP
                (NP (DT the) (NN character))
                (PP (IN of)
                  (NP (NNP Lady) (NNP Stoneheart))))
              (VP (MD could)
                (VP (VB be)
                  (VP (VBN morphed)
                    (PP (IN into)
                      (NP (NNP Sansa) (NNP Stark)))
                    (ADVP (RB instead)))))))))
      (, ,)
      (SBAR (IN as)
        (S
          (NP (PRP she))
          (VP (MD may)
            (VP (VB go)
              (PP (IN on)
                (NP (DT a) (NN vengeance) (NN tour)))
              (SBAR
                (ADVP (RB now))
                (IN that)
                (S
                  (NP (PRP she))
                  (VP (VBZ 's)
                    (ADVP (RB finally))
                    (ADJP
                      (ADJP (JJ free))
                      (CC and)
                      (ADJP (`` ``) (JJ safe) ('' '')))
                    (PP (IN with)
                      (NP
                        (NP (NNP Jon) (NNP Snow))
                        (CC and)
                        (NP (NNS friends))))))))))))
    (. .)))

root(ROOT-0, began-6)
case(season-2, During-1)
nmod:during(began-6, season-2)
nummod(season-2, 6-3)
punct(began-6, ,-4)
nsubj(began-6, fans-5)
xcomp(began-6, pondering-7)
mark(morphed-16, whether-8)
det(character-10, the-9)
nsubjpass(morphed-16, character-10)
case(Stoneheart-13, of-11)
compound(Stoneheart-13, Lady-12)
nmod:of(character-10, Stoneheart-13)
aux(morphed-16, could-14)
auxpass(morphed-16, be-15)
ccomp(pondering-7, morphed-16)
case(Stark-19, into-17)
compound(Stark-19, Sansa-18)
nmod:into(morphed-16, Stark-19)
advmod(morphed-16, instead-20)
punct(began-6, ,-21)
mark(go-25, as-22)
nsubj(go-25, she-23)
aux(go-25, may-24)
advcl:as(began-6, go-25)
case(tour-29, on-26)
det(tour-29, a-27)
compound(tour-29, vengeance-28)
nmod:on(go-25, tour-29)
advmod(free-35, now-30)
mark(free-35, that-31)
nsubj(free-35, she-32)
nsubj(safe-38, she-32)
cop(free-35, 's-33)
advmod(free-35, finally-34)
advcl:that(go-25, free-35)
cc(free-35, and-36)
punct(safe-38, ``-37)
advcl:that(go-25, safe-38)
conj:and(free-35, safe-38)
punct(safe-38, ''-39)
case(Snow-42, with-40)
compound(Snow-42, Jon-41)
nmod:with(free-35, Snow-42)
cc(Snow-42, and-43)
nmod:with(free-35, friends-44)
conj:and(Snow-42, friends-44)
punct(began-6, .-45)

Sentence #7 (20 tokens):
However, it makes far more sense for the Stoneheart persona to be passed onto her little sister Arya.
[Text=However CharacterOffsetBegin=516 CharacterOffsetEnd=523 PartOfSpeech=RB Lemma=however NamedEntityTag=O]
[Text=, CharacterOffsetBegin=523 CharacterOffsetEnd=524 PartOfSpeech=, Lemma=, NamedEntityTag=O]
[Text=it CharacterOffsetBegin=525 CharacterOffsetEnd=527 PartOfSpeech=PRP Lemma=it NamedEntityTag=O]
[Text=makes CharacterOffsetBegin=528 CharacterOffsetEnd=533 PartOfSpeech=VBZ Lemma=make NamedEntityTag=O]
[Text=far CharacterOffsetBegin=534 CharacterOffsetEnd=537 PartOfSpeech=RB Lemma=far NamedEntityTag=O]
[Text=more CharacterOffsetBegin=538 CharacterOffsetEnd=542 PartOfSpeech=RBR Lemma=more NamedEntityTag=O]
[Text=sense CharacterOffsetBegin=543 CharacterOffsetEnd=548 PartOfSpeech=NN Lemma=sense NamedEntityTag=O]
[Text=for CharacterOffsetBegin=549 CharacterOffsetEnd=552 PartOfSpeech=IN Lemma=for NamedEntityTag=O]
[Text=the CharacterOffsetBegin=553 CharacterOffsetEnd=556 PartOfSpeech=DT Lemma=the NamedEntityTag=O]
[Text=Stoneheart CharacterOffsetBegin=557 CharacterOffsetEnd=567 PartOfSpeech=NNP Lemma=Stoneheart NamedEntityTag=O]
[Text=persona CharacterOffsetBegin=568 CharacterOffsetEnd=575 PartOfSpeech=NN Lemma=persona NamedEntityTag=O]
[Text=to CharacterOffsetBegin=576 CharacterOffsetEnd=578 PartOfSpeech=TO Lemma=to NamedEntityTag=O]
[Text=be CharacterOffsetBegin=579 CharacterOffsetEnd=581 PartOfSpeech=VB Lemma=be NamedEntityTag=O]
[Text=passed CharacterOffsetBegin=582 CharacterOffsetEnd=588 PartOfSpeech=VBN Lemma=pass NamedEntityTag=O]
[Text=onto CharacterOffsetBegin=589 CharacterOffsetEnd=593 PartOfSpeech=IN Lemma=onto NamedEntityTag=O]
[Text=her CharacterOffsetBegin=594 CharacterOffsetEnd=597 PartOfSpeech=PRP$ Lemma=she NamedEntityTag=O]
[Text=little CharacterOffsetBegin=598 CharacterOffsetEnd=604 PartOfSpeech=JJ Lemma=little NamedEntityTag=O]
[Text=sister CharacterOffsetBegin=605 CharacterOffsetEnd=611 PartOfSpeech=NN Lemma=sister NamedEntityTag=O]
[Text=Arya CharacterOffsetBegin=612 CharacterOffsetEnd=616 PartOfSpeech=NNP Lemma=Arya NamedEntityTag=PERSON]
[Text=. CharacterOffsetBegin=616 CharacterOffsetEnd=617 PartOfSpeech=. Lemma=. NamedEntityTag=O]
(ROOT
  (S
    (ADVP (RB However))
    (, ,)
    (NP (PRP it))
    (VP (VBZ makes)
      (NP
        (ADJP (RB far) (RBR more))
        (NN sense))
      (PP (IN for)
        (NP (DT the) (NNP Stoneheart) (NN persona)))
      (S
        (VP (TO to)
          (VP (VB be)
            (VP (VBN passed)
              (PP (IN onto)
                (NP (PRP$ her) (JJ little) (NN sister) (NNP Arya))))))))
    (. .)))

root(ROOT-0, makes-4)
advmod(makes-4, However-1)
punct(makes-4, ,-2)
nsubj(makes-4, it-3)
advmod(more-6, far-5)
amod(sense-7, more-6)
dobj(makes-4, sense-7)
case(persona-11, for-8)
det(persona-11, the-9)
compound(persona-11, Stoneheart-10)
nmod:for(makes-4, persona-11)
mark(passed-14, to-12)
auxpass(passed-14, be-13)
advcl:to(makes-4, passed-14)
case(Arya-19, onto-15)
nmod:poss(Arya-19, her-16)
amod(Arya-19, little-17)
compound(Arya-19, sister-18)
nmod:onto(passed-14, Arya-19)
punct(makes-4, .-20)

Sentence #8 (21 tokens):
She proved her assassin-like qualities in the finale, finally showing off her training from Jaqen and murdering Walder Frey.
[Text=She CharacterOffsetBegin=618 CharacterOffsetEnd=621 PartOfSpeech=PRP Lemma=she NamedEntityTag=O]
[Text=proved CharacterOffsetBegin=622 CharacterOffsetEnd=628 PartOfSpeech=VBD Lemma=prove NamedEntityTag=O]
[Text=her CharacterOffsetBegin=629 CharacterOffsetEnd=632 PartOfSpeech=PRP$ Lemma=she NamedEntityTag=O]
[Text=assassin-like CharacterOffsetBegin=633 CharacterOffsetEnd=646 PartOfSpeech=JJ Lemma=assassin-like NamedEntityTag=O]
[Text=qualities CharacterOffsetBegin=647 CharacterOffsetEnd=656 PartOfSpeech=NNS Lemma=quality NamedEntityTag=O]
[Text=in CharacterOffsetBegin=657 CharacterOffsetEnd=659 PartOfSpeech=IN Lemma=in NamedEntityTag=O]
[Text=the CharacterOffsetBegin=660 CharacterOffsetEnd=663 PartOfSpeech=DT Lemma=the NamedEntityTag=O]
[Text=finale CharacterOffsetBegin=664 CharacterOffsetEnd=670 PartOfSpeech=NN Lemma=finale NamedEntityTag=O]
[Text=, CharacterOffsetBegin=670 CharacterOffsetEnd=671 PartOfSpeech=, Lemma=, NamedEntityTag=O]
[Text=finally CharacterOffsetBegin=672 CharacterOffsetEnd=679 PartOfSpeech=RB Lemma=finally NamedEntityTag=O]
[Text=showing CharacterOffsetBegin=680 CharacterOffsetEnd=687 PartOfSpeech=VBG Lemma=show NamedEntityTag=O]
[Text=off CharacterOffsetBegin=688 CharacterOffsetEnd=691 PartOfSpeech=RP Lemma=off NamedEntityTag=O]
[Text=her CharacterOffsetBegin=692 CharacterOffsetEnd=695 PartOfSpeech=PRP$ Lemma=she NamedEntityTag=O]
[Text=training CharacterOffsetBegin=696 CharacterOffsetEnd=704 PartOfSpeech=NN Lemma=training NamedEntityTag=O]
[Text=from CharacterOffsetBegin=705 CharacterOffsetEnd=709 PartOfSpeech=IN Lemma=from NamedEntityTag=O]
[Text=Jaqen CharacterOffsetBegin=710 CharacterOffsetEnd=715 PartOfSpeech=NNP Lemma=Jaqen NamedEntityTag=LOCATION]
[Text=and CharacterOffsetBegin=716 CharacterOffsetEnd=719 PartOfSpeech=CC Lemma=and NamedEntityTag=O]
[Text=murdering CharacterOffsetBegin=720 CharacterOffsetEnd=729 PartOfSpeech=VBG Lemma=murder NamedEntityTag=O]
[Text=Walder CharacterOffsetBegin=730 CharacterOffsetEnd=736 PartOfSpeech=NNP Lemma=Walder NamedEntityTag=PERSON]
[Text=Frey CharacterOffsetBegin=737 CharacterOffsetEnd=741 PartOfSpeech=NNP Lemma=Frey NamedEntityTag=PERSON]
[Text=. CharacterOffsetBegin=741 CharacterOffsetEnd=742 PartOfSpeech=. Lemma=. NamedEntityTag=O]
(ROOT
  (S
    (NP (PRP She))
    (VP (VBD proved)
      (NP (PRP$ her) (JJ assassin-like) (NNS qualities))
      (PP (IN in)
        (NP (DT the) (NN finale)))
      (, ,)
      (S
        (ADVP (RB finally))
        (VP
          (VP (VBG showing)
            (PRT (RP off))
            (NP (PRP$ her) (NN training))
            (PP (IN from)
              (NP (NNP Jaqen))))
          (CC and)
          (VP (VBG murdering)
            (NP (NNP Walder) (NNP Frey))))))
    (. .)))

root(ROOT-0, proved-2)
nsubj(proved-2, She-1)
nmod:poss(qualities-5, her-3)
amod(qualities-5, assassin-like-4)
dobj(proved-2, qualities-5)
case(finale-8, in-6)
det(finale-8, the-7)
nmod:in(proved-2, finale-8)
punct(proved-2, ,-9)
advmod(showing-11, finally-10)
dep(proved-2, showing-11)
compound:prt(showing-11, off-12)
nmod:poss(training-14, her-13)
dobj(showing-11, training-14)
case(Jaqen-16, from-15)
nmod:from(showing-11, Jaqen-16)
cc(showing-11, and-17)
dep(proved-2, murdering-18)
conj:and(showing-11, murdering-18)
compound(Frey-20, Walder-19)
dobj(murdering-18, Frey-20)
punct(proved-2, .-21)

Sentence #9 (42 tokens):
While we can't see them turning Arya into a speechless zombie who kills everyone, we can at least imagine her adding several more people to her kill list and becoming a seriously dangerous assassin that people begin to follow.
[Text=While CharacterOffsetBegin=744 CharacterOffsetEnd=749 PartOfSpeech=IN Lemma=while NamedEntityTag=O]
[Text=we CharacterOffsetBegin=750 CharacterOffsetEnd=752 PartOfSpeech=PRP Lemma=we NamedEntityTag=O]
[Text=ca CharacterOffsetBegin=753 CharacterOffsetEnd=755 PartOfSpeech=MD Lemma=can NamedEntityTag=O]
[Text=n't CharacterOffsetBegin=755 CharacterOffsetEnd=758 PartOfSpeech=RB Lemma=not NamedEntityTag=O]
[Text=see CharacterOffsetBegin=759 CharacterOffsetEnd=762 PartOfSpeech=VB Lemma=see NamedEntityTag=O]
[Text=them CharacterOffsetBegin=763 CharacterOffsetEnd=767 PartOfSpeech=PRP Lemma=they NamedEntityTag=O]
[Text=turning CharacterOffsetBegin=768 CharacterOffsetEnd=775 PartOfSpeech=VBG Lemma=turn NamedEntityTag=O]
[Text=Arya CharacterOffsetBegin=776 CharacterOffsetEnd=780 PartOfSpeech=NNP Lemma=Arya NamedEntityTag=PERSON]
[Text=into CharacterOffsetBegin=781 CharacterOffsetEnd=785 PartOfSpeech=IN Lemma=into NamedEntityTag=O]
[Text=a CharacterOffsetBegin=786 CharacterOffsetEnd=787 PartOfSpeech=DT Lemma=a NamedEntityTag=O]
[Text=speechless CharacterOffsetBegin=788 CharacterOffsetEnd=798 PartOfSpeech=JJ Lemma=speechless NamedEntityTag=O]
[Text=zombie CharacterOffsetBegin=799 CharacterOffsetEnd=805 PartOfSpeech=NN Lemma=zombie NamedEntityTag=O]
[Text=who CharacterOffsetBegin=806 CharacterOffsetEnd=809 PartOfSpeech=WP Lemma=who NamedEntityTag=O]
[Text=kills CharacterOffsetBegin=810 CharacterOffsetEnd=815 PartOfSpeech=VBZ Lemma=kill NamedEntityTag=O]
[Text=everyone CharacterOffsetBegin=816 CharacterOffsetEnd=824 PartOfSpeech=NN Lemma=everyone NamedEntityTag=O]
[Text=, CharacterOffsetBegin=824 CharacterOffsetEnd=825 PartOfSpeech=, Lemma=, NamedEntityTag=O]
[Text=we CharacterOffsetBegin=826 CharacterOffsetEnd=828 PartOfSpeech=PRP Lemma=we NamedEntityTag=O]
[Text=can CharacterOffsetBegin=829 CharacterOffsetEnd=832 PartOfSpeech=MD Lemma=can NamedEntityTag=O]
[Text=at CharacterOffsetBegin=833 CharacterOffsetEnd=835 PartOfSpeech=IN Lemma=at NamedEntityTag=O]
[Text=least CharacterOffsetBegin=836 CharacterOffsetEnd=841 PartOfSpeech=JJS Lemma=least NamedEntityTag=O]
[Text=imagine CharacterOffsetBegin=842 CharacterOffsetEnd=849 PartOfSpeech=VB Lemma=imagine NamedEntityTag=O]
[Text=her CharacterOffsetBegin=850 CharacterOffsetEnd=853 PartOfSpeech=PRP$ Lemma=she NamedEntityTag=O]
[Text=adding CharacterOffsetBegin=854 CharacterOffsetEnd=860 PartOfSpeech=VBG Lemma=add NamedEntityTag=O]
[Text=several CharacterOffsetBegin=861 CharacterOffsetEnd=868 PartOfSpeech=JJ Lemma=several NamedEntityTag=O]
[Text=more CharacterOffsetBegin=869 CharacterOffsetEnd=873 PartOfSpeech=JJR Lemma=more NamedEntityTag=O]
[Text=people CharacterOffsetBegin=874 CharacterOffsetEnd=880 PartOfSpeech=NNS Lemma=people NamedEntityTag=O]
[Text=to CharacterOffsetBegin=881 CharacterOffsetEnd=883 PartOfSpeech=TO Lemma=to NamedEntityTag=O]
[Text=her CharacterOffsetBegin=884 CharacterOffsetEnd=887 PartOfSpeech=PRP$ Lemma=she NamedEntityTag=O]
[Text=kill CharacterOffsetBegin=888 CharacterOffsetEnd=892 PartOfSpeech=NN Lemma=kill NamedEntityTag=O]
[Text=list CharacterOffsetBegin=893 CharacterOffsetEnd=897 PartOfSpeech=NN Lemma=list NamedEntityTag=O]
[Text=and CharacterOffsetBegin=898 CharacterOffsetEnd=901 PartOfSpeech=CC Lemma=and NamedEntityTag=O]
[Text=becoming CharacterOffsetBegin=902 CharacterOffsetEnd=910 PartOfSpeech=VBG Lemma=become NamedEntityTag=O]
[Text=a CharacterOffsetBegin=911 CharacterOffsetEnd=912 PartOfSpeech=DT Lemma=a NamedEntityTag=O]
[Text=seriously CharacterOffsetBegin=913 CharacterOffsetEnd=922 PartOfSpeech=RB Lemma=seriously NamedEntityTag=O]
[Text=dangerous CharacterOffsetBegin=923 CharacterOffsetEnd=932 PartOfSpeech=JJ Lemma=dangerous NamedEntityTag=O]
[Text=assassin CharacterOffsetBegin=933 CharacterOffsetEnd=941 PartOfSpeech=NN Lemma=assassin NamedEntityTag=O]
[Text=that CharacterOffsetBegin=942 CharacterOffsetEnd=946 PartOfSpeech=IN Lemma=that NamedEntityTag=O]
[Text=people CharacterOffsetBegin=947 CharacterOffsetEnd=953 PartOfSpeech=NNS Lemma=people NamedEntityTag=O]
[Text=begin CharacterOffsetBegin=954 CharacterOffsetEnd=959 PartOfSpeech=VBP Lemma=begin NamedEntityTag=O]
[Text=to CharacterOffsetBegin=960 CharacterOffsetEnd=962 PartOfSpeech=TO Lemma=to NamedEntityTag=O]
[Text=follow CharacterOffsetBegin=963 CharacterOffsetEnd=969 PartOfSpeech=VB Lemma=follow NamedEntityTag=O]
[Text=. CharacterOffsetBegin=969 CharacterOffsetEnd=970 PartOfSpeech=. Lemma=. NamedEntityTag=O]
(ROOT
  (S
    (SBAR (IN While)
      (S
        (NP (PRP we))
        (VP (MD ca) (RB n't)
          (VP (VB see)
            (S
              (NP (PRP them))
              (VP (VBG turning)
                (NP (NNP Arya))
                (PP (IN into)
                  (NP
                    (NP (DT a) (JJ speechless) (NN zombie))
                    (SBAR
                      (WHNP (WP who))
                      (S
                        (VP (VBZ kills)
                          (NP (NN everyone)))))))))))))
    (, ,)
    (NP (PRP we))
    (VP (MD can)
      (ADVP (IN at) (JJS least))
      (VP (VB imagine)
        (NP (PRP$ her))
        (S
          (VP
            (VP (VBG adding)
              (NP (JJ several) (JJR more) (NNS people))
              (PP (TO to)
                (NP (PRP$ her) (NN kill) (NN list))))
            (CC and)
            (VP (VBG becoming)
              (NP (DT a)
                (ADJP
                  (ADVP (RB seriously))
                  (JJ dangerous))
                (NN assassin)))))
        (SBAR (IN that)
          (S
            (NP (NNS people))
            (VP (VBP begin)
              (S
                (VP (TO to)
                  (VP (VB follow)))))))))
    (. .)))

root(ROOT-0, imagine-21)
mark(see-5, While-1)
nsubj(see-5, we-2)
aux(see-5, ca-3)
neg(see-5, n't-4)
advcl:while(imagine-21, see-5)
nsubj(turning-7, them-6)
dep(see-5, turning-7)
dobj(turning-7, Arya-8)
case(zombie-12, into-9)
det(zombie-12, a-10)
amod(zombie-12, speechless-11)
nmod:into(turning-7, zombie-12)
nsubj(kills-14, zombie-12)
ref(zombie-12, who-13)
acl:relcl(zombie-12, kills-14)
dobj(kills-14, everyone-15)
punct(imagine-21, ,-16)
nsubj(imagine-21, we-17)
aux(imagine-21, can-18)
advmod(imagine-21, at-19)
mwe(at-19, least-20)
dobj(imagine-21, her-22)
dep(imagine-21, adding-23)
amod(people-26, several-24)
amod(people-26, more-25)
dobj(adding-23, people-26)
case(list-30, to-27)
nmod:poss(list-30, her-28)
compound(list-30, kill-29)
nmod:to(adding-23, list-30)
cc(adding-23, and-31)
dep(imagine-21, becoming-32)
conj:and(adding-23, becoming-32)
det(assassin-36, a-33)
advmod(dangerous-35, seriously-34)
amod(assassin-36, dangerous-35)
xcomp(becoming-32, assassin-36)
mark(begin-39, that-37)
nsubj(begin-39, people-38)
nsubj:xsubj(follow-41, people-38)
ccomp(imagine-21, begin-39)
mark(follow-41, to-40)
xcomp(begin-39, follow-41)
punct(imagine-21, .-42)

Coreference set:
	(9,8,[8,9]) -> (1,1,[1,2]), that is: "Arya" -> "Arya"
Coreference set:
	(2,24,[20,25]) -> (1,5,[4,6]), that is: "the rampaging zombie Lady Stoneheart" -> "Lady Stoneheart"
	(6,13,[12,14]) -> (1,5,[4,6]), that is: "Lady Stoneheart" -> "Lady Stoneheart"
Coreference set:
	(6,5,[5,6]) -> (2,8,[7,10]), that is: "fans" -> "book fans '"
	(9,6,[6,7]) -> (2,8,[7,10]), that is: "them" -> "book fans '"
Coreference set:
	(7,3,[3,4]) -> (6,2,[2,4]), that is: "it" -> "season 6"
Coreference set:
	(6,23,[23,24]) -> (6,10,[9,14]), that is: "she" -> "the character of Lady Stoneheart"
	(6,32,[32,33]) -> (6,10,[9,14]), that is: "she" -> "the character of Lady Stoneheart"
	(7,16,[16,17]) -> (6,10,[9,14]), that is: "her" -> "the character of Lady Stoneheart"
Coreference set:
	(8,1,[1,2]) -> (7,19,[16,20]), that is: "She" -> "her little sister Arya"
	(8,3,[3,4]) -> (7,19,[16,20]), that is: "her" -> "her little sister Arya"
	(8,13,[13,14]) -> (7,19,[16,20]), that is: "her" -> "her little sister Arya"
Coreference set:
	(9,17,[17,18]) -> (9,2,[2,3]), that is: "we" -> "we"
Coreference set:
	(9,22,[22,23]) -> (9,12,[10,16]), that is: "her" -> "a speechless zombie who kills everyone"
	(9,28,[28,29]) -> (9,12,[10,16]), that is: "her" -> "a speechless zombie who kills everyone"
Coreference set:
	(9,38,[38,39]) -> (9,26,[24,27]), that is: "people" -> "several more people"
