Sentence #1 (7 tokens):
BRAN IS THE LORD OF LIGHT.
[Text=BRAN CharacterOffsetBegin=0 CharacterOffsetEnd=4 PartOfSpeech=NN Lemma=bran NamedEntityTag=O]
[Text=IS CharacterOffsetBegin=5 CharacterOffsetEnd=7 PartOfSpeech=VBZ Lemma=be NamedEntityTag=O]
[Text=THE CharacterOffsetBegin=8 CharacterOffsetEnd=11 PartOfSpeech=DT Lemma=the NamedEntityTag=O]
[Text=LORD CharacterOffsetBegin=12 CharacterOffsetEnd=16 PartOfSpeech=NN Lemma=lord NamedEntityTag=O]
[Text=OF CharacterOffsetBegin=17 CharacterOffsetEnd=19 PartOfSpeech=IN Lemma=of NamedEntityTag=O]
[Text=LIGHT CharacterOffsetBegin=20 CharacterOffsetEnd=25 PartOfSpeech=NNP Lemma=LIGHT NamedEntityTag=O]
[Text=. CharacterOffsetBegin=25 CharacterOffsetEnd=26 PartOfSpeech=. Lemma=. NamedEntityTag=O]
(ROOT
  (S
    (NP (NN BRAN))
    (VP (VBZ IS)
      (NP
        (NP (DT THE) (NN LORD))
        (PP (IN OF)
          (NP (NNP LIGHT)))))
    (. .)))

root(ROOT-0, LORD-4)
nsubj(LORD-4, BRAN-1)
cop(LORD-4, IS-2)
det(LORD-4, THE-3)
case(LIGHT-6, OF-5)
nmod:of(LORD-4, LIGHT-6)
punct(LORD-4, .-7)

Sentence #2 (21 tokens):
Another Bran theory: that Lord of Light that the Red Women bangs on about is actually the second-youngest Stark.
[Text=Another CharacterOffsetBegin=27 CharacterOffsetEnd=34 PartOfSpeech=DT Lemma=another NamedEntityTag=O]
[Text=Bran CharacterOffsetBegin=35 CharacterOffsetEnd=39 PartOfSpeech=NNP Lemma=Bran NamedEntityTag=O]
[Text=theory CharacterOffsetBegin=40 CharacterOffsetEnd=46 PartOfSpeech=NN Lemma=theory NamedEntityTag=O]
[Text=: CharacterOffsetBegin=46 CharacterOffsetEnd=47 PartOfSpeech=: Lemma=: NamedEntityTag=O]
[Text=that CharacterOffsetBegin=48 CharacterOffsetEnd=52 PartOfSpeech=IN Lemma=that NamedEntityTag=O]
[Text=Lord CharacterOffsetBegin=53 CharacterOffsetEnd=57 PartOfSpeech=NN Lemma=lord NamedEntityTag=O]
[Text=of CharacterOffsetBegin=58 CharacterOffsetEnd=60 PartOfSpeech=IN Lemma=of NamedEntityTag=O]
[Text=Light CharacterOffsetBegin=61 CharacterOffsetEnd=66 PartOfSpeech=NN Lemma=light NamedEntityTag=O]
[Text=that CharacterOffsetBegin=67 CharacterOffsetEnd=71 PartOfSpeech=IN Lemma=that NamedEntityTag=O]
[Text=the CharacterOffsetBegin=72 CharacterOffsetEnd=75 PartOfSpeech=DT Lemma=the NamedEntityTag=O]
[Text=Red CharacterOffsetBegin=76 CharacterOffsetEnd=79 PartOfSpeech=NNP Lemma=Red NamedEntityTag=O]
[Text=Women CharacterOffsetBegin=80 CharacterOffsetEnd=85 PartOfSpeech=NNP Lemma=Women NamedEntityTag=O]
[Text=bangs CharacterOffsetBegin=86 CharacterOffsetEnd=91 PartOfSpeech=VBZ Lemma=bang NamedEntityTag=O]
[Text=on CharacterOffsetBegin=92 CharacterOffsetEnd=94 PartOfSpeech=IN Lemma=on NamedEntityTag=O]
[Text=about CharacterOffsetBegin=95 CharacterOffsetEnd=100 PartOfSpeech=RB Lemma=about NamedEntityTag=O]
[Text=is CharacterOffsetBegin=101 CharacterOffsetEnd=103 PartOfSpeech=VBZ Lemma=be NamedEntityTag=O]
[Text=actually CharacterOffsetBegin=104 CharacterOffsetEnd=112 PartOfSpeech=RB Lemma=actually NamedEntityTag=O]
[Text=the CharacterOffsetBegin=113 CharacterOffsetEnd=116 PartOfSpeech=DT Lemma=the NamedEntityTag=O]
[Text=second-youngest CharacterOffsetBegin=117 CharacterOffsetEnd=132 PartOfSpeech=JJ Lemma=second-youngest NamedEntityTag=O]
[Text=Stark CharacterOffsetBegin=133 CharacterOffsetEnd=138 PartOfSpeech=NNP Lemma=Stark NamedEntityTag=O]
[Text=. CharacterOffsetBegin=138 CharacterOffsetEnd=139 PartOfSpeech=. Lemma=. NamedEntityTag=O]
(ROOT
  (X
    (NP (DT Another) (NNP Bran) (NN theory))
    (: :)
    (FRAG
      (SBAR (IN that)
        (S
          (NP
            (NP (NN Lord))
            (PP (IN of)
              (NP
                (NP (NN Light))
                (SBAR (IN that)
                  (S
                    (NP (DT the) (NNP Red) (NNP Women))
                    (VP (VBZ bangs)
                      (PP (IN on)
                        (ADVP (RB about)))))))))
          (VP (VBZ is)
            (ADVP (RB actually))
            (NP (DT the) (JJ second-youngest) (NNP Stark))))))
    (. .)))

root(ROOT-0, theory-3)
det(theory-3, Another-1)
compound(theory-3, Bran-2)
punct(theory-3, :-4)
mark(Stark-20, that-5)
nsubj(Stark-20, Lord-6)
case(Light-8, of-7)
nmod:of(Lord-6, Light-8)
mark(bangs-13, that-9)
det(Women-12, the-10)
compound(Women-12, Red-11)
nsubj(bangs-13, Women-12)
dep(Light-8, bangs-13)
case(about-15, on-14)
advcl:on(bangs-13, about-15)
cop(Stark-20, is-16)
advmod(Stark-20, actually-17)
det(Stark-20, the-18)
amod(Stark-20, second-youngest-19)
dep(theory-3, Stark-20)
punct(theory-3, .-21)

Sentence #3 (34 tokens):
The idea goes that the voices that whisper to the priests and priestesses are actually Bran warging back in time while trying to build an army of fire-bearers to beat the White Walkers.
[Text=The CharacterOffsetBegin=141 CharacterOffsetEnd=144 PartOfSpeech=DT Lemma=the NamedEntityTag=O]
[Text=idea CharacterOffsetBegin=145 CharacterOffsetEnd=149 PartOfSpeech=NN Lemma=idea NamedEntityTag=O]
[Text=goes CharacterOffsetBegin=150 CharacterOffsetEnd=154 PartOfSpeech=VBZ Lemma=go NamedEntityTag=O]
[Text=that CharacterOffsetBegin=155 CharacterOffsetEnd=159 PartOfSpeech=IN Lemma=that NamedEntityTag=O]
[Text=the CharacterOffsetBegin=160 CharacterOffsetEnd=163 PartOfSpeech=DT Lemma=the NamedEntityTag=O]
[Text=voices CharacterOffsetBegin=164 CharacterOffsetEnd=170 PartOfSpeech=NNS Lemma=voice NamedEntityTag=O]
[Text=that CharacterOffsetBegin=171 CharacterOffsetEnd=175 PartOfSpeech=WDT Lemma=that NamedEntityTag=O]
[Text=whisper CharacterOffsetBegin=176 CharacterOffsetEnd=183 PartOfSpeech=VBP Lemma=whisper NamedEntityTag=O]
[Text=to CharacterOffsetBegin=184 CharacterOffsetEnd=186 PartOfSpeech=TO Lemma=to NamedEntityTag=O]
[Text=the CharacterOffsetBegin=187 CharacterOffsetEnd=190 PartOfSpeech=DT Lemma=the NamedEntityTag=O]
[Text=priests CharacterOffsetBegin=191 CharacterOffsetEnd=198 PartOfSpeech=NNS Lemma=priest NamedEntityTag=O]
[Text=and CharacterOffsetBegin=199 CharacterOffsetEnd=202 PartOfSpeech=CC Lemma=and NamedEntityTag=O]
[Text=priestesses CharacterOffsetBegin=203 CharacterOffsetEnd=214 PartOfSpeech=NNS Lemma=priestess NamedEntityTag=O]
[Text=are CharacterOffsetBegin=215 CharacterOffsetEnd=218 PartOfSpeech=VBP Lemma=be NamedEntityTag=O]
[Text=actually CharacterOffsetBegin=219 CharacterOffsetEnd=227 PartOfSpeech=RB Lemma=actually NamedEntityTag=O]
[Text=Bran CharacterOffsetBegin=228 CharacterOffsetEnd=232 PartOfSpeech=NNP Lemma=Bran NamedEntityTag=MISC]
[Text=warging CharacterOffsetBegin=233 CharacterOffsetEnd=240 PartOfSpeech=VBG Lemma=warge NamedEntityTag=O]
[Text=back CharacterOffsetBegin=241 CharacterOffsetEnd=245 PartOfSpeech=RB Lemma=back NamedEntityTag=O]
[Text=in CharacterOffsetBegin=246 CharacterOffsetEnd=248 PartOfSpeech=IN Lemma=in NamedEntityTag=O]
[Text=time CharacterOffsetBegin=249 CharacterOffsetEnd=253 PartOfSpeech=NN Lemma=time NamedEntityTag=O]
[Text=while CharacterOffsetBegin=254 CharacterOffsetEnd=259 PartOfSpeech=IN Lemma=while NamedEntityTag=O]
[Text=trying CharacterOffsetBegin=260 CharacterOffsetEnd=266 PartOfSpeech=VBG Lemma=try NamedEntityTag=O]
[Text=to CharacterOffsetBegin=267 CharacterOffsetEnd=269 PartOfSpeech=TO Lemma=to NamedEntityTag=O]
[Text=build CharacterOffsetBegin=270 CharacterOffsetEnd=275 PartOfSpeech=VB Lemma=build NamedEntityTag=O]
[Text=an CharacterOffsetBegin=276 CharacterOffsetEnd=278 PartOfSpeech=DT Lemma=a NamedEntityTag=O]
[Text=army CharacterOffsetBegin=279 CharacterOffsetEnd=283 PartOfSpeech=NN Lemma=army NamedEntityTag=O]
[Text=of CharacterOffsetBegin=284 CharacterOffsetEnd=286 PartOfSpeech=IN Lemma=of NamedEntityTag=O]
[Text=fire-bearers CharacterOffsetBegin=287 CharacterOffsetEnd=299 PartOfSpeech=NNS Lemma=fire-bearer NamedEntityTag=O]
[Text=to CharacterOffsetBegin=300 CharacterOffsetEnd=302 PartOfSpeech=TO Lemma=to NamedEntityTag=O]
[Text=beat CharacterOffsetBegin=303 CharacterOffsetEnd=307 PartOfSpeech=VB Lemma=beat NamedEntityTag=O]
[Text=the CharacterOffsetBegin=308 CharacterOffsetEnd=311 PartOfSpeech=DT Lemma=the NamedEntityTag=O]
[Text=White CharacterOffsetBegin=312 CharacterOffsetEnd=317 PartOfSpeech=NNP Lemma=White NamedEntityTag=ORGANIZATION]
[Text=Walkers CharacterOffsetBegin=318 CharacterOffsetEnd=325 PartOfSpeech=NNPS Lemma=Walkers NamedEntityTag=ORGANIZATION]
[Text=. CharacterOffsetBegin=325 CharacterOffsetEnd=326 PartOfSpeech=. Lemma=. NamedEntityTag=O]
(ROOT
  (S
    (NP (DT The) (NN idea))
    (VP (VBZ goes)
      (SBAR (IN that)
        (S
          (NP
            (NP (DT the) (NNS voices))
            (SBAR
              (WHNP (WDT that))
              (S
                (VP (VBP whisper)
                  (PP (TO to)
                    (NP (DT the) (NNS priests)
                      (CC and)
                      (NNS priestesses)))))))
          (VP (VBP are)
            (ADVP (RB actually))
            (NP
              (NP (NNP Bran))
              (VP (VBG warging)
                (ADVP (RB back)
                  (PP (IN in)
                    (NP (NN time))))
                (PP (IN while)
                  (S
                    (VP (VBG trying)
                      (S
                        (VP (TO to)
                          (VP (VB build)
                            (NP
                              (NP (DT an) (NN army))
                              (PP (IN of)
                                (NP (NNS fire-bearers))))
                            (S
                              (VP (TO to)
                                (VP (VB beat)
                                  (NP (DT the) (NNP White) (NNPS Walkers)))))))))))))))))
    (. .)))

root(ROOT-0, goes-3)
det(idea-2, The-1)
nsubj(goes-3, idea-2)
mark(Bran-16, that-4)
det(voices-6, the-5)
nsubj(whisper-8, voices-6)
nsubj(Bran-16, voices-6)
ref(voices-6, that-7)
acl:relcl(voices-6, whisper-8)
case(priests-11, to-9)
det(priests-11, the-10)
nmod:to(whisper-8, priests-11)
cc(priests-11, and-12)
nmod:to(whisper-8, priestesses-13)
conj:and(priests-11, priestesses-13)
cop(Bran-16, are-14)
advmod(Bran-16, actually-15)
ccomp(goes-3, Bran-16)
acl(Bran-16, warging-17)
advmod(warging-17, back-18)
case(time-20, in-19)
nmod:in(back-18, time-20)
mark(trying-22, while-21)
advcl:while(warging-17, trying-22)
mark(build-24, to-23)
xcomp(trying-22, build-24)
det(army-26, an-25)
dobj(build-24, army-26)
case(fire-bearers-28, of-27)
nmod:of(army-26, fire-bearers-28)
mark(beat-30, to-29)
advcl:to(build-24, beat-30)
det(Walkers-33, the-31)
compound(Walkers-33, White-32)
dobj(beat-30, Walkers-33)
punct(goes-3, .-34)

Sentence #4 (10 tokens):
This action eventually gets turned into a full religion.
[Text=This CharacterOffsetBegin=327 CharacterOffsetEnd=331 PartOfSpeech=DT Lemma=this NamedEntityTag=O]
[Text=action CharacterOffsetBegin=332 CharacterOffsetEnd=338 PartOfSpeech=NN Lemma=action NamedEntityTag=O]
[Text=eventually CharacterOffsetBegin=339 CharacterOffsetEnd=349 PartOfSpeech=RB Lemma=eventually NamedEntityTag=O]
[Text=gets CharacterOffsetBegin=350 CharacterOffsetEnd=354 PartOfSpeech=VBZ Lemma=get NamedEntityTag=O]
[Text=turned CharacterOffsetBegin=355 CharacterOffsetEnd=361 PartOfSpeech=VBN Lemma=turn NamedEntityTag=O]
[Text=into CharacterOffsetBegin=362 CharacterOffsetEnd=366 PartOfSpeech=IN Lemma=into NamedEntityTag=O]
[Text=a CharacterOffsetBegin=367 CharacterOffsetEnd=368 PartOfSpeech=DT Lemma=a NamedEntityTag=O]
[Text=full CharacterOffsetBegin=369 CharacterOffsetEnd=373 PartOfSpeech=JJ Lemma=full NamedEntityTag=O]
[Text=religion CharacterOffsetBegin=374 CharacterOffsetEnd=382 PartOfSpeech=NN Lemma=religion NamedEntityTag=O]
[Text=. CharacterOffsetBegin=382 CharacterOffsetEnd=383 PartOfSpeech=. Lemma=. NamedEntityTag=O]
(ROOT
  (S
    (NP (DT This) (NN action))
    (ADVP (RB eventually))
    (VP (VBZ gets)
      (VP (VBN turned)
        (PP (IN into)
          (NP (DT a) (JJ full) (NN religion)))))
    (. .)))

root(ROOT-0, turned-5)
det(action-2, This-1)
nsubjpass(turned-5, action-2)
advmod(turned-5, eventually-3)
auxpass(turned-5, gets-4)
case(religion-9, into-6)
det(religion-9, a-7)
amod(religion-9, full-8)
nmod:into(turned-5, religion-9)
punct(turned-5, .-10)

Sentence #5 (39 tokens):
The Lord of Light is supposedly looking for the "prince that was promised" to defeat the Walkers, and the prime candidate right now is Jon Snow (Melisandre's previous candidate: Stannis Baratheon).
[Text=The CharacterOffsetBegin=385 CharacterOffsetEnd=388 PartOfSpeech=DT Lemma=the NamedEntityTag=O]
[Text=Lord CharacterOffsetBegin=389 CharacterOffsetEnd=393 PartOfSpeech=NN Lemma=lord NamedEntityTag=O]
[Text=of CharacterOffsetBegin=394 CharacterOffsetEnd=396 PartOfSpeech=IN Lemma=of NamedEntityTag=O]
[Text=Light CharacterOffsetBegin=397 CharacterOffsetEnd=402 PartOfSpeech=NN Lemma=light NamedEntityTag=O]
[Text=is CharacterOffsetBegin=403 CharacterOffsetEnd=405 PartOfSpeech=VBZ Lemma=be NamedEntityTag=O]
[Text=supposedly CharacterOffsetBegin=406 CharacterOffsetEnd=416 PartOfSpeech=RB Lemma=supposedly NamedEntityTag=O]
[Text=looking CharacterOffsetBegin=417 CharacterOffsetEnd=424 PartOfSpeech=VBG Lemma=look NamedEntityTag=O]
[Text=for CharacterOffsetBegin=425 CharacterOffsetEnd=428 PartOfSpeech=IN Lemma=for NamedEntityTag=O]
[Text=the CharacterOffsetBegin=429 CharacterOffsetEnd=432 PartOfSpeech=DT Lemma=the NamedEntityTag=O]
[Text=`` CharacterOffsetBegin=433 CharacterOffsetEnd=434 PartOfSpeech=`` Lemma=`` NamedEntityTag=O]
[Text=prince CharacterOffsetBegin=434 CharacterOffsetEnd=440 PartOfSpeech=NN Lemma=prince NamedEntityTag=O]
[Text=that CharacterOffsetBegin=441 CharacterOffsetEnd=445 PartOfSpeech=WDT Lemma=that NamedEntityTag=O]
[Text=was CharacterOffsetBegin=446 CharacterOffsetEnd=449 PartOfSpeech=VBD Lemma=be NamedEntityTag=O]
[Text=promised CharacterOffsetBegin=450 CharacterOffsetEnd=458 PartOfSpeech=VBN Lemma=promise NamedEntityTag=O]
[Text='' CharacterOffsetBegin=458 CharacterOffsetEnd=459 PartOfSpeech='' Lemma='' NamedEntityTag=O]
[Text=to CharacterOffsetBegin=460 CharacterOffsetEnd=462 PartOfSpeech=TO Lemma=to NamedEntityTag=O]
[Text=defeat CharacterOffsetBegin=463 CharacterOffsetEnd=469 PartOfSpeech=VB Lemma=defeat NamedEntityTag=O]
[Text=the CharacterOffsetBegin=470 CharacterOffsetEnd=473 PartOfSpeech=DT Lemma=the NamedEntityTag=O]
[Text=Walkers CharacterOffsetBegin=474 CharacterOffsetEnd=481 PartOfSpeech=NNPS Lemma=Walkers NamedEntityTag=O]
[Text=, CharacterOffsetBegin=481 CharacterOffsetEnd=482 PartOfSpeech=, Lemma=, NamedEntityTag=O]
[Text=and CharacterOffsetBegin=483 CharacterOffsetEnd=486 PartOfSpeech=CC Lemma=and NamedEntityTag=O]
[Text=the CharacterOffsetBegin=487 CharacterOffsetEnd=490 PartOfSpeech=DT Lemma=the NamedEntityTag=O]
[Text=prime CharacterOffsetBegin=491 CharacterOffsetEnd=496 PartOfSpeech=JJ Lemma=prime NamedEntityTag=O]
[Text=candidate CharacterOffsetBegin=497 CharacterOffsetEnd=506 PartOfSpeech=NN Lemma=candidate NamedEntityTag=O]
[Text=right CharacterOffsetBegin=507 CharacterOffsetEnd=512 PartOfSpeech=RB Lemma=right NamedEntityTag=DATE NormalizedNamedEntityTag=PRESENT_REF Timex=<TIMEX3 tid="t1" type="DATE" value="PRESENT_REF">right now</TIMEX3>]
[Text=now CharacterOffsetBegin=513 CharacterOffsetEnd=516 PartOfSpeech=RB Lemma=now NamedEntityTag=DATE NormalizedNamedEntityTag=PRESENT_REF Timex=<TIMEX3 tid="t1" type="DATE" value="PRESENT_REF">right now</TIMEX3>]
[Text=is CharacterOffsetBegin=517 CharacterOffsetEnd=519 PartOfSpeech=VBZ Lemma=be NamedEntityTag=O]
[Text=Jon CharacterOffsetBegin=520 CharacterOffsetEnd=523 PartOfSpeech=NNP Lemma=Jon NamedEntityTag=PERSON]
[Text=Snow CharacterOffsetBegin=524 CharacterOffsetEnd=528 PartOfSpeech=NNP Lemma=Snow NamedEntityTag=PERSON]
[Text=-LRB- CharacterOffsetBegin=529 CharacterOffsetEnd=530 PartOfSpeech=-LRB- Lemma=-lrb- NamedEntityTag=O]
[Text=Melisandre CharacterOffsetBegin=530 CharacterOffsetEnd=540 PartOfSpeech=NNP Lemma=Melisandre NamedEntityTag=PERSON]
[Text='s CharacterOffsetBegin=540 CharacterOffsetEnd=542 PartOfSpeech=POS Lemma='s NamedEntityTag=O]
[Text=previous CharacterOffsetBegin=543 CharacterOffsetEnd=551 PartOfSpeech=JJ Lemma=previous NamedEntityTag=O]
[Text=candidate CharacterOffsetBegin=552 CharacterOffsetEnd=561 PartOfSpeech=NN Lemma=candidate NamedEntityTag=O]
[Text=: CharacterOffsetBegin=561 CharacterOffsetEnd=562 PartOfSpeech=: Lemma=: NamedEntityTag=O]
[Text=Stannis CharacterOffsetBegin=563 CharacterOffsetEnd=570 PartOfSpeech=NNP Lemma=Stannis NamedEntityTag=PERSON]
[Text=Baratheon CharacterOffsetBegin=571 CharacterOffsetEnd=580 PartOfSpeech=NNP Lemma=Baratheon NamedEntityTag=PERSON]
[Text=-RRB- CharacterOffsetBegin=580 CharacterOffsetEnd=581 PartOfSpeech=-RRB- Lemma=-rrb- NamedEntityTag=O]
[Text=. CharacterOffsetBegin=581 CharacterOffsetEnd=582 PartOfSpeech=. Lemma=. NamedEntityTag=O]
(ROOT
  (S
    (S
      (NP
        (NP (DT The) (NN Lord))
        (PP (IN of)
          (NP (NN Light))))
      (VP (VBZ is)
        (ADVP (RB supposedly))
        (VP (VBG looking)
          (PP (IN for)
            (NP
              (NP (DT the) (`` ``) (NN prince))
              (SBAR
                (WHNP (WDT that))
                (S
                  (VP (VBD was)
                    (VP (VBN promised) ('' '')
                      (S
                        (VP (TO to)
                          (VP (VB defeat)
                            (NP (DT the) (NNPS Walkers))))))))))))))
    (, ,)
    (CC and)
    (S
      (NP (DT the) (JJ prime) (NN candidate))
      (ADVP (RB right) (RB now))
      (VP (VBZ is)
        (NP
          (NP (NNP Jon) (NNP Snow))
          (PRN (-LRB- -LRB-)
            (NP
              (NP
                (NP (NNP Melisandre) (POS 's))
                (NP
                  (NP (JJ previous) (NN candidate))
                  (: :)
                  (NP (NNP Stannis))))
              (NP (NNP Baratheon)))
            (-RRB- -RRB-)))))
    (. .)))

root(ROOT-0, looking-7)
det(Lord-2, The-1)
nsubj(looking-7, Lord-2)
case(Light-4, of-3)
nmod:of(Lord-2, Light-4)
aux(looking-7, is-5)
advmod(looking-7, supposedly-6)
case(prince-11, for-8)
det(prince-11, the-9)
punct(prince-11, ``-10)
nmod:for(looking-7, prince-11)
nsubjpass(promised-14, prince-11)
nsubj:xsubj(defeat-17, prince-11)
ref(prince-11, that-12)
auxpass(promised-14, was-13)
acl:relcl(prince-11, promised-14)
punct(promised-14, ''-15)
mark(defeat-17, to-16)
xcomp(promised-14, defeat-17)
det(Walkers-19, the-18)
dobj(defeat-17, Walkers-19)
punct(looking-7, ,-20)
cc(looking-7, and-21)
det(candidate-24, the-22)
amod(candidate-24, prime-23)
nsubj(Snow-29, candidate-24)
advmod(now-26, right-25)
advmod(Snow-29, now-26)
cop(Snow-29, is-27)
compound(Snow-29, Jon-28)
conj:and(looking-7, Snow-29)
punct(Melisandre-31, -LRB--30)
dep(Snow-29, Melisandre-31)
case(Melisandre-31, 's-32)
amod(candidate-34, previous-33)
dep(Melisandre-31, candidate-34)
punct(candidate-34, :-35)
dep(candidate-34, Stannis-36)
appos(Melisandre-31, Baratheon-37)
punct(Melisandre-31, -RRB--38)
punct(looking-7, .-39)

Sentence #6 (24 tokens):
It makes sense that if Bran was doing all the promising that he has picked his step-brother as the "chosen one".
[Text=It CharacterOffsetBegin=583 CharacterOffsetEnd=585 PartOfSpeech=PRP Lemma=it NamedEntityTag=O]
[Text=makes CharacterOffsetBegin=586 CharacterOffsetEnd=591 PartOfSpeech=VBZ Lemma=make NamedEntityTag=O]
[Text=sense CharacterOffsetBegin=592 CharacterOffsetEnd=597 PartOfSpeech=NN Lemma=sense NamedEntityTag=O]
[Text=that CharacterOffsetBegin=598 CharacterOffsetEnd=602 PartOfSpeech=IN Lemma=that NamedEntityTag=O]
[Text=if CharacterOffsetBegin=603 CharacterOffsetEnd=605 PartOfSpeech=IN Lemma=if NamedEntityTag=O]
[Text=Bran CharacterOffsetBegin=606 CharacterOffsetEnd=610 PartOfSpeech=NNP Lemma=Bran NamedEntityTag=O]
[Text=was CharacterOffsetBegin=611 CharacterOffsetEnd=614 PartOfSpeech=VBD Lemma=be NamedEntityTag=O]
[Text=doing CharacterOffsetBegin=615 CharacterOffsetEnd=620 PartOfSpeech=VBG Lemma=do NamedEntityTag=O]
[Text=all CharacterOffsetBegin=621 CharacterOffsetEnd=624 PartOfSpeech=PDT Lemma=all NamedEntityTag=O]
[Text=the CharacterOffsetBegin=625 CharacterOffsetEnd=628 PartOfSpeech=DT Lemma=the NamedEntityTag=O]
[Text=promising CharacterOffsetBegin=629 CharacterOffsetEnd=638 PartOfSpeech=JJ Lemma=promising NamedEntityTag=O]
[Text=that CharacterOffsetBegin=639 CharacterOffsetEnd=643 PartOfSpeech=IN Lemma=that NamedEntityTag=O]
[Text=he CharacterOffsetBegin=644 CharacterOffsetEnd=646 PartOfSpeech=PRP Lemma=he NamedEntityTag=O]
[Text=has CharacterOffsetBegin=647 CharacterOffsetEnd=650 PartOfSpeech=VBZ Lemma=have NamedEntityTag=O]
[Text=picked CharacterOffsetBegin=651 CharacterOffsetEnd=657 PartOfSpeech=VBN Lemma=pick NamedEntityTag=O]
[Text=his CharacterOffsetBegin=658 CharacterOffsetEnd=661 PartOfSpeech=PRP$ Lemma=he NamedEntityTag=O]
[Text=step-brother CharacterOffsetBegin=662 CharacterOffsetEnd=674 PartOfSpeech=NN Lemma=step-brother NamedEntityTag=O]
[Text=as CharacterOffsetBegin=675 CharacterOffsetEnd=677 PartOfSpeech=IN Lemma=as NamedEntityTag=O]
[Text=the CharacterOffsetBegin=678 CharacterOffsetEnd=681 PartOfSpeech=DT Lemma=the NamedEntityTag=O]
[Text=`` CharacterOffsetBegin=682 CharacterOffsetEnd=683 PartOfSpeech=`` Lemma=`` NamedEntityTag=O]
[Text=chosen CharacterOffsetBegin=683 CharacterOffsetEnd=689 PartOfSpeech=VBN Lemma=choose NamedEntityTag=O]
[Text=one CharacterOffsetBegin=690 CharacterOffsetEnd=693 PartOfSpeech=CD Lemma=one NamedEntityTag=NUMBER NormalizedNamedEntityTag=1.0]
[Text='' CharacterOffsetBegin=693 CharacterOffsetEnd=694 PartOfSpeech='' Lemma='' NamedEntityTag=O]
[Text=. CharacterOffsetBegin=694 CharacterOffsetEnd=695 PartOfSpeech=. Lemma=. NamedEntityTag=O]
(ROOT
  (S
    (NP (PRP It))
    (VP (VBZ makes)
      (NP (NN sense))
      (SBAR (IN that) (IN if)
        (S
          (NP (NNP Bran))
          (VP (VBD was)
            (VP (VBG doing)
              (S
                (NP (PDT all) (DT the))
                (VP (JJ promising)))
              (SBAR (IN that)
                (S
                  (NP (PRP he))
                  (VP (VBZ has)
                    (VP (VBN picked)
                      (NP (PRP$ his) (NN step-brother))
                      (PP (IN as)
                        (NP
                          (NP (DT the))
                          (`` ``)
                          (VP (VBN chosen)
                            (NP (CD one))))))))))))
        ('' '')))
    (. .)))

root(ROOT-0, makes-2)
nsubj(makes-2, It-1)
dobj(makes-2, sense-3)
mark(doing-8, that-4)
mark(doing-8, if-5)
nsubj(doing-8, Bran-6)
aux(doing-8, was-7)
advcl:if(makes-2, doing-8)
det:predet(the-10, all-9)
nsubj(promising-11, the-10)
ccomp(doing-8, promising-11)
mark(picked-15, that-12)
nsubj(picked-15, he-13)
aux(picked-15, has-14)
ccomp(doing-8, picked-15)
nmod:poss(step-brother-17, his-16)
dobj(picked-15, step-brother-17)
case(the-19, as-18)
nmod:as(picked-15, the-19)
punct(the-19, ``-20)
acl(the-19, chosen-21)
dobj(chosen-21, one-22)
punct(doing-8, ''-23)
punct(makes-2, .-24)

Coreference set:
	(5,2,[1,5]) -> (1,4,[3,7]), that is: "The Lord of Light" -> "THE LORD OF LIGHT"
	(6,13,[13,14]) -> (1,4,[3,7]), that is: "he" -> "THE LORD OF LIGHT"
	(6,16,[16,17]) -> (1,4,[3,7]), that is: "his" -> "THE LORD OF LIGHT"
Coreference set:
	(6,6,[6,7]) -> (3,16,[16,34]), that is: "Bran" -> "Bran warging back in time while trying to build an army of fire-bearers to beat the White Walkers"
Coreference set:
	(5,19,[18,20]) -> (3,33,[31,34]), that is: "the Walkers" -> "the White Walkers"
Coreference set:
	(6,1,[1,2]) -> (4,2,[1,3]), that is: "It" -> "This action"
Coreference set:
	(5,24,[22,25]) -> (5,29,[28,39]), that is: "the prime candidate" -> "Jon Snow -LRB- Melisandre 's previous candidate : Stannis Baratheon -RRB-"
