Sentence #1 (4 tokens):
Stark Season Approaching.
[Text=Stark CharacterOffsetBegin=0 CharacterOffsetEnd=5 PartOfSpeech=NNP Lemma=Stark NamedEntityTag=O]
[Text=Season CharacterOffsetBegin=6 CharacterOffsetEnd=12 PartOfSpeech=NN Lemma=season NamedEntityTag=O]
[Text=Approaching CharacterOffsetBegin=13 CharacterOffsetEnd=24 PartOfSpeech=NN Lemma=approaching NamedEntityTag=O]
[Text=. CharacterOffsetBegin=24 CharacterOffsetEnd=25 PartOfSpeech=. Lemma=. NamedEntityTag=O]
(ROOT
  (NP
    (NP (NNP Stark))
    (NP (NN Season) (NN Approaching))
    (. .)))

root(ROOT-0, Stark-1)
compound(Approaching-3, Season-2)
dep(Stark-1, Approaching-3)
punct(Stark-1, .-4)

Sentence #2 (20 tokens):
A fan explains that Robert Baratheon may have cursed the Starks in the first episode of the first season.
[Text=A CharacterOffsetBegin=27 CharacterOffsetEnd=28 PartOfSpeech=DT Lemma=a NamedEntityTag=O]
[Text=fan CharacterOffsetBegin=29 CharacterOffsetEnd=32 PartOfSpeech=NN Lemma=fan NamedEntityTag=O]
[Text=explains CharacterOffsetBegin=33 CharacterOffsetEnd=41 PartOfSpeech=VBZ Lemma=explain NamedEntityTag=O]
[Text=that CharacterOffsetBegin=42 CharacterOffsetEnd=46 PartOfSpeech=IN Lemma=that NamedEntityTag=O]
[Text=Robert CharacterOffsetBegin=47 CharacterOffsetEnd=53 PartOfSpeech=NNP Lemma=Robert NamedEntityTag=PERSON]
[Text=Baratheon CharacterOffsetBegin=54 CharacterOffsetEnd=63 PartOfSpeech=NNP Lemma=Baratheon NamedEntityTag=PERSON]
[Text=may CharacterOffsetBegin=64 CharacterOffsetEnd=67 PartOfSpeech=MD Lemma=may NamedEntityTag=O]
[Text=have CharacterOffsetBegin=68 CharacterOffsetEnd=72 PartOfSpeech=VB Lemma=have NamedEntityTag=O]
[Text=cursed CharacterOffsetBegin=73 CharacterOffsetEnd=79 PartOfSpeech=VBN Lemma=curse NamedEntityTag=O]
[Text=the CharacterOffsetBegin=80 CharacterOffsetEnd=83 PartOfSpeech=DT Lemma=the NamedEntityTag=O]
[Text=Starks CharacterOffsetBegin=84 CharacterOffsetEnd=90 PartOfSpeech=NNP Lemma=Starks NamedEntityTag=O]
[Text=in CharacterOffsetBegin=91 CharacterOffsetEnd=93 PartOfSpeech=IN Lemma=in NamedEntityTag=O]
[Text=the CharacterOffsetBegin=94 CharacterOffsetEnd=97 PartOfSpeech=DT Lemma=the NamedEntityTag=O]
[Text=first CharacterOffsetBegin=98 CharacterOffsetEnd=103 PartOfSpeech=JJ Lemma=first NamedEntityTag=ORDINAL NormalizedNamedEntityTag=1.0]
[Text=episode CharacterOffsetBegin=104 CharacterOffsetEnd=111 PartOfSpeech=NN Lemma=episode NamedEntityTag=O]
[Text=of CharacterOffsetBegin=112 CharacterOffsetEnd=114 PartOfSpeech=IN Lemma=of NamedEntityTag=O]
[Text=the CharacterOffsetBegin=115 CharacterOffsetEnd=118 PartOfSpeech=DT Lemma=the NamedEntityTag=O]
[Text=first CharacterOffsetBegin=119 CharacterOffsetEnd=124 PartOfSpeech=JJ Lemma=first NamedEntityTag=ORDINAL NormalizedNamedEntityTag=1.0]
[Text=season CharacterOffsetBegin=125 CharacterOffsetEnd=131 PartOfSpeech=NN Lemma=season NamedEntityTag=O]
[Text=. CharacterOffsetBegin=131 CharacterOffsetEnd=132 PartOfSpeech=. Lemma=. NamedEntityTag=O]
(ROOT
  (S
    (NP (DT A) (NN fan))
    (VP (VBZ explains)
      (SBAR (IN that)
        (S
          (NP (NNP Robert) (NNP Baratheon))
          (VP (MD may)
            (VP (VB have)
              (VP (VBN cursed)
                (NP
                  (NP (DT the) (NNP Starks))
                  (PP (IN in)
                    (NP
                      (NP (DT the) (JJ first) (NN episode))
                      (PP (IN of)
                        (NP (DT the) (JJ first) (NN season))))))))))))
    (. .)))

root(ROOT-0, explains-3)
det(fan-2, A-1)
nsubj(explains-3, fan-2)
mark(cursed-9, that-4)
compound(Baratheon-6, Robert-5)
nsubj(cursed-9, Baratheon-6)
aux(cursed-9, may-7)
aux(cursed-9, have-8)
ccomp(explains-3, cursed-9)
det(Starks-11, the-10)
dobj(cursed-9, Starks-11)
case(episode-15, in-12)
det(episode-15, the-13)
amod(episode-15, first-14)
nmod:in(Starks-11, episode-15)
case(season-19, of-16)
det(season-19, the-17)
amod(season-19, first-18)
nmod:of(episode-15, season-19)
punct(explains-3, .-20)

Sentence #3 (20 tokens):
All the Starks he touched — Ned, Catelyn, Robb, and Rickon — have died horrible deaths.
[Text=All CharacterOffsetBegin=133 CharacterOffsetEnd=136 PartOfSpeech=PDT Lemma=all NamedEntityTag=O]
[Text=the CharacterOffsetBegin=137 CharacterOffsetEnd=140 PartOfSpeech=DT Lemma=the NamedEntityTag=O]
[Text=Starks CharacterOffsetBegin=141 CharacterOffsetEnd=147 PartOfSpeech=NNPS Lemma=Starks NamedEntityTag=O]
[Text=he CharacterOffsetBegin=148 CharacterOffsetEnd=150 PartOfSpeech=PRP Lemma=he NamedEntityTag=O]
[Text=touched CharacterOffsetBegin=151 CharacterOffsetEnd=158 PartOfSpeech=VBD Lemma=touch NamedEntityTag=O]
[Text=-- CharacterOffsetBegin=159 CharacterOffsetEnd=160 PartOfSpeech=: Lemma=-- NamedEntityTag=O]
[Text=Ned CharacterOffsetBegin=161 CharacterOffsetEnd=164 PartOfSpeech=NNP Lemma=Ned NamedEntityTag=PERSON]
[Text=, CharacterOffsetBegin=164 CharacterOffsetEnd=165 PartOfSpeech=, Lemma=, NamedEntityTag=O]
[Text=Catelyn CharacterOffsetBegin=166 CharacterOffsetEnd=173 PartOfSpeech=NNP Lemma=Catelyn NamedEntityTag=PERSON]
[Text=, CharacterOffsetBegin=173 CharacterOffsetEnd=174 PartOfSpeech=, Lemma=, NamedEntityTag=O]
[Text=Robb CharacterOffsetBegin=175 CharacterOffsetEnd=179 PartOfSpeech=NNP Lemma=Robb NamedEntityTag=PERSON]
[Text=, CharacterOffsetBegin=179 CharacterOffsetEnd=180 PartOfSpeech=, Lemma=, NamedEntityTag=O]
[Text=and CharacterOffsetBegin=181 CharacterOffsetEnd=184 PartOfSpeech=CC Lemma=and NamedEntityTag=O]
[Text=Rickon CharacterOffsetBegin=185 CharacterOffsetEnd=191 PartOfSpeech=NNP Lemma=Rickon NamedEntityTag=PERSON]
[Text=-- CharacterOffsetBegin=192 CharacterOffsetEnd=193 PartOfSpeech=: Lemma=-- NamedEntityTag=O]
[Text=have CharacterOffsetBegin=194 CharacterOffsetEnd=198 PartOfSpeech=VBP Lemma=have NamedEntityTag=O]
[Text=died CharacterOffsetBegin=199 CharacterOffsetEnd=203 PartOfSpeech=VBN Lemma=die NamedEntityTag=O]
[Text=horrible CharacterOffsetBegin=204 CharacterOffsetEnd=212 PartOfSpeech=JJ Lemma=horrible NamedEntityTag=O]
[Text=deaths CharacterOffsetBegin=213 CharacterOffsetEnd=219 PartOfSpeech=NNS Lemma=death NamedEntityTag=O]
[Text=. CharacterOffsetBegin=219 CharacterOffsetEnd=220 PartOfSpeech=. Lemma=. NamedEntityTag=O]
(ROOT
  (S
    (NP
      (NP
        (NP
          (NP (PDT All) (DT the))
          (NNPS Starks))
        (SBAR
          (S
            (NP (PRP he))
            (VP (VBD touched)))))
      (PRN (: --)
        (NP
          (NP (NNP Ned))
          (, ,)
          (NP (NNP Catelyn))
          (, ,)
          (NP (NNP Robb))
          (, ,)
          (CC and)
          (NP (NNP Rickon)))
        (: --)))
    (VP (VBP have)
      (VP (VBN died)
        (NP (JJ horrible) (NNS deaths))))
    (. .)))

root(ROOT-0, died-17)
det:predet(the-2, All-1)
compound(Starks-3, the-2)
nsubj(died-17, Starks-3)
nsubj(touched-5, he-4)
acl:relcl(Starks-3, touched-5)
punct(Ned-7, ---6)
dep(Starks-3, Ned-7)
punct(Ned-7, ,-8)
dep(Starks-3, Catelyn-9)
conj:and(Ned-7, Catelyn-9)
punct(Ned-7, ,-10)
dep(Starks-3, Robb-11)
conj:and(Ned-7, Robb-11)
punct(Ned-7, ,-12)
cc(Ned-7, and-13)
dep(Starks-3, Rickon-14)
conj:and(Ned-7, Rickon-14)
punct(Ned-7, ---15)
aux(died-17, have-16)
amod(deaths-19, horrible-18)
dobj(died-17, deaths-19)
punct(died-17, .-20)

Sentence #4 (15 tokens):
But that's over now, and House Stark is back on the warpath.
[Text=But CharacterOffsetBegin=221 CharacterOffsetEnd=224 PartOfSpeech=CC Lemma=but NamedEntityTag=O]
[Text=that CharacterOffsetBegin=225 CharacterOffsetEnd=229 PartOfSpeech=DT Lemma=that NamedEntityTag=O]
[Text='s CharacterOffsetBegin=229 CharacterOffsetEnd=231 PartOfSpeech=VBZ Lemma=be NamedEntityTag=O]
[Text=over CharacterOffsetBegin=232 CharacterOffsetEnd=236 PartOfSpeech=RB Lemma=over NamedEntityTag=O]
[Text=now CharacterOffsetBegin=237 CharacterOffsetEnd=240 PartOfSpeech=RB Lemma=now NamedEntityTag=DATE NormalizedNamedEntityTag=PRESENT_REF Timex=<TIMEX3 tid="t1" type="DATE" value="PRESENT_REF">now</TIMEX3>]
[Text=, CharacterOffsetBegin=240 CharacterOffsetEnd=241 PartOfSpeech=, Lemma=, NamedEntityTag=O]
[Text=and CharacterOffsetBegin=242 CharacterOffsetEnd=245 PartOfSpeech=CC Lemma=and NamedEntityTag=O]
[Text=House CharacterOffsetBegin=246 CharacterOffsetEnd=251 PartOfSpeech=NNP Lemma=House NamedEntityTag=ORGANIZATION]
[Text=Stark CharacterOffsetBegin=252 CharacterOffsetEnd=257 PartOfSpeech=NNP Lemma=Stark NamedEntityTag=O]
[Text=is CharacterOffsetBegin=258 CharacterOffsetEnd=260 PartOfSpeech=VBZ Lemma=be NamedEntityTag=O]
[Text=back CharacterOffsetBegin=261 CharacterOffsetEnd=265 PartOfSpeech=RB Lemma=back NamedEntityTag=O]
[Text=on CharacterOffsetBegin=266 CharacterOffsetEnd=268 PartOfSpeech=IN Lemma=on NamedEntityTag=O]
[Text=the CharacterOffsetBegin=269 CharacterOffsetEnd=272 PartOfSpeech=DT Lemma=the NamedEntityTag=O]
[Text=warpath CharacterOffsetBegin=273 CharacterOffsetEnd=280 PartOfSpeech=NN Lemma=warpath NamedEntityTag=O]
[Text=. CharacterOffsetBegin=280 CharacterOffsetEnd=281 PartOfSpeech=. Lemma=. NamedEntityTag=O]
(ROOT
  (S (CC But)
    (S
      (NP (DT that))
      (VP (VBZ 's)
        (ADVP (RB over))
        (ADVP (RB now))))
    (, ,)
    (CC and)
    (S
      (NP (NNP House) (NNP Stark))
      (VP (VBZ is)
        (ADVP (RB back))
        (PP (IN on)
          (NP (DT the) (NN warpath)))))
    (. .)))

root(ROOT-0, 's-3)
cc('s-3, But-1)
nsubj('s-3, that-2)
advmod('s-3, over-4)
advmod('s-3, now-5)
punct('s-3, ,-6)
cc('s-3, and-7)
compound(Stark-9, House-8)
nsubj(warpath-14, Stark-9)
cop(warpath-14, is-10)
advmod(warpath-14, back-11)
case(warpath-14, on-12)
det(warpath-14, the-13)
conj:and('s-3, warpath-14)
punct('s-3, .-15)

Sentence #5 (18 tokens):
Also worth noting is that he asks Arya her name, which could explain her subsequent troubles.
[Text=Also CharacterOffsetBegin=282 CharacterOffsetEnd=286 PartOfSpeech=RB Lemma=also NamedEntityTag=O]
[Text=worth CharacterOffsetBegin=287 CharacterOffsetEnd=292 PartOfSpeech=JJ Lemma=worth NamedEntityTag=O]
[Text=noting CharacterOffsetBegin=293 CharacterOffsetEnd=299 PartOfSpeech=VBG Lemma=note NamedEntityTag=O]
[Text=is CharacterOffsetBegin=300 CharacterOffsetEnd=302 PartOfSpeech=VBZ Lemma=be NamedEntityTag=O]
[Text=that CharacterOffsetBegin=303 CharacterOffsetEnd=307 PartOfSpeech=IN Lemma=that NamedEntityTag=O]
[Text=he CharacterOffsetBegin=308 CharacterOffsetEnd=310 PartOfSpeech=PRP Lemma=he NamedEntityTag=O]
[Text=asks CharacterOffsetBegin=311 CharacterOffsetEnd=315 PartOfSpeech=VBZ Lemma=ask NamedEntityTag=O]
[Text=Arya CharacterOffsetBegin=316 CharacterOffsetEnd=320 PartOfSpeech=NNP Lemma=Arya NamedEntityTag=PERSON]
[Text=her CharacterOffsetBegin=321 CharacterOffsetEnd=324 PartOfSpeech=PRP$ Lemma=she NamedEntityTag=O]
[Text=name CharacterOffsetBegin=325 CharacterOffsetEnd=329 PartOfSpeech=NN Lemma=name NamedEntityTag=O]
[Text=, CharacterOffsetBegin=329 CharacterOffsetEnd=330 PartOfSpeech=, Lemma=, NamedEntityTag=O]
[Text=which CharacterOffsetBegin=331 CharacterOffsetEnd=336 PartOfSpeech=WDT Lemma=which NamedEntityTag=O]
[Text=could CharacterOffsetBegin=337 CharacterOffsetEnd=342 PartOfSpeech=MD Lemma=could NamedEntityTag=O]
[Text=explain CharacterOffsetBegin=343 CharacterOffsetEnd=350 PartOfSpeech=VB Lemma=explain NamedEntityTag=O]
[Text=her CharacterOffsetBegin=351 CharacterOffsetEnd=354 PartOfSpeech=PRP$ Lemma=she NamedEntityTag=O]
[Text=subsequent CharacterOffsetBegin=355 CharacterOffsetEnd=365 PartOfSpeech=JJ Lemma=subsequent NamedEntityTag=O]
[Text=troubles CharacterOffsetBegin=366 CharacterOffsetEnd=374 PartOfSpeech=NNS Lemma=trouble NamedEntityTag=O]
[Text=. CharacterOffsetBegin=374 CharacterOffsetEnd=375 PartOfSpeech=. Lemma=. NamedEntityTag=O]
(ROOT
  (S
    (NP
      (NP
        (ADVP (RB Also)))
      (PP (JJ worth)
        (S
          (VP (VBG noting)))))
    (VP (VBZ is)
      (SBAR (IN that)
        (S
          (NP (PRP he))
          (VP (VBZ asks)
            (NP (NNP Arya))
            (NP-TMP
              (NP (PRP$ her) (NN name))
              (, ,)
              (SBAR
                (WHNP (WDT which))
                (S
                  (VP (MD could)
                    (VP (VB explain)
                      (NP (PRP$ her) (JJ subsequent) (NNS troubles)))))))))))
    (. .)))

root(ROOT-0, is-4)
nsubj(is-4, Also-1)
mark(noting-3, worth-2)
acl:worth(Also-1, noting-3)
mark(asks-7, that-5)
nsubj(asks-7, he-6)
ccomp(is-4, asks-7)
dobj(asks-7, Arya-8)
nmod:poss(name-10, her-9)
nmod:tmod(asks-7, name-10)
nsubj(explain-14, name-10)
punct(name-10, ,-11)
ref(name-10, which-12)
aux(explain-14, could-13)
acl:relcl(name-10, explain-14)
nmod:poss(troubles-17, her-15)
amod(troubles-17, subsequent-16)
dobj(explain-14, troubles-17)
punct(is-4, .-18)

Coreference set:
	(2,18,[18,19]) -> (2,14,[14,15]), that is: "first" -> "first"
Coreference set:
	(3,4,[4,5]) -> (2,2,[1,3]), that is: "he" -> "A fan"
Coreference set:
	(5,9,[9,10]) -> (3,9,[9,10]), that is: "her" -> "Catelyn"
	(5,15,[15,16]) -> (3,9,[9,10]), that is: "her" -> "Catelyn"
Coreference set:
	(4,2,[2,3]) -> (3,7,[7,15]), that is: "that" -> "Ned , Catelyn , Robb , and Rickon"
Coreference set:
	(5,6,[6,7]) -> (5,1,[1,4]), that is: "he" -> "Also worth noting"
