Sentence #1 (9 tokens):
Jon Snow is (Presumably) a Targaryen.
[Text=Jon CharacterOffsetBegin=0 CharacterOffsetEnd=3 PartOfSpeech=NNP Lemma=Jon NamedEntityTag=PERSON]
[Text=Snow CharacterOffsetBegin=4 CharacterOffsetEnd=8 PartOfSpeech=NNP Lemma=Snow NamedEntityTag=PERSON]
[Text=is CharacterOffsetBegin=9 CharacterOffsetEnd=11 PartOfSpeech=VBZ Lemma=be NamedEntityTag=O]
[Text=-LRB- CharacterOffsetBegin=12 CharacterOffsetEnd=13 PartOfSpeech=-LRB- Lemma=-lrb- NamedEntityTag=O]
[Text=Presumably CharacterOffsetBegin=13 CharacterOffsetEnd=23 PartOfSpeech=RB Lemma=presumably NamedEntityTag=O]
[Text=-RRB- CharacterOffsetBegin=23 CharacterOffsetEnd=24 PartOfSpeech=-RRB- Lemma=-rrb- NamedEntityTag=O]
[Text=a CharacterOffsetBegin=25 CharacterOffsetEnd=26 PartOfSpeech=DT Lemma=a NamedEntityTag=O]
[Text=Targaryen CharacterOffsetBegin=27 CharacterOffsetEnd=36 PartOfSpeech=NNP Lemma=Targaryen NamedEntityTag=MISC]
[Text=. CharacterOffsetBegin=36 CharacterOffsetEnd=37 PartOfSpeech=. Lemma=. NamedEntityTag=O]
(ROOT
  (S
    (NP (NNP Jon) (NNP Snow))
    (VP (VBZ is)
      (PRN (-LRB- -LRB-)
        (ADVP (RB Presumably))
        (-RRB- -RRB-))
      (NP (DT a) (NNP Targaryen)))
    (. .)))

root(ROOT-0, Targaryen-8)
compound(Snow-2, Jon-1)
nsubj(Targaryen-8, Snow-2)
cop(Targaryen-8, is-3)
punct(Presumably-5, -LRB--4)
dep(Targaryen-8, Presumably-5)
punct(Presumably-5, -RRB--6)
det(Targaryen-8, a-7)
punct(Targaryen-8, .-9)

Sentence #2 (44 tokens):
The popular Game of Thrones theory R+L=J theory proposes that Jon Snow is the child of Lyanna Stark, Ned's deceased sister, and Rhaegar Targaryen, Daenerys's older brother and the eldest son of Mad King Aerys II.
[Text=The CharacterOffsetBegin=39 CharacterOffsetEnd=42 PartOfSpeech=DT Lemma=the NamedEntityTag=O]
[Text=popular CharacterOffsetBegin=43 CharacterOffsetEnd=50 PartOfSpeech=JJ Lemma=popular NamedEntityTag=O]
[Text=Game CharacterOffsetBegin=51 CharacterOffsetEnd=55 PartOfSpeech=NN Lemma=game NamedEntityTag=O]
[Text=of CharacterOffsetBegin=56 CharacterOffsetEnd=58 PartOfSpeech=IN Lemma=of NamedEntityTag=O]
[Text=Thrones CharacterOffsetBegin=59 CharacterOffsetEnd=66 PartOfSpeech=NNPS Lemma=Thrones NamedEntityTag=O]
[Text=theory CharacterOffsetBegin=67 CharacterOffsetEnd=73 PartOfSpeech=NN Lemma=theory NamedEntityTag=O]
[Text=R+L CharacterOffsetBegin=74 CharacterOffsetEnd=77 PartOfSpeech=NN Lemma=r+l NamedEntityTag=O]
[Text== CharacterOffsetBegin=77 CharacterOffsetEnd=78 PartOfSpeech=JJ Lemma== NamedEntityTag=O]
[Text=J CharacterOffsetBegin=78 CharacterOffsetEnd=79 PartOfSpeech=NN Lemma=j NamedEntityTag=O]
[Text=theory CharacterOffsetBegin=80 CharacterOffsetEnd=86 PartOfSpeech=NN Lemma=theory NamedEntityTag=O]
[Text=proposes CharacterOffsetBegin=87 CharacterOffsetEnd=95 PartOfSpeech=VBZ Lemma=propose NamedEntityTag=O]
[Text=that CharacterOffsetBegin=96 CharacterOffsetEnd=100 PartOfSpeech=IN Lemma=that NamedEntityTag=O]
[Text=Jon CharacterOffsetBegin=101 CharacterOffsetEnd=104 PartOfSpeech=NNP Lemma=Jon NamedEntityTag=PERSON]
[Text=Snow CharacterOffsetBegin=105 CharacterOffsetEnd=109 PartOfSpeech=NNP Lemma=Snow NamedEntityTag=PERSON]
[Text=is CharacterOffsetBegin=110 CharacterOffsetEnd=112 PartOfSpeech=VBZ Lemma=be NamedEntityTag=O]
[Text=the CharacterOffsetBegin=113 CharacterOffsetEnd=116 PartOfSpeech=DT Lemma=the NamedEntityTag=O]
[Text=child CharacterOffsetBegin=117 CharacterOffsetEnd=122 PartOfSpeech=NN Lemma=child NamedEntityTag=O]
[Text=of CharacterOffsetBegin=123 CharacterOffsetEnd=125 PartOfSpeech=IN Lemma=of NamedEntityTag=O]
[Text=Lyanna CharacterOffsetBegin=126 CharacterOffsetEnd=132 PartOfSpeech=NNP Lemma=Lyanna NamedEntityTag=PERSON]
[Text=Stark CharacterOffsetBegin=133 CharacterOffsetEnd=138 PartOfSpeech=NNP Lemma=Stark NamedEntityTag=PERSON]
[Text=, CharacterOffsetBegin=138 CharacterOffsetEnd=139 PartOfSpeech=, Lemma=, NamedEntityTag=O]
[Text=Ned CharacterOffsetBegin=140 CharacterOffsetEnd=143 PartOfSpeech=NNP Lemma=Ned NamedEntityTag=PERSON]
[Text='s CharacterOffsetBegin=143 CharacterOffsetEnd=145 PartOfSpeech=POS Lemma='s NamedEntityTag=O]
[Text=deceased CharacterOffsetBegin=146 CharacterOffsetEnd=154 PartOfSpeech=JJ Lemma=deceased NamedEntityTag=O]
[Text=sister CharacterOffsetBegin=155 CharacterOffsetEnd=161 PartOfSpeech=NN Lemma=sister NamedEntityTag=O]
[Text=, CharacterOffsetBegin=161 CharacterOffsetEnd=162 PartOfSpeech=, Lemma=, NamedEntityTag=O]
[Text=and CharacterOffsetBegin=163 CharacterOffsetEnd=166 PartOfSpeech=CC Lemma=and NamedEntityTag=O]
[Text=Rhaegar CharacterOffsetBegin=167 CharacterOffsetEnd=174 PartOfSpeech=NNP Lemma=Rhaegar NamedEntityTag=PERSON]
[Text=Targaryen CharacterOffsetBegin=175 CharacterOffsetEnd=184 PartOfSpeech=NNP Lemma=Targaryen NamedEntityTag=PERSON]
[Text=, CharacterOffsetBegin=184 CharacterOffsetEnd=185 PartOfSpeech=, Lemma=, NamedEntityTag=O]
[Text=Daenerys CharacterOffsetBegin=186 CharacterOffsetEnd=194 PartOfSpeech=NNP Lemma=Daenerys NamedEntityTag=PERSON]
[Text='s CharacterOffsetBegin=194 CharacterOffsetEnd=196 PartOfSpeech=POS Lemma='s NamedEntityTag=O]
[Text=older CharacterOffsetBegin=197 CharacterOffsetEnd=202 PartOfSpeech=JJR Lemma=older NamedEntityTag=O]
[Text=brother CharacterOffsetBegin=203 CharacterOffsetEnd=210 PartOfSpeech=NN Lemma=brother NamedEntityTag=O]
[Text=and CharacterOffsetBegin=211 CharacterOffsetEnd=214 PartOfSpeech=CC Lemma=and NamedEntityTag=O]
[Text=the CharacterOffsetBegin=215 CharacterOffsetEnd=218 PartOfSpeech=DT Lemma=the NamedEntityTag=O]
[Text=eldest CharacterOffsetBegin=219 CharacterOffsetEnd=225 PartOfSpeech=JJ Lemma=eldest NamedEntityTag=O]
[Text=son CharacterOffsetBegin=226 CharacterOffsetEnd=229 PartOfSpeech=NN Lemma=son NamedEntityTag=O]
[Text=of CharacterOffsetBegin=230 CharacterOffsetEnd=232 PartOfSpeech=IN Lemma=of NamedEntityTag=O]
[Text=Mad CharacterOffsetBegin=233 CharacterOffsetEnd=236 PartOfSpeech=NNP Lemma=Mad NamedEntityTag=O]
[Text=King CharacterOffsetBegin=237 CharacterOffsetEnd=241 PartOfSpeech=NNP Lemma=King NamedEntityTag=O]
[Text=Aerys CharacterOffsetBegin=242 CharacterOffsetEnd=247 PartOfSpeech=NNP Lemma=Aerys NamedEntityTag=O]
[Text=II CharacterOffsetBegin=248 CharacterOffsetEnd=250 PartOfSpeech=NNP Lemma=II NamedEntityTag=O]
[Text=. CharacterOffsetBegin=250 CharacterOffsetEnd=251 PartOfSpeech=. Lemma=. NamedEntityTag=O]
(ROOT
  (S
    (NP
      (NP (DT The) (JJ popular) (NN Game))
      (PP (IN of)
        (NP (NNPS Thrones))))
    (VP
      (NP
        (NP (NN theory) (NN R+L))
        (SBAR
          (S
            (NP (JJ =) (NN J) (NN theory))
            (VP (VBZ proposes)
              (SBAR (IN that)
                (S
                  (NP (NNP Jon) (NNP Snow))
                  (VP (VBZ is)
                    (NP
                      (NP (DT the) (NN child))
                      (PP (IN of)
                        (NP
                          (NP (NNP Lyanna) (NNP Stark))
                          (, ,)
                          (NP
                            (NP (NNP Ned) (POS 's))
                            (JJ deceased) (NN sister))))))))))))
      (PRN (, ,)
        (CC and)
        (NP
          (NP (NNP Rhaegar) (NNP Targaryen))
          (, ,)
          (NP
            (NP (NNP Daenerys) (POS 's))
            (JJR older) (NN brother))
          (CC and)
          (NP
            (NP (DT the) (JJ eldest) (NN son))
            (PP (IN of)
              (NP (NNP Mad) (NNP King) (NNP Aerys) (NNP II)))))))
    (. .)))

root(ROOT-0, R+L-7)
det(Game-3, The-1)
amod(Game-3, popular-2)
nsubj(R+L-7, Game-3)
case(Thrones-5, of-4)
nmod:of(Game-3, Thrones-5)
compound(R+L-7, theory-6)
mark(child-17, R+L-7)
amod(theory-10, =-8)
compound(theory-10, J-9)
nsubj(proposes-11, theory-10)
acl:relcl(R+L-7, proposes-11)
ref(R+L-7, that-12)
compound(Snow-14, Jon-13)
nsubj(child-17, Snow-14)
cop(child-17, is-15)
det(child-17, the-16)
ccomp(proposes-11, child-17)
case(Stark-20, of-18)
compound(Stark-20, Lyanna-19)
nmod:of(child-17, Stark-20)
punct(Stark-20, ,-21)
nmod:poss(sister-25, Ned-22)
case(Ned-22, 's-23)
amod(sister-25, deceased-24)
appos(Stark-20, sister-25)
punct(Targaryen-29, ,-26)
cc(Targaryen-29, and-27)
compound(Targaryen-29, Rhaegar-28)
dep(R+L-7, Targaryen-29)
punct(Targaryen-29, ,-30)
nmod:poss(brother-34, Daenerys-31)
case(Daenerys-31, 's-32)
amod(brother-34, older-33)
dep(R+L-7, brother-34)
conj:and(Targaryen-29, brother-34)
cc(Targaryen-29, and-35)
det(son-38, the-36)
amod(son-38, eldest-37)
dep(R+L-7, son-38)
conj:and(Targaryen-29, son-38)
case(II-43, of-39)
compound(II-43, Mad-40)
compound(II-43, King-41)
compound(II-43, Aerys-42)
nmod:of(son-38, II-43)
punct(R+L-7, .-44)

Sentence #3 (29 tokens):
And now, we know it's true ... at least, it sure looks that way, according to what we saw in the Season 6 finale.
[Text=And CharacterOffsetBegin=252 CharacterOffsetEnd=255 PartOfSpeech=CC Lemma=and NamedEntityTag=O]
[Text=now CharacterOffsetBegin=256 CharacterOffsetEnd=259 PartOfSpeech=RB Lemma=now NamedEntityTag=DATE NormalizedNamedEntityTag=PRESENT_REF Timex=<TIMEX3 tid="t1" type="DATE" value="PRESENT_REF">now</TIMEX3>]
[Text=, CharacterOffsetBegin=259 CharacterOffsetEnd=260 PartOfSpeech=, Lemma=, NamedEntityTag=O]
[Text=we CharacterOffsetBegin=261 CharacterOffsetEnd=263 PartOfSpeech=PRP Lemma=we NamedEntityTag=O]
[Text=know CharacterOffsetBegin=264 CharacterOffsetEnd=268 PartOfSpeech=VBP Lemma=know NamedEntityTag=O]
[Text=it CharacterOffsetBegin=269 CharacterOffsetEnd=271 PartOfSpeech=PRP Lemma=it NamedEntityTag=O]
[Text='s CharacterOffsetBegin=271 CharacterOffsetEnd=273 PartOfSpeech=VBZ Lemma=be NamedEntityTag=O]
[Text=true CharacterOffsetBegin=274 CharacterOffsetEnd=278 PartOfSpeech=JJ Lemma=true NamedEntityTag=O]
[Text=... CharacterOffsetBegin=279 CharacterOffsetEnd=282 PartOfSpeech=: Lemma=... NamedEntityTag=O]
[Text=at CharacterOffsetBegin=283 CharacterOffsetEnd=285 PartOfSpeech=IN Lemma=at NamedEntityTag=O]
[Text=least CharacterOffsetBegin=286 CharacterOffsetEnd=291 PartOfSpeech=JJS Lemma=least NamedEntityTag=O]
[Text=, CharacterOffsetBegin=291 CharacterOffsetEnd=292 PartOfSpeech=, Lemma=, NamedEntityTag=O]
[Text=it CharacterOffsetBegin=293 CharacterOffsetEnd=295 PartOfSpeech=PRP Lemma=it NamedEntityTag=O]
[Text=sure CharacterOffsetBegin=296 CharacterOffsetEnd=300 PartOfSpeech=JJ Lemma=sure NamedEntityTag=O]
[Text=looks CharacterOffsetBegin=301 CharacterOffsetEnd=306 PartOfSpeech=VBZ Lemma=look NamedEntityTag=O]
[Text=that CharacterOffsetBegin=307 CharacterOffsetEnd=311 PartOfSpeech=DT Lemma=that NamedEntityTag=O]
[Text=way CharacterOffsetBegin=312 CharacterOffsetEnd=315 PartOfSpeech=NN Lemma=way NamedEntityTag=O]
[Text=, CharacterOffsetBegin=315 CharacterOffsetEnd=316 PartOfSpeech=, Lemma=, NamedEntityTag=O]
[Text=according CharacterOffsetBegin=317 CharacterOffsetEnd=326 PartOfSpeech=VBG Lemma=accord NamedEntityTag=O]
[Text=to CharacterOffsetBegin=327 CharacterOffsetEnd=329 PartOfSpeech=TO Lemma=to NamedEntityTag=O]
[Text=what CharacterOffsetBegin=330 CharacterOffsetEnd=334 PartOfSpeech=WP Lemma=what NamedEntityTag=O]
[Text=we CharacterOffsetBegin=335 CharacterOffsetEnd=337 PartOfSpeech=PRP Lemma=we NamedEntityTag=O]
[Text=saw CharacterOffsetBegin=338 CharacterOffsetEnd=341 PartOfSpeech=VBD Lemma=see NamedEntityTag=O]
[Text=in CharacterOffsetBegin=342 CharacterOffsetEnd=344 PartOfSpeech=IN Lemma=in NamedEntityTag=O]
[Text=the CharacterOffsetBegin=345 CharacterOffsetEnd=348 PartOfSpeech=DT Lemma=the NamedEntityTag=O]
[Text=Season CharacterOffsetBegin=349 CharacterOffsetEnd=355 PartOfSpeech=NN Lemma=season NamedEntityTag=O]
[Text=6 CharacterOffsetBegin=356 CharacterOffsetEnd=357 PartOfSpeech=CD Lemma=6 NamedEntityTag=NUMBER NormalizedNamedEntityTag=6.0]
[Text=finale CharacterOffsetBegin=358 CharacterOffsetEnd=364 PartOfSpeech=NN Lemma=finale NamedEntityTag=O]
[Text=. CharacterOffsetBegin=364 CharacterOffsetEnd=365 PartOfSpeech=. Lemma=. NamedEntityTag=O]
(ROOT
  (S (CC And)
    (S
      (ADVP (RB now))
      (, ,)
      (NP (PRP we))
      (VP (VBP know)
        (SBAR
          (S
            (NP (PRP it))
            (VP (VBZ 's)
              (ADJP (JJ true)))))))
    (: ...)
    (S
      (ADVP (IN at) (JJS least))
      (, ,)
      (NP (PRP it))
      (ADVP (JJ sure))
      (VP (VBZ looks)
        (NP (DT that) (NN way))))
    (, ,)
    (PP (VBG according)
      (PP (TO to)
        (SBAR
          (WHNP (WP what))
          (S
            (NP (PRP we))
            (VP (VBD saw)
              (PP (IN in)
                (NP (DT the) (NN Season) (CD 6) (NN finale))))))))
    (. .)))

root(ROOT-0, know-5)
cc(know-5, And-1)
advmod(know-5, now-2)
punct(know-5, ,-3)
nsubj(know-5, we-4)
nsubj(true-8, it-6)
cop(true-8, 's-7)
ccomp(know-5, true-8)
punct(know-5, ...-9)
advmod(looks-15, at-10)
mwe(at-10, least-11)
punct(looks-15, ,-12)
nsubj(looks-15, it-13)
advmod(looks-15, sure-14)
parataxis(know-5, looks-15)
det(way-17, that-16)
dobj(looks-15, way-17)
punct(know-5, ,-18)
mark(saw-23, according-19)
mwe(according-19, to-20)
dobj(saw-23, what-21)
nsubj(saw-23, we-22)
advcl:according_to(know-5, saw-23)
case(finale-28, in-24)
det(finale-28, the-25)
compound(finale-28, Season-26)
nummod(finale-28, 6-27)
nmod:in(saw-23, finale-28)
punct(know-5, .-29)

Coreference set:
	(1,8,[7,9]) -> (1,2,[1,3]), that is: "a Targaryen" -> "Jon Snow"
	(2,14,[13,15]) -> (1,2,[1,3]), that is: "Jon Snow" -> "Jon Snow"
	(2,17,[16,26]) -> (1,2,[1,3]), that is: "the child of Lyanna Stark , Ned 's deceased sister" -> "Jon Snow"
	(2,29,[28,30]) -> (1,2,[1,3]), that is: "Rhaegar Targaryen" -> "Jon Snow"
Coreference set:
	(3,6,[6,7]) -> (2,3,[1,6]), that is: "it" -> "The popular Game of Thrones"
	(3,13,[13,14]) -> (2,3,[1,6]), that is: "it" -> "The popular Game of Thrones"
Coreference set:
	(3,22,[22,23]) -> (3,4,[4,5]), that is: "we" -> "we"
