Sentence #1 (6 tokens):
Three heads of the dragon.
[Text=Three CharacterOffsetBegin=0 CharacterOffsetEnd=5 PartOfSpeech=CD Lemma=three NamedEntityTag=NUMBER NormalizedNamedEntityTag=3.0]
[Text=heads CharacterOffsetBegin=6 CharacterOffsetEnd=11 PartOfSpeech=NNS Lemma=head NamedEntityTag=O]
[Text=of CharacterOffsetBegin=12 CharacterOffsetEnd=14 PartOfSpeech=IN Lemma=of NamedEntityTag=O]
[Text=the CharacterOffsetBegin=15 CharacterOffsetEnd=18 PartOfSpeech=DT Lemma=the NamedEntityTag=O]
[Text=dragon CharacterOffsetBegin=19 CharacterOffsetEnd=25 PartOfSpeech=NN Lemma=dragon NamedEntityTag=O]
[Text=. CharacterOffsetBegin=25 CharacterOffsetEnd=26 PartOfSpeech=. Lemma=. NamedEntityTag=O]
(ROOT
  (NP
    (NP (CD Three) (NNS heads))
    (PP (IN of)
      (NP (DT the) (NN dragon)))
    (. .)))

root(ROOT-0, heads-2)
nummod(heads-2, Three-1)
case(dragon-5, of-3)
det(dragon-5, the-4)
nmod:of(heads-2, dragon-5)
punct(heads-2, .-6)

Sentence #2 (14 tokens):
"The dragon has three heads" is a well-known prophecy in Westeros.
[Text=`` CharacterOffsetBegin=28 CharacterOffsetEnd=29 PartOfSpeech=`` Lemma=`` NamedEntityTag=O]
[Text=The CharacterOffsetBegin=29 CharacterOffsetEnd=32 PartOfSpeech=DT Lemma=the NamedEntityTag=O]
[Text=dragon CharacterOffsetBegin=33 CharacterOffsetEnd=39 PartOfSpeech=NN Lemma=dragon NamedEntityTag=O]
[Text=has CharacterOffsetBegin=40 CharacterOffsetEnd=43 PartOfSpeech=VBZ Lemma=have NamedEntityTag=O]
[Text=three CharacterOffsetBegin=44 CharacterOffsetEnd=49 PartOfSpeech=CD Lemma=three NamedEntityTag=NUMBER NormalizedNamedEntityTag=3.0]
[Text=heads CharacterOffsetBegin=50 CharacterOffsetEnd=55 PartOfSpeech=NNS Lemma=head NamedEntityTag=O]
[Text='' CharacterOffsetBegin=55 CharacterOffsetEnd=56 PartOfSpeech='' Lemma='' NamedEntityTag=O]
[Text=is CharacterOffsetBegin=57 CharacterOffsetEnd=59 PartOfSpeech=VBZ Lemma=be NamedEntityTag=O]
[Text=a CharacterOffsetBegin=60 CharacterOffsetEnd=61 PartOfSpeech=DT Lemma=a NamedEntityTag=O]
[Text=well-known CharacterOffsetBegin=62 CharacterOffsetEnd=72 PartOfSpeech=JJ Lemma=well-known NamedEntityTag=O]
[Text=prophecy CharacterOffsetBegin=73 CharacterOffsetEnd=81 PartOfSpeech=NN Lemma=prophecy NamedEntityTag=O]
[Text=in CharacterOffsetBegin=82 CharacterOffsetEnd=84 PartOfSpeech=IN Lemma=in NamedEntityTag=O]
[Text=Westeros CharacterOffsetBegin=85 CharacterOffsetEnd=93 PartOfSpeech=NNP Lemma=Westeros NamedEntityTag=LOCATION]
[Text=. CharacterOffsetBegin=93 CharacterOffsetEnd=94 PartOfSpeech=. Lemma=. NamedEntityTag=O]
(ROOT
  (SINV (`` ``)
    (S
      (NP (DT The) (NN dragon))
      (VP (VBZ has)
        (NP (CD three) (NNS heads))))
    ('' '')
    (VP (VBZ is))
    (NP
      (NP (DT a) (JJ well-known) (NN prophecy))
      (PP (IN in)
        (NP (NNP Westeros))))
    (. .)))

root(ROOT-0, is-8)
punct(is-8, ``-1)
det(dragon-3, The-2)
nsubj(has-4, dragon-3)
ccomp(is-8, has-4)
nummod(heads-6, three-5)
dobj(has-4, heads-6)
punct(is-8, ''-7)
det(prophecy-11, a-9)
amod(prophecy-11, well-known-10)
nsubj(is-8, prophecy-11)
case(Westeros-13, in-12)
nmod:in(prophecy-11, Westeros-13)
punct(is-8, .-14)

Sentence #3 (24 tokens):
While many assume each of the heads must be a Targaryen, George R.R. Martin has stated that's not necessarily the case.
[Text=While CharacterOffsetBegin=95 CharacterOffsetEnd=100 PartOfSpeech=IN Lemma=while NamedEntityTag=O]
[Text=many CharacterOffsetBegin=101 CharacterOffsetEnd=105 PartOfSpeech=JJ Lemma=many NamedEntityTag=O]
[Text=assume CharacterOffsetBegin=106 CharacterOffsetEnd=112 PartOfSpeech=VBP Lemma=assume NamedEntityTag=O]
[Text=each CharacterOffsetBegin=113 CharacterOffsetEnd=117 PartOfSpeech=DT Lemma=each NamedEntityTag=O]
[Text=of CharacterOffsetBegin=118 CharacterOffsetEnd=120 PartOfSpeech=IN Lemma=of NamedEntityTag=O]
[Text=the CharacterOffsetBegin=121 CharacterOffsetEnd=124 PartOfSpeech=DT Lemma=the NamedEntityTag=O]
[Text=heads CharacterOffsetBegin=125 CharacterOffsetEnd=130 PartOfSpeech=NNS Lemma=head NamedEntityTag=O]
[Text=must CharacterOffsetBegin=131 CharacterOffsetEnd=135 PartOfSpeech=MD Lemma=must NamedEntityTag=O]
[Text=be CharacterOffsetBegin=136 CharacterOffsetEnd=138 PartOfSpeech=VB Lemma=be NamedEntityTag=O]
[Text=a CharacterOffsetBegin=139 CharacterOffsetEnd=140 PartOfSpeech=DT Lemma=a NamedEntityTag=O]
[Text=Targaryen CharacterOffsetBegin=141 CharacterOffsetEnd=150 PartOfSpeech=NNP Lemma=Targaryen NamedEntityTag=LOCATION]
[Text=, CharacterOffsetBegin=150 CharacterOffsetEnd=151 PartOfSpeech=, Lemma=, NamedEntityTag=O]
[Text=George CharacterOffsetBegin=152 CharacterOffsetEnd=158 PartOfSpeech=NNP Lemma=George NamedEntityTag=PERSON]
[Text=R.R. CharacterOffsetBegin=159 CharacterOffsetEnd=163 PartOfSpeech=NNP Lemma=R.R. NamedEntityTag=PERSON]
[Text=Martin CharacterOffsetBegin=164 CharacterOffsetEnd=170 PartOfSpeech=NNP Lemma=Martin NamedEntityTag=PERSON]
[Text=has CharacterOffsetBegin=171 CharacterOffsetEnd=174 PartOfSpeech=VBZ Lemma=have NamedEntityTag=O]
[Text=stated CharacterOffsetBegin=175 CharacterOffsetEnd=181 PartOfSpeech=VBN Lemma=state NamedEntityTag=O]
[Text=that CharacterOffsetBegin=182 CharacterOffsetEnd=186 PartOfSpeech=DT Lemma=that NamedEntityTag=O]
[Text='s CharacterOffsetBegin=186 CharacterOffsetEnd=188 PartOfSpeech=VBZ Lemma=be NamedEntityTag=O]
[Text=not CharacterOffsetBegin=189 CharacterOffsetEnd=192 PartOfSpeech=RB Lemma=not NamedEntityTag=O]
[Text=necessarily CharacterOffsetBegin=193 CharacterOffsetEnd=204 PartOfSpeech=RB Lemma=necessarily NamedEntityTag=O]
[Text=the CharacterOffsetBegin=205 CharacterOffsetEnd=208 PartOfSpeech=DT Lemma=the NamedEntityTag=O]
[Text=case CharacterOffsetBegin=209 CharacterOffsetEnd=213 PartOfSpeech=NN Lemma=case NamedEntityTag=O]
[Text=. CharacterOffsetBegin=213 CharacterOffsetEnd=214 PartOfSpeech=. Lemma=. NamedEntityTag=O]
(ROOT
  (S
    (SBAR (IN While)
      (S
        (NP (JJ many))
        (VP (VBP assume)
          (SBAR
            (S
              (NP
                (NP (DT each))
                (PP (IN of)
                  (NP (DT the) (NNS heads))))
              (VP (MD must)
                (VP (VB be)
                  (NP (DT a) (NNP Targaryen)))))))))
    (, ,)
    (NP (NNP George) (NNP R.R.) (NNP Martin))
    (VP (VBZ has)
      (VP (VBN stated)
        (SBAR
          (S
            (NP (DT that))
            (VP (VBZ 's) (RB not)
              (ADVP (RB necessarily))
              (NP (DT the) (NN case)))))))
    (. .)))

root(ROOT-0, stated-17)
mark(assume-3, While-1)
nsubj(assume-3, many-2)
advcl:while(stated-17, assume-3)
nsubj(Targaryen-11, each-4)
case(heads-7, of-5)
det(heads-7, the-6)
nmod:of(each-4, heads-7)
aux(Targaryen-11, must-8)
cop(Targaryen-11, be-9)
det(Targaryen-11, a-10)
ccomp(assume-3, Targaryen-11)
punct(stated-17, ,-12)
compound(Martin-15, George-13)
compound(Martin-15, R.R.-14)
nsubj(stated-17, Martin-15)
aux(stated-17, has-16)
nsubj(case-23, that-18)
cop(case-23, 's-19)
neg(case-23, not-20)
advmod(case-23, necessarily-21)
det(case-23, the-22)
ccomp(stated-17, case-23)
punct(stated-17, .-24)

Sentence #4 (19 tokens):
One of the dragon heads is presumably Daenerys, who's already bonded with her dragon, Drogon.
[Text=One CharacterOffsetBegin=215 CharacterOffsetEnd=218 PartOfSpeech=CD Lemma=one NamedEntityTag=NUMBER NormalizedNamedEntityTag=1.0]
[Text=of CharacterOffsetBegin=219 CharacterOffsetEnd=221 PartOfSpeech=IN Lemma=of NamedEntityTag=O]
[Text=the CharacterOffsetBegin=222 CharacterOffsetEnd=225 PartOfSpeech=DT Lemma=the NamedEntityTag=O]
[Text=dragon CharacterOffsetBegin=226 CharacterOffsetEnd=232 PartOfSpeech=NN Lemma=dragon NamedEntityTag=O]
[Text=heads CharacterOffsetBegin=233 CharacterOffsetEnd=238 PartOfSpeech=NNS Lemma=head NamedEntityTag=O]
[Text=is CharacterOffsetBegin=239 CharacterOffsetEnd=241 PartOfSpeech=VBZ Lemma=be NamedEntityTag=O]
[Text=presumably CharacterOffsetBegin=242 CharacterOffsetEnd=252 PartOfSpeech=RB Lemma=presumably NamedEntityTag=O]
[Text=Daenerys CharacterOffsetBegin=253 CharacterOffsetEnd=261 PartOfSpeech=NNPS Lemma=Daenerys NamedEntityTag=PERSON]
[Text=, CharacterOffsetBegin=261 CharacterOffsetEnd=262 PartOfSpeech=, Lemma=, NamedEntityTag=O]
[Text=who CharacterOffsetBegin=263 CharacterOffsetEnd=266 PartOfSpeech=WP Lemma=who NamedEntityTag=O]
[Text='s CharacterOffsetBegin=266 CharacterOffsetEnd=268 PartOfSpeech=VBZ Lemma=be NamedEntityTag=O]
[Text=already CharacterOffsetBegin=269 CharacterOffsetEnd=276 PartOfSpeech=RB Lemma=already NamedEntityTag=O]
[Text=bonded CharacterOffsetBegin=277 CharacterOffsetEnd=283 PartOfSpeech=VBN Lemma=bond NamedEntityTag=O]
[Text=with CharacterOffsetBegin=284 CharacterOffsetEnd=288 PartOfSpeech=IN Lemma=with NamedEntityTag=O]
[Text=her CharacterOffsetBegin=289 CharacterOffsetEnd=292 PartOfSpeech=PRP$ Lemma=she NamedEntityTag=O]
[Text=dragon CharacterOffsetBegin=293 CharacterOffsetEnd=299 PartOfSpeech=NN Lemma=dragon NamedEntityTag=O]
[Text=, CharacterOffsetBegin=299 CharacterOffsetEnd=300 PartOfSpeech=, Lemma=, NamedEntityTag=O]
[Text=Drogon CharacterOffsetBegin=301 CharacterOffsetEnd=307 PartOfSpeech=NNP Lemma=Drogon NamedEntityTag=PERSON]
[Text=. CharacterOffsetBegin=307 CharacterOffsetEnd=308 PartOfSpeech=. Lemma=. NamedEntityTag=O]
(ROOT
  (S
    (NP
      (NP (CD One))
      (PP (IN of)
        (NP (DT the) (NN dragon) (NNS heads))))
    (VP (VBZ is)
      (ADVP (RB presumably))
      (NP
        (NP (NNPS Daenerys))
        (, ,)
        (SBAR
          (WHNP (WP who))
          (S
            (VP (VBZ 's)
              (ADVP (RB already))
              (VP (VBN bonded)
                (PP (IN with)
                  (NP
                    (NP (PRP$ her) (NN dragon))
                    (, ,)
                    (NP (NNP Drogon))))))))))
    (. .)))

root(ROOT-0, Daenerys-8)
det:qmod(heads-5, One-1)
mwe(One-1, of-2)
det(heads-5, the-3)
compound(heads-5, dragon-4)
nsubj(Daenerys-8, heads-5)
cop(Daenerys-8, is-6)
advmod(Daenerys-8, presumably-7)
nsubjpass(bonded-13, Daenerys-8)
punct(Daenerys-8, ,-9)
ref(Daenerys-8, who-10)
auxpass(bonded-13, 's-11)
advmod(bonded-13, already-12)
acl:relcl(Daenerys-8, bonded-13)
case(dragon-16, with-14)
nmod:poss(dragon-16, her-15)
nmod:with(bonded-13, dragon-16)
punct(dragon-16, ,-17)
appos(dragon-16, Drogon-18)
punct(Daenerys-8, .-19)

Sentence #5 (30 tokens):
But as for the other two ...Jon and Tyrion - both of whom might be Targaryens - are the most popular picks for the remaining two dragon heads.
[Text=But CharacterOffsetBegin=309 CharacterOffsetEnd=312 PartOfSpeech=CC Lemma=but NamedEntityTag=O]
[Text=as CharacterOffsetBegin=313 CharacterOffsetEnd=315 PartOfSpeech=IN Lemma=as NamedEntityTag=O]
[Text=for CharacterOffsetBegin=316 CharacterOffsetEnd=319 PartOfSpeech=IN Lemma=for NamedEntityTag=O]
[Text=the CharacterOffsetBegin=320 CharacterOffsetEnd=323 PartOfSpeech=DT Lemma=the NamedEntityTag=O]
[Text=other CharacterOffsetBegin=324 CharacterOffsetEnd=329 PartOfSpeech=JJ Lemma=other NamedEntityTag=O]
[Text=two CharacterOffsetBegin=330 CharacterOffsetEnd=333 PartOfSpeech=CD Lemma=two NamedEntityTag=NUMBER NormalizedNamedEntityTag=2.0]
[Text=... CharacterOffsetBegin=334 CharacterOffsetEnd=337 PartOfSpeech=: Lemma=... NamedEntityTag=O]
[Text=Jon CharacterOffsetBegin=337 CharacterOffsetEnd=340 PartOfSpeech=NNP Lemma=Jon NamedEntityTag=PERSON]
[Text=and CharacterOffsetBegin=341 CharacterOffsetEnd=344 PartOfSpeech=CC Lemma=and NamedEntityTag=O]
[Text=Tyrion CharacterOffsetBegin=345 CharacterOffsetEnd=351 PartOfSpeech=NNP Lemma=Tyrion NamedEntityTag=O]
[Text=- CharacterOffsetBegin=352 CharacterOffsetEnd=353 PartOfSpeech=: Lemma=- NamedEntityTag=O]
[Text=both CharacterOffsetBegin=354 CharacterOffsetEnd=358 PartOfSpeech=CC Lemma=both NamedEntityTag=O]
[Text=of CharacterOffsetBegin=359 CharacterOffsetEnd=361 PartOfSpeech=IN Lemma=of NamedEntityTag=O]
[Text=whom CharacterOffsetBegin=362 CharacterOffsetEnd=366 PartOfSpeech=WP Lemma=whom NamedEntityTag=O]
[Text=might CharacterOffsetBegin=367 CharacterOffsetEnd=372 PartOfSpeech=MD Lemma=might NamedEntityTag=O]
[Text=be CharacterOffsetBegin=373 CharacterOffsetEnd=375 PartOfSpeech=VB Lemma=be NamedEntityTag=O]
[Text=Targaryens CharacterOffsetBegin=376 CharacterOffsetEnd=386 PartOfSpeech=NNP Lemma=Targaryens NamedEntityTag=O]
[Text=- CharacterOffsetBegin=387 CharacterOffsetEnd=388 PartOfSpeech=: Lemma=- NamedEntityTag=O]
[Text=are CharacterOffsetBegin=389 CharacterOffsetEnd=392 PartOfSpeech=VBP Lemma=be NamedEntityTag=O]
[Text=the CharacterOffsetBegin=393 CharacterOffsetEnd=396 PartOfSpeech=DT Lemma=the NamedEntityTag=O]
[Text=most CharacterOffsetBegin=397 CharacterOffsetEnd=401 PartOfSpeech=RBS Lemma=most NamedEntityTag=O]
[Text=popular CharacterOffsetBegin=402 CharacterOffsetEnd=409 PartOfSpeech=JJ Lemma=popular NamedEntityTag=O]
[Text=picks CharacterOffsetBegin=410 CharacterOffsetEnd=415 PartOfSpeech=NNS Lemma=pick NamedEntityTag=O]
[Text=for CharacterOffsetBegin=416 CharacterOffsetEnd=419 PartOfSpeech=IN Lemma=for NamedEntityTag=O]
[Text=the CharacterOffsetBegin=420 CharacterOffsetEnd=423 PartOfSpeech=DT Lemma=the NamedEntityTag=O]
[Text=remaining CharacterOffsetBegin=424 CharacterOffsetEnd=433 PartOfSpeech=VBG Lemma=remain NamedEntityTag=O]
[Text=two CharacterOffsetBegin=434 CharacterOffsetEnd=437 PartOfSpeech=CD Lemma=two NamedEntityTag=NUMBER NormalizedNamedEntityTag=2.0]
[Text=dragon CharacterOffsetBegin=438 CharacterOffsetEnd=444 PartOfSpeech=NN Lemma=dragon NamedEntityTag=O]
[Text=heads CharacterOffsetBegin=445 CharacterOffsetEnd=450 PartOfSpeech=NNS Lemma=head NamedEntityTag=O]
[Text=. CharacterOffsetBegin=450 CharacterOffsetEnd=451 PartOfSpeech=. Lemma=. NamedEntityTag=O]
(ROOT
  (S (CC But)
    (ADVP (IN as)
      (PP (IN for)
        (NP (DT the) (JJ other) (CD two))))
    (: ...)
    (S
      (NP
        (NP (NNP Jon)
          (CC and)
          (NNP Tyrion))
        (: -)
        (SBAR
          (WHNP (CC both)
            (WHPP (IN of)
              (WHNP (WP whom))))
          (S
            (VP (MD might)
              (VP (VB be)
                (NP (NNP Targaryens))))))
        (: -))
      (VP (VBP are)
        (NP
          (NP (DT the)
            (ADJP (RBS most) (JJ popular))
            (NNS picks))
          (PP (IN for)
            (NP
              (NP (DT the) (VBG remaining))
              (NP (CD two) (NN dragon) (NNS heads)))))))
    (. .)))

root(ROOT-0, picks-23)
cc(picks-23, But-1)
advmod(picks-23, as-2)
case(two-6, for-3)
det(two-6, the-4)
amod(two-6, other-5)
nmod:for(as-2, two-6)
punct(picks-23, ...-7)
nsubj(Targaryens-17, Jon-8)
nsubj(picks-23, Jon-8)
cc(Jon-8, and-9)
conj:and(Jon-8, Tyrion-10)
nsubj(Targaryens-17, Tyrion-10)
nsubj(picks-23, Tyrion-10)
punct(Jon-8, --11)
dep(whom-14, both-12)
case(whom-14, of-13)
ref(Jon-8, whom-14)
aux(Targaryens-17, might-15)
cop(Targaryens-17, be-16)
acl:relcl(Jon-8, Targaryens-17)
punct(Jon-8, --18)
cop(picks-23, are-19)
det(picks-23, the-20)
advmod(popular-22, most-21)
amod(picks-23, popular-22)
case(the-25, for-24)
nmod:for(picks-23, the-25)
amod(the-25, remaining-26)
nummod(heads-29, two-27)
compound(heads-29, dragon-28)
dep(the-25, heads-29)
punct(picks-23, .-30)

Coreference set:
	(2,5,[5,6]) -> (1,1,[1,2]), that is: "three" -> "Three"
Coreference set:
	(2,6,[5,7]) -> (1,2,[1,7]), that is: "three heads" -> "Three heads of the dragon ."
	(3,7,[6,8]) -> (1,2,[1,7]), that is: "the heads" -> "Three heads of the dragon ."
Coreference set:
	(2,3,[2,4]) -> (1,5,[4,6]), that is: "The dragon" -> "the dragon"
	(4,16,[15,17]) -> (1,5,[4,6]), that is: "her dragon" -> "the dragon"
Coreference set:
	(3,4,[4,8]) -> (3,11,[10,12]), that is: "each of the heads" -> "a Targaryen"
	(3,11,[11,12]) -> (3,11,[10,12]), that is: "Targaryen" -> "a Targaryen"
	(3,18,[18,19]) -> (3,11,[10,12]), that is: "that" -> "a Targaryen"
	(3,23,[22,24]) -> (3,11,[10,12]), that is: "the case" -> "a Targaryen"
Coreference set:
	(4,15,[15,16]) -> (4,8,[8,9]), that is: "her" -> "Daenerys"
Coreference set:
	(5,27,[27,28]) -> (5,6,[4,7]), that is: "two" -> "the other two"
