Sentence #1 (22 tokens):
Bran wargs into a dragon

The Three-Eved Raven told Bran he wouldn't walk again, but that he would fly.
[Text=Bran CharacterOffsetBegin=0 CharacterOffsetEnd=4 PartOfSpeech=NNP]
[Text=wargs CharacterOffsetBegin=5 CharacterOffsetEnd=10 PartOfSpeech=NNS]
[Text=into CharacterOffsetBegin=11 CharacterOffsetEnd=15 PartOfSpeech=IN]
[Text=a CharacterOffsetBegin=16 CharacterOffsetEnd=17 PartOfSpeech=DT]
[Text=dragon CharacterOffsetBegin=18 CharacterOffsetEnd=24 PartOfSpeech=NN]
[Text=The CharacterOffsetBegin=26 CharacterOffsetEnd=29 PartOfSpeech=DT]
[Text=Three-Eved CharacterOffsetBegin=30 CharacterOffsetEnd=40 PartOfSpeech=NNP]
[Text=Raven CharacterOffsetBegin=41 CharacterOffsetEnd=46 PartOfSpeech=NN]
[Text=told CharacterOffsetBegin=47 CharacterOffsetEnd=51 PartOfSpeech=VBD]
[Text=Bran CharacterOffsetBegin=52 CharacterOffsetEnd=56 PartOfSpeech=NNP]
[Text=he CharacterOffsetBegin=57 CharacterOffsetEnd=59 PartOfSpeech=PRP]
[Text=would CharacterOffsetBegin=60 CharacterOffsetEnd=65 PartOfSpeech=MD]
[Text=n't CharacterOffsetBegin=65 CharacterOffsetEnd=68 PartOfSpeech=RB]
[Text=walk CharacterOffsetBegin=69 CharacterOffsetEnd=73 PartOfSpeech=VB]
[Text=again CharacterOffsetBegin=74 CharacterOffsetEnd=79 PartOfSpeech=RB]
[Text=, CharacterOffsetBegin=79 CharacterOffsetEnd=80 PartOfSpeech=,]
[Text=but CharacterOffsetBegin=81 CharacterOffsetEnd=84 PartOfSpeech=CC]
[Text=that CharacterOffsetBegin=85 CharacterOffsetEnd=89 PartOfSpeech=IN]
[Text=he CharacterOffsetBegin=90 CharacterOffsetEnd=92 PartOfSpeech=PRP]
[Text=would CharacterOffsetBegin=93 CharacterOffsetEnd=98 PartOfSpeech=MD]
[Text=fly CharacterOffsetBegin=99 CharacterOffsetEnd=102 PartOfSpeech=VB]
[Text=. CharacterOffsetBegin=102 CharacterOffsetEnd=103 PartOfSpeech=.]
Sentence #2 (33 tokens):
And as Bran's warging abilities grow stronger under the Raven's tutelage, it's well within the realm of possibility that he could warg into one of Dany's dragons.
[Text=And CharacterOffsetBegin=104 CharacterOffsetEnd=107 PartOfSpeech=CC]
[Text=as CharacterOffsetBegin=108 CharacterOffsetEnd=110 PartOfSpeech=IN]
[Text=Bran CharacterOffsetBegin=111 CharacterOffsetEnd=115 PartOfSpeech=NNP]
[Text='s CharacterOffsetBegin=115 CharacterOffsetEnd=117 PartOfSpeech=POS]
[Text=warging CharacterOffsetBegin=118 CharacterOffsetEnd=125 PartOfSpeech=NN]
[Text=abilities CharacterOffsetBegin=126 CharacterOffsetEnd=135 PartOfSpeech=NNS]
[Text=grow CharacterOffsetBegin=136 CharacterOffsetEnd=140 PartOfSpeech=VBP]
[Text=stronger CharacterOffsetBegin=141 CharacterOffsetEnd=149 PartOfSpeech=JJR]
[Text=under CharacterOffsetBegin=150 CharacterOffsetEnd=155 PartOfSpeech=IN]
[Text=the CharacterOffsetBegin=156 CharacterOffsetEnd=159 PartOfSpeech=DT]
[Text=Raven CharacterOffsetBegin=160 CharacterOffsetEnd=165 PartOfSpeech=NN]
[Text='s CharacterOffsetBegin=165 CharacterOffsetEnd=167 PartOfSpeech=POS]
[Text=tutelage CharacterOffsetBegin=168 CharacterOffsetEnd=176 PartOfSpeech=NN]
[Text=, CharacterOffsetBegin=176 CharacterOffsetEnd=177 PartOfSpeech=,]
[Text=it CharacterOffsetBegin=178 CharacterOffsetEnd=180 PartOfSpeech=PRP]
[Text='s CharacterOffsetBegin=180 CharacterOffsetEnd=182 PartOfSpeech=VBZ]
[Text=well CharacterOffsetBegin=183 CharacterOffsetEnd=187 PartOfSpeech=RB]
[Text=within CharacterOffsetBegin=188 CharacterOffsetEnd=194 PartOfSpeech=IN]
[Text=the CharacterOffsetBegin=195 CharacterOffsetEnd=198 PartOfSpeech=DT]
[Text=realm CharacterOffsetBegin=199 CharacterOffsetEnd=204 PartOfSpeech=NN]
[Text=of CharacterOffsetBegin=205 CharacterOffsetEnd=207 PartOfSpeech=IN]
[Text=possibility CharacterOffsetBegin=208 CharacterOffsetEnd=219 PartOfSpeech=NN]
[Text=that CharacterOffsetBegin=220 CharacterOffsetEnd=224 PartOfSpeech=IN]
[Text=he CharacterOffsetBegin=225 CharacterOffsetEnd=227 PartOfSpeech=PRP]
[Text=could CharacterOffsetBegin=228 CharacterOffsetEnd=233 PartOfSpeech=MD]
[Text=warg CharacterOffsetBegin=234 CharacterOffsetEnd=238 PartOfSpeech=VB]
[Text=into CharacterOffsetBegin=239 CharacterOffsetEnd=243 PartOfSpeech=IN]
[Text=one CharacterOffsetBegin=244 CharacterOffsetEnd=247 PartOfSpeech=CD]
[Text=of CharacterOffsetBegin=248 CharacterOffsetEnd=250 PartOfSpeech=IN]
[Text=Dany CharacterOffsetBegin=251 CharacterOffsetEnd=255 PartOfSpeech=NNP]
[Text='s CharacterOffsetBegin=255 CharacterOffsetEnd=257 PartOfSpeech=POS]
[Text=dragons CharacterOffsetBegin=258 CharacterOffsetEnd=265 PartOfSpeech=NNS]
[Text=. CharacterOffsetBegin=265 CharacterOffsetEnd=266 PartOfSpeech=.]
Sentence #3 (24 tokens):
Plus ...this could make Bran one of the three much-predicted dragon heads, even if he isn't an actual dragon rider.
[Text=Plus CharacterOffsetBegin=267 CharacterOffsetEnd=271 PartOfSpeech=NN]
[Text=... CharacterOffsetBegin=272 CharacterOffsetEnd=275 PartOfSpeech=:]
[Text=this CharacterOffsetBegin=275 CharacterOffsetEnd=279 PartOfSpeech=DT]
[Text=could CharacterOffsetBegin=280 CharacterOffsetEnd=285 PartOfSpeech=MD]
[Text=make CharacterOffsetBegin=286 CharacterOffsetEnd=290 PartOfSpeech=VB]
[Text=Bran CharacterOffsetBegin=291 CharacterOffsetEnd=295 PartOfSpeech=NNP]
[Text=one CharacterOffsetBegin=296 CharacterOffsetEnd=299 PartOfSpeech=CD]
[Text=of CharacterOffsetBegin=300 CharacterOffsetEnd=302 PartOfSpeech=IN]
[Text=the CharacterOffsetBegin=303 CharacterOffsetEnd=306 PartOfSpeech=DT]
[Text=three CharacterOffsetBegin=307 CharacterOffsetEnd=312 PartOfSpeech=CD]
[Text=much-predicted CharacterOffsetBegin=313 CharacterOffsetEnd=327 PartOfSpeech=JJ]
[Text=dragon CharacterOffsetBegin=328 CharacterOffsetEnd=334 PartOfSpeech=NN]
[Text=heads CharacterOffsetBegin=335 CharacterOffsetEnd=340 PartOfSpeech=NNS]
[Text=, CharacterOffsetBegin=340 CharacterOffsetEnd=341 PartOfSpeech=,]
[Text=even CharacterOffsetBegin=342 CharacterOffsetEnd=346 PartOfSpeech=RB]
[Text=if CharacterOffsetBegin=347 CharacterOffsetEnd=349 PartOfSpeech=IN]
[Text=he CharacterOffsetBegin=350 CharacterOffsetEnd=352 PartOfSpeech=PRP]
[Text=is CharacterOffsetBegin=353 CharacterOffsetEnd=355 PartOfSpeech=VBZ]
[Text=n't CharacterOffsetBegin=355 CharacterOffsetEnd=358 PartOfSpeech=RB]
[Text=an CharacterOffsetBegin=359 CharacterOffsetEnd=361 PartOfSpeech=DT]
[Text=actual CharacterOffsetBegin=362 CharacterOffsetEnd=368 PartOfSpeech=JJ]
[Text=dragon CharacterOffsetBegin=369 CharacterOffsetEnd=375 PartOfSpeech=NN]
[Text=rider CharacterOffsetBegin=376 CharacterOffsetEnd=381 PartOfSpeech=NN]
[Text=. CharacterOffsetBegin=381 CharacterOffsetEnd=382 PartOfSpeech=.]
