Sentence #1 (22 tokens):
Daenerys Targaryen is Azor Ahai

A poor translation of the prophecy lead everyone to believe that Azor Ahai would be male.
[Text=Daenerys CharacterOffsetBegin=0 CharacterOffsetEnd=8 PartOfSpeech=NNP]
[Text=Targaryen CharacterOffsetBegin=9 CharacterOffsetEnd=18 PartOfSpeech=NNP]
[Text=is CharacterOffsetBegin=19 CharacterOffsetEnd=21 PartOfSpeech=VBZ]
[Text=Azor CharacterOffsetBegin=22 CharacterOffsetEnd=26 PartOfSpeech=NNP]
[Text=Ahai CharacterOffsetBegin=27 CharacterOffsetEnd=31 PartOfSpeech=NNP]
[Text=A CharacterOffsetBegin=33 CharacterOffsetEnd=34 PartOfSpeech=NNP]
[Text=poor CharacterOffsetBegin=35 CharacterOffsetEnd=39 PartOfSpeech=JJ]
[Text=translation CharacterOffsetBegin=40 CharacterOffsetEnd=51 PartOfSpeech=NN]
[Text=of CharacterOffsetBegin=52 CharacterOffsetEnd=54 PartOfSpeech=IN]
[Text=the CharacterOffsetBegin=55 CharacterOffsetEnd=58 PartOfSpeech=DT]
[Text=prophecy CharacterOffsetBegin=59 CharacterOffsetEnd=67 PartOfSpeech=NN]
[Text=lead CharacterOffsetBegin=68 CharacterOffsetEnd=72 PartOfSpeech=NN]
[Text=everyone CharacterOffsetBegin=73 CharacterOffsetEnd=81 PartOfSpeech=NN]
[Text=to CharacterOffsetBegin=82 CharacterOffsetEnd=84 PartOfSpeech=TO]
[Text=believe CharacterOffsetBegin=85 CharacterOffsetEnd=92 PartOfSpeech=VB]
[Text=that CharacterOffsetBegin=93 CharacterOffsetEnd=97 PartOfSpeech=IN]
[Text=Azor CharacterOffsetBegin=98 CharacterOffsetEnd=102 PartOfSpeech=NNP]
[Text=Ahai CharacterOffsetBegin=103 CharacterOffsetEnd=107 PartOfSpeech=NNP]
[Text=would CharacterOffsetBegin=108 CharacterOffsetEnd=113 PartOfSpeech=MD]
[Text=be CharacterOffsetBegin=114 CharacterOffsetEnd=116 PartOfSpeech=VB]
[Text=male CharacterOffsetBegin=117 CharacterOffsetEnd=121 PartOfSpeech=JJ]
[Text=. CharacterOffsetBegin=121 CharacterOffsetEnd=122 PartOfSpeech=.]
Sentence #2 (22 tokens):
However, since dragons are neither male nor female, it's highly possible that Daenerys could be the prophesied leader.
[Text=However CharacterOffsetBegin=123 CharacterOffsetEnd=130 PartOfSpeech=RB]
[Text=, CharacterOffsetBegin=130 CharacterOffsetEnd=131 PartOfSpeech=,]
[Text=since CharacterOffsetBegin=132 CharacterOffsetEnd=137 PartOfSpeech=IN]
[Text=dragons CharacterOffsetBegin=138 CharacterOffsetEnd=145 PartOfSpeech=NNS]
[Text=are CharacterOffsetBegin=146 CharacterOffsetEnd=149 PartOfSpeech=VBP]
[Text=neither CharacterOffsetBegin=150 CharacterOffsetEnd=157 PartOfSpeech=DT]
[Text=male CharacterOffsetBegin=158 CharacterOffsetEnd=162 PartOfSpeech=JJ]
[Text=nor CharacterOffsetBegin=163 CharacterOffsetEnd=166 PartOfSpeech=CC]
[Text=female CharacterOffsetBegin=167 CharacterOffsetEnd=173 PartOfSpeech=JJ]
[Text=, CharacterOffsetBegin=173 CharacterOffsetEnd=174 PartOfSpeech=,]
[Text=it CharacterOffsetBegin=175 CharacterOffsetEnd=177 PartOfSpeech=PRP]
[Text='s CharacterOffsetBegin=177 CharacterOffsetEnd=179 PartOfSpeech=VBZ]
[Text=highly CharacterOffsetBegin=180 CharacterOffsetEnd=186 PartOfSpeech=RB]
[Text=possible CharacterOffsetBegin=187 CharacterOffsetEnd=195 PartOfSpeech=JJ]
[Text=that CharacterOffsetBegin=196 CharacterOffsetEnd=200 PartOfSpeech=IN]
[Text=Daenerys CharacterOffsetBegin=201 CharacterOffsetEnd=209 PartOfSpeech=NNP]
[Text=could CharacterOffsetBegin=210 CharacterOffsetEnd=215 PartOfSpeech=MD]
[Text=be CharacterOffsetBegin=216 CharacterOffsetEnd=218 PartOfSpeech=VB]
[Text=the CharacterOffsetBegin=219 CharacterOffsetEnd=222 PartOfSpeech=DT]
[Text=prophesied CharacterOffsetBegin=223 CharacterOffsetEnd=233 PartOfSpeech=JJ]
[Text=leader CharacterOffsetBegin=234 CharacterOffsetEnd=240 PartOfSpeech=NN]
[Text=. CharacterOffsetBegin=240 CharacterOffsetEnd=241 PartOfSpeech=.]
Sentence #3 (33 tokens):
After all ... she was born on the island Dragonstone "amidst salt" and later reborn as the Mother of Dragons on Khal Drago's funeral pyre "amidst smoke."
[Text=After CharacterOffsetBegin=242 CharacterOffsetEnd=247 PartOfSpeech=IN]
[Text=all CharacterOffsetBegin=248 CharacterOffsetEnd=251 PartOfSpeech=DT]
[Text=... CharacterOffsetBegin=252 CharacterOffsetEnd=255 PartOfSpeech=:]
[Text=she CharacterOffsetBegin=256 CharacterOffsetEnd=259 PartOfSpeech=PRP]
[Text=was CharacterOffsetBegin=260 CharacterOffsetEnd=263 PartOfSpeech=VBD]
[Text=born CharacterOffsetBegin=264 CharacterOffsetEnd=268 PartOfSpeech=VBN]
[Text=on CharacterOffsetBegin=269 CharacterOffsetEnd=271 PartOfSpeech=IN]
[Text=the CharacterOffsetBegin=272 CharacterOffsetEnd=275 PartOfSpeech=DT]
[Text=island CharacterOffsetBegin=276 CharacterOffsetEnd=282 PartOfSpeech=NN]
[Text=Dragonstone CharacterOffsetBegin=283 CharacterOffsetEnd=294 PartOfSpeech=NN]
[Text=`` CharacterOffsetBegin=295 CharacterOffsetEnd=296 PartOfSpeech=``]
[Text=amidst CharacterOffsetBegin=296 CharacterOffsetEnd=302 PartOfSpeech=IN]
[Text=salt CharacterOffsetBegin=303 CharacterOffsetEnd=307 PartOfSpeech=NN]
[Text='' CharacterOffsetBegin=307 CharacterOffsetEnd=308 PartOfSpeech='']
[Text=and CharacterOffsetBegin=309 CharacterOffsetEnd=312 PartOfSpeech=CC]
[Text=later CharacterOffsetBegin=313 CharacterOffsetEnd=318 PartOfSpeech=RBR]
[Text=reborn CharacterOffsetBegin=319 CharacterOffsetEnd=325 PartOfSpeech=JJ]
[Text=as CharacterOffsetBegin=326 CharacterOffsetEnd=328 PartOfSpeech=IN]
[Text=the CharacterOffsetBegin=329 CharacterOffsetEnd=332 PartOfSpeech=DT]
[Text=Mother CharacterOffsetBegin=333 CharacterOffsetEnd=339 PartOfSpeech=NN]
[Text=of CharacterOffsetBegin=340 CharacterOffsetEnd=342 PartOfSpeech=IN]
[Text=Dragons CharacterOffsetBegin=343 CharacterOffsetEnd=350 PartOfSpeech=NNPS]
[Text=on CharacterOffsetBegin=351 CharacterOffsetEnd=353 PartOfSpeech=IN]
[Text=Khal CharacterOffsetBegin=354 CharacterOffsetEnd=358 PartOfSpeech=NNP]
[Text=Drago CharacterOffsetBegin=359 CharacterOffsetEnd=364 PartOfSpeech=NNP]
[Text='s CharacterOffsetBegin=364 CharacterOffsetEnd=366 PartOfSpeech=POS]
[Text=funeral CharacterOffsetBegin=367 CharacterOffsetEnd=374 PartOfSpeech=JJ]
[Text=pyre CharacterOffsetBegin=375 CharacterOffsetEnd=379 PartOfSpeech=NN]
[Text=`` CharacterOffsetBegin=380 CharacterOffsetEnd=381 PartOfSpeech=``]
[Text=amidst CharacterOffsetBegin=381 CharacterOffsetEnd=387 PartOfSpeech=IN]
[Text=smoke CharacterOffsetBegin=388 CharacterOffsetEnd=393 PartOfSpeech=NN]
[Text=. CharacterOffsetBegin=393 CharacterOffsetEnd=394 PartOfSpeech=.]
[Text='' CharacterOffsetBegin=394 CharacterOffsetEnd=395 PartOfSpeech='']
