Sentence #1 (8 tokens):
Jaqen H'Ghar is pulling all the strings.
[Text=Jaqen CharacterOffsetBegin=0 CharacterOffsetEnd=5 PartOfSpeech=JJ Lemma=jaqen NamedEntityTag=PERSON]
[Text=H'Ghar CharacterOffsetBegin=6 CharacterOffsetEnd=12 PartOfSpeech=NN Lemma=h'ghar NamedEntityTag=PERSON]
[Text=is CharacterOffsetBegin=13 CharacterOffsetEnd=15 PartOfSpeech=VBZ Lemma=be NamedEntityTag=O]
[Text=pulling CharacterOffsetBegin=16 CharacterOffsetEnd=23 PartOfSpeech=VBG Lemma=pull NamedEntityTag=O]
[Text=all CharacterOffsetBegin=24 CharacterOffsetEnd=27 PartOfSpeech=PDT Lemma=all NamedEntityTag=O]
[Text=the CharacterOffsetBegin=28 CharacterOffsetEnd=31 PartOfSpeech=DT Lemma=the NamedEntityTag=O]
[Text=strings CharacterOffsetBegin=32 CharacterOffsetEnd=39 PartOfSpeech=NNS Lemma=string NamedEntityTag=O]
[Text=. CharacterOffsetBegin=39 CharacterOffsetEnd=40 PartOfSpeech=. Lemma=. NamedEntityTag=O]
(ROOT
  (S
    (NP (JJ Jaqen) (NN H'Ghar))
    (VP (VBZ is)
      (VP (VBG pulling)
        (NP (PDT all) (DT the) (NNS strings))))
    (. .)))

root(ROOT-0, pulling-4)
amod(H'Ghar-2, Jaqen-1)
nsubj(pulling-4, H'Ghar-2)
aux(pulling-4, is-3)
det:predet(strings-7, all-5)
det(strings-7, the-6)
dobj(pulling-4, strings-7)
punct(pulling-4, .-8)

Sentence #2 (26 tokens):
In the books, Jaqen is assumed to be the "Alchemist" who murders Pate at the Citadel before taking on Pate's identity.
[Text=In CharacterOffsetBegin=42 CharacterOffsetEnd=44 PartOfSpeech=IN Lemma=in NamedEntityTag=O]
[Text=the CharacterOffsetBegin=45 CharacterOffsetEnd=48 PartOfSpeech=DT Lemma=the NamedEntityTag=O]
[Text=books CharacterOffsetBegin=49 CharacterOffsetEnd=54 PartOfSpeech=NNS Lemma=book NamedEntityTag=O]
[Text=, CharacterOffsetBegin=54 CharacterOffsetEnd=55 PartOfSpeech=, Lemma=, NamedEntityTag=O]
[Text=Jaqen CharacterOffsetBegin=56 CharacterOffsetEnd=61 PartOfSpeech=NNP Lemma=Jaqen NamedEntityTag=PERSON]
[Text=is CharacterOffsetBegin=62 CharacterOffsetEnd=64 PartOfSpeech=VBZ Lemma=be NamedEntityTag=O]
[Text=assumed CharacterOffsetBegin=65 CharacterOffsetEnd=72 PartOfSpeech=VBN Lemma=assume NamedEntityTag=O]
[Text=to CharacterOffsetBegin=73 CharacterOffsetEnd=75 PartOfSpeech=TO Lemma=to NamedEntityTag=O]
[Text=be CharacterOffsetBegin=76 CharacterOffsetEnd=78 PartOfSpeech=VB Lemma=be NamedEntityTag=O]
[Text=the CharacterOffsetBegin=79 CharacterOffsetEnd=82 PartOfSpeech=DT Lemma=the NamedEntityTag=O]
[Text=`` CharacterOffsetBegin=83 CharacterOffsetEnd=84 PartOfSpeech=`` Lemma=`` NamedEntityTag=O]
[Text=Alchemist CharacterOffsetBegin=84 CharacterOffsetEnd=93 PartOfSpeech=NNP Lemma=Alchemist NamedEntityTag=O]
[Text='' CharacterOffsetBegin=93 CharacterOffsetEnd=94 PartOfSpeech='' Lemma='' NamedEntityTag=O]
[Text=who CharacterOffsetBegin=95 CharacterOffsetEnd=98 PartOfSpeech=WP Lemma=who NamedEntityTag=O]
[Text=murders CharacterOffsetBegin=99 CharacterOffsetEnd=106 PartOfSpeech=NNS Lemma=murder NamedEntityTag=O]
[Text=Pate CharacterOffsetBegin=107 CharacterOffsetEnd=111 PartOfSpeech=NNP Lemma=Pate NamedEntityTag=PERSON]
[Text=at CharacterOffsetBegin=112 CharacterOffsetEnd=114 PartOfSpeech=IN Lemma=at NamedEntityTag=O]
[Text=the CharacterOffsetBegin=115 CharacterOffsetEnd=118 PartOfSpeech=DT Lemma=the NamedEntityTag=O]
[Text=Citadel CharacterOffsetBegin=119 CharacterOffsetEnd=126 PartOfSpeech=NNP Lemma=Citadel NamedEntityTag=ORGANIZATION]
[Text=before CharacterOffsetBegin=127 CharacterOffsetEnd=133 PartOfSpeech=IN Lemma=before NamedEntityTag=O]
[Text=taking CharacterOffsetBegin=134 CharacterOffsetEnd=140 PartOfSpeech=VBG Lemma=take NamedEntityTag=O]
[Text=on CharacterOffsetBegin=141 CharacterOffsetEnd=143 PartOfSpeech=RP Lemma=on NamedEntityTag=O]
[Text=Pate CharacterOffsetBegin=144 CharacterOffsetEnd=148 PartOfSpeech=NNP Lemma=Pate NamedEntityTag=PERSON]
[Text='s CharacterOffsetBegin=148 CharacterOffsetEnd=150 PartOfSpeech=POS Lemma='s NamedEntityTag=O]
[Text=identity CharacterOffsetBegin=151 CharacterOffsetEnd=159 PartOfSpeech=NN Lemma=identity NamedEntityTag=O]
[Text=. CharacterOffsetBegin=159 CharacterOffsetEnd=160 PartOfSpeech=. Lemma=. NamedEntityTag=O]
(ROOT
  (S
    (PP (IN In)
      (NP (DT the) (NNS books)))
    (, ,)
    (NP (NNP Jaqen))
    (VP (VBZ is)
      (VP (VBN assumed)
        (S
          (VP (TO to)
            (VP (VB be)
              (NP
                (NP (DT the) (`` ``) (NNP Alchemist) ('' ''))
                (SBAR
                  (WHNP (WP who))
                  (S
                    (NP (NNS murders))
                    (NP (NNP Pate)))))
              (PP (IN at)
                (NP (DT the) (NNP Citadel))))))
        (PP (IN before)
          (S
            (VP (VBG taking)
              (PRT (RP on))
              (NP
                (NP (NNP Pate) (POS 's))
                (NN identity)))))))
    (. .)))

root(ROOT-0, assumed-7)
case(books-3, In-1)
det(books-3, the-2)
nmod:in(assumed-7, books-3)
punct(assumed-7, ,-4)
nsubjpass(assumed-7, Jaqen-5)
nsubj:xsubj(Alchemist-12, Jaqen-5)
auxpass(assumed-7, is-6)
mark(Alchemist-12, to-8)
cop(Alchemist-12, be-9)
det(Alchemist-12, the-10)
punct(Alchemist-12, ``-11)
xcomp(assumed-7, Alchemist-12)
dep(Pate-16, Alchemist-12)
punct(Alchemist-12, ''-13)
ref(Alchemist-12, who-14)
dep(Pate-16, murders-15)
acl:relcl(Alchemist-12, Pate-16)
case(Citadel-19, at-17)
det(Citadel-19, the-18)
nmod:at(Alchemist-12, Citadel-19)
mark(taking-21, before-20)
advcl:before(assumed-7, taking-21)
compound:prt(taking-21, on-22)
nmod:poss(identity-25, Pate-23)
case(Pate-23, 's-24)
dobj(taking-21, identity-25)
punct(assumed-7, .-26)

Sentence #3 (25 tokens):
Balon Greyjoy is also seemingly murdered by a Faceless Man, who may or may not have been hired by Balon's brother Euron.
[Text=Balon CharacterOffsetBegin=161 CharacterOffsetEnd=166 PartOfSpeech=NNP Lemma=Balon NamedEntityTag=PERSON]
[Text=Greyjoy CharacterOffsetBegin=167 CharacterOffsetEnd=174 PartOfSpeech=NNP Lemma=Greyjoy NamedEntityTag=PERSON]
[Text=is CharacterOffsetBegin=175 CharacterOffsetEnd=177 PartOfSpeech=VBZ Lemma=be NamedEntityTag=O]
[Text=also CharacterOffsetBegin=178 CharacterOffsetEnd=182 PartOfSpeech=RB Lemma=also NamedEntityTag=O]
[Text=seemingly CharacterOffsetBegin=183 CharacterOffsetEnd=192 PartOfSpeech=RB Lemma=seemingly NamedEntityTag=O]
[Text=murdered CharacterOffsetBegin=193 CharacterOffsetEnd=201 PartOfSpeech=VBN Lemma=murder NamedEntityTag=O]
[Text=by CharacterOffsetBegin=202 CharacterOffsetEnd=204 PartOfSpeech=IN Lemma=by NamedEntityTag=O]
[Text=a CharacterOffsetBegin=205 CharacterOffsetEnd=206 PartOfSpeech=DT Lemma=a NamedEntityTag=O]
[Text=Faceless CharacterOffsetBegin=207 CharacterOffsetEnd=215 PartOfSpeech=JJ Lemma=faceless NamedEntityTag=MISC]
[Text=Man CharacterOffsetBegin=216 CharacterOffsetEnd=219 PartOfSpeech=NN Lemma=man NamedEntityTag=MISC]
[Text=, CharacterOffsetBegin=219 CharacterOffsetEnd=220 PartOfSpeech=, Lemma=, NamedEntityTag=O]
[Text=who CharacterOffsetBegin=221 CharacterOffsetEnd=224 PartOfSpeech=WP Lemma=who NamedEntityTag=O]
[Text=may CharacterOffsetBegin=225 CharacterOffsetEnd=228 PartOfSpeech=MD Lemma=may NamedEntityTag=O]
[Text=or CharacterOffsetBegin=229 CharacterOffsetEnd=231 PartOfSpeech=CC Lemma=or NamedEntityTag=O]
[Text=may CharacterOffsetBegin=232 CharacterOffsetEnd=235 PartOfSpeech=MD Lemma=may NamedEntityTag=O]
[Text=not CharacterOffsetBegin=236 CharacterOffsetEnd=239 PartOfSpeech=RB Lemma=not NamedEntityTag=O]
[Text=have CharacterOffsetBegin=240 CharacterOffsetEnd=244 PartOfSpeech=VB Lemma=have NamedEntityTag=O]
[Text=been CharacterOffsetBegin=245 CharacterOffsetEnd=249 PartOfSpeech=VBN Lemma=be NamedEntityTag=O]
[Text=hired CharacterOffsetBegin=250 CharacterOffsetEnd=255 PartOfSpeech=VBN Lemma=hire NamedEntityTag=O]
[Text=by CharacterOffsetBegin=256 CharacterOffsetEnd=258 PartOfSpeech=IN Lemma=by NamedEntityTag=O]
[Text=Balon CharacterOffsetBegin=259 CharacterOffsetEnd=264 PartOfSpeech=NNP Lemma=Balon NamedEntityTag=PERSON]
[Text='s CharacterOffsetBegin=264 CharacterOffsetEnd=266 PartOfSpeech=POS Lemma='s NamedEntityTag=O]
[Text=brother CharacterOffsetBegin=267 CharacterOffsetEnd=274 PartOfSpeech=NN Lemma=brother NamedEntityTag=O]
[Text=Euron CharacterOffsetBegin=275 CharacterOffsetEnd=280 PartOfSpeech=NNP Lemma=Euron NamedEntityTag=PERSON]
[Text=. CharacterOffsetBegin=280 CharacterOffsetEnd=281 PartOfSpeech=. Lemma=. NamedEntityTag=O]
(ROOT
  (S
    (NP (NNP Balon) (NNP Greyjoy))
    (VP (VBZ is)
      (ADVP (RB also))
      (VP
        (ADVP (RB seemingly))
        (VBN murdered)
        (PP (IN by)
          (NP
            (NP (DT a) (JJ Faceless) (NN Man))
            (, ,)
            (SBAR
              (WHNP (WP who))
              (S
                (VP (MD may)
                  (CC or)
                  (MD may) (RB not)
                  (VP (VB have)
                    (VP (VBN been)
                      (VP (VBN hired)
                        (PP (IN by)
                          (NP
                            (NP (NNP Balon) (POS 's))
                            (NN brother) (NNP Euron)))))))))))))
    (. .)))

root(ROOT-0, murdered-6)
compound(Greyjoy-2, Balon-1)
nsubjpass(murdered-6, Greyjoy-2)
auxpass(murdered-6, is-3)
advmod(murdered-6, also-4)
advmod(murdered-6, seemingly-5)
case(Man-10, by-7)
det(Man-10, a-8)
amod(Man-10, Faceless-9)
nmod:agent(murdered-6, Man-10)
nsubjpass(hired-19, Man-10)
punct(Man-10, ,-11)
ref(Man-10, who-12)
aux(hired-19, may-13)
cc(hired-19, or-14)
aux(hired-19, may-15)
neg(hired-19, not-16)
aux(hired-19, have-17)
auxpass(hired-19, been-18)
acl:relcl(Man-10, hired-19)
case(Euron-24, by-20)
nmod:poss(Euron-24, Balon-21)
case(Balon-21, 's-22)
compound(Euron-24, brother-23)
nmod:agent(hired-19, Euron-24)
punct(murdered-6, .-25)

Sentence #4 (47 tokens):
Regardless of whether both kills were committed by Jaqen himself, it's clear that he and the Faceless Men are interfering in the game of thrones - it's just not obvious whose side they're on, or how widespread this secret conspiracy goes.
[Text=Regardless CharacterOffsetBegin=282 CharacterOffsetEnd=292 PartOfSpeech=RB Lemma=regardless NamedEntityTag=O]
[Text=of CharacterOffsetBegin=293 CharacterOffsetEnd=295 PartOfSpeech=IN Lemma=of NamedEntityTag=O]
[Text=whether CharacterOffsetBegin=296 CharacterOffsetEnd=303 PartOfSpeech=IN Lemma=whether NamedEntityTag=O]
[Text=both CharacterOffsetBegin=304 CharacterOffsetEnd=308 PartOfSpeech=DT Lemma=both NamedEntityTag=O]
[Text=kills CharacterOffsetBegin=309 CharacterOffsetEnd=314 PartOfSpeech=VBZ Lemma=kill NamedEntityTag=O]
[Text=were CharacterOffsetBegin=315 CharacterOffsetEnd=319 PartOfSpeech=VBD Lemma=be NamedEntityTag=O]
[Text=committed CharacterOffsetBegin=320 CharacterOffsetEnd=329 PartOfSpeech=VBN Lemma=commit NamedEntityTag=O]
[Text=by CharacterOffsetBegin=330 CharacterOffsetEnd=332 PartOfSpeech=IN Lemma=by NamedEntityTag=O]
[Text=Jaqen CharacterOffsetBegin=333 CharacterOffsetEnd=338 PartOfSpeech=NNP Lemma=Jaqen NamedEntityTag=PERSON]
[Text=himself CharacterOffsetBegin=339 CharacterOffsetEnd=346 PartOfSpeech=PRP Lemma=himself NamedEntityTag=O]
[Text=, CharacterOffsetBegin=346 CharacterOffsetEnd=347 PartOfSpeech=, Lemma=, NamedEntityTag=O]
[Text=it CharacterOffsetBegin=348 CharacterOffsetEnd=350 PartOfSpeech=PRP Lemma=it NamedEntityTag=O]
[Text='s CharacterOffsetBegin=350 CharacterOffsetEnd=352 PartOfSpeech=VBZ Lemma=be NamedEntityTag=O]
[Text=clear CharacterOffsetBegin=353 CharacterOffsetEnd=358 PartOfSpeech=JJ Lemma=clear NamedEntityTag=O]
[Text=that CharacterOffsetBegin=359 CharacterOffsetEnd=363 PartOfSpeech=IN Lemma=that NamedEntityTag=O]
[Text=he CharacterOffsetBegin=364 CharacterOffsetEnd=366 PartOfSpeech=PRP Lemma=he NamedEntityTag=O]
[Text=and CharacterOffsetBegin=367 CharacterOffsetEnd=370 PartOfSpeech=CC Lemma=and NamedEntityTag=O]
[Text=the CharacterOffsetBegin=371 CharacterOffsetEnd=374 PartOfSpeech=DT Lemma=the NamedEntityTag=O]
[Text=Faceless CharacterOffsetBegin=375 CharacterOffsetEnd=383 PartOfSpeech=JJ Lemma=faceless NamedEntityTag=MISC]
[Text=Men CharacterOffsetBegin=384 CharacterOffsetEnd=387 PartOfSpeech=NN Lemma=men NamedEntityTag=MISC]
[Text=are CharacterOffsetBegin=388 CharacterOffsetEnd=391 PartOfSpeech=VBP Lemma=be NamedEntityTag=O]
[Text=interfering CharacterOffsetBegin=392 CharacterOffsetEnd=403 PartOfSpeech=VBG Lemma=interfere NamedEntityTag=O]
[Text=in CharacterOffsetBegin=404 CharacterOffsetEnd=406 PartOfSpeech=IN Lemma=in NamedEntityTag=O]
[Text=the CharacterOffsetBegin=407 CharacterOffsetEnd=410 PartOfSpeech=DT Lemma=the NamedEntityTag=O]
[Text=game CharacterOffsetBegin=411 CharacterOffsetEnd=415 PartOfSpeech=NN Lemma=game NamedEntityTag=O]
[Text=of CharacterOffsetBegin=416 CharacterOffsetEnd=418 PartOfSpeech=IN Lemma=of NamedEntityTag=O]
[Text=thrones CharacterOffsetBegin=419 CharacterOffsetEnd=426 PartOfSpeech=NNS Lemma=throne NamedEntityTag=O]
[Text=- CharacterOffsetBegin=427 CharacterOffsetEnd=428 PartOfSpeech=: Lemma=- NamedEntityTag=O]
[Text=it CharacterOffsetBegin=429 CharacterOffsetEnd=431 PartOfSpeech=PRP Lemma=it NamedEntityTag=O]
[Text='s CharacterOffsetBegin=431 CharacterOffsetEnd=433 PartOfSpeech=VBZ Lemma=be NamedEntityTag=O]
[Text=just CharacterOffsetBegin=434 CharacterOffsetEnd=438 PartOfSpeech=RB Lemma=just NamedEntityTag=O]
[Text=not CharacterOffsetBegin=439 CharacterOffsetEnd=442 PartOfSpeech=RB Lemma=not NamedEntityTag=O]
[Text=obvious CharacterOffsetBegin=443 CharacterOffsetEnd=450 PartOfSpeech=JJ Lemma=obvious NamedEntityTag=O]
[Text=whose CharacterOffsetBegin=451 CharacterOffsetEnd=456 PartOfSpeech=WP$ Lemma=whose NamedEntityTag=O]
[Text=side CharacterOffsetBegin=457 CharacterOffsetEnd=461 PartOfSpeech=NN Lemma=side NamedEntityTag=O]
[Text=they CharacterOffsetBegin=462 CharacterOffsetEnd=466 PartOfSpeech=PRP Lemma=they NamedEntityTag=O]
[Text='re CharacterOffsetBegin=466 CharacterOffsetEnd=469 PartOfSpeech=VBP Lemma=be NamedEntityTag=O]
[Text=on CharacterOffsetBegin=470 CharacterOffsetEnd=472 PartOfSpeech=IN Lemma=on NamedEntityTag=O]
[Text=, CharacterOffsetBegin=472 CharacterOffsetEnd=473 PartOfSpeech=, Lemma=, NamedEntityTag=O]
[Text=or CharacterOffsetBegin=474 CharacterOffsetEnd=476 PartOfSpeech=CC Lemma=or NamedEntityTag=O]
[Text=how CharacterOffsetBegin=477 CharacterOffsetEnd=480 PartOfSpeech=WRB Lemma=how NamedEntityTag=O]
[Text=widespread CharacterOffsetBegin=481 CharacterOffsetEnd=491 PartOfSpeech=JJ Lemma=widespread NamedEntityTag=O]
[Text=this CharacterOffsetBegin=492 CharacterOffsetEnd=496 PartOfSpeech=DT Lemma=this NamedEntityTag=O]
[Text=secret CharacterOffsetBegin=497 CharacterOffsetEnd=503 PartOfSpeech=JJ Lemma=secret NamedEntityTag=O]
[Text=conspiracy CharacterOffsetBegin=504 CharacterOffsetEnd=514 PartOfSpeech=NN Lemma=conspiracy NamedEntityTag=O]
[Text=goes CharacterOffsetBegin=515 CharacterOffsetEnd=519 PartOfSpeech=VBZ Lemma=go NamedEntityTag=O]
[Text=. CharacterOffsetBegin=519 CharacterOffsetEnd=520 PartOfSpeech=. Lemma=. NamedEntityTag=O]
(ROOT
  (S
    (S
      (ADVP (RB Regardless)
        (PP (IN of)
          (SBAR (IN whether)
            (S
              (NP (DT both))
              (VP (VBZ kills)
                (SBAR
                  (S
                    (VP (VBD were)
                      (VP (VBN committed)
                        (PP (IN by)
                          (NP (NNP Jaqen)))))
                    (NP (PRP himself)))))))))
      (, ,)
      (NP (PRP it))
      (VP (VBZ 's)
        (ADJP (JJ clear))
        (SBAR (IN that)
          (S
            (NP
              (NP (PRP he))
              (CC and)
              (NP (DT the) (JJ Faceless) (NN Men)))
            (VP (VBP are)
              (VP (VBG interfering)
                (PP (IN in)
                  (NP
                    (NP (DT the) (NN game))
                    (PP (IN of)
                      (NP (NNS thrones)))))))))))
    (: -)
    (S
      (NP (PRP it))
      (VP (VBZ 's)
        (ADVP (RB just))
        (RB not)
        (ADJP (JJ obvious))
        (SBAR
          (SBAR
            (WHNP (WP$ whose) (NN side))
            (S
              (NP (PRP they))
              (VP (VBP 're)
                (PP (IN on)))))
          (, ,)
          (CC or)
          (SBAR
            (WHADVP (WRB how))
            (S
              (NP (JJ widespread) (DT this) (JJ secret) (NN conspiracy))
              (VP (VBZ goes)))))))
    (. .)))

root(ROOT-0, clear-14)
advmod(clear-14, Regardless-1)
mark(kills-5, of-2)
mark(kills-5, whether-3)
nsubj(kills-5, both-4)
advcl:whether(Regardless-1, kills-5)
auxpass(committed-7, were-6)
ccomp(kills-5, committed-7)
case(Jaqen-9, by-8)
nmod:agent(committed-7, Jaqen-9)
nsubjpass(committed-7, himself-10)
punct(clear-14, ,-11)
nsubj(clear-14, it-12)
cop(clear-14, 's-13)
mark(interfering-22, that-15)
nsubj(interfering-22, he-16)
cc(he-16, and-17)
det(Men-20, the-18)
amod(Men-20, Faceless-19)
conj:and(he-16, Men-20)
nsubj(interfering-22, Men-20)
aux(interfering-22, are-21)
ccomp(clear-14, interfering-22)
case(game-25, in-23)
det(game-25, the-24)
nmod:in(interfering-22, game-25)
case(thrones-27, of-26)
nmod:of(game-25, thrones-27)
punct(clear-14, --28)
nsubj(obvious-33, it-29)
cop(obvious-33, 's-30)
advmod(obvious-33, just-31)
neg(obvious-33, not-32)
parataxis(clear-14, obvious-33)
nmod:poss(side-35, whose-34)
dobj(on-38, side-35)
nsubj(on-38, they-36)
cop(on-38, 're-37)
dep(obvious-33, on-38)
punct(on-38, ,-39)
cc(on-38, or-40)
advmod(goes-46, how-41)
amod(conspiracy-45, widespread-42)
det(conspiracy-45, this-43)
amod(conspiracy-45, secret-44)
nsubj(goes-46, conspiracy-45)
dep(obvious-33, goes-46)
conj:or(on-38, goes-46)
punct(clear-14, .-47)

Coreference set:
	(4,9,[9,10]) -> (2,5,[5,6]), that is: "Jaqen" -> "Jaqen"
	(4,10,[10,11]) -> (2,5,[5,6]), that is: "himself" -> "Jaqen"
	(4,16,[16,17]) -> (2,5,[5,6]), that is: "he" -> "Jaqen"
Coreference set:
	(2,23,[23,25]) -> (2,16,[16,17]), that is: "Pate 's" -> "Pate"
Coreference set:
	(3,21,[21,23]) -> (3,2,[1,3]), that is: "Balon 's" -> "Balon Greyjoy"
Coreference set:
	(4,12,[12,13]) -> (4,4,[4,5]), that is: "it" -> "both"
	(4,29,[29,30]) -> (4,4,[4,5]), that is: "it" -> "both"
Coreference set:
	(4,36,[36,37]) -> (4,16,[16,21]), that is: "they" -> "he and the Faceless Men"
