Sentence #1 (22 tokens):
The Night's King is a Stark

We've now seen the way that the Night's King came to be.
[Text=The CharacterOffsetBegin=0 CharacterOffsetEnd=3 PartOfSpeech=DT]
[Text=Night CharacterOffsetBegin=4 CharacterOffsetEnd=9 PartOfSpeech=NNP]
[Text='s CharacterOffsetBegin=9 CharacterOffsetEnd=11 PartOfSpeech=POS]
[Text=King CharacterOffsetBegin=12 CharacterOffsetEnd=16 PartOfSpeech=NNP]
[Text=is CharacterOffsetBegin=17 CharacterOffsetEnd=19 PartOfSpeech=VBZ]
[Text=a CharacterOffsetBegin=20 CharacterOffsetEnd=21 PartOfSpeech=DT]
[Text=Stark CharacterOffsetBegin=22 CharacterOffsetEnd=27 PartOfSpeech=NNP]
[Text=We CharacterOffsetBegin=29 CharacterOffsetEnd=31 PartOfSpeech=PRP]
[Text='ve CharacterOffsetBegin=31 CharacterOffsetEnd=34 PartOfSpeech=VBP]
[Text=now CharacterOffsetBegin=35 CharacterOffsetEnd=38 PartOfSpeech=RB]
[Text=seen CharacterOffsetBegin=39 CharacterOffsetEnd=43 PartOfSpeech=VBN]
[Text=the CharacterOffsetBegin=44 CharacterOffsetEnd=47 PartOfSpeech=DT]
[Text=way CharacterOffsetBegin=48 CharacterOffsetEnd=51 PartOfSpeech=NN]
[Text=that CharacterOffsetBegin=52 CharacterOffsetEnd=56 PartOfSpeech=IN]
[Text=the CharacterOffsetBegin=57 CharacterOffsetEnd=60 PartOfSpeech=DT]
[Text=Night CharacterOffsetBegin=61 CharacterOffsetEnd=66 PartOfSpeech=NNP]
[Text='s CharacterOffsetBegin=66 CharacterOffsetEnd=68 PartOfSpeech=POS]
[Text=King CharacterOffsetBegin=69 CharacterOffsetEnd=73 PartOfSpeech=NNP]
[Text=came CharacterOffsetBegin=74 CharacterOffsetEnd=78 PartOfSpeech=VBD]
[Text=to CharacterOffsetBegin=79 CharacterOffsetEnd=81 PartOfSpeech=TO]
[Text=be CharacterOffsetBegin=82 CharacterOffsetEnd=84 PartOfSpeech=VB]
[Text=. CharacterOffsetBegin=84 CharacterOffsetEnd=85 PartOfSpeech=.]
Sentence #2 (24 tokens):
He was created by the Children of the Forest as, essentially, a defense mechanism, one that has since gone rogue.
[Text=He CharacterOffsetBegin=86 CharacterOffsetEnd=88 PartOfSpeech=PRP]
[Text=was CharacterOffsetBegin=89 CharacterOffsetEnd=92 PartOfSpeech=VBD]
[Text=created CharacterOffsetBegin=93 CharacterOffsetEnd=100 PartOfSpeech=VBN]
[Text=by CharacterOffsetBegin=101 CharacterOffsetEnd=103 PartOfSpeech=IN]
[Text=the CharacterOffsetBegin=104 CharacterOffsetEnd=107 PartOfSpeech=DT]
[Text=Children CharacterOffsetBegin=108 CharacterOffsetEnd=116 PartOfSpeech=NNP]
[Text=of CharacterOffsetBegin=117 CharacterOffsetEnd=119 PartOfSpeech=IN]
[Text=the CharacterOffsetBegin=120 CharacterOffsetEnd=123 PartOfSpeech=DT]
[Text=Forest CharacterOffsetBegin=124 CharacterOffsetEnd=130 PartOfSpeech=NN]
[Text=as CharacterOffsetBegin=131 CharacterOffsetEnd=133 PartOfSpeech=IN]
[Text=, CharacterOffsetBegin=133 CharacterOffsetEnd=134 PartOfSpeech=,]
[Text=essentially CharacterOffsetBegin=135 CharacterOffsetEnd=146 PartOfSpeech=RB]
[Text=, CharacterOffsetBegin=146 CharacterOffsetEnd=147 PartOfSpeech=,]
[Text=a CharacterOffsetBegin=148 CharacterOffsetEnd=149 PartOfSpeech=DT]
[Text=defense CharacterOffsetBegin=150 CharacterOffsetEnd=157 PartOfSpeech=NN]
[Text=mechanism CharacterOffsetBegin=158 CharacterOffsetEnd=167 PartOfSpeech=NN]
[Text=, CharacterOffsetBegin=167 CharacterOffsetEnd=168 PartOfSpeech=,]
[Text=one CharacterOffsetBegin=169 CharacterOffsetEnd=172 PartOfSpeech=CD]
[Text=that CharacterOffsetBegin=173 CharacterOffsetEnd=177 PartOfSpeech=WDT]
[Text=has CharacterOffsetBegin=178 CharacterOffsetEnd=181 PartOfSpeech=VBZ]
[Text=since CharacterOffsetBegin=182 CharacterOffsetEnd=187 PartOfSpeech=IN]
[Text=gone CharacterOffsetBegin=188 CharacterOffsetEnd=192 PartOfSpeech=VBN]
[Text=rogue CharacterOffsetBegin=193 CharacterOffsetEnd=198 PartOfSpeech=NN]
[Text=. CharacterOffsetBegin=198 CharacterOffsetEnd=199 PartOfSpeech=.]
Sentence #3 (46 tokens):
Legend has it, the Night's King was the 13th Lord Commander of the Night's Watch, who became the de facto leader of the White Walkers after falling in love with a woman whose "skin was as cold as ice."
[Text=Legend CharacterOffsetBegin=201 CharacterOffsetEnd=207 PartOfSpeech=NNP]
[Text=has CharacterOffsetBegin=208 CharacterOffsetEnd=211 PartOfSpeech=VBZ]
[Text=it CharacterOffsetBegin=212 CharacterOffsetEnd=214 PartOfSpeech=PRP]
[Text=, CharacterOffsetBegin=214 CharacterOffsetEnd=215 PartOfSpeech=,]
[Text=the CharacterOffsetBegin=216 CharacterOffsetEnd=219 PartOfSpeech=DT]
[Text=Night CharacterOffsetBegin=220 CharacterOffsetEnd=225 PartOfSpeech=NNP]
[Text='s CharacterOffsetBegin=225 CharacterOffsetEnd=227 PartOfSpeech=POS]
[Text=King CharacterOffsetBegin=228 CharacterOffsetEnd=232 PartOfSpeech=NNP]
[Text=was CharacterOffsetBegin=233 CharacterOffsetEnd=236 PartOfSpeech=VBD]
[Text=the CharacterOffsetBegin=237 CharacterOffsetEnd=240 PartOfSpeech=DT]
[Text=13th CharacterOffsetBegin=241 CharacterOffsetEnd=245 PartOfSpeech=JJ]
[Text=Lord CharacterOffsetBegin=246 CharacterOffsetEnd=250 PartOfSpeech=NNP]
[Text=Commander CharacterOffsetBegin=251 CharacterOffsetEnd=260 PartOfSpeech=NNP]
[Text=of CharacterOffsetBegin=261 CharacterOffsetEnd=263 PartOfSpeech=IN]
[Text=the CharacterOffsetBegin=264 CharacterOffsetEnd=267 PartOfSpeech=DT]
[Text=Night CharacterOffsetBegin=268 CharacterOffsetEnd=273 PartOfSpeech=NNP]
[Text='s CharacterOffsetBegin=273 CharacterOffsetEnd=275 PartOfSpeech=POS]
[Text=Watch CharacterOffsetBegin=276 CharacterOffsetEnd=281 PartOfSpeech=NNP]
[Text=, CharacterOffsetBegin=281 CharacterOffsetEnd=282 PartOfSpeech=,]
[Text=who CharacterOffsetBegin=283 CharacterOffsetEnd=286 PartOfSpeech=WP]
[Text=became CharacterOffsetBegin=287 CharacterOffsetEnd=293 PartOfSpeech=VBD]
[Text=the CharacterOffsetBegin=294 CharacterOffsetEnd=297 PartOfSpeech=DT]
[Text=de CharacterOffsetBegin=298 CharacterOffsetEnd=300 PartOfSpeech=FW]
[Text=facto CharacterOffsetBegin=301 CharacterOffsetEnd=306 PartOfSpeech=FW]
[Text=leader CharacterOffsetBegin=307 CharacterOffsetEnd=313 PartOfSpeech=NN]
[Text=of CharacterOffsetBegin=314 CharacterOffsetEnd=316 PartOfSpeech=IN]
[Text=the CharacterOffsetBegin=317 CharacterOffsetEnd=320 PartOfSpeech=DT]
[Text=White CharacterOffsetBegin=321 CharacterOffsetEnd=326 PartOfSpeech=NNP]
[Text=Walkers CharacterOffsetBegin=327 CharacterOffsetEnd=334 PartOfSpeech=NNPS]
[Text=after CharacterOffsetBegin=335 CharacterOffsetEnd=340 PartOfSpeech=IN]
[Text=falling CharacterOffsetBegin=341 CharacterOffsetEnd=348 PartOfSpeech=VBG]
[Text=in CharacterOffsetBegin=349 CharacterOffsetEnd=351 PartOfSpeech=IN]
[Text=love CharacterOffsetBegin=352 CharacterOffsetEnd=356 PartOfSpeech=NN]
[Text=with CharacterOffsetBegin=357 CharacterOffsetEnd=361 PartOfSpeech=IN]
[Text=a CharacterOffsetBegin=362 CharacterOffsetEnd=363 PartOfSpeech=DT]
[Text=woman CharacterOffsetBegin=364 CharacterOffsetEnd=369 PartOfSpeech=NN]
[Text=whose CharacterOffsetBegin=370 CharacterOffsetEnd=375 PartOfSpeech=WP$]
[Text=`` CharacterOffsetBegin=376 CharacterOffsetEnd=377 PartOfSpeech=``]
[Text=skin CharacterOffsetBegin=377 CharacterOffsetEnd=381 PartOfSpeech=NN]
[Text=was CharacterOffsetBegin=382 CharacterOffsetEnd=385 PartOfSpeech=VBD]
[Text=as CharacterOffsetBegin=386 CharacterOffsetEnd=388 PartOfSpeech=IN]
[Text=cold CharacterOffsetBegin=389 CharacterOffsetEnd=393 PartOfSpeech=JJ]
[Text=as CharacterOffsetBegin=394 CharacterOffsetEnd=396 PartOfSpeech=IN]
[Text=ice CharacterOffsetBegin=397 CharacterOffsetEnd=400 PartOfSpeech=NN]
[Text=. CharacterOffsetBegin=400 CharacterOffsetEnd=401 PartOfSpeech=.]
[Text='' CharacterOffsetBegin=401 CharacterOffsetEnd=402 PartOfSpeech='']
Sentence #4 (11 tokens):
That legend doesn't quite seem to be true anymore.
[Text=That CharacterOffsetBegin=403 CharacterOffsetEnd=407 PartOfSpeech=DT]
[Text=legend CharacterOffsetBegin=408 CharacterOffsetEnd=414 PartOfSpeech=NN]
[Text=does CharacterOffsetBegin=415 CharacterOffsetEnd=419 PartOfSpeech=VBZ]
[Text=n't CharacterOffsetBegin=419 CharacterOffsetEnd=422 PartOfSpeech=RB]
[Text=quite CharacterOffsetBegin=423 CharacterOffsetEnd=428 PartOfSpeech=RB]
[Text=seem CharacterOffsetBegin=429 CharacterOffsetEnd=433 PartOfSpeech=VB]
[Text=to CharacterOffsetBegin=434 CharacterOffsetEnd=436 PartOfSpeech=TO]
[Text=be CharacterOffsetBegin=437 CharacterOffsetEnd=439 PartOfSpeech=VB]
[Text=true CharacterOffsetBegin=440 CharacterOffsetEnd=444 PartOfSpeech=JJ]
[Text=anymore CharacterOffsetBegin=445 CharacterOffsetEnd=452 PartOfSpeech=RB]
[Text=. CharacterOffsetBegin=452 CharacterOffsetEnd=453 PartOfSpeech=.]
Sentence #5 (19 tokens):
But ... according to Old Nan, this commander (besotted or not) was ... Brandon Stark.
[Text=But CharacterOffsetBegin=454 CharacterOffsetEnd=457 PartOfSpeech=CC]
[Text=... CharacterOffsetBegin=458 CharacterOffsetEnd=461 PartOfSpeech=:]
[Text=according CharacterOffsetBegin=462 CharacterOffsetEnd=471 PartOfSpeech=VBG]
[Text=to CharacterOffsetBegin=472 CharacterOffsetEnd=474 PartOfSpeech=TO]
[Text=Old CharacterOffsetBegin=475 CharacterOffsetEnd=478 PartOfSpeech=NNP]
[Text=Nan CharacterOffsetBegin=479 CharacterOffsetEnd=482 PartOfSpeech=NNP]
[Text=, CharacterOffsetBegin=482 CharacterOffsetEnd=483 PartOfSpeech=,]
[Text=this CharacterOffsetBegin=484 CharacterOffsetEnd=488 PartOfSpeech=DT]
[Text=commander CharacterOffsetBegin=489 CharacterOffsetEnd=498 PartOfSpeech=NN]
[Text=-LRB- CharacterOffsetBegin=499 CharacterOffsetEnd=500 PartOfSpeech=-LRB-]
[Text=besotted CharacterOffsetBegin=500 CharacterOffsetEnd=508 PartOfSpeech=JJ]
[Text=or CharacterOffsetBegin=509 CharacterOffsetEnd=511 PartOfSpeech=CC]
[Text=not CharacterOffsetBegin=512 CharacterOffsetEnd=515 PartOfSpeech=RB]
[Text=-RRB- CharacterOffsetBegin=515 CharacterOffsetEnd=516 PartOfSpeech=-RRB-]
[Text=was CharacterOffsetBegin=517 CharacterOffsetEnd=520 PartOfSpeech=VBD]
[Text=... CharacterOffsetBegin=521 CharacterOffsetEnd=524 PartOfSpeech=:]
[Text=Brandon CharacterOffsetBegin=525 CharacterOffsetEnd=532 PartOfSpeech=NNP]
[Text=Stark CharacterOffsetBegin=533 CharacterOffsetEnd=538 PartOfSpeech=NNP]
[Text=. CharacterOffsetBegin=538 CharacterOffsetEnd=539 PartOfSpeech=.]
Sentence #6 (26 tokens):
It's not clear whether the poor sap who had a piece of dragon glass shoved into his heart could technically be a Stark ancestor.
[Text=It CharacterOffsetBegin=541 CharacterOffsetEnd=543 PartOfSpeech=PRP]
[Text='s CharacterOffsetBegin=543 CharacterOffsetEnd=545 PartOfSpeech=VBZ]
[Text=not CharacterOffsetBegin=546 CharacterOffsetEnd=549 PartOfSpeech=RB]
[Text=clear CharacterOffsetBegin=550 CharacterOffsetEnd=555 PartOfSpeech=JJ]
[Text=whether CharacterOffsetBegin=556 CharacterOffsetEnd=563 PartOfSpeech=IN]
[Text=the CharacterOffsetBegin=564 CharacterOffsetEnd=567 PartOfSpeech=DT]
[Text=poor CharacterOffsetBegin=568 CharacterOffsetEnd=572 PartOfSpeech=JJ]
[Text=sap CharacterOffsetBegin=573 CharacterOffsetEnd=576 PartOfSpeech=VBP]
[Text=who CharacterOffsetBegin=577 CharacterOffsetEnd=580 PartOfSpeech=WP]
[Text=had CharacterOffsetBegin=581 CharacterOffsetEnd=584 PartOfSpeech=VBD]
[Text=a CharacterOffsetBegin=585 CharacterOffsetEnd=586 PartOfSpeech=DT]
[Text=piece CharacterOffsetBegin=587 CharacterOffsetEnd=592 PartOfSpeech=NN]
[Text=of CharacterOffsetBegin=593 CharacterOffsetEnd=595 PartOfSpeech=IN]
[Text=dragon CharacterOffsetBegin=596 CharacterOffsetEnd=602 PartOfSpeech=NN]
[Text=glass CharacterOffsetBegin=603 CharacterOffsetEnd=608 PartOfSpeech=NN]
[Text=shoved CharacterOffsetBegin=609 CharacterOffsetEnd=615 PartOfSpeech=VBD]
[Text=into CharacterOffsetBegin=616 CharacterOffsetEnd=620 PartOfSpeech=IN]
[Text=his CharacterOffsetBegin=621 CharacterOffsetEnd=624 PartOfSpeech=PRP$]
[Text=heart CharacterOffsetBegin=625 CharacterOffsetEnd=630 PartOfSpeech=NN]
[Text=could CharacterOffsetBegin=631 CharacterOffsetEnd=636 PartOfSpeech=MD]
[Text=technically CharacterOffsetBegin=637 CharacterOffsetEnd=648 PartOfSpeech=RB]
[Text=be CharacterOffsetBegin=649 CharacterOffsetEnd=651 PartOfSpeech=VB]
[Text=a CharacterOffsetBegin=652 CharacterOffsetEnd=653 PartOfSpeech=DT]
[Text=Stark CharacterOffsetBegin=654 CharacterOffsetEnd=659 PartOfSpeech=NNP]
[Text=ancestor CharacterOffsetBegin=660 CharacterOffsetEnd=668 PartOfSpeech=NN]
[Text=. CharacterOffsetBegin=668 CharacterOffsetEnd=669 PartOfSpeech=.]
Sentence #7 (23 tokens):
But if he is, then his interest in Jon at Hardhome could be explained as the villainous leader recognizing his kin.
[Text=But CharacterOffsetBegin=670 CharacterOffsetEnd=673 PartOfSpeech=CC]
[Text=if CharacterOffsetBegin=674 CharacterOffsetEnd=676 PartOfSpeech=IN]
[Text=he CharacterOffsetBegin=677 CharacterOffsetEnd=679 PartOfSpeech=PRP]
[Text=is CharacterOffsetBegin=680 CharacterOffsetEnd=682 PartOfSpeech=VBZ]
[Text=, CharacterOffsetBegin=682 CharacterOffsetEnd=683 PartOfSpeech=,]
[Text=then CharacterOffsetBegin=684 CharacterOffsetEnd=688 PartOfSpeech=RB]
[Text=his CharacterOffsetBegin=689 CharacterOffsetEnd=692 PartOfSpeech=PRP$]
[Text=interest CharacterOffsetBegin=693 CharacterOffsetEnd=701 PartOfSpeech=NN]
[Text=in CharacterOffsetBegin=702 CharacterOffsetEnd=704 PartOfSpeech=IN]
[Text=Jon CharacterOffsetBegin=705 CharacterOffsetEnd=708 PartOfSpeech=NNP]
[Text=at CharacterOffsetBegin=709 CharacterOffsetEnd=711 PartOfSpeech=IN]
[Text=Hardhome CharacterOffsetBegin=712 CharacterOffsetEnd=720 PartOfSpeech=NNP]
[Text=could CharacterOffsetBegin=721 CharacterOffsetEnd=726 PartOfSpeech=MD]
[Text=be CharacterOffsetBegin=727 CharacterOffsetEnd=729 PartOfSpeech=VB]
[Text=explained CharacterOffsetBegin=730 CharacterOffsetEnd=739 PartOfSpeech=VBN]
[Text=as CharacterOffsetBegin=740 CharacterOffsetEnd=742 PartOfSpeech=IN]
[Text=the CharacterOffsetBegin=743 CharacterOffsetEnd=746 PartOfSpeech=DT]
[Text=villainous CharacterOffsetBegin=747 CharacterOffsetEnd=757 PartOfSpeech=JJ]
[Text=leader CharacterOffsetBegin=758 CharacterOffsetEnd=764 PartOfSpeech=NN]
[Text=recognizing CharacterOffsetBegin=765 CharacterOffsetEnd=776 PartOfSpeech=VBG]
[Text=his CharacterOffsetBegin=777 CharacterOffsetEnd=780 PartOfSpeech=PRP$]
[Text=kin CharacterOffsetBegin=781 CharacterOffsetEnd=784 PartOfSpeech=NN]
[Text=. CharacterOffsetBegin=784 CharacterOffsetEnd=785 PartOfSpeech=.]
