Sentence #1 (8 tokens):
Syrio Forel & Jaquen H'ghar Are One.
[Text=Syrio CharacterOffsetBegin=0 CharacterOffsetEnd=5 PartOfSpeech=NNP Lemma=Syrio NamedEntityTag=O]
[Text=Forel CharacterOffsetBegin=6 CharacterOffsetEnd=11 PartOfSpeech=NNP Lemma=Forel NamedEntityTag=O]
[Text=& CharacterOffsetBegin=12 CharacterOffsetEnd=13 PartOfSpeech=CC Lemma=& NamedEntityTag=O]
[Text=Jaquen CharacterOffsetBegin=14 CharacterOffsetEnd=20 PartOfSpeech=NNP Lemma=Jaquen NamedEntityTag=O]
[Text=H'ghar CharacterOffsetBegin=21 CharacterOffsetEnd=27 PartOfSpeech=NNP Lemma=H'ghar NamedEntityTag=O]
[Text=Are CharacterOffsetBegin=28 CharacterOffsetEnd=31 PartOfSpeech=VBP Lemma=be NamedEntityTag=O]
[Text=One CharacterOffsetBegin=32 CharacterOffsetEnd=35 PartOfSpeech=CD Lemma=one NamedEntityTag=NUMBER NormalizedNamedEntityTag=1.0]
[Text=. CharacterOffsetBegin=35 CharacterOffsetEnd=36 PartOfSpeech=. Lemma=. NamedEntityTag=O]
(ROOT
  (S
    (NP (NNP Syrio) (NNP Forel)
      (CC &)
      (NNP Jaquen) (NNP H'ghar))
    (VP (VBP Are)
      (NP (CD One)))
    (. .)))

root(ROOT-0, One-7)
compound(Forel-2, Syrio-1)
nsubj(One-7, Forel-2)
cc(Forel-2, &-3)
compound(H'ghar-5, Jaquen-4)
conj:&(Forel-2, H'ghar-5)
nsubj(One-7, H'ghar-5)
cop(One-7, Are-6)
punct(One-7, .-8)

Sentence #2 (11 tokens):
This one has a little evidence to back it up.
[Text=This CharacterOffsetBegin=37 CharacterOffsetEnd=41 PartOfSpeech=DT Lemma=this NamedEntityTag=O]
[Text=one CharacterOffsetBegin=42 CharacterOffsetEnd=45 PartOfSpeech=NN Lemma=one NamedEntityTag=NUMBER NormalizedNamedEntityTag=1.0]
[Text=has CharacterOffsetBegin=46 CharacterOffsetEnd=49 PartOfSpeech=VBZ Lemma=have NamedEntityTag=O]
[Text=a CharacterOffsetBegin=50 CharacterOffsetEnd=51 PartOfSpeech=DT Lemma=a NamedEntityTag=O]
[Text=little CharacterOffsetBegin=52 CharacterOffsetEnd=58 PartOfSpeech=JJ Lemma=little NamedEntityTag=O]
[Text=evidence CharacterOffsetBegin=59 CharacterOffsetEnd=67 PartOfSpeech=NN Lemma=evidence NamedEntityTag=O]
[Text=to CharacterOffsetBegin=68 CharacterOffsetEnd=70 PartOfSpeech=TO Lemma=to NamedEntityTag=O]
[Text=back CharacterOffsetBegin=71 CharacterOffsetEnd=75 PartOfSpeech=VB Lemma=back NamedEntityTag=O]
[Text=it CharacterOffsetBegin=76 CharacterOffsetEnd=78 PartOfSpeech=PRP Lemma=it NamedEntityTag=O]
[Text=up CharacterOffsetBegin=79 CharacterOffsetEnd=81 PartOfSpeech=RP Lemma=up NamedEntityTag=O]
[Text=. CharacterOffsetBegin=81 CharacterOffsetEnd=82 PartOfSpeech=. Lemma=. NamedEntityTag=O]
(ROOT
  (S
    (NP (DT This) (NN one))
    (VP (VBZ has)
      (NP (DT a) (JJ little) (NN evidence)
        (S
          (VP (TO to)
            (VP (VB back)
              (NP (PRP it))
              (PRT (RP up)))))))
    (. .)))

root(ROOT-0, has-3)
det(one-2, This-1)
nsubj(has-3, one-2)
det(evidence-6, a-4)
amod(evidence-6, little-5)
dobj(has-3, evidence-6)
mark(back-8, to-7)
acl:to(evidence-6, back-8)
dobj(back-8, it-9)
compound:prt(back-8, up-10)
punct(has-3, .-11)

Sentence #3 (19 tokens):
A theory has been circulating for a while now that these two men are one in the same.
[Text=A CharacterOffsetBegin=83 CharacterOffsetEnd=84 PartOfSpeech=DT Lemma=a NamedEntityTag=O]
[Text=theory CharacterOffsetBegin=85 CharacterOffsetEnd=91 PartOfSpeech=NN Lemma=theory NamedEntityTag=O]
[Text=has CharacterOffsetBegin=92 CharacterOffsetEnd=95 PartOfSpeech=VBZ Lemma=have NamedEntityTag=O]
[Text=been CharacterOffsetBegin=96 CharacterOffsetEnd=100 PartOfSpeech=VBN Lemma=be NamedEntityTag=O]
[Text=circulating CharacterOffsetBegin=101 CharacterOffsetEnd=112 PartOfSpeech=VBG Lemma=circulate NamedEntityTag=O]
[Text=for CharacterOffsetBegin=113 CharacterOffsetEnd=116 PartOfSpeech=IN Lemma=for NamedEntityTag=O]
[Text=a CharacterOffsetBegin=117 CharacterOffsetEnd=118 PartOfSpeech=DT Lemma=a NamedEntityTag=O]
[Text=while CharacterOffsetBegin=119 CharacterOffsetEnd=124 PartOfSpeech=NN Lemma=while NamedEntityTag=O]
[Text=now CharacterOffsetBegin=125 CharacterOffsetEnd=128 PartOfSpeech=RB Lemma=now NamedEntityTag=DATE NormalizedNamedEntityTag=PRESENT_REF Timex=<TIMEX3 tid="t1" type="DATE" value="PRESENT_REF">now</TIMEX3>]
[Text=that CharacterOffsetBegin=129 CharacterOffsetEnd=133 PartOfSpeech=IN Lemma=that NamedEntityTag=O]
[Text=these CharacterOffsetBegin=134 CharacterOffsetEnd=139 PartOfSpeech=DT Lemma=these NamedEntityTag=O]
[Text=two CharacterOffsetBegin=140 CharacterOffsetEnd=143 PartOfSpeech=CD Lemma=two NamedEntityTag=NUMBER NormalizedNamedEntityTag=2.0]
[Text=men CharacterOffsetBegin=144 CharacterOffsetEnd=147 PartOfSpeech=NNS Lemma=man NamedEntityTag=O]
[Text=are CharacterOffsetBegin=148 CharacterOffsetEnd=151 PartOfSpeech=VBP Lemma=be NamedEntityTag=O]
[Text=one CharacterOffsetBegin=152 CharacterOffsetEnd=155 PartOfSpeech=CD Lemma=one NamedEntityTag=NUMBER NormalizedNamedEntityTag=1.0]
[Text=in CharacterOffsetBegin=156 CharacterOffsetEnd=158 PartOfSpeech=IN Lemma=in NamedEntityTag=O]
[Text=the CharacterOffsetBegin=159 CharacterOffsetEnd=162 PartOfSpeech=DT Lemma=the NamedEntityTag=O]
[Text=same CharacterOffsetBegin=163 CharacterOffsetEnd=167 PartOfSpeech=JJ Lemma=same NamedEntityTag=O]
[Text=. CharacterOffsetBegin=167 CharacterOffsetEnd=168 PartOfSpeech=. Lemma=. NamedEntityTag=O]
(ROOT
  (S
    (NP (DT A) (NN theory))
    (VP (VBZ has)
      (VP (VBN been)
        (VP (VBG circulating)
          (PP (IN for)
            (NP (DT a) (NN while)))
          (SBAR
            (ADVP (RB now))
            (IN that)
            (S
              (NP (DT these) (CD two) (NNS men))
              (VP (VBP are)
                (NP
                  (NP (CD one))
                  (PP (IN in)
                    (NP (DT the) (JJ same))))))))))
    (. .)))

root(ROOT-0, circulating-5)
det(theory-2, A-1)
nsubj(circulating-5, theory-2)
aux(circulating-5, has-3)
aux(circulating-5, been-4)
case(while-8, for-6)
det(while-8, a-7)
nmod:for(circulating-5, while-8)
advmod(one-15, now-9)
mark(one-15, that-10)
det(men-13, these-11)
nummod(men-13, two-12)
nsubj(one-15, men-13)
cop(one-15, are-14)
advcl:that(circulating-5, one-15)
case(same-18, in-16)
det(same-18, the-17)
nmod:in(one-15, same-18)
punct(circulating-5, .-19)

Sentence #4 (11 tokens):
After all, the Faceless Men can literally be anyone.
[Text=After CharacterOffsetBegin=169 CharacterOffsetEnd=174 PartOfSpeech=IN Lemma=after NamedEntityTag=O]
[Text=all CharacterOffsetBegin=175 CharacterOffsetEnd=178 PartOfSpeech=DT Lemma=all NamedEntityTag=O]
[Text=, CharacterOffsetBegin=178 CharacterOffsetEnd=179 PartOfSpeech=, Lemma=, NamedEntityTag=O]
[Text=the CharacterOffsetBegin=180 CharacterOffsetEnd=183 PartOfSpeech=DT Lemma=the NamedEntityTag=O]
[Text=Faceless CharacterOffsetBegin=184 CharacterOffsetEnd=192 PartOfSpeech=JJ Lemma=faceless NamedEntityTag=MISC]
[Text=Men CharacterOffsetBegin=193 CharacterOffsetEnd=196 PartOfSpeech=NN Lemma=men NamedEntityTag=MISC]
[Text=can CharacterOffsetBegin=197 CharacterOffsetEnd=200 PartOfSpeech=MD Lemma=can NamedEntityTag=O]
[Text=literally CharacterOffsetBegin=201 CharacterOffsetEnd=210 PartOfSpeech=RB Lemma=literally NamedEntityTag=O]
[Text=be CharacterOffsetBegin=211 CharacterOffsetEnd=213 PartOfSpeech=VB Lemma=be NamedEntityTag=O]
[Text=anyone CharacterOffsetBegin=214 CharacterOffsetEnd=220 PartOfSpeech=NN Lemma=anyone NamedEntityTag=O]
[Text=. CharacterOffsetBegin=220 CharacterOffsetEnd=221 PartOfSpeech=. Lemma=. NamedEntityTag=O]
(ROOT
  (S
    (PP (IN After)
      (NP (DT all)))
    (, ,)
    (NP (DT the) (JJ Faceless) (NN Men))
    (VP (MD can)
      (ADVP (RB literally))
      (VP (VB be)
        (NP (NN anyone))))
    (. .)))

root(ROOT-0, anyone-10)
case(all-2, After-1)
nmod:after(anyone-10, all-2)
punct(anyone-10, ,-3)
det(Men-6, the-4)
amod(Men-6, Faceless-5)
nsubj(anyone-10, Men-6)
aux(anyone-10, can-7)
advmod(anyone-10, literally-8)
cop(anyone-10, be-9)
punct(anyone-10, .-11)

Sentence #5 (5 tokens):
They are no one.
[Text=They CharacterOffsetBegin=222 CharacterOffsetEnd=226 PartOfSpeech=PRP Lemma=they NamedEntityTag=O]
[Text=are CharacterOffsetBegin=227 CharacterOffsetEnd=230 PartOfSpeech=VBP Lemma=be NamedEntityTag=O]
[Text=no CharacterOffsetBegin=231 CharacterOffsetEnd=233 PartOfSpeech=DT Lemma=no NamedEntityTag=O]
[Text=one CharacterOffsetBegin=234 CharacterOffsetEnd=237 PartOfSpeech=NN Lemma=one NamedEntityTag=NUMBER NormalizedNamedEntityTag=1.0]
[Text=. CharacterOffsetBegin=237 CharacterOffsetEnd=238 PartOfSpeech=. Lemma=. NamedEntityTag=O]
(ROOT
  (S
    (NP (PRP They))
    (VP (VBP are)
      (NP (DT no) (NN one)))
    (. .)))

root(ROOT-0, one-4)
nsubj(one-4, They-1)
cop(one-4, are-2)
neg(one-4, no-3)
punct(one-4, .-5)

Sentence #6 (32 tokens):
The fighting styles, coupled with their similar ways of speaking ("a girl is not ready"), make this theory a crazy, yet somewhat plausible one.
[Text=The CharacterOffsetBegin=239 CharacterOffsetEnd=242 PartOfSpeech=DT Lemma=the NamedEntityTag=O]
[Text=fighting CharacterOffsetBegin=243 CharacterOffsetEnd=251 PartOfSpeech=VBG Lemma=fight NamedEntityTag=O]
[Text=styles CharacterOffsetBegin=252 CharacterOffsetEnd=258 PartOfSpeech=NNS Lemma=style NamedEntityTag=O]
[Text=, CharacterOffsetBegin=258 CharacterOffsetEnd=259 PartOfSpeech=, Lemma=, NamedEntityTag=O]
[Text=coupled CharacterOffsetBegin=260 CharacterOffsetEnd=267 PartOfSpeech=VBN Lemma=couple NamedEntityTag=O]
[Text=with CharacterOffsetBegin=268 CharacterOffsetEnd=272 PartOfSpeech=IN Lemma=with NamedEntityTag=O]
[Text=their CharacterOffsetBegin=273 CharacterOffsetEnd=278 PartOfSpeech=PRP$ Lemma=they NamedEntityTag=O]
[Text=similar CharacterOffsetBegin=279 CharacterOffsetEnd=286 PartOfSpeech=JJ Lemma=similar NamedEntityTag=O]
[Text=ways CharacterOffsetBegin=287 CharacterOffsetEnd=291 PartOfSpeech=NNS Lemma=way NamedEntityTag=O]
[Text=of CharacterOffsetBegin=292 CharacterOffsetEnd=294 PartOfSpeech=IN Lemma=of NamedEntityTag=O]
[Text=speaking CharacterOffsetBegin=295 CharacterOffsetEnd=303 PartOfSpeech=NN Lemma=speaking NamedEntityTag=O]
[Text=-LRB- CharacterOffsetBegin=304 CharacterOffsetEnd=305 PartOfSpeech=-LRB- Lemma=-lrb- NamedEntityTag=O]
[Text=`` CharacterOffsetBegin=305 CharacterOffsetEnd=306 PartOfSpeech=`` Lemma=`` NamedEntityTag=O]
[Text=a CharacterOffsetBegin=306 CharacterOffsetEnd=307 PartOfSpeech=DT Lemma=a NamedEntityTag=O]
[Text=girl CharacterOffsetBegin=308 CharacterOffsetEnd=312 PartOfSpeech=NN Lemma=girl NamedEntityTag=O]
[Text=is CharacterOffsetBegin=313 CharacterOffsetEnd=315 PartOfSpeech=VBZ Lemma=be NamedEntityTag=O]
[Text=not CharacterOffsetBegin=316 CharacterOffsetEnd=319 PartOfSpeech=RB Lemma=not NamedEntityTag=O]
[Text=ready CharacterOffsetBegin=320 CharacterOffsetEnd=325 PartOfSpeech=JJ Lemma=ready NamedEntityTag=O]
[Text='' CharacterOffsetBegin=325 CharacterOffsetEnd=326 PartOfSpeech='' Lemma='' NamedEntityTag=O]
[Text=-RRB- CharacterOffsetBegin=326 CharacterOffsetEnd=327 PartOfSpeech=-RRB- Lemma=-rrb- NamedEntityTag=O]
[Text=, CharacterOffsetBegin=327 CharacterOffsetEnd=328 PartOfSpeech=, Lemma=, NamedEntityTag=O]
[Text=make CharacterOffsetBegin=329 CharacterOffsetEnd=333 PartOfSpeech=VB Lemma=make NamedEntityTag=O]
[Text=this CharacterOffsetBegin=334 CharacterOffsetEnd=338 PartOfSpeech=DT Lemma=this NamedEntityTag=O]
[Text=theory CharacterOffsetBegin=339 CharacterOffsetEnd=345 PartOfSpeech=NN Lemma=theory NamedEntityTag=O]
[Text=a CharacterOffsetBegin=346 CharacterOffsetEnd=347 PartOfSpeech=DT Lemma=a NamedEntityTag=O]
[Text=crazy CharacterOffsetBegin=348 CharacterOffsetEnd=353 PartOfSpeech=JJ Lemma=crazy NamedEntityTag=O]
[Text=, CharacterOffsetBegin=353 CharacterOffsetEnd=354 PartOfSpeech=, Lemma=, NamedEntityTag=O]
[Text=yet CharacterOffsetBegin=355 CharacterOffsetEnd=358 PartOfSpeech=RB Lemma=yet NamedEntityTag=O]
[Text=somewhat CharacterOffsetBegin=359 CharacterOffsetEnd=367 PartOfSpeech=RB Lemma=somewhat NamedEntityTag=O]
[Text=plausible CharacterOffsetBegin=368 CharacterOffsetEnd=377 PartOfSpeech=JJ Lemma=plausible NamedEntityTag=O]
[Text=one CharacterOffsetBegin=378 CharacterOffsetEnd=381 PartOfSpeech=CD Lemma=one NamedEntityTag=NUMBER NormalizedNamedEntityTag=1.0]
[Text=. CharacterOffsetBegin=381 CharacterOffsetEnd=382 PartOfSpeech=. Lemma=. NamedEntityTag=O]
(ROOT
  (S
    (NP
      (NP (DT The) (VBG fighting) (NNS styles))
      (, ,)
      (VP (VBN coupled)
        (PP (IN with)
          (NP
            (NP (PRP$ their) (JJ similar) (NNS ways))
            (PP (IN of)
              (NP (NN speaking)))
            (PRN (-LRB- -LRB-) (`` ``)
              (S
                (NP (DT a) (NN girl))
                (VP (VBZ is) (RB not)
                  (ADJP (JJ ready))))
              ('' '') (-RRB- -RRB-)))))
      (, ,))
    (VP (VB make)
      (NP
        (NP (DT this) (NN theory))
        (ADJP (DT a) (JJ crazy))
        (PRN (, ,)
          (ADVP (RB yet))
          (ADVP (RB somewhat))
          (ADJP (JJ plausible)
            (NP-TMP (CD one))))))
    (. .)))

root(ROOT-0, make-22)
det(styles-3, The-1)
amod(styles-3, fighting-2)
nsubj(make-22, styles-3)
punct(styles-3, ,-4)
acl(styles-3, coupled-5)
case(ways-9, with-6)
nmod:poss(ways-9, their-7)
amod(ways-9, similar-8)
nmod:with(coupled-5, ways-9)
case(speaking-11, of-10)
nmod:of(ways-9, speaking-11)
punct(ready-18, -LRB--12)
punct(ready-18, ``-13)
det(girl-15, a-14)
nsubj(ready-18, girl-15)
cop(ready-18, is-16)
neg(ready-18, not-17)
dep(ways-9, ready-18)
punct(ready-18, ''-19)
punct(ready-18, -RRB--20)
punct(styles-3, ,-21)
det(theory-24, this-23)
dobj(make-22, theory-24)
det(crazy-26, a-25)
amod(theory-24, crazy-26)
punct(plausible-30, ,-27)
dep(plausible-30, yet-28)
dep(plausible-30, somewhat-29)
dep(theory-24, plausible-30)
nmod:tmod(plausible-30, one-31)
punct(make-22, .-32)

Sentence #7 (14 tokens):
There's also the old standby that we never saw Syrio bite it.
[Text=There CharacterOffsetBegin=383 CharacterOffsetEnd=388 PartOfSpeech=EX Lemma=there NamedEntityTag=O]
[Text='s CharacterOffsetBegin=388 CharacterOffsetEnd=390 PartOfSpeech=VBZ Lemma=be NamedEntityTag=O]
[Text=also CharacterOffsetBegin=391 CharacterOffsetEnd=395 PartOfSpeech=RB Lemma=also NamedEntityTag=O]
[Text=the CharacterOffsetBegin=396 CharacterOffsetEnd=399 PartOfSpeech=DT Lemma=the NamedEntityTag=O]
[Text=old CharacterOffsetBegin=400 CharacterOffsetEnd=403 PartOfSpeech=JJ Lemma=old NamedEntityTag=O]
[Text=standby CharacterOffsetBegin=404 CharacterOffsetEnd=411 PartOfSpeech=NN Lemma=standby NamedEntityTag=O]
[Text=that CharacterOffsetBegin=412 CharacterOffsetEnd=416 PartOfSpeech=IN Lemma=that NamedEntityTag=O]
[Text=we CharacterOffsetBegin=417 CharacterOffsetEnd=419 PartOfSpeech=PRP Lemma=we NamedEntityTag=O]
[Text=never CharacterOffsetBegin=420 CharacterOffsetEnd=425 PartOfSpeech=RB Lemma=never NamedEntityTag=O]
[Text=saw CharacterOffsetBegin=426 CharacterOffsetEnd=429 PartOfSpeech=VBD Lemma=see NamedEntityTag=O]
[Text=Syrio CharacterOffsetBegin=430 CharacterOffsetEnd=435 PartOfSpeech=NNP Lemma=Syrio NamedEntityTag=PERSON]
[Text=bite CharacterOffsetBegin=436 CharacterOffsetEnd=440 PartOfSpeech=VB Lemma=bite NamedEntityTag=O]
[Text=it CharacterOffsetBegin=441 CharacterOffsetEnd=443 PartOfSpeech=PRP Lemma=it NamedEntityTag=O]
[Text=. CharacterOffsetBegin=443 CharacterOffsetEnd=444 PartOfSpeech=. Lemma=. NamedEntityTag=O]
(ROOT
  (S
    (NP (EX There))
    (VP (VBZ 's)
      (ADVP (RB also))
      (NP (DT the) (JJ old) (NN standby))
      (SBAR (IN that)
        (S
          (NP (PRP we))
          (ADVP (RB never))
          (VP (VBD saw)
            (S
              (NP (NNP Syrio))
              (VP (VB bite)
                (NP (PRP it))))))))
    (. .)))

root(ROOT-0, 's-2)
expl('s-2, There-1)
advmod('s-2, also-3)
det(standby-6, the-4)
amod(standby-6, old-5)
nsubj('s-2, standby-6)
mark(saw-10, that-7)
nsubj(saw-10, we-8)
neg(saw-10, never-9)
ccomp('s-2, saw-10)
nsubj(bite-12, Syrio-11)
ccomp(saw-10, bite-12)
dobj(bite-12, it-13)
punct('s-2, .-14)

Sentence #8 (19 tokens):
As fans, if we don't see the death, we have an obligation to question it.
[Text=As CharacterOffsetBegin=445 CharacterOffsetEnd=447 PartOfSpeech=IN Lemma=as NamedEntityTag=O]
[Text=fans CharacterOffsetBegin=448 CharacterOffsetEnd=452 PartOfSpeech=NNS Lemma=fan NamedEntityTag=O]
[Text=, CharacterOffsetBegin=452 CharacterOffsetEnd=453 PartOfSpeech=, Lemma=, NamedEntityTag=O]
[Text=if CharacterOffsetBegin=454 CharacterOffsetEnd=456 PartOfSpeech=IN Lemma=if NamedEntityTag=O]
[Text=we CharacterOffsetBegin=457 CharacterOffsetEnd=459 PartOfSpeech=PRP Lemma=we NamedEntityTag=O]
[Text=do CharacterOffsetBegin=460 CharacterOffsetEnd=462 PartOfSpeech=VBP Lemma=do NamedEntityTag=O]
[Text=n't CharacterOffsetBegin=462 CharacterOffsetEnd=465 PartOfSpeech=RB Lemma=not NamedEntityTag=O]
[Text=see CharacterOffsetBegin=466 CharacterOffsetEnd=469 PartOfSpeech=VB Lemma=see NamedEntityTag=O]
[Text=the CharacterOffsetBegin=470 CharacterOffsetEnd=473 PartOfSpeech=DT Lemma=the NamedEntityTag=O]
[Text=death CharacterOffsetBegin=474 CharacterOffsetEnd=479 PartOfSpeech=NN Lemma=death NamedEntityTag=O]
[Text=, CharacterOffsetBegin=479 CharacterOffsetEnd=480 PartOfSpeech=, Lemma=, NamedEntityTag=O]
[Text=we CharacterOffsetBegin=481 CharacterOffsetEnd=483 PartOfSpeech=PRP Lemma=we NamedEntityTag=O]
[Text=have CharacterOffsetBegin=484 CharacterOffsetEnd=488 PartOfSpeech=VBP Lemma=have NamedEntityTag=O]
[Text=an CharacterOffsetBegin=489 CharacterOffsetEnd=491 PartOfSpeech=DT Lemma=a NamedEntityTag=O]
[Text=obligation CharacterOffsetBegin=492 CharacterOffsetEnd=502 PartOfSpeech=NN Lemma=obligation NamedEntityTag=O]
[Text=to CharacterOffsetBegin=503 CharacterOffsetEnd=505 PartOfSpeech=TO Lemma=to NamedEntityTag=O]
[Text=question CharacterOffsetBegin=506 CharacterOffsetEnd=514 PartOfSpeech=VB Lemma=question NamedEntityTag=O]
[Text=it CharacterOffsetBegin=515 CharacterOffsetEnd=517 PartOfSpeech=PRP Lemma=it NamedEntityTag=O]
[Text=. CharacterOffsetBegin=517 CharacterOffsetEnd=518 PartOfSpeech=. Lemma=. NamedEntityTag=O]
(ROOT
  (S
    (PP (IN As)
      (NP (NNS fans)))
    (, ,)
    (SBAR (IN if)
      (S
        (NP (PRP we))
        (VP (VBP do) (RB n't)
          (VP (VB see)
            (NP (DT the) (NN death))))))
    (, ,)
    (NP (PRP we))
    (VP (VBP have)
      (NP (DT an) (NN obligation)
        (S
          (VP (TO to)
            (VP (VB question)
              (NP (PRP it)))))))
    (. .)))

root(ROOT-0, have-13)
case(fans-2, As-1)
nmod:as(have-13, fans-2)
punct(have-13, ,-3)
mark(see-8, if-4)
nsubj(see-8, we-5)
aux(see-8, do-6)
neg(see-8, n't-7)
advcl:if(have-13, see-8)
det(death-10, the-9)
dobj(see-8, death-10)
punct(have-13, ,-11)
nsubj(have-13, we-12)
det(obligation-15, an-14)
dobj(have-13, obligation-15)
mark(question-17, to-16)
acl:to(obligation-15, question-17)
dobj(question-17, it-18)
punct(have-13, .-19)

Coreference set:
	(1,7,[7,8]) -> (2,2,[1,3]), that is: "One" -> "This one"
	(2,9,[9,10]) -> (2,2,[1,3]), that is: "it" -> "This one"
Coreference set:
	(1,1,[1,2]) -> (7,11,[11,12]), that is: "Syrio" -> "Syrio"
Coreference set:
	(5,1,[1,2]) -> (3,13,[11,14]), that is: "They" -> "these two men"
	(6,7,[7,8]) -> (3,13,[11,14]), that is: "their" -> "these two men"
Coreference set:
	(7,13,[13,14]) -> (7,6,[4,7]), that is: "it" -> "the old standby"
Coreference set:
	(8,5,[5,6]) -> (7,8,[8,9]), that is: "we" -> "we"
	(8,12,[12,13]) -> (7,8,[8,9]), that is: "we" -> "we"
Coreference set:
	(8,18,[18,19]) -> (8,10,[9,11]), that is: "it" -> "the death"
