Sentence #1 (5 tokens):
Varys Is A Merman.
[Text=Varys CharacterOffsetBegin=0 CharacterOffsetEnd=5 PartOfSpeech=NNP]
[Text=Is CharacterOffsetBegin=6 CharacterOffsetEnd=8 PartOfSpeech=VBZ]
[Text=A CharacterOffsetBegin=9 CharacterOffsetEnd=10 PartOfSpeech=DT]
[Text=Merman CharacterOffsetBegin=11 CharacterOffsetEnd=17 PartOfSpeech=NNP]
[Text=. CharacterOffsetBegin=17 CharacterOffsetEnd=18 PartOfSpeech=.]
Sentence #2 (13 tokens):
This theory from Redditor AllegraGeller claims that Varys is actually a merman.
[Text=This CharacterOffsetBegin=19 CharacterOffsetEnd=23 PartOfSpeech=DT]
[Text=theory CharacterOffsetBegin=24 CharacterOffsetEnd=30 PartOfSpeech=NN]
[Text=from CharacterOffsetBegin=31 CharacterOffsetEnd=35 PartOfSpeech=IN]
[Text=Redditor CharacterOffsetBegin=36 CharacterOffsetEnd=44 PartOfSpeech=NNP]
[Text=AllegraGeller CharacterOffsetBegin=45 CharacterOffsetEnd=58 PartOfSpeech=NNP]
[Text=claims CharacterOffsetBegin=59 CharacterOffsetEnd=65 PartOfSpeech=VBZ]
[Text=that CharacterOffsetBegin=66 CharacterOffsetEnd=70 PartOfSpeech=IN]
[Text=Varys CharacterOffsetBegin=71 CharacterOffsetEnd=76 PartOfSpeech=NNP]
[Text=is CharacterOffsetBegin=77 CharacterOffsetEnd=79 PartOfSpeech=VBZ]
[Text=actually CharacterOffsetBegin=80 CharacterOffsetEnd=88 PartOfSpeech=RB]
[Text=a CharacterOffsetBegin=89 CharacterOffsetEnd=90 PartOfSpeech=DT]
[Text=merman CharacterOffsetBegin=91 CharacterOffsetEnd=97 PartOfSpeech=NN]
[Text=. CharacterOffsetBegin=97 CharacterOffsetEnd=98 PartOfSpeech=.]
Sentence #3 (11 tokens):
Of course, there is pseudo-evidence to back this up.
[Text=Of CharacterOffsetBegin=99 CharacterOffsetEnd=101 PartOfSpeech=IN]
[Text=course CharacterOffsetBegin=102 CharacterOffsetEnd=108 PartOfSpeech=NN]
[Text=, CharacterOffsetBegin=108 CharacterOffsetEnd=109 PartOfSpeech=,]
[Text=there CharacterOffsetBegin=110 CharacterOffsetEnd=115 PartOfSpeech=EX]
[Text=is CharacterOffsetBegin=116 CharacterOffsetEnd=118 PartOfSpeech=VBZ]
[Text=pseudo-evidence CharacterOffsetBegin=119 CharacterOffsetEnd=134 PartOfSpeech=NN]
[Text=to CharacterOffsetBegin=135 CharacterOffsetEnd=137 PartOfSpeech=TO]
[Text=back CharacterOffsetBegin=138 CharacterOffsetEnd=142 PartOfSpeech=VB]
[Text=this CharacterOffsetBegin=143 CharacterOffsetEnd=147 PartOfSpeech=DT]
[Text=up CharacterOffsetBegin=148 CharacterOffsetEnd=150 PartOfSpeech=RP]
[Text=. CharacterOffsetBegin=150 CharacterOffsetEnd=151 PartOfSpeech=.]
Sentence #4 (12 tokens):
The user postulates that he has a "slimy smile."
[Text=The CharacterOffsetBegin=152 CharacterOffsetEnd=155 PartOfSpeech=DT]
[Text=user CharacterOffsetBegin=156 CharacterOffsetEnd=160 PartOfSpeech=NN]
[Text=postulates CharacterOffsetBegin=161 CharacterOffsetEnd=171 PartOfSpeech=VBZ]
[Text=that CharacterOffsetBegin=172 CharacterOffsetEnd=176 PartOfSpeech=IN]
[Text=he CharacterOffsetBegin=177 CharacterOffsetEnd=179 PartOfSpeech=PRP]
[Text=has CharacterOffsetBegin=180 CharacterOffsetEnd=183 PartOfSpeech=VBZ]
[Text=a CharacterOffsetBegin=184 CharacterOffsetEnd=185 PartOfSpeech=DT]
[Text=`` CharacterOffsetBegin=186 CharacterOffsetEnd=187 PartOfSpeech=``]
[Text=slimy CharacterOffsetBegin=187 CharacterOffsetEnd=192 PartOfSpeech=JJ]
[Text=smile CharacterOffsetBegin=193 CharacterOffsetEnd=198 PartOfSpeech=NN]
[Text=. CharacterOffsetBegin=198 CharacterOffsetEnd=199 PartOfSpeech=.]
[Text='' CharacterOffsetBegin=199 CharacterOffsetEnd=200 PartOfSpeech='']
Sentence #5 (42 tokens):
The user goes on to say, "This could be interpreted to mean he does not show his teeth, and that could be because he has very abnormal teeth," aka merman teeth, whatever those might be.
[Text=The CharacterOffsetBegin=201 CharacterOffsetEnd=204 PartOfSpeech=DT]
[Text=user CharacterOffsetBegin=205 CharacterOffsetEnd=209 PartOfSpeech=NN]
[Text=goes CharacterOffsetBegin=210 CharacterOffsetEnd=214 PartOfSpeech=VBZ]
[Text=on CharacterOffsetBegin=215 CharacterOffsetEnd=217 PartOfSpeech=IN]
[Text=to CharacterOffsetBegin=218 CharacterOffsetEnd=220 PartOfSpeech=TO]
[Text=say CharacterOffsetBegin=221 CharacterOffsetEnd=224 PartOfSpeech=VB]
[Text=, CharacterOffsetBegin=224 CharacterOffsetEnd=225 PartOfSpeech=,]
[Text=`` CharacterOffsetBegin=226 CharacterOffsetEnd=227 PartOfSpeech=``]
[Text=This CharacterOffsetBegin=227 CharacterOffsetEnd=231 PartOfSpeech=DT]
[Text=could CharacterOffsetBegin=232 CharacterOffsetEnd=237 PartOfSpeech=MD]
[Text=be CharacterOffsetBegin=238 CharacterOffsetEnd=240 PartOfSpeech=VB]
[Text=interpreted CharacterOffsetBegin=241 CharacterOffsetEnd=252 PartOfSpeech=VBN]
[Text=to CharacterOffsetBegin=253 CharacterOffsetEnd=255 PartOfSpeech=TO]
[Text=mean CharacterOffsetBegin=256 CharacterOffsetEnd=260 PartOfSpeech=VB]
[Text=he CharacterOffsetBegin=261 CharacterOffsetEnd=263 PartOfSpeech=PRP]
[Text=does CharacterOffsetBegin=264 CharacterOffsetEnd=268 PartOfSpeech=VBZ]
[Text=not CharacterOffsetBegin=269 CharacterOffsetEnd=272 PartOfSpeech=RB]
[Text=show CharacterOffsetBegin=273 CharacterOffsetEnd=277 PartOfSpeech=VB]
[Text=his CharacterOffsetBegin=278 CharacterOffsetEnd=281 PartOfSpeech=PRP$]
[Text=teeth CharacterOffsetBegin=282 CharacterOffsetEnd=287 PartOfSpeech=NNS]
[Text=, CharacterOffsetBegin=287 CharacterOffsetEnd=288 PartOfSpeech=,]
[Text=and CharacterOffsetBegin=289 CharacterOffsetEnd=292 PartOfSpeech=CC]
[Text=that CharacterOffsetBegin=293 CharacterOffsetEnd=297 PartOfSpeech=DT]
[Text=could CharacterOffsetBegin=298 CharacterOffsetEnd=303 PartOfSpeech=MD]
[Text=be CharacterOffsetBegin=304 CharacterOffsetEnd=306 PartOfSpeech=VB]
[Text=because CharacterOffsetBegin=307 CharacterOffsetEnd=314 PartOfSpeech=IN]
[Text=he CharacterOffsetBegin=315 CharacterOffsetEnd=317 PartOfSpeech=PRP]
[Text=has CharacterOffsetBegin=318 CharacterOffsetEnd=321 PartOfSpeech=VBZ]
[Text=very CharacterOffsetBegin=322 CharacterOffsetEnd=326 PartOfSpeech=RB]
[Text=abnormal CharacterOffsetBegin=327 CharacterOffsetEnd=335 PartOfSpeech=JJ]
[Text=teeth CharacterOffsetBegin=336 CharacterOffsetEnd=341 PartOfSpeech=NNS]
[Text=, CharacterOffsetBegin=341 CharacterOffsetEnd=342 PartOfSpeech=,]
[Text='' CharacterOffsetBegin=342 CharacterOffsetEnd=343 PartOfSpeech='']
[Text=aka CharacterOffsetBegin=344 CharacterOffsetEnd=347 PartOfSpeech=FW]
[Text=merman CharacterOffsetBegin=348 CharacterOffsetEnd=354 PartOfSpeech=FW]
[Text=teeth CharacterOffsetBegin=355 CharacterOffsetEnd=360 PartOfSpeech=NNS]
[Text=, CharacterOffsetBegin=360 CharacterOffsetEnd=361 PartOfSpeech=,]
[Text=whatever CharacterOffsetBegin=362 CharacterOffsetEnd=370 PartOfSpeech=WDT]
[Text=those CharacterOffsetBegin=371 CharacterOffsetEnd=376 PartOfSpeech=DT]
[Text=might CharacterOffsetBegin=377 CharacterOffsetEnd=382 PartOfSpeech=MD]
[Text=be CharacterOffsetBegin=383 CharacterOffsetEnd=385 PartOfSpeech=VB]
[Text=. CharacterOffsetBegin=385 CharacterOffsetEnd=386 PartOfSpeech=.]
Sentence #6 (37 tokens):
Also, Tyrion threatens to throw him into the sea at one point and Varys is super unconcerned and says something along the lines of, "The results of that might bum you out."
[Text=Also CharacterOffsetBegin=387 CharacterOffsetEnd=391 PartOfSpeech=RB]
[Text=, CharacterOffsetBegin=391 CharacterOffsetEnd=392 PartOfSpeech=,]
[Text=Tyrion CharacterOffsetBegin=393 CharacterOffsetEnd=399 PartOfSpeech=NNP]
[Text=threatens CharacterOffsetBegin=400 CharacterOffsetEnd=409 PartOfSpeech=VBZ]
[Text=to CharacterOffsetBegin=410 CharacterOffsetEnd=412 PartOfSpeech=TO]
[Text=throw CharacterOffsetBegin=413 CharacterOffsetEnd=418 PartOfSpeech=VB]
[Text=him CharacterOffsetBegin=419 CharacterOffsetEnd=422 PartOfSpeech=PRP]
[Text=into CharacterOffsetBegin=423 CharacterOffsetEnd=427 PartOfSpeech=IN]
[Text=the CharacterOffsetBegin=428 CharacterOffsetEnd=431 PartOfSpeech=DT]
[Text=sea CharacterOffsetBegin=432 CharacterOffsetEnd=435 PartOfSpeech=NN]
[Text=at CharacterOffsetBegin=436 CharacterOffsetEnd=438 PartOfSpeech=IN]
[Text=one CharacterOffsetBegin=439 CharacterOffsetEnd=442 PartOfSpeech=CD]
[Text=point CharacterOffsetBegin=443 CharacterOffsetEnd=448 PartOfSpeech=NN]
[Text=and CharacterOffsetBegin=449 CharacterOffsetEnd=452 PartOfSpeech=CC]
[Text=Varys CharacterOffsetBegin=453 CharacterOffsetEnd=458 PartOfSpeech=NNP]
[Text=is CharacterOffsetBegin=459 CharacterOffsetEnd=461 PartOfSpeech=VBZ]
[Text=super CharacterOffsetBegin=462 CharacterOffsetEnd=467 PartOfSpeech=JJ]
[Text=unconcerned CharacterOffsetBegin=468 CharacterOffsetEnd=479 PartOfSpeech=JJ]
[Text=and CharacterOffsetBegin=480 CharacterOffsetEnd=483 PartOfSpeech=CC]
[Text=says CharacterOffsetBegin=484 CharacterOffsetEnd=488 PartOfSpeech=VBZ]
[Text=something CharacterOffsetBegin=489 CharacterOffsetEnd=498 PartOfSpeech=NN]
[Text=along CharacterOffsetBegin=499 CharacterOffsetEnd=504 PartOfSpeech=IN]
[Text=the CharacterOffsetBegin=505 CharacterOffsetEnd=508 PartOfSpeech=DT]
[Text=lines CharacterOffsetBegin=509 CharacterOffsetEnd=514 PartOfSpeech=NNS]
[Text=of CharacterOffsetBegin=515 CharacterOffsetEnd=517 PartOfSpeech=IN]
[Text=, CharacterOffsetBegin=517 CharacterOffsetEnd=518 PartOfSpeech=,]
[Text=`` CharacterOffsetBegin=519 CharacterOffsetEnd=520 PartOfSpeech=``]
[Text=The CharacterOffsetBegin=520 CharacterOffsetEnd=523 PartOfSpeech=DT]
[Text=results CharacterOffsetBegin=524 CharacterOffsetEnd=531 PartOfSpeech=NNS]
[Text=of CharacterOffsetBegin=532 CharacterOffsetEnd=534 PartOfSpeech=IN]
[Text=that CharacterOffsetBegin=535 CharacterOffsetEnd=539 PartOfSpeech=DT]
[Text=might CharacterOffsetBegin=540 CharacterOffsetEnd=545 PartOfSpeech=MD]
[Text=bum CharacterOffsetBegin=546 CharacterOffsetEnd=549 PartOfSpeech=VB]
[Text=you CharacterOffsetBegin=550 CharacterOffsetEnd=553 PartOfSpeech=PRP]
[Text=out CharacterOffsetBegin=554 CharacterOffsetEnd=557 PartOfSpeech=RP]
[Text=. CharacterOffsetBegin=557 CharacterOffsetEnd=558 PartOfSpeech=.]
[Text='' CharacterOffsetBegin=558 CharacterOffsetEnd=559 PartOfSpeech='']
Sentence #7 (6 tokens):
(I'm paraphrasing).
[Text=-LRB- CharacterOffsetBegin=560 CharacterOffsetEnd=561 PartOfSpeech=-LRB-]
[Text=I CharacterOffsetBegin=561 CharacterOffsetEnd=562 PartOfSpeech=PRP]
[Text='m CharacterOffsetBegin=562 CharacterOffsetEnd=564 PartOfSpeech=VBP]
[Text=paraphrasing CharacterOffsetBegin=565 CharacterOffsetEnd=577 PartOfSpeech=VBG]
[Text=-RRB- CharacterOffsetBegin=577 CharacterOffsetEnd=578 PartOfSpeech=-RRB-]
[Text=. CharacterOffsetBegin=578 CharacterOffsetEnd=579 PartOfSpeech=.]
Sentence #8 (15 tokens):
You can read the rest of the user's evidence at the link above.
[Text=You CharacterOffsetBegin=580 CharacterOffsetEnd=583 PartOfSpeech=PRP]
[Text=can CharacterOffsetBegin=584 CharacterOffsetEnd=587 PartOfSpeech=MD]
[Text=read CharacterOffsetBegin=588 CharacterOffsetEnd=592 PartOfSpeech=VB]
[Text=the CharacterOffsetBegin=593 CharacterOffsetEnd=596 PartOfSpeech=DT]
[Text=rest CharacterOffsetBegin=597 CharacterOffsetEnd=601 PartOfSpeech=NN]
[Text=of CharacterOffsetBegin=602 CharacterOffsetEnd=604 PartOfSpeech=IN]
[Text=the CharacterOffsetBegin=605 CharacterOffsetEnd=608 PartOfSpeech=DT]
[Text=user CharacterOffsetBegin=609 CharacterOffsetEnd=613 PartOfSpeech=NN]
[Text='s CharacterOffsetBegin=613 CharacterOffsetEnd=615 PartOfSpeech=POS]
[Text=evidence CharacterOffsetBegin=616 CharacterOffsetEnd=624 PartOfSpeech=NN]
[Text=at CharacterOffsetBegin=625 CharacterOffsetEnd=627 PartOfSpeech=IN]
[Text=the CharacterOffsetBegin=628 CharacterOffsetEnd=631 PartOfSpeech=DT]
[Text=link CharacterOffsetBegin=632 CharacterOffsetEnd=636 PartOfSpeech=NN]
[Text=above CharacterOffsetBegin=637 CharacterOffsetEnd=642 PartOfSpeech=IN]
[Text=. CharacterOffsetBegin=642 CharacterOffsetEnd=643 PartOfSpeech=.]
